#
# There is insufficient memory for the Java Runtime Environment to continue.
# Native memory allocation (malloc) failed to allocate 1754896 bytes for Chunk::new
# Possible reasons:
#   The system is out of physical RAM or swap space
#   The process is running with CompressedOops enabled, and the Java Heap may be blocking the growth of the native heap
# Possible solutions:
#   Reduce memory load on the system
#   Increase physical memory or swap space
#   Check if swap backing store is full
#   Decrease Java heap size (-Xmx/-Xms)
#   Decrease number of Java threads
#   Decrease Java thread stack sizes (-Xss)
#   Set larger code cache with -XX:ReservedCodeCacheSize=
#   JVM is running with Unscaled Compressed Oops mode in which the Java heap is
#     placed in the first 4GB address space. The Java Heap base address is the
#     maximum limit for the native heap growth. Please use -XX:HeapBaseMinAddress
#     to set the Java Heap base and to place the Java Heap above 4GB virtual address.
# This output file may be truncated or incomplete.
#
#  Out of Memory Error (allocation.cpp:389), pid=7396, tid=0x0000000000002678
#
# JRE version: Java(TM) SE Runtime Environment (8.0_361) (build 1.8.0_361-b09)
# Java VM: Java HotSpot(TM) 64-Bit Server VM (25.361-b09 mixed mode windows-amd64 compressed oops)
# Failed to write core dump. Minidumps are not enabled by default on client versions of Windows
#

---------------  T H R E A D  ---------------

Current thread (0x000001adbcb15800):  JavaThread "C2 CompilerThread1" daemon [_thread_in_native, id=9848, stack(0x00000093d9d00000,0x00000093d9e00000)]

Stack: [0x00000093d9d00000,0x00000093d9e00000]
Native frames: (J=compiled Java code, j=interpreted, Vv=VM code, C=native code)
V  [jvm.dll+0x3317a9]


Current CompileTask:
C2:   5829 2829       4       groovy.lang.MetaClassImpl$1MOPIter::methodNameAction (325 bytes)


---------------  P R O C E S S  ---------------

Java Threads: ( => current thread )
  0x000001adc3ce1800 JavaThread "jar transforms Thread 6" [_thread_blocked, id=13948, stack(0x00000093dbc00000,0x00000093dbd00000)]
  0x000001adc3ce7800 JavaThread "jar transforms Thread 5" [_thread_blocked, id=2184, stack(0x00000093dbb00000,0x00000093dbc00000)]
  0x000001adc3ce3800 JavaThread "jar transforms Thread 4" [_thread_blocked, id=10168, stack(0x00000093dba00000,0x00000093dbb00000)]
  0x000001adc3ce4800 JavaThread "jar transforms Thread 3" [_thread_blocked, id=1408, stack(0x00000093db900000,0x00000093dba00000)]
  0x000001adc3cde800 JavaThread "jar transforms Thread 2" [_thread_blocked, id=11084, stack(0x00000093db800000,0x00000093db900000)]
  0x000001adc3ce0000 JavaThread "jar transforms" [_thread_blocked, id=12456, stack(0x00000093db700000,0x00000093db800000)]
  0x000001adc3cdb800 JavaThread "Cache worker for execution history cache (C:\Users\Poul\.gradle\caches\7.5.1\executionHistory)" [_thread_blocked, id=4052, stack(0x00000093db600000,0x00000093db700000)]
  0x000001adc3cdd000 JavaThread "Cache worker for cache directory md-supplier (C:\Users\Poul\.gradle\caches\7.5.1\md-supplier)" [_thread_blocked, id=12400, stack(0x00000093db500000,0x00000093db600000)]
  0x000001adc3cda000 JavaThread "Cache worker for file hash cache (C:\Users\Poul\Documents\GitHub\PES\android\.gradle\7.5.1\fileHashes)" [_thread_blocked, id=16252, stack(0x00000093db400000,0x00000093db500000)]
  0x000001adc3cdd800 JavaThread "Cache worker for file content cache (C:\Users\Poul\.gradle\caches\7.5.1\fileContent)" [_thread_blocked, id=15980, stack(0x00000093db300000,0x00000093db400000)]
  0x000001adbcb20000 JavaThread "Cache worker for cache directory md-rule (C:\Users\Poul\.gradle\caches\7.5.1\md-rule)" [_thread_blocked, id=8052, stack(0x00000093db200000,0x00000093db300000)]
  0x000001adbcb1c000 JavaThread "Cache worker for checksums cache (C:\Users\Poul\Documents\GitHub\PES\android\.gradle\7.5.1\checksums)" [_thread_blocked, id=4752, stack(0x00000093db100000,0x00000093db200000)]
  0x000001adbcb23000 JavaThread "File watcher consumer" daemon [_thread_blocked, id=5764, stack(0x00000093db000000,0x00000093db100000)]
  0x000001adbcb21000 JavaThread "File watcher server" daemon [_thread_in_native, id=1556, stack(0x00000093daf00000,0x00000093db000000)]
  0x000001adbcb1f000 JavaThread "Cache worker for file hash cache (C:\Users\Poul\.gradle\caches\7.5.1\fileHashes)" [_thread_blocked, id=11932, stack(0x00000093dae00000,0x00000093daf00000)]
  0x000001adbcb1e800 JavaThread "File lock request listener" [_thread_in_native, id=6716, stack(0x00000093dad00000,0x00000093dae00000)]
  0x000001adbcb22800 JavaThread "Cache worker for journal cache (C:\Users\Poul\.gradle\caches\journal-1)" [_thread_blocked, id=10216, stack(0x00000093dac00000,0x00000093dad00000)]
  0x000001adbfbca800 JavaThread "Daemon client event forwarder" [_thread_blocked, id=11636, stack(0x00000093dab00000,0x00000093dac00000)]
  0x000001adbfbbf800 JavaThread "Stdin handler" [_thread_blocked, id=5692, stack(0x00000093daa00000,0x00000093dab00000)]
  0x000001adbfbc1800 JavaThread "Asynchronous log dispatcher for DefaultDaemonConnection: socket connection from /127.0.0.1:65532 to /127.0.0.1:65533" [_thread_blocked, id=8228, stack(0x00000093da900000,0x00000093daa00000)]
  0x000001adbfbc2800 JavaThread "Daemon worker" [_thread_in_native, id=16004, stack(0x00000093da800000,0x00000093da900000)]
  0x000001adbfb9c000 JavaThread "Cancel handler" [_thread_blocked, id=8120, stack(0x00000093da700000,0x00000093da800000)]
  0x000001adbfa95800 JavaThread "Handler for socket connection from /127.0.0.1:65532 to /127.0.0.1:65533" [_thread_in_native, id=4636, stack(0x00000093da600000,0x00000093da700000)]
  0x000001adbfb87000 JavaThread "Daemon" [_thread_blocked, id=5780, stack(0x00000093da500000,0x00000093da600000)]
  0x000001adbfb6c800 JavaThread "Daemon periodic checks" [_thread_blocked, id=12964, stack(0x00000093da400000,0x00000093da500000)]
  0x000001adbfb1b800 JavaThread "Incoming local TCP Connector on port 65532" [_thread_in_native, id=11892, stack(0x00000093da300000,0x00000093da400000)]
  0x000001adbfa4d000 JavaThread "Daemon health stats" [_thread_blocked, id=3728, stack(0x00000093da200000,0x00000093da300000)]
  0x000001adbdee8800 JavaThread "Service Thread" daemon [_thread_blocked, id=16244, stack(0x00000093da000000,0x00000093da100000)]
  0x000001adbcb1d800 JavaThread "C1 CompilerThread3" daemon [_thread_blocked, id=11072, stack(0x00000093d9f00000,0x00000093da000000)]
  0x000001adbcb1d000 JavaThread "C2 CompilerThread2" daemon [_thread_blocked, id=14644, stack(0x00000093d9e00000,0x00000093d9f00000)]
=>0x000001adbcb15800 JavaThread "C2 CompilerThread1" daemon [_thread_in_native, id=9848, stack(0x00000093d9d00000,0x00000093d9e00000)]
  0x000001adbcb0f000 JavaThread "C2 CompilerThread0" daemon [_thread_blocked, id=14584, stack(0x00000093d9c00000,0x00000093d9d00000)]
  0x000001adbcb0d800 JavaThread "Attach Listener" daemon [_thread_blocked, id=4008, stack(0x00000093d9b00000,0x00000093d9c00000)]
  0x000001adbcb0c800 JavaThread "Signal Dispatcher" daemon [_thread_blocked, id=8884, stack(0x00000093d9a00000,0x00000093d9b00000)]
  0x000001adbcae9000 JavaThread "Finalizer" daemon [_thread_blocked, id=14920, stack(0x00000093d9900000,0x00000093d9a00000)]
  0x000001adbbed8000 JavaThread "Reference Handler" daemon [_thread_blocked, id=3684, stack(0x00000093d9800000,0x00000093d9900000)]
  0x000001ada5e50800 JavaThread "main" [_thread_blocked, id=3780, stack(0x00000093d8e00000,0x00000093d8f00000)]

Other Threads:
  0x000001adbcac2800 VMThread [stack: 0x00000093d9700000,0x00000093d9800000] [id=5680]
  0x000001adbcb9c800 WatcherThread [stack: 0x00000093da100000,0x00000093da200000] [id=1156]

VM state:not at safepoint (normal execution)

VM Mutex/Monitor currently owned by a thread: None

heap address: 0x0000000080000000, size: 2048 MB, Compressed Oops mode: 32-bit
Narrow klass base: 0x0000000000000000, Narrow klass shift: 3
Compressed class space size: 1073741824 Address: 0x0000000100000000

Heap:
 PSYoungGen      total 211456K, used 7672K [0x00000000d5580000, 0x00000000e3580000, 0x0000000100000000)
  eden space 197120K, 3% used [0x00000000d5580000,0x00000000d5cfe378,0x00000000e1600000)
  from space 14336K, 0% used [0x00000000e2400000,0x00000000e2400000,0x00000000e3200000)
  to   space 14336K, 0% used [0x00000000e1600000,0x00000000e1600000,0x00000000e2400000)
 ParOldGen       total 172544K, used 15918K [0x0000000080000000, 0x000000008a880000, 0x00000000d5580000)
  object space 172544K, 9% used [0x0000000080000000,0x0000000080f8bbc8,0x000000008a880000)
 Metaspace       used 33780K, capacity 35420K, committed 35672K, reserved 1079296K
  class space    used 4850K, capacity 5174K, committed 5248K, reserved 1048576K

Card table byte_map: [0x000001adb6af0000,0x000001adb6f00000] byte_map_base: 0x000001adb66f0000

Marking Bits: (ParMarkBitMap*) 0x0000000054aeb090
 Begin Bits: [0x000001adb71b0000, 0x000001adb91b0000)
 End Bits:   [0x000001adb91b0000, 0x000001adbb1b0000)

Polling page: 0x000001ada60d0000

CodeCache: size=245760Kb used=11097Kb max_used=11117Kb free=234663Kb
 bounds [0x000001ada7730000, 0x000001ada8220000, 0x000001adb6730000]
 total_blobs=3692 nmethods=2985 adapters=619
 compilation: enabled

Compilation events (10 events):
Event: 5.716 Thread 0x000001adbcb1d800 nmethod 2989 0x000001ada81fee10 code [0x000001ada81ff000, 0x000001ada81ffae0]
Event: 5.724 Thread 0x000001adbcb1d800 2990   !   3       java.beans.Introspector::getPublicDeclaredMethods (140 bytes)
Event: 5.725 Thread 0x000001adbcb1d800 nmethod 2990 0x000001ada81fff50 code [0x000001ada82001e0, 0x000001ada8201600]
Event: 5.726 Thread 0x000001adbcb1d800 2991       3       groovy.lang.MetaClassImpl::copyNonPrivateFields (100 bytes)
Event: 5.726 Thread 0x000001adbcb1d800 nmethod 2991 0x000001ada82020d0 code [0x000001ada8202300, 0x000001ada8203260]
Event: 5.727 Thread 0x000001adbcb1d800 2992   !   3       java.nio.charset.CharsetDecoder::decode (287 bytes)
Event: 5.728 Thread 0x000001adbcb1d800 nmethod 2992 0x000001ada8203850 code [0x000001ada8203b40, 0x000001ada82053a0]
Event: 5.752 Thread 0x000001adbcb1d800 2993   !   3       java.util.concurrent.locks.AbstractQueuedSynchronizer::fullyRelease (54 bytes)
Event: 5.753 Thread 0x000001adbcb1d800 nmethod 2993 0x000001ada820afd0 code [0x000001ada820b180, 0x000001ada820b770]
Event: 5.754 Thread 0x000001adbcb0f000 nmethod 2984 0x000001ada820ba50 code [0x000001ada820bd80, 0x000001ada820e328]

GC Heap History (10 events):
Event: 3.374 GC heap before
{Heap before GC invocations=4 (full 0):
 PSYoungGen      total 140288K, used 50719K [0x00000000d5580000, 0x00000000dea80000, 0x0000000100000000)
  eden space 129536K, 30% used [0x00000000d5580000,0x00000000d7cadee8,0x00000000dd400000)
  from space 10752K, 98% used [0x00000000dd400000,0x00000000dde59ff8,0x00000000dde80000)
  to   space 10752K, 0% used [0x00000000de000000,0x00000000de000000,0x00000000dea80000)
 ParOldGen       total 175104K, used 32K [0x0000000080000000, 0x000000008ab00000, 0x00000000d5580000)
  object space 175104K, 0% used [0x0000000080000000,0x0000000080008000,0x000000008ab00000)
 Metaspace       used 20356K, capacity 21112K, committed 21248K, reserved 1067008K
  class space    used 3019K, capacity 3212K, committed 3328K, reserved 1048576K
Event: 3.382 GC heap after
Heap after GC invocations=4 (full 0):
 PSYoungGen      total 141824K, used 10120K [0x00000000d5580000, 0x00000000e6780000, 0x0000000100000000)
  eden space 131072K, 0% used [0x00000000d5580000,0x00000000d5580000,0x00000000dd580000)
  from space 10752K, 94% used [0x00000000de000000,0x00000000de9e23e8,0x00000000dea80000)
  to   space 10752K, 0% used [0x00000000dd580000,0x00000000dd580000,0x00000000de000000)
 ParOldGen       total 175104K, used 40K [0x0000000080000000, 0x000000008ab00000, 0x00000000d5580000)
  object space 175104K, 0% used [0x0000000080000000,0x000000008000a000,0x000000008ab00000)
 Metaspace       used 20356K, capacity 21112K, committed 21248K, reserved 1067008K
  class space    used 3019K, capacity 3212K, committed 3328K, reserved 1048576K
}
Event: 3.382 GC heap before
{Heap before GC invocations=5 (full 1):
 PSYoungGen      total 141824K, used 10120K [0x00000000d5580000, 0x00000000e6780000, 0x0000000100000000)
  eden space 131072K, 0% used [0x00000000d5580000,0x00000000d5580000,0x00000000dd580000)
  from space 10752K, 94% used [0x00000000de000000,0x00000000de9e23e8,0x00000000dea80000)
  to   space 10752K, 0% used [0x00000000dd580000,0x00000000dd580000,0x00000000de000000)
 ParOldGen       total 175104K, used 40K [0x0000000080000000, 0x000000008ab00000, 0x00000000d5580000)
  object space 175104K, 0% used [0x0000000080000000,0x000000008000a000,0x000000008ab00000)
 Metaspace       used 20356K, capacity 21112K, committed 21248K, reserved 1067008K
  class space    used 3019K, capacity 3212K, committed 3328K, reserved 1048576K
Event: 3.421 GC heap after
Heap after GC invocations=5 (full 1):
 PSYoungGen      total 141824K, used 0K [0x00000000d5580000, 0x00000000e6780000, 0x0000000100000000)
  eden space 131072K, 0% used [0x00000000d5580000,0x00000000d5580000,0x00000000dd580000)
  from space 10752K, 0% used [0x00000000de000000,0x00000000de000000,0x00000000dea80000)
  to   space 10752K, 0% used [0x00000000dd580000,0x00000000dd580000,0x00000000de000000)
 ParOldGen       total 106496K, used 9781K [0x0000000080000000, 0x0000000086800000, 0x00000000d5580000)
  object space 106496K, 9% used [0x0000000080000000,0x000000008098d570,0x0000000086800000)
 Metaspace       used 20356K, capacity 21112K, committed 21248K, reserved 1067008K
  class space    used 3019K, capacity 3212K, committed 3328K, reserved 1048576K
}
Event: 4.895 GC heap before
{Heap before GC invocations=6 (full 1):
 PSYoungGen      total 141824K, used 130834K [0x00000000d5580000, 0x00000000e6780000, 0x0000000100000000)
  eden space 131072K, 99% used [0x00000000d5580000,0x00000000dd544960,0x00000000dd580000)
  from space 10752K, 0% used [0x00000000de000000,0x00000000de000000,0x00000000dea80000)
  to   space 10752K, 0% used [0x00000000dd580000,0x00000000dd580000,0x00000000de000000)
 ParOldGen       total 106496K, used 9781K [0x0000000080000000, 0x0000000086800000, 0x00000000d5580000)
  object space 106496K, 9% used [0x0000000080000000,0x000000008098d570,0x0000000086800000)
 Metaspace       used 31613K, capacity 33054K, committed 33152K, reserved 1077248K
  class space    used 4658K, capacity 4979K, committed 4992K, reserved 1048576K
Event: 4.905 GC heap after
Heap after GC invocations=6 (full 1):
 PSYoungGen      total 141824K, used 10740K [0x00000000d5580000, 0x00000000e3200000, 0x0000000100000000)
  eden space 131072K, 0% used [0x00000000d5580000,0x00000000d5580000,0x00000000dd580000)
  from space 10752K, 99% used [0x00000000dd580000,0x00000000ddffd178,0x00000000de000000)
  to   space 14336K, 0% used [0x00000000e2400000,0x00000000e2400000,0x00000000e3200000)
 ParOldGen       total 106496K, used 12069K [0x0000000080000000, 0x0000000086800000, 0x00000000d5580000)
  object space 106496K, 11% used [0x0000000080000000,0x0000000080bc95a0,0x0000000086800000)
 Metaspace       used 31613K, capacity 33054K, committed 33152K, reserved 1077248K
  class space    used 4658K, capacity 4979K, committed 4992K, reserved 1048576K
}
Event: 5.599 GC heap before
{Heap before GC invocations=7 (full 1):
 PSYoungGen      total 141824K, used 58074K [0x00000000d5580000, 0x00000000e3200000, 0x0000000100000000)
  eden space 131072K, 36% used [0x00000000d5580000,0x00000000d83b97e0,0x00000000dd580000)
  from space 10752K, 99% used [0x00000000dd580000,0x00000000ddffd178,0x00000000de000000)
  to   space 14336K, 0% used [0x00000000e2400000,0x00000000e2400000,0x00000000e3200000)
 ParOldGen       total 106496K, used 12069K [0x0000000080000000, 0x0000000086800000, 0x00000000d5580000)
  object space 106496K, 11% used [0x0000000080000000,0x0000000080bc95a0,0x0000000086800000)
 Metaspace       used 33738K, capacity 35332K, committed 35416K, reserved 1079296K
  class space    used 4837K, capacity 5167K, committed 5248K, reserved 1048576K
Event: 5.611 GC heap after
Heap after GC invocations=7 (full 1):
 PSYoungGen      total 211456K, used 8441K [0x00000000d5580000, 0x00000000e3580000, 0x0000000100000000)
  eden space 197120K, 0% used [0x00000000d5580000,0x00000000d5580000,0x00000000e1600000)
  from space 14336K, 58% used [0x00000000e2400000,0x00000000e2c3e6d8,0x00000000e3200000)
  to   space 14336K, 0% used [0x00000000e1600000,0x00000000e1600000,0x00000000e2400000)
 ParOldGen       total 106496K, used 12077K [0x0000000080000000, 0x0000000086800000, 0x00000000d5580000)
  object space 106496K, 11% used [0x0000000080000000,0x0000000080bcb5a0,0x0000000086800000)
 Metaspace       used 33738K, capacity 35332K, committed 35416K, reserved 1079296K
  class space    used 4837K, capacity 5167K, committed 5248K, reserved 1048576K
}
Event: 5.611 GC heap before
{Heap before GC invocations=8 (full 2):
 PSYoungGen      total 211456K, used 8441K [0x00000000d5580000, 0x00000000e3580000, 0x0000000100000000)
  eden space 197120K, 0% used [0x00000000d5580000,0x00000000d5580000,0x00000000e1600000)
  from space 14336K, 58% used [0x00000000e2400000,0x00000000e2c3e6d8,0x00000000e3200000)
  to   space 14336K, 0% used [0x00000000e1600000,0x00000000e1600000,0x00000000e2400000)
 ParOldGen       total 106496K, used 12077K [0x0000000080000000, 0x0000000086800000, 0x00000000d5580000)
  object space 106496K, 11% used [0x0000000080000000,0x0000000080bcb5a0,0x0000000086800000)
 Metaspace       used 33738K, capacity 35332K, committed 35416K, reserved 1079296K
  class space    used 4837K, capacity 5167K, committed 5248K, reserved 1048576K
Event: 5.673 GC heap after
Heap after GC invocations=8 (full 2):
 PSYoungGen      total 211456K, used 0K [0x00000000d5580000, 0x00000000e3580000, 0x0000000100000000)
  eden space 197120K, 0% used [0x00000000d5580000,0x00000000d5580000,0x00000000e1600000)
  from space 14336K, 0% used [0x00000000e2400000,0x00000000e2400000,0x00000000e3200000)
  to   space 14336K, 0% used [0x00000000e1600000,0x00000000e1600000,0x00000000e2400000)
 ParOldGen       total 172544K, used 15918K [0x0000000080000000, 0x000000008a880000, 0x00000000d5580000)
  object space 172544K, 9% used [0x0000000080000000,0x0000000080f8bbc8,0x000000008a880000)
 Metaspace       used 33738K, capacity 35332K, committed 35416K, reserved 1079296K
  class space    used 4837K, capacity 5167K, committed 5248K, reserved 1048576K
}

Deoptimization events (10 events):
Event: 4.500 Thread 0x000001adbfbc2800 Uncommon trap: reason=bimorphic action=maybe_recompile pc=0x000001ada7f27384 method=java.io.BufferedInputStream.read([BII)I @ 101
Event: 4.500 Thread 0x000001adbfbc2800 Uncommon trap: reason=bimorphic action=maybe_recompile pc=0x000001ada7f27384 method=java.io.BufferedInputStream.read([BII)I @ 101
Event: 4.501 Thread 0x000001adbfbc2800 Uncommon trap: reason=bimorphic action=maybe_recompile pc=0x000001ada7f27384 method=java.io.BufferedInputStream.read([BII)I @ 101
Event: 4.530 Thread 0x000001adbfbc2800 Uncommon trap: reason=unstable_if action=reinterpret pc=0x000001ada7a9e9d4 method=sun.misc.MetaIndex.mayContain(Ljava/lang/String;)Z @ 38
Event: 4.635 Thread 0x000001adbfbc2800 Uncommon trap: reason=unstable_if action=reinterpret pc=0x000001ada7bd0f48 method=java.util.Properties$LineReader.readLine()I @ 81
Event: 4.785 Thread 0x000001adbfbc2800 Uncommon trap: reason=unstable_if action=reinterpret pc=0x000001ada7b6a1f8 method=sun.misc.URLClassPath$JarLoader.getResource(Ljava/lang/String;ZLjava/util/Set;)Lsun/misc/Resource; @ 17
Event: 4.844 Thread 0x000001adbfbc2800 Uncommon trap: reason=unstable_if action=reinterpret pc=0x000001ada7fbee50 method=sun.reflect.misc.ReflectUtil.isNonPublicProxyClass(Ljava/lang/Class;)Z @ 14
Event: 4.906 Thread 0x000001adbbed8000 Uncommon trap: reason=unstable_if action=reinterpret pc=0x000001ada7d05058 method=java.lang.ref.Reference.tryHandlePending(Z)Z @ 104
Event: 5.141 Thread 0x000001adbfbc2800 Uncommon trap: reason=unstable_if action=reinterpret pc=0x000001ada7c3098c method=java.util.HashMap.putVal(ILjava/lang/Object;Ljava/lang/Object;ZZ)Ljava/lang/Object; @ 162
Event: 5.371 Thread 0x000001adbfbc2800 Uncommon trap: reason=unstable_if action=reinterpret pc=0x000001ada794d118 method=sun.nio.cs.UTF_8$Encoder.encode([CII[B)I @ 33

Classes redefined (0 events):
No events

Internal exceptions (10 events):
Event: 5.708 Thread 0x000001adbfbc2800 Exception <a 'java/lang/ClassNotFoundException': java/io/InputStreamReaderBeanInfo> (0x00000000d5793550) thrown at [C:\jenkins\workspace\8-2-build-windows-x64-cygwin\jdk8u361\3183\hotspot\src\share\vm\classfile\systemDictionary.cpp, line 212]
Event: 5.708 Thread 0x000001adbfbc2800 Exception <a 'java/lang/ClassNotFoundException': java/io/ReaderBeanInfo> (0x00000000d5797740) thrown at [C:\jenkins\workspace\8-2-build-windows-x64-cygwin\jdk8u361\3183\hotspot\src\share\vm\classfile\systemDictionary.cpp, line 212]
Event: 5.709 Thread 0x000001adbfbc2800 Exception <a 'java/lang/ClassNotFoundException': java/io/ReaderCustomizer> (0x00000000d579bb80) thrown at [C:\jenkins\workspace\8-2-build-windows-x64-cygwin\jdk8u361\3183\hotspot\src\share\vm\classfile\systemDictionary.cpp, line 212]
Event: 5.709 Thread 0x000001adbfbc2800 Exception <a 'java/lang/ClassNotFoundException': java/io/InputStreamReaderCustomizer> (0x00000000d57a4cc8) thrown at [C:\jenkins\workspace\8-2-build-windows-x64-cygwin\jdk8u361\3183\hotspot\src\share\vm\classfile\systemDictionary.cpp, line 212]
Event: 5.713 Thread 0x000001adbfbc2800 Exception <a 'java/lang/ClassNotFoundException': java/io/BufferedReaderBeanInfo> (0x00000000d57cd5f0) thrown at [C:\jenkins\workspace\8-2-build-windows-x64-cygwin\jdk8u361\3183\hotspot\src\share\vm\classfile\systemDictionary.cpp, line 212]
Event: 5.713 Thread 0x000001adbfbc2800 Exception <a 'java/lang/ClassNotFoundException': java/io/BufferedReaderCustomizer> (0x00000000d57d18e0) thrown at [C:\jenkins\workspace\8-2-build-windows-x64-cygwin\jdk8u361\3183\hotspot\src\share\vm\classfile\systemDictionary.cpp, line 212]
Event: 5.719 Thread 0x000001adbfbc2800 Exception <a 'java/lang/ClassNotFoundException': java/lang/StringBufferBeanInfo> (0x00000000d5902c40) thrown at [C:\jenkins\workspace\8-2-build-windows-x64-cygwin\jdk8u361\3183\hotspot\src\share\vm\classfile\systemDictionary.cpp, line 212]
Event: 5.720 Thread 0x000001adbfbc2800 Exception <a 'java/lang/ClassNotFoundException': java/lang/AbstractStringBuilderBeanInfo> (0x00000000d59070a8) thrown at [C:\jenkins\workspace\8-2-build-windows-x64-cygwin\jdk8u361\3183\hotspot\src\share\vm\classfile\systemDictionary.cpp, line 212]
Event: 5.720 Thread 0x000001adbfbc2800 Exception <a 'java/lang/ClassNotFoundException': java/lang/AbstractStringBuilderCustomizer> (0x00000000d590b728) thrown at [C:\jenkins\workspace\8-2-build-windows-x64-cygwin\jdk8u361\3183\hotspot\src\share\vm\classfile\systemDictionary.cpp, line 212]
Event: 5.724 Thread 0x000001adbfbc2800 Exception <a 'java/lang/ClassNotFoundException': java/lang/StringBufferCustomizer> (0x00000000d5a87308) thrown at [C:\jenkins\workspace\8-2-build-windows-x64-cygwin\jdk8u361\3183\hotspot\src\share\vm\classfile\systemDictionary.cpp, line 212]

Events (10 events):
Event: 5.720 loading class java/lang/AbstractStringBuilderCustomizer
Event: 5.720 loading class java/lang/AbstractStringBuilderCustomizer done
Event: 5.720 loading class java/lang/AbstractStringBuilderCustomizer
Event: 5.720 loading class java/lang/AbstractStringBuilderCustomizer done
Event: 5.723 loading class java/lang/StringBufferCustomizer
Event: 5.723 loading class java/lang/StringBufferCustomizer done
Event: 5.724 loading class java/lang/StringBufferCustomizer
Event: 5.724 loading class java/lang/StringBufferCustomizer done
Event: 5.726 loading class groovy/lang/GroovyRuntimeException
Event: 5.726 loading class groovy/lang/GroovyRuntimeException done


Dynamic libraries:
0x00007ff76a0b0000 - 0x00007ff76a0f7000 	C:\Program Files\Java\jre1.8.0_361\bin\java.exe
0x00007ffd19490000 - 0x00007ffd19688000 	C:\Windows\SYSTEM32\ntdll.dll
0x00007ffd17a50000 - 0x00007ffd17b0f000 	C:\Windows\System32\KERNEL32.DLL
0x00007ffd16ec0000 - 0x00007ffd17192000 	C:\Windows\System32\KERNELBASE.dll
0x00007ffd191d0000 - 0x00007ffd1927e000 	C:\Windows\System32\ADVAPI32.dll
0x00007ffd17d50000 - 0x00007ffd17dee000 	C:\Windows\System32\msvcrt.dll
0x00007ffd18ac0000 - 0x00007ffd18b5c000 	C:\Windows\System32\sechost.dll
0x00007ffd18640000 - 0x00007ffd18764000 	C:\Windows\System32\RPCRT4.dll
0x00007ffd188a0000 - 0x00007ffd18a41000 	C:\Windows\System32\USER32.dll
0x00007ffd172a0000 - 0x00007ffd172c2000 	C:\Windows\System32\win32u.dll
0x00007ffd19360000 - 0x00007ffd1938b000 	C:\Windows\System32\GDI32.dll
0x00007ffd16b90000 - 0x00007ffd16c9f000 	C:\Windows\System32\gdi32full.dll
0x00007ffd16d80000 - 0x00007ffd16e1d000 	C:\Windows\System32\msvcp_win.dll
0x00007ffd171a0000 - 0x00007ffd172a0000 	C:\Windows\System32\ucrtbase.dll
0x00007ffd034e0000 - 0x00007ffd0377a000 	C:\Windows\WinSxS\amd64_microsoft.windows.common-controls_6595b64144ccf1df_6.0.19041.1110_none_60b5254171f9507e\COMCTL32.dll
0x00007ffd191a0000 - 0x00007ffd191d0000 	C:\Windows\System32\IMM32.DLL
0x00007ffcf1ab0000 - 0x00007ffcf1ac5000 	C:\Program Files\Java\jre1.8.0_361\bin\vcruntime140.dll
0x00007ffc95870000 - 0x00007ffc9590b000 	C:\Program Files\Java\jre1.8.0_361\bin\msvcp140.dll
0x0000000054300000 - 0x0000000054b63000 	C:\Program Files\Java\jre1.8.0_361\bin\server\jvm.dll
0x00007ffd174e0000 - 0x00007ffd174e8000 	C:\Windows\System32\PSAPI.DLL
0x00007ffd121c0000 - 0x00007ffd121c9000 	C:\Windows\SYSTEM32\WSOCK32.dll
0x00007ffd18a50000 - 0x00007ffd18abb000 	C:\Windows\System32\WS2_32.dll
0x00007ffd0e250000 - 0x00007ffd0e277000 	C:\Windows\SYSTEM32\WINMM.dll
0x00007ffd0f440000 - 0x00007ffd0f44a000 	C:\Windows\SYSTEM32\VERSION.dll
0x00007ffd14a70000 - 0x00007ffd14a82000 	C:\Windows\SYSTEM32\kernel.appcore.dll
0x00007ffcfa330000 - 0x00007ffcfa340000 	C:\Program Files\Java\jre1.8.0_361\bin\verify.dll
0x00007ffcecc70000 - 0x00007ffcecc9b000 	C:\Program Files\Java\jre1.8.0_361\bin\java.dll
0x00007ffcef6b0000 - 0x00007ffcef6c8000 	C:\Program Files\Java\jre1.8.0_361\bin\zip.dll
0x00007ffd17e90000 - 0x00007ffd185d5000 	C:\Windows\System32\SHELL32.dll
0x00007ffd14c70000 - 0x00007ffd15402000 	C:\Windows\SYSTEM32\windows.storage.dll
0x00007ffd174f0000 - 0x00007ffd17845000 	C:\Windows\System32\combase.dll
0x00007ffd165f0000 - 0x00007ffd16620000 	C:\Windows\SYSTEM32\Wldp.dll
0x00007ffd187f0000 - 0x00007ffd1889d000 	C:\Windows\System32\SHCORE.dll
0x00007ffd17b10000 - 0x00007ffd17b65000 	C:\Windows\System32\shlwapi.dll
0x00007ffd16ad0000 - 0x00007ffd16aef000 	C:\Windows\SYSTEM32\profapi.dll
0x00007ffcecef0000 - 0x00007ffcecf0c000 	C:\Program Files\Java\jre1.8.0_361\bin\net.dll
0x00007ffd16350000 - 0x00007ffd163ba000 	C:\Windows\system32\mswsock.dll
0x00007ffcecc10000 - 0x00007ffcecc23000 	C:\Program Files\Java\jre1.8.0_361\bin\nio.dll
0x00007ffcecf10000 - 0x00007ffcecf37000 	C:\Users\Poul\.gradle\native\e1d6ef7f7dcc3fd88c89a11ec53ec762bb8ba0a96d01ffa2cd45eb1d1d8dd5c5\windows-amd64\native-platform.dll
0x00007ffc95910000 - 0x00007ffc95a54000 	C:\Users\Poul\.gradle\native\0d407fdbe67a94daf76414ababcb853783967236a71b16ec16e742cd7a986fd3\windows-amd64\native-platform-file-events.dll
0x00007ffcf92c0000 - 0x00007ffcf92cd000 	C:\Program Files\Java\jre1.8.0_361\bin\management.dll
0x00007ffd16540000 - 0x00007ffd16558000 	C:\Windows\SYSTEM32\CRYPTSP.dll
0x00007ffd15c00000 - 0x00007ffd15c34000 	C:\Windows\system32\rsaenh.dll
0x00007ffd16e90000 - 0x00007ffd16eb7000 	C:\Windows\System32\bcrypt.dll
0x00007ffd16a50000 - 0x00007ffd16a7e000 	C:\Windows\SYSTEM32\USERENV.dll
0x00007ffd16ca0000 - 0x00007ffd16d22000 	C:\Windows\System32\bcryptprimitives.dll
0x00007ffd16560000 - 0x00007ffd1656c000 	C:\Windows\SYSTEM32\CRYPTBASE.dll
0x00007ffd15ff0000 - 0x00007ffd1602b000 	C:\Windows\SYSTEM32\IPHLPAPI.DLL
0x00007ffd19440000 - 0x00007ffd19448000 	C:\Windows\System32\NSI.dll
0x00007ffd10840000 - 0x00007ffd10857000 	C:\Windows\SYSTEM32\dhcpcsvc6.DLL
0x00007ffd10c70000 - 0x00007ffd10c8d000 	C:\Windows\SYSTEM32\dhcpcsvc.DLL
0x00007ffd16040000 - 0x00007ffd1610b000 	C:\Windows\SYSTEM32\DNSAPI.dll

VM Arguments:
jvm_args: -XX:MaxMetaspaceSize=512m -Xmx2048m -Dfile.encoding=utf8 -Duser.country=US -Duser.language=en -Duser.variant 
java_command: org.gradle.launcher.daemon.bootstrap.GradleDaemon 7.5.1
java_class_path (initial): C:\Users\Poul\.gradle\wrapper\dists\gradle-7.5.1-all\1ehga6e77gqps5uk2kc5kf1vc\gradle-7.5.1\lib\gradle-launcher-7.5.1.jar
Launcher Type: SUN_STANDARD

Environment Variables:
JAVA_HOME=C:\Program Files\Microsoft\jdk-11.0.18.10-hotspot\
PATH=C:\Program Files\Microsoft\jdk-11.0.18.10-hotspot\bin;C:\Program Files (x86)\Common Files\Oracle\Java\javapath;C:\Windows\system32;C:\Windows;C:\Windows\System32\Wbem;C:\Windows\System32\WindowsPowerShell\v1.0\;C:\Windows\System32\OpenSSH\;C:\Program Files\nodejs\;C:\Program Files\Microsoft\jdk-11.0.18.10-hotspot\\bin;C:\ProgramData\chocolatey\bin;C:\Users\Poul\AppData\Local\Android\Sdk\platform-tools;C:\Program Files\Java\jre1.8.0_361\bin;C:\Users\Poul\AppData\Local\Microsoft\WindowsApps;C:\Users\Poul\AppData\Roaming\npm;E:\Microsoft VS Code\bin;C:\Users\Poul\AppData\Local\GitHubDesktop\bin
USERNAME=Poul
OS=Windows_NT
PROCESSOR_IDENTIFIER=Intel64 Family 6 Model 165 Stepping 3, GenuineIntel



---------------  S Y S T E M  ---------------

OS: Windows 10 , 64 bit Build 19041 (10.0.19041.2546)

CPU:total 8 (initial active 8) (4 cores per cpu, 2 threads per core) family 6 model 165 stepping 3, cmov, cx8, fxsr, mmx, sse, sse2, sse3, ssse3, sse4.1, sse4.2, popcnt, avx, avx2, aes, clmul, erms, 3dnowpref, lzcnt, ht, tsc, tscinvbit, bmi1, bmi2, adx

Memory: 4k page, physical 16713744k(2548108k free), swap 20908048k(4264k free)

vm_info: Java HotSpot(TM) 64-Bit Server VM (25.361-b09) for windows-amd64 JRE (1.8.0_361-b09), built on Jan  9 2023 08:38:53 by "java_re" with MS VC++ 15.9 (VS2017)

time: Mon Mar 20 13:51:58 2023
timezone: SE Asia Standard Time
elapsed time: 5.835119 seconds (0d 0h 0m 5s)

