#
# There is insufficient memory for the Java Runtime Environment to continue.
# Native memory allocation (mmap) failed to map 65536 bytes for Failed to commit metaspace.
# Possible reasons:
#   The system is out of physical RAM or swap space
#   The process is running with CompressedOops enabled, and the Java Heap may be blocking the growth of the native heap
# Possible solutions:
#   Reduce memory load on the system
#   Increase physical memory or swap space
#   Check if swap backing store is full
#   Decrease Java heap size (-Xmx/-Xms)
#   Decrease number of Java threads
#   Decrease Java thread stack sizes (-Xss)
#   Set larger code cache with -XX:ReservedCodeCacheSize=
#   JVM is running with Unscaled Compressed Oops mode in which the Java heap is
#     placed in the first 4GB address space. The Java Heap base address is the
#     maximum limit for the native heap growth. Please use -XX:HeapBaseMinAddress
#     to set the Java Heap base and to place the Java Heap above 4GB virtual address.
# This output file may be truncated or incomplete.
#
#  Out of Memory Error (virtualSpaceNode.cpp:110), pid=4952, tid=13816
#
# JRE version: OpenJDK Runtime Environment Temurin-17.0.6+10 (17.0.6+10) (build 17.0.6+10)
# Java VM: OpenJDK 64-Bit Server VM Temurin-17.0.6+10 (17.0.6+10, mixed mode, tiered, compressed oops, compressed class ptrs, parallel gc, windows-amd64)
# No core dump will be written. Minidumps are not enabled by default on client versions of Windows
#

---------------  S U M M A R Y ------------

Command Line: --add-modules=ALL-SYSTEM --add-opens=java.base/java.util=ALL-UNNAMED --add-opens=java.base/java.lang=ALL-UNNAMED --add-opens=java.base/sun.nio.fs=ALL-UNNAMED -Declipse.application=org.eclipse.jdt.ls.core.id1 -Dosgi.bundles.defaultStartLevel=4 -Declipse.product=org.eclipse.jdt.ls.core.product -Djava.import.generatesMetadataFilesAtProjectRoot=false -Dfile.encoding=utf8 -XX:+UseParallelGC -XX:GCTimeRatio=4 -XX:AdaptiveSizePolicyWeight=90 -Dsun.zip.disableMemoryMapping=true -Xmx1G -Xms100m -Xlog:disable -javaagent:c:\Users\Poul\.vscode\extensions\redhat.java-1.16.0-win32-x64\lombok\lombok-1.18.24.jar -XX:+HeapDumpOnOutOfMemoryError -XX:HeapDumpPath=c:\Users\Poul\AppData\Roaming\Code\User\workspaceStorage\648fba29afbfca6dc8102d5d67de9ff1\redhat.java c:\Users\Poul\.vscode\extensions\redhat.java-1.16.0-win32-x64\server\plugins\org.eclipse.equinox.launcher_1.6.400.v20210924-0641.jar -configuration c:\Users\Poul\AppData\Roaming\Code\User\globalStorage\redhat.java\1.16.0\config_win -data c:\Users\Poul\AppData\Roaming\Code\User\workspaceStorage\648fba29afbfca6dc8102d5d67de9ff1\redhat.java\jdt_ws

Host: Intel(R) Core(TM) i3-10100F CPU @ 3.60GHz, 8 cores, 15G,  Windows 10 , 64 bit Build 19041 (10.0.19041.2546)
Time: Mon Mar 20 13:51:58 2023 SE Asia Standard Time elapsed time: 47.052547 seconds (0d 0h 0m 47s)

---------------  T H R E A D  ---------------

Current thread (0x000001c89b1d77d0):  JavaThread "Worker-3: Initialize Workspace" [_thread_in_vm, id=13816, stack(0x0000002b00f00000,0x0000002b01000000)]

Stack: [0x0000002b00f00000,0x0000002b01000000]
Native frames: (J=compiled Java code, j=interpreted, Vv=VM code, C=native code)
V  [jvm.dll+0x67741a]
V  [jvm.dll+0x834434]
V  [jvm.dll+0x835bde]
V  [jvm.dll+0x836243]
V  [jvm.dll+0x2457b5]
V  [jvm.dll+0x8304cb]
V  [jvm.dll+0x61bca6]
V  [jvm.dll+0x61bd0a]
V  [jvm.dll+0x61e52a]
V  [jvm.dll+0x61c646]
V  [jvm.dll+0x62d3f9]
V  [jvm.dll+0x626754]
V  [jvm.dll+0x37f521]
C  0x000001c88e82c6e8

Java frames: (J=compiled Java code, j=interpreted, Vv=VM code)
j  java.lang.Throwable.setStackTrace([Ljava/lang/StackTraceElement;)V+0 java.base@17.0.6
j  org.gradle.tooling.internal.consumer.BlockingResultHandler.attachCallerThreadStackTrace(Ljava/lang/Throwable;)Ljava/lang/Throwable;+75
j  org.gradle.tooling.internal.consumer.BlockingResultHandler.getResult()Ljava/lang/Object;+30
j  org.gradle.tooling.internal.consumer.DefaultModelBuilder.get()Ljava/lang/Object;+18
j  org.eclipse.buildship.core.internal.util.gradle.CompatProjectConnection$CompatModelBuilder.get()Ljava/lang/Object;+4
j  org.eclipse.jdt.ls.core.internal.managers.GradleBuildSupport.lambda$0(Ljava/io/File;Lorg/gradle/tooling/ProjectConnection;)Ljava/util/Map;+34
j  org.eclipse.jdt.ls.core.internal.managers.GradleBuildSupport$$Lambda$271+0x000000010054e1d0.apply(Ljava/lang/Object;)Ljava/lang/Object;+8
j  org.eclipse.buildship.core.internal.DefaultGradleBuild$GradleConnectionOperation.runInToolingApi(Lorg/gradle/tooling/CancellationTokenSource;Lorg/eclipse/core/runtime/IProgressMonitor;)V+42
j  org.eclipse.buildship.core.internal.operation.DefaultToolingApiOperationManager$WorkspaceRunnableAdapter.run(Lorg/eclipse/core/runtime/IProgressMonitor;)V+9
j  org.eclipse.core.internal.resources.Workspace.run(Lorg/eclipse/core/runtime/ICoreRunnable;Lorg/eclipse/core/runtime/jobs/ISchedulingRule;ILorg/eclipse/core/runtime/IProgressMonitor;)V+69
j  org.eclipse.core.internal.resources.Workspace.run(Lorg/eclipse/core/resources/IWorkspaceRunnable;Lorg/eclipse/core/runtime/jobs/ISchedulingRule;ILorg/eclipse/core/runtime/IProgressMonitor;)V+6
j  org.eclipse.buildship.core.internal.operation.DefaultToolingApiOperationManager.run(Lorg/eclipse/buildship/core/internal/operation/ToolingApiOperation;Lorg/gradle/tooling/CancellationTokenSource;Lorg/eclipse/core/runtime/IProgressMonitor;)V+37
j  org.eclipse.buildship.core.internal.DefaultGradleBuild.withConnection(Ljava/util/function/Function;Lorg/gradle/tooling/CancellationTokenSource;Lorg/eclipse/core/runtime/IProgressMonitor;)Ljava/lang/Object;+39
j  org.eclipse.buildship.core.internal.DefaultGradleBuild.withConnection(Ljava/util/function/Function;Lorg/eclipse/core/runtime/IProgressMonitor;)Ljava/lang/Object;+6
j  org.eclipse.jdt.ls.core.internal.managers.GradleBuildSupport.syncAnnotationProcessingConfiguration(Lorg/eclipse/buildship/core/GradleBuild;Lorg/eclipse/core/runtime/IProgressMonitor;)V+42
j  org.eclipse.jdt.ls.core.internal.managers.GradleUtils.synchronizeAnnotationProcessingConfiguration(Lorg/eclipse/core/runtime/IProgressMonitor;)V+47
j  org.eclipse.jdt.ls.core.internal.managers.GradleProjectImporter.importToWorkspace(Lorg/eclipse/core/runtime/IProgressMonitor;)V+759
j  org.eclipse.jdt.ls.core.internal.managers.ProjectsManager.importProjects(Ljava/util/Collection;Lorg/eclipse/core/runtime/IProgressMonitor;)V+118
j  org.eclipse.jdt.ls.core.internal.managers.ProjectsManager.initializeProjects(Ljava/util/Collection;Lorg/eclipse/core/runtime/IProgressMonitor;)V+63
j  org.eclipse.jdt.ls.core.internal.handlers.InitHandler$1.runInWorkspace(Lorg/eclipse/core/runtime/IProgressMonitor;)Lorg/eclipse/core/runtime/IStatus;+115
j  org.eclipse.core.internal.resources.InternalWorkspaceJob.run(Lorg/eclipse/core/runtime/IProgressMonitor;)Lorg/eclipse/core/runtime/IStatus;+39
j  org.eclipse.core.internal.jobs.Worker.run()V+32
v  ~StubRoutines::call_stub

---------------  P R O C E S S  ---------------

Threads class SMR info:
_java_thread_list=0x000001c89e0ec600, length=30, elements={
0x000001c884660500, 0x000001c89a0235e0, 0x000001c89a024320, 0x000001c8984ec4a0,
0x000001c8984ede70, 0x000001c8984ee730, 0x000001c89a042550, 0x000001c89a042ec0,
0x000001c89a0a5870, 0x000001c89a0c0500, 0x000001c89a12b100, 0x000001c89a377030,
0x000001c89b763890, 0x000001c89b7467f0, 0x000001c89b74cca0, 0x000001c89c03c0d0,
0x000001c89b2ab030, 0x000001c89b1d8170, 0x000001c89b1d8640, 0x000001c89b1d6490,
0x000001c89b1d5af0, 0x000001c89b1d8b10, 0x000001c89b1d5fc0, 0x000001c89b1d77d0,
0x000001c89b1d7ca0, 0x000001c8a06ab7b0, 0x000001c8a06a9600, 0x000001c8a06a7450,
0x000001c8a06a9ad0, 0x000001c8a06a6f80
}

Java Threads: ( => current thread )
  0x000001c884660500 JavaThread "main" [_thread_blocked, id=7364, stack(0x0000002b7e900000,0x0000002b7ea00000)]
  0x000001c89a0235e0 JavaThread "Reference Handler" daemon [_thread_blocked, id=3084, stack(0x0000002b7ec00000,0x0000002b7ed00000)]
  0x000001c89a024320 JavaThread "Finalizer" daemon [_thread_blocked, id=9280, stack(0x0000002b7ed00000,0x0000002b7ee00000)]
  0x000001c8984ec4a0 JavaThread "Signal Dispatcher" daemon [_thread_blocked, id=16028, stack(0x0000002b7ee00000,0x0000002b7ef00000)]
  0x000001c8984ede70 JavaThread "Attach Listener" daemon [_thread_blocked, id=1696, stack(0x0000002b7ef00000,0x0000002b7f000000)]
  0x000001c8984ee730 JavaThread "Service Thread" daemon [_thread_blocked, id=7324, stack(0x0000002b7f000000,0x0000002b7f100000)]
  0x000001c89a042550 JavaThread "Monitor Deflation Thread" daemon [_thread_blocked, id=944, stack(0x0000002b7f100000,0x0000002b7f200000)]
  0x000001c89a042ec0 JavaThread "C2 CompilerThread0" daemon [_thread_blocked, id=16376, stack(0x0000002b7f200000,0x0000002b7f300000)]
  0x000001c89a0a5870 JavaThread "C1 CompilerThread0" daemon [_thread_blocked, id=5828, stack(0x0000002b7f300000,0x0000002b7f400000)]
  0x000001c89a0c0500 JavaThread "Sweeper thread" daemon [_thread_blocked, id=1608, stack(0x0000002b7f400000,0x0000002b7f500000)]
  0x000001c89a12b100 JavaThread "Common-Cleaner" daemon [_thread_blocked, id=4588, stack(0x0000002b7f500000,0x0000002b7f600000)]
  0x000001c89a377030 JavaThread "Notification Thread" daemon [_thread_blocked, id=4212, stack(0x0000002b7f600000,0x0000002b7f700000)]
  0x000001c89b763890 JavaThread "Active Thread: Equinox Container: 93f2f16b-a95b-4cd0-82ca-50826dbf5984" [_thread_blocked, id=6408, stack(0x0000002b7ff00000,0x0000002b80000000)]
  0x000001c89b7467f0 JavaThread "Framework Event Dispatcher: Equinox Container: 93f2f16b-a95b-4cd0-82ca-50826dbf5984" daemon [_thread_blocked, id=13664, stack(0x0000002b7fe00000,0x0000002b7ff00000)]
  0x000001c89b74cca0 JavaThread "Start Level: Equinox Container: 93f2f16b-a95b-4cd0-82ca-50826dbf5984" daemon [_thread_blocked, id=13128, stack(0x0000002b00000000,0x0000002b00100000)]
  0x000001c89c03c0d0 JavaThread "SCR Component Actor" daemon [_thread_blocked, id=13636, stack(0x0000002b00100000,0x0000002b00200000)]
  0x000001c89b2ab030 JavaThread "Worker-JM" [_thread_blocked, id=13300, stack(0x0000002b00400000,0x0000002b00500000)]
  0x000001c89b1d8170 JavaThread "Worker-0" [_thread_blocked, id=13628, stack(0x0000002b00500000,0x0000002b00600000)]
  0x000001c89b1d8640 JavaThread "Worker-1" [_thread_blocked, id=13508, stack(0x0000002b00600000,0x0000002b00700000)]
  0x000001c89b1d6490 JavaThread "Java indexing" daemon [_thread_blocked, id=16316, stack(0x0000002b00800000,0x0000002b00900000)]
  0x000001c89b1d5af0 JavaThread "Worker-2" [_thread_blocked, id=4928, stack(0x0000002b00900000,0x0000002b00a00000)]
  0x000001c89b1d8b10 JavaThread "JNA Cleaner" daemon [_thread_blocked, id=5176, stack(0x0000002b00a00000,0x0000002b00b00000)]
  0x000001c89b1d5fc0 JavaThread "pool-2-thread-1" [_thread_blocked, id=1952, stack(0x0000002b00e00000,0x0000002b00f00000)]
=>0x000001c89b1d77d0 JavaThread "Worker-3: Initialize Workspace" [_thread_in_vm, id=13816, stack(0x0000002b00f00000,0x0000002b01000000)]
  0x000001c89b1d7ca0 JavaThread "pool-1-thread-1" [_thread_blocked, id=11760, stack(0x0000002b01000000,0x0000002b01100000)]
  0x000001c8a06ab7b0 JavaThread "Timer-0" [_thread_blocked, id=4708, stack(0x0000002b00300000,0x0000002b00400000)]
  0x000001c8a06a9600 JavaThread "Connection worker" [_thread_blocked, id=15068, stack(0x0000002b00700000,0x0000002b00800000)]
  0x000001c8a06a7450 JavaThread "Exec process" [_thread_blocked, id=16272, stack(0x0000002b00d00000,0x0000002b00e00000)]
  0x000001c8a06a9ad0 JavaThread "Exec process Thread 2" [_thread_blocked, id=3760, stack(0x0000002b01100000,0x0000002b01200000)]
  0x000001c8a06a6f80 JavaThread "Exec process Thread 3" [_thread_blocked, id=1964, stack(0x0000002b01200000,0x0000002b01300000)]

Other Threads:
  0x000001c8983870c0 VMThread "VM Thread" [stack: 0x0000002b7eb00000,0x0000002b7ec00000] [id=2820]
  0x000001c89a1d1520 WatcherThread [stack: 0x0000002b7f700000,0x0000002b7f800000] [id=132]
  0x000001c884675090 GCTaskThread "GC Thread#0" [stack: 0x0000002b7ea00000,0x0000002b7eb00000] [id=9120]
  0x000001c89b124180 GCTaskThread "GC Thread#1" [stack: 0x0000002b7f800000,0x0000002b7f900000] [id=14532]
  0x000001c89b036450 GCTaskThread "GC Thread#2" [stack: 0x0000002b7f900000,0x0000002b7fa00000] [id=7988]
  0x000001c89b5193f0 GCTaskThread "GC Thread#3" [stack: 0x0000002b7fa00000,0x0000002b7fb00000] [id=15448]
  0x000001c89b5196a0 GCTaskThread "GC Thread#4" [stack: 0x0000002b7fb00000,0x0000002b7fc00000] [id=4176]
  0x000001c89b1b2c80 GCTaskThread "GC Thread#5" [stack: 0x0000002b7fc00000,0x0000002b7fd00000] [id=8664]
  0x000001c89b1b2f30 GCTaskThread "GC Thread#6" [stack: 0x0000002b7fd00000,0x0000002b7fe00000] [id=3080]
  0x000001c8825cdd70 GCTaskThread "GC Thread#7" [stack: 0x0000002b00200000,0x0000002b00300000] [id=13340]

Threads with active compile tasks:

VM state: not at safepoint (normal execution)

VM Mutex/Monitor currently owned by a thread:  ([mutex/lock_event])
[0x000001c88465a4e0] Metaspace_lock - owner thread: 0x000001c89b1d77d0

Heap address: 0x00000000c0000000, size: 1024 MB, Compressed Oops mode: 32-bit

CDS archive(s) not mapped
Compressed class space mapped at: 0x0000000100000000-0x0000000140000000, reserved size: 1073741824
Narrow klass base: 0x0000000000000000, Narrow klass shift: 3, Narrow klass range: 0x140000000

GC Precious Log:
 CPUs: 8 total, 8 available
 Memory: 16322M
 Large Page Support: Disabled
 NUMA Support: Disabled
 Compressed Oops: Enabled (32-bit)
 Alignments: Space 512K, Generation 512K, Heap 2M
 Heap Min Capacity: 100M
 Heap Initial Capacity: 100M
 Heap Max Capacity: 1G
 Pre-touch: Disabled
 Parallel Workers: 8

Heap:
 PSYoungGen      total 24064K, used 12893K [0x00000000eab00000, 0x00000000ec800000, 0x0000000100000000)
  eden space 22016K, 55% used [0x00000000eab00000,0x00000000eb6ff738,0x00000000ec080000)
  from space 2048K, 29% used [0x00000000ec480000,0x00000000ec518000,0x00000000ec680000)
  to   space 1024K, 0% used [0x00000000ec700000,0x00000000ec700000,0x00000000ec800000)
 ParOldGen       total 68608K, used 57469K [0x00000000c0000000, 0x00000000c4300000, 0x00000000eab00000)
  object space 68608K, 83% used [0x00000000c0000000,0x00000000c381f7e8,0x00000000c4300000)
 Metaspace       used 56634K, committed 57600K, reserved 1105920K
  class space    used 6551K, committed 6976K, reserved 1048576K

Card table byte_map: [0x000001c884010000,0x000001c884220000] _byte_map_base: 0x000001c883a10000

Marking Bits: (ParMarkBitMap*) 0x00007ffc9f903e70
 Begin Bits: [0x000001c8962f0000, 0x000001c8972f0000)
 End Bits:   [0x000001c8972f0000, 0x000001c8982f0000)

Polling page: 0x000001c882640000

Metaspace:

Usage:
  Non-class:     48.91 MB used.
      Class:      6.40 MB used.
       Both:     55.31 MB used.

Virtual space:
  Non-class space:       56.00 MB reserved,      49.44 MB ( 88%) committed,  7 nodes.
      Class space:        1.00 GB reserved,       6.81 MB ( <1%) committed,  1 nodes.
             Both:        1.05 GB reserved,      56.25 MB (  5%) committed. 

Chunk freelists:
   Non-Class:  2.45 MB
       Class:  1.11 MB
        Both:  3.56 MB

MaxMetaspaceSize: unlimited
CompressedClassSpaceSize: 1.00 GB
Initial GC threshold: 21.00 MB
Current GC threshold: 58.38 MB
CDS: off
MetaspaceReclaimPolicy: balanced
 - commit_granule_bytes: 65536.
 - commit_granule_words: 8192.
 - virtual_space_node_default_size: 1048576.
 - enlarge_chunks_in_place: 1.
 - new_chunks_are_fully_committed: 0.
 - uncommit_free_chunks: 1.
 - use_allocation_guard: 0.
 - handle_deallocations: 1.


Internal statistics:

num_allocs_failed_limit: 6.
num_arena_births: 438.
num_arena_deaths: 14.
num_vsnodes_births: 8.
num_vsnodes_deaths: 0.
num_space_committed: 900.
num_space_uncommitted: 0.
num_chunks_returned_to_freelist: 20.
num_chunks_taken_from_freelist: 2504.
num_chunk_merges: 10.
num_chunk_splits: 1621.
num_chunks_enlarged: 1032.
num_purges: 2.
num_inconsistent_stats: 0.

CodeHeap 'non-profiled nmethods': size=120000Kb used=3724Kb max_used=3724Kb free=116275Kb
 bounds [0x000001c88edc0000, 0x000001c88f170000, 0x000001c8962f0000]
CodeHeap 'profiled nmethods': size=120000Kb used=11755Kb max_used=11755Kb free=108244Kb
 bounds [0x000001c8872f0000, 0x000001c887e70000, 0x000001c88e820000]
CodeHeap 'non-nmethods': size=5760Kb used=1300Kb max_used=1367Kb free=4460Kb
 bounds [0x000001c88e820000, 0x000001c88ea90000, 0x000001c88edc0000]
 total_blobs=6484 nmethods=5858 adapters=539
 compilation: enabled
              stopped_count=0, restarted_count=0
 full_count=0

Compilation events (20 events):
Event: 46.691 Thread 0x000001c89a0a5870 6599       1       org.gradle.internal.logging.events.UpdateNowEvent::getTimestamp (5 bytes)
Event: 46.691 Thread 0x000001c89a0a5870 nmethod 6599 0x000001c88f161d90 code [0x000001c88f161f20, 0x000001c88f161ff8]
Event: 47.031 Thread 0x000001c89a042ec0 6600       4       java.lang.AbstractStringBuilder::append (45 bytes)
Event: 47.036 Thread 0x000001c89a042ec0 nmethod 6600 0x000001c88f162090 code [0x000001c88f162240, 0x000001c88f162958]
Event: 47.044 Thread 0x000001c89a0a5870 6601   !   3       java.io.BufferedReader::readLine (327 bytes)
Event: 47.045 Thread 0x000001c89a0a5870 nmethod 6601 0x000001c887e67b90 code [0x000001c887e67ea0, 0x000001c887e69198]
Event: 47.045 Thread 0x000001c89a0a5870 6602       3       java.util.LinkedList::node (65 bytes)
Event: 47.045 Thread 0x000001c89a0a5870 nmethod 6602 0x000001c887e69c10 code [0x000001c887e69dc0, 0x000001c887e6a098]
Event: 47.048 Thread 0x000001c89a0a5870 6604       3       java.lang.invoke.MemberName$Factory::resolveOrNull (54 bytes)
Event: 47.048 Thread 0x000001c89a0a5870 nmethod 6604 0x000001c887e6a210 code [0x000001c887e6a3c0, 0x000001c887e6a688]
Event: 47.048 Thread 0x000001c89a0a5870 6605       3       java.util.concurrent.ConcurrentHashMap$ValuesView::iterator (34 bytes)
Event: 47.049 Thread 0x000001c89a0a5870 nmethod 6605 0x000001c887e6a790 code [0x000001c887e6a940, 0x000001c887e6ab68]
Event: 47.049 Thread 0x000001c89a0a5870 6606       3       java.util.concurrent.ConcurrentHashMap$ValueIterator::<init> (12 bytes)
Event: 47.049 Thread 0x000001c89a0a5870 nmethod 6606 0x000001c887e6ac90 code [0x000001c887e6ae20, 0x000001c887e6af68]
Event: 47.049 Thread 0x000001c89a0a5870 6607       3       java.lang.CharacterDataLatin1::isUpperCase (16 bytes)
Event: 47.049 Thread 0x000001c89a0a5870 nmethod 6607 0x000001c887e6b010 code [0x000001c887e6b1c0, 0x000001c887e6b3d8]
Event: 47.049 Thread 0x000001c89a0a5870 6608       3       java.lang.CharacterDataLatin1::getPropertiesEx (11 bytes)
Event: 47.049 Thread 0x000001c89a0a5870 nmethod 6608 0x000001c887e6b510 code [0x000001c887e6b6a0, 0x000001c887e6b7d8]
Event: 47.049 Thread 0x000001c89a0a5870 6609       3       com.google.gson.stream.JsonWriter::name (46 bytes)
Event: 47.049 Thread 0x000001c89a0a5870 nmethod 6609 0x000001c887e6b890 code [0x000001c887e6ba80, 0x000001c887e6bf28]

GC Heap History (20 events):
Event: 20.139 GC heap before
{Heap before GC invocations=24 (full 2):
 PSYoungGen      total 24576K, used 24160K [0x00000000eab00000, 0x00000000ec580000, 0x0000000100000000)
  eden space 22016K, 100% used [0x00000000eab00000,0x00000000ec080000,0x00000000ec080000)
  from space 2560K, 83% used [0x00000000ec080000,0x00000000ec298000,0x00000000ec300000)
  to   space 2560K, 0% used [0x00000000ec300000,0x00000000ec300000,0x00000000ec580000)
 ParOldGen       total 68608K, used 40234K [0x00000000c0000000, 0x00000000c4300000, 0x00000000eab00000)
  object space 68608K, 58% used [0x00000000c0000000,0x00000000c274ab18,0x00000000c4300000)
 Metaspace       used 47458K, committed 48320K, reserved 1097728K
  class space    used 5077K, committed 5440K, reserved 1048576K
}
Event: 20.141 GC heap after
{Heap after GC invocations=24 (full 2):
 PSYoungGen      total 22528K, used 480K [0x00000000eab00000, 0x00000000ec380000, 0x0000000100000000)
  eden space 22016K, 0% used [0x00000000eab00000,0x00000000eab00000,0x00000000ec080000)
  from space 512K, 93% used [0x00000000ec300000,0x00000000ec378000,0x00000000ec380000)
  to   space 1536K, 0% used [0x00000000ec080000,0x00000000ec080000,0x00000000ec200000)
 ParOldGen       total 68608K, used 42287K [0x00000000c0000000, 0x00000000c4300000, 0x00000000eab00000)
  object space 68608K, 61% used [0x00000000c0000000,0x00000000c294be70,0x00000000c4300000)
 Metaspace       used 47458K, committed 48320K, reserved 1097728K
  class space    used 5077K, committed 5440K, reserved 1048576K
}
Event: 21.866 GC heap before
{Heap before GC invocations=25 (full 2):
 PSYoungGen      total 22528K, used 22496K [0x00000000eab00000, 0x00000000ec380000, 0x0000000100000000)
  eden space 22016K, 100% used [0x00000000eab00000,0x00000000ec080000,0x00000000ec080000)
  from space 512K, 93% used [0x00000000ec300000,0x00000000ec378000,0x00000000ec380000)
  to   space 1536K, 0% used [0x00000000ec080000,0x00000000ec080000,0x00000000ec200000)
 ParOldGen       total 68608K, used 42287K [0x00000000c0000000, 0x00000000c4300000, 0x00000000eab00000)
  object space 68608K, 61% used [0x00000000c0000000,0x00000000c294be70,0x00000000c4300000)
 Metaspace       used 47510K, committed 48448K, reserved 1097728K
  class space    used 5077K, committed 5440K, reserved 1048576K
}
Event: 21.867 GC heap after
{Heap after GC invocations=25 (full 2):
 PSYoungGen      total 23552K, used 384K [0x00000000eab00000, 0x00000000ec380000, 0x0000000100000000)
  eden space 22016K, 0% used [0x00000000eab00000,0x00000000eab00000,0x00000000ec080000)
  from space 1536K, 25% used [0x00000000ec080000,0x00000000ec0e0000,0x00000000ec200000)
  to   space 1024K, 0% used [0x00000000ec280000,0x00000000ec280000,0x00000000ec380000)
 ParOldGen       total 68608K, used 42671K [0x00000000c0000000, 0x00000000c4300000, 0x00000000eab00000)
  object space 68608K, 62% used [0x00000000c0000000,0x00000000c29abe70,0x00000000c4300000)
 Metaspace       used 47510K, committed 48448K, reserved 1097728K
  class space    used 5077K, committed 5440K, reserved 1048576K
}
Event: 23.234 GC heap before
{Heap before GC invocations=26 (full 2):
 PSYoungGen      total 23552K, used 22400K [0x00000000eab00000, 0x00000000ec380000, 0x0000000100000000)
  eden space 22016K, 100% used [0x00000000eab00000,0x00000000ec080000,0x00000000ec080000)
  from space 1536K, 25% used [0x00000000ec080000,0x00000000ec0e0000,0x00000000ec200000)
  to   space 1024K, 0% used [0x00000000ec280000,0x00000000ec280000,0x00000000ec380000)
 ParOldGen       total 68608K, used 42671K [0x00000000c0000000, 0x00000000c4300000, 0x00000000eab00000)
  object space 68608K, 62% used [0x00000000c0000000,0x00000000c29abe70,0x00000000c4300000)
 Metaspace       used 47526K, committed 48448K, reserved 1097728K
  class space    used 5077K, committed 5440K, reserved 1048576K
}
Event: 23.235 GC heap after
{Heap after GC invocations=26 (full 2):
 PSYoungGen      total 22528K, used 384K [0x00000000eab00000, 0x00000000ec300000, 0x0000000100000000)
  eden space 22016K, 0% used [0x00000000eab00000,0x00000000eab00000,0x00000000ec080000)
  from space 512K, 75% used [0x00000000ec280000,0x00000000ec2e0000,0x00000000ec300000)
  to   space 512K, 0% used [0x00000000ec200000,0x00000000ec200000,0x00000000ec280000)
 ParOldGen       total 68608K, used 42951K [0x00000000c0000000, 0x00000000c4300000, 0x00000000eab00000)
  object space 68608K, 62% used [0x00000000c0000000,0x00000000c29f1e70,0x00000000c4300000)
 Metaspace       used 47526K, committed 48448K, reserved 1097728K
  class space    used 5077K, committed 5440K, reserved 1048576K
}
Event: 24.710 GC heap before
{Heap before GC invocations=27 (full 2):
 PSYoungGen      total 22528K, used 22400K [0x00000000eab00000, 0x00000000ec300000, 0x0000000100000000)
  eden space 22016K, 100% used [0x00000000eab00000,0x00000000ec080000,0x00000000ec080000)
  from space 512K, 75% used [0x00000000ec280000,0x00000000ec2e0000,0x00000000ec300000)
  to   space 512K, 0% used [0x00000000ec200000,0x00000000ec200000,0x00000000ec280000)
 ParOldGen       total 68608K, used 42951K [0x00000000c0000000, 0x00000000c4300000, 0x00000000eab00000)
  object space 68608K, 62% used [0x00000000c0000000,0x00000000c29f1e70,0x00000000c4300000)
 Metaspace       used 47539K, committed 48448K, reserved 1097728K
  class space    used 5077K, committed 5440K, reserved 1048576K
}
Event: 24.711 GC heap after
{Heap after GC invocations=27 (full 2):
 PSYoungGen      total 22528K, used 352K [0x00000000eab00000, 0x00000000ec300000, 0x0000000100000000)
  eden space 22016K, 0% used [0x00000000eab00000,0x00000000eab00000,0x00000000ec080000)
  from space 512K, 68% used [0x00000000ec200000,0x00000000ec258000,0x00000000ec280000)
  to   space 512K, 0% used [0x00000000ec280000,0x00000000ec280000,0x00000000ec300000)
 ParOldGen       total 68608K, used 43247K [0x00000000c0000000, 0x00000000c4300000, 0x00000000eab00000)
  object space 68608K, 63% used [0x00000000c0000000,0x00000000c2a3be70,0x00000000c4300000)
 Metaspace       used 47539K, committed 48448K, reserved 1097728K
  class space    used 5077K, committed 5440K, reserved 1048576K
}
Event: 25.609 GC heap before
{Heap before GC invocations=28 (full 2):
 PSYoungGen      total 22528K, used 22368K [0x00000000eab00000, 0x00000000ec300000, 0x0000000100000000)
  eden space 22016K, 100% used [0x00000000eab00000,0x00000000ec080000,0x00000000ec080000)
  from space 512K, 68% used [0x00000000ec200000,0x00000000ec258000,0x00000000ec280000)
  to   space 512K, 0% used [0x00000000ec280000,0x00000000ec280000,0x00000000ec300000)
 ParOldGen       total 68608K, used 43247K [0x00000000c0000000, 0x00000000c4300000, 0x00000000eab00000)
  object space 68608K, 63% used [0x00000000c0000000,0x00000000c2a3be70,0x00000000c4300000)
 Metaspace       used 48068K, committed 48960K, reserved 1097728K
  class space    used 5138K, committed 5504K, reserved 1048576K
}
Event: 25.610 GC heap after
{Heap after GC invocations=28 (full 2):
 PSYoungGen      total 22528K, used 512K [0x00000000eab00000, 0x00000000ec480000, 0x0000000100000000)
  eden space 22016K, 0% used [0x00000000eab00000,0x00000000eab00000,0x00000000ec080000)
  from space 512K, 100% used [0x00000000ec280000,0x00000000ec300000,0x00000000ec300000)
  to   space 2048K, 0% used [0x00000000ec080000,0x00000000ec080000,0x00000000ec280000)
 ParOldGen       total 68608K, used 44103K [0x00000000c0000000, 0x00000000c4300000, 0x00000000eab00000)
  object space 68608K, 64% used [0x00000000c0000000,0x00000000c2b11e70,0x00000000c4300000)
 Metaspace       used 48068K, committed 48960K, reserved 1097728K
  class space    used 5138K, committed 5504K, reserved 1048576K
}
Event: 33.828 GC heap before
{Heap before GC invocations=29 (full 2):
 PSYoungGen      total 22528K, used 22528K [0x00000000eab00000, 0x00000000ec480000, 0x0000000100000000)
  eden space 22016K, 100% used [0x00000000eab00000,0x00000000ec080000,0x00000000ec080000)
  from space 512K, 100% used [0x00000000ec280000,0x00000000ec300000,0x00000000ec300000)
  to   space 2048K, 0% used [0x00000000ec080000,0x00000000ec080000,0x00000000ec280000)
 ParOldGen       total 68608K, used 44103K [0x00000000c0000000, 0x00000000c4300000, 0x00000000eab00000)
  object space 68608K, 64% used [0x00000000c0000000,0x00000000c2b11e70,0x00000000c4300000)
 Metaspace       used 49537K, committed 50432K, reserved 1097728K
  class space    used 5400K, committed 5760K, reserved 1048576K
}
Event: 33.830 GC heap after
{Heap after GC invocations=29 (full 2):
 PSYoungGen      total 24064K, used 2040K [0x00000000eab00000, 0x00000000ed380000, 0x0000000100000000)
  eden space 22016K, 0% used [0x00000000eab00000,0x00000000eab00000,0x00000000ec080000)
  from space 2048K, 99% used [0x00000000ec080000,0x00000000ec27e188,0x00000000ec280000)
  to   space 9728K, 0% used [0x00000000eca00000,0x00000000eca00000,0x00000000ed380000)
 ParOldGen       total 68608K, used 50198K [0x00000000c0000000, 0x00000000c4300000, 0x00000000eab00000)
  object space 68608K, 73% used [0x00000000c0000000,0x00000000c3105be0,0x00000000c4300000)
 Metaspace       used 49537K, committed 50432K, reserved 1097728K
  class space    used 5400K, committed 5760K, reserved 1048576K
}
Event: 34.400 GC heap before
{Heap before GC invocations=30 (full 2):
 PSYoungGen      total 24064K, used 23890K [0x00000000eab00000, 0x00000000ed380000, 0x0000000100000000)
  eden space 22016K, 99% used [0x00000000eab00000,0x00000000ec056808,0x00000000ec080000)
  from space 2048K, 99% used [0x00000000ec080000,0x00000000ec27e188,0x00000000ec280000)
  to   space 9728K, 0% used [0x00000000eca00000,0x00000000eca00000,0x00000000ed380000)
 ParOldGen       total 68608K, used 50198K [0x00000000c0000000, 0x00000000c4300000, 0x00000000eab00000)
  object space 68608K, 73% used [0x00000000c0000000,0x00000000c3105be0,0x00000000c4300000)
 Metaspace       used 50975K, committed 51968K, reserved 1097728K
  class space    used 5636K, committed 6016K, reserved 1048576K
}
Event: 34.401 GC heap after
{Heap after GC invocations=30 (full 2):
 PSYoungGen      total 23040K, used 704K [0x00000000eab00000, 0x00000000ecb00000, 0x0000000100000000)
  eden space 22016K, 0% used [0x00000000eab00000,0x00000000eab00000,0x00000000ec080000)
  from space 1024K, 68% used [0x00000000eca00000,0x00000000ecab0000,0x00000000ecb00000)
  to   space 3584K, 0% used [0x00000000ec400000,0x00000000ec400000,0x00000000ec780000)
 ParOldGen       total 68608K, used 52188K [0x00000000c0000000, 0x00000000c4300000, 0x00000000eab00000)
  object space 68608K, 76% used [0x00000000c0000000,0x00000000c32f7128,0x00000000c4300000)
 Metaspace       used 50975K, committed 51968K, reserved 1097728K
  class space    used 5636K, committed 6016K, reserved 1048576K
}
Event: 39.883 GC heap before
{Heap before GC invocations=31 (full 2):
 PSYoungGen      total 23040K, used 22720K [0x00000000eab00000, 0x00000000ecb00000, 0x0000000100000000)
  eden space 22016K, 100% used [0x00000000eab00000,0x00000000ec080000,0x00000000ec080000)
  from space 1024K, 68% used [0x00000000eca00000,0x00000000ecab0000,0x00000000ecb00000)
  to   space 3584K, 0% used [0x00000000ec400000,0x00000000ec400000,0x00000000ec780000)
 ParOldGen       total 68608K, used 52188K [0x00000000c0000000, 0x00000000c4300000, 0x00000000eab00000)
  object space 68608K, 76% used [0x00000000c0000000,0x00000000c32f7128,0x00000000c4300000)
 Metaspace       used 51014K, committed 51968K, reserved 1097728K
  class space    used 5636K, committed 6016K, reserved 1048576K
}
Event: 39.885 GC heap after
{Heap after GC invocations=31 (full 2):
 PSYoungGen      total 25600K, used 3566K [0x00000000eab00000, 0x00000000eca80000, 0x0000000100000000)
  eden space 22016K, 0% used [0x00000000eab00000,0x00000000eab00000,0x00000000ec080000)
  from space 3584K, 99% used [0x00000000ec400000,0x00000000ec77b868,0x00000000ec780000)
  to   space 3072K, 0% used [0x00000000ec780000,0x00000000ec780000,0x00000000eca80000)
 ParOldGen       total 68608K, used 53297K [0x00000000c0000000, 0x00000000c4300000, 0x00000000eab00000)
  object space 68608K, 77% used [0x00000000c0000000,0x00000000c340c400,0x00000000c4300000)
 Metaspace       used 51014K, committed 51968K, reserved 1097728K
  class space    used 5636K, committed 6016K, reserved 1048576K
}
Event: 40.305 GC heap before
{Heap before GC invocations=32 (full 2):
 PSYoungGen      total 25600K, used 25582K [0x00000000eab00000, 0x00000000eca80000, 0x0000000100000000)
  eden space 22016K, 100% used [0x00000000eab00000,0x00000000ec080000,0x00000000ec080000)
  from space 3584K, 99% used [0x00000000ec400000,0x00000000ec77b868,0x00000000ec780000)
  to   space 3072K, 0% used [0x00000000ec780000,0x00000000ec780000,0x00000000eca80000)
 ParOldGen       total 68608K, used 53297K [0x00000000c0000000, 0x00000000c4300000, 0x00000000eab00000)
  object space 68608K, 77% used [0x00000000c0000000,0x00000000c340c400,0x00000000c4300000)
 Metaspace       used 52813K, committed 53760K, reserved 1097728K
  class space    used 5981K, committed 6400K, reserved 1048576K
}
Event: 40.307 GC heap after
{Heap after GC invocations=32 (full 2):
 PSYoungGen      total 23040K, used 864K [0x00000000eab00000, 0x00000000ec880000, 0x0000000100000000)
  eden space 22016K, 0% used [0x00000000eab00000,0x00000000eab00000,0x00000000ec080000)
  from space 1024K, 84% used [0x00000000ec780000,0x00000000ec858020,0x00000000ec880000)
  to   space 2048K, 0% used [0x00000000ec480000,0x00000000ec480000,0x00000000ec680000)
 ParOldGen       total 68608K, used 56685K [0x00000000c0000000, 0x00000000c4300000, 0x00000000eab00000)
  object space 68608K, 82% used [0x00000000c0000000,0x00000000c375b788,0x00000000c4300000)
 Metaspace       used 52813K, committed 53760K, reserved 1097728K
  class space    used 5981K, committed 6400K, reserved 1048576K
}
Event: 41.000 GC heap before
{Heap before GC invocations=33 (full 2):
 PSYoungGen      total 23040K, used 22880K [0x00000000eab00000, 0x00000000ec880000, 0x0000000100000000)
  eden space 22016K, 100% used [0x00000000eab00000,0x00000000ec080000,0x00000000ec080000)
  from space 1024K, 84% used [0x00000000ec780000,0x00000000ec858020,0x00000000ec880000)
  to   space 2048K, 0% used [0x00000000ec480000,0x00000000ec480000,0x00000000ec680000)
 ParOldGen       total 68608K, used 56685K [0x00000000c0000000, 0x00000000c4300000, 0x00000000eab00000)
  object space 68608K, 82% used [0x00000000c0000000,0x00000000c375b788,0x00000000c4300000)
 Metaspace       used 55451K, committed 56448K, reserved 1105920K
  class space    used 6381K, committed 6784K, reserved 1048576K
}
Event: 41.001 GC heap after
{Heap after GC invocations=33 (full 2):
 PSYoungGen      total 24064K, used 608K [0x00000000eab00000, 0x00000000ec800000, 0x0000000100000000)
  eden space 22016K, 0% used [0x00000000eab00000,0x00000000eab00000,0x00000000ec080000)
  from space 2048K, 29% used [0x00000000ec480000,0x00000000ec518000,0x00000000ec680000)
  to   space 1024K, 0% used [0x00000000ec700000,0x00000000ec700000,0x00000000ec800000)
 ParOldGen       total 68608K, used 57469K [0x00000000c0000000, 0x00000000c4300000, 0x00000000eab00000)
  object space 68608K, 83% used [0x00000000c0000000,0x00000000c381f7e8,0x00000000c4300000)
 Metaspace       used 55451K, committed 56448K, reserved 1105920K
  class space    used 6381K, committed 6784K, reserved 1048576K
}

Dll operation events (14 events):
Event: 0.007 Loaded shared library c:\Users\Poul\.vscode\extensions\redhat.java-1.16.0-win32-x64\jre\17.0.6-win32-x86_64\bin\java.dll
Event: 0.200 Loaded shared library c:\Users\Poul\.vscode\extensions\redhat.java-1.16.0-win32-x64\jre\17.0.6-win32-x86_64\bin\zip.dll
Event: 0.203 Loaded shared library C:\Users\Poul\.vscode\extensions\redhat.java-1.16.0-win32-x64\jre\17.0.6-win32-x86_64\bin\instrument.dll
Event: 0.222 Loaded shared library C:\Users\Poul\.vscode\extensions\redhat.java-1.16.0-win32-x64\jre\17.0.6-win32-x86_64\bin\net.dll
Event: 0.225 Loaded shared library C:\Users\Poul\.vscode\extensions\redhat.java-1.16.0-win32-x64\jre\17.0.6-win32-x86_64\bin\nio.dll
Event: 0.236 Loaded shared library C:\Users\Poul\.vscode\extensions\redhat.java-1.16.0-win32-x64\jre\17.0.6-win32-x86_64\bin\zip.dll
Event: 0.273 Loaded shared library C:\Users\Poul\.vscode\extensions\redhat.java-1.16.0-win32-x64\jre\17.0.6-win32-x86_64\bin\jimage.dll
Event: 0.355 Loaded shared library c:\Users\Poul\.vscode\extensions\redhat.java-1.16.0-win32-x64\jre\17.0.6-win32-x86_64\bin\verify.dll
Event: 5.336 Loaded shared library C:\Users\Poul\AppData\Roaming\Code\User\globalStorage\redhat.java\1.16.0\config_win\org.eclipse.equinox.launcher\org.eclipse.equinox.launcher.win32.win32.x86_64_1.2.700.v20221108-1024\eclipse_11801.dll
Event: 14.185 Loaded shared library C:\Users\Poul\AppData\Local\Temp\jna-2493686\jna11041114246228421053.dll
Event: 34.055 Loaded shared library C:\Users\Poul\.gradle\native\e1d6ef7f7dcc3fd88c89a11ec53ec762bb8ba0a96d01ffa2cd45eb1d1d8dd5c5\windows-amd64\native-platform.dll
Event: 40.252 Loaded shared library C:\Users\Poul\.vscode\extensions\redhat.java-1.16.0-win32-x64\jre\17.0.6-win32-x86_64\bin\management.dll
Event: 40.288 Loaded shared library C:\Users\Poul\.vscode\extensions\redhat.java-1.16.0-win32-x64\jre\17.0.6-win32-x86_64\bin\management_ext.dll
Event: 43.098 Loaded shared library C:\Users\Poul\.vscode\extensions\redhat.java-1.16.0-win32-x64\jre\17.0.6-win32-x86_64\bin\sunmscapi.dll

Deoptimization events (20 events):
Event: 46.291 Thread 0x000001c8a06a9600 Uncommon trap: trap_request=0xffffffde fr.pc=0x000001c88ede2ca0 relative=0x0000000000000640
Event: 46.291 Thread 0x000001c8a06a9600 Uncommon trap: reason=class_check action=maybe_recompile pc=0x000001c88ede2ca0 method=java.util.HashMap.removeNode(ILjava/lang/Object;Ljava/lang/Object;ZZ)Ljava/util/HashMap$Node; @ 68 c2
Event: 46.291 Thread 0x000001c8a06a9600 DEOPT PACKING pc=0x000001c88ede2ca0 sp=0x0000002b007fe230
Event: 46.292 Thread 0x000001c8a06a9600 DEOPT UNPACKING pc=0x000001c88e8766a3 sp=0x0000002b007fe138 mode 2
Event: 47.044 Thread 0x000001c8a06a9600 Uncommon trap: trap_request=0xffffff45 fr.pc=0x000001c88f0001f8 relative=0x0000000000001178
Event: 47.044 Thread 0x000001c8a06a9600 Uncommon trap: reason=unstable_if action=reinterpret pc=0x000001c88f0001f8 method=java.io.BufferedReader.readLine(Z[Z)Ljava/lang/String; @ 209 c2
Event: 47.044 Thread 0x000001c8a06a9600 DEOPT PACKING pc=0x000001c88f0001f8 sp=0x0000002b007fe3c0
Event: 47.044 Thread 0x000001c8a06a9600 DEOPT UNPACKING pc=0x000001c88e8766a3 sp=0x0000002b007fe380 mode 2
Event: 47.047 Thread 0x000001c8a06a9600 Uncommon trap: trap_request=0xffffffde fr.pc=0x000001c88ee518e0 relative=0x0000000000000140
Event: 47.047 Thread 0x000001c8a06a9600 Uncommon trap: reason=class_check action=maybe_recompile pc=0x000001c88ee518e0 method=java.util.ArrayList$ArrayListSpliterator.tryAdvance(Ljava/util/function/Consumer;)Z @ 48 c2
Event: 47.047 Thread 0x000001c8a06a9600 DEOPT PACKING pc=0x000001c88ee518e0 sp=0x0000002b007fe200
Event: 47.047 Thread 0x000001c8a06a9600 DEOPT UNPACKING pc=0x000001c88e8766a3 sp=0x0000002b007fe190 mode 2
Event: 47.051 Thread 0x000001c89b1d77d0 Uncommon trap: trap_request=0xffffffc6 fr.pc=0x000001c88f14a6fc relative=0x000000000000015c
Event: 47.051 Thread 0x000001c89b1d77d0 Uncommon trap: reason=bimorphic_or_optimized_type_check action=maybe_recompile pc=0x000001c88f14a6fc method=java.util.AbstractList$Itr.next()Ljava/lang/Object; @ 14 c2
Event: 47.051 Thread 0x000001c89b1d77d0 DEOPT PACKING pc=0x000001c88f14a6fc sp=0x0000002b00ffe8b0
Event: 47.051 Thread 0x000001c89b1d77d0 DEOPT UNPACKING pc=0x000001c88e8766a3 sp=0x0000002b00ffe848 mode 2
Event: 47.051 Thread 0x000001c89b1d77d0 Uncommon trap: trap_request=0xffffffc6 fr.pc=0x000001c88f14a6fc relative=0x000000000000015c
Event: 47.051 Thread 0x000001c89b1d77d0 Uncommon trap: reason=bimorphic_or_optimized_type_check action=maybe_recompile pc=0x000001c88f14a6fc method=java.util.AbstractList$Itr.next()Ljava/lang/Object; @ 14 c2
Event: 47.051 Thread 0x000001c89b1d77d0 DEOPT PACKING pc=0x000001c88f14a6fc sp=0x0000002b00ffe8b0
Event: 47.051 Thread 0x000001c89b1d77d0 DEOPT UNPACKING pc=0x000001c88e8766a3 sp=0x0000002b00ffe848 mode 2

Classes unloaded (7 events):
Event: 7.898 Thread 0x000001c8983870c0 Unloading class 0x0000000100218400 'java/lang/invoke/LambdaForm$MH+0x0000000100218400'
Event: 7.898 Thread 0x000001c8983870c0 Unloading class 0x0000000100218000 'java/lang/invoke/LambdaForm$MH+0x0000000100218000'
Event: 7.898 Thread 0x000001c8983870c0 Unloading class 0x0000000100217c00 'java/lang/invoke/LambdaForm$MH+0x0000000100217c00'
Event: 7.898 Thread 0x000001c8983870c0 Unloading class 0x0000000100217400 'java/lang/invoke/LambdaForm$MH+0x0000000100217400'
Event: 7.898 Thread 0x000001c8983870c0 Unloading class 0x0000000100217000 'java/lang/invoke/LambdaForm$BMH+0x0000000100217000'
Event: 7.898 Thread 0x000001c8983870c0 Unloading class 0x0000000100216c00 'java/lang/invoke/LambdaForm$DMH+0x0000000100216c00'
Event: 7.898 Thread 0x000001c8983870c0 Unloading class 0x0000000100214000 'java/lang/invoke/LambdaForm$DMH+0x0000000100214000'

Classes redefined (0 events):
No events

Internal exceptions (20 events):
Event: 25.531 Thread 0x000001c89b1d77d0 Exception <a 'java/lang/NoSuchMethodError'{0x00000000ebe676c0}: 'java.lang.Object java.lang.invoke.DirectMethodHandle$Holder.invokeSpecial(java.lang.Object, java.lang.Object, java.lang.Object, java.lang.Object, int)'> (0x00000000ebe676c0) 
thrown [s\src\hotspot\share\interpreter\linkResolver.cpp, line 759]
Event: 25.531 Thread 0x000001c89b1d77d0 Exception <a 'java/lang/NoSuchMethodError'{0x00000000ebe6ab20}: 'java.lang.Object java.lang.invoke.Invokers$Holder.linkToTargetMethod(java.lang.Object, java.lang.Object, int, java.lang.Object)'> (0x00000000ebe6ab20) 
thrown [s\src\hotspot\share\interpreter\linkResolver.cpp, line 759]
Event: 25.707 Thread 0x000001c8a06a9600 Implicit null exception at 0x000001c88f0b9091 to 0x000001c88f0b93f8
Event: 33.987 Thread 0x000001c8a06a9600 Exception <a 'java/lang/NoSuchMethodError'{0x00000000eaeb62a8}: 'java.lang.Object java.lang.invoke.DirectMethodHandle$Holder.invokeVirtual(java.lang.Object, java.lang.Object, java.lang.Object, java.lang.Object, java.lang.Object, java.lang.Object, java.lang.Object)'> (0x00000000eaeb62a8) 
thrown [s\src\hotspot\share\interpreter\linkResolver.cpp, line 759]
Event: 33.989 Thread 0x000001c8a06a9600 Exception <a 'java/lang/NoSuchMethodError'{0x00000000eaecf338}: 'java.lang.Object java.lang.invoke.Invokers$Holder.invoker(java.lang.Object, java.lang.Object, java.lang.Object)'> (0x00000000eaecf338) 
thrown [s\src\hotspot\share\interpreter\linkResolver.cpp, line 759]
Event: 34.314 Thread 0x000001c8a06a9600 Exception <a 'java/lang/NoSuchMethodError'{0x00000000ebaf2490}: 'int java.lang.invoke.DirectMethodHandle$Holder.invokeSpecial(java.lang.Object, java.lang.Object, java.lang.Object, java.lang.Object)'> (0x00000000ebaf2490) 
thrown [s\src\hotspot\share\interpreter\linkResolver.cpp, line 759]
Event: 40.145 Thread 0x000001c8a06a9600 Exception <a 'java/lang/NoSuchMethodError'{0x00000000ebc28140}: 'java.lang.Object java.lang.invoke.DirectMethodHandle$Holder.invokeInterface(java.lang.Object, java.lang.Object, java.lang.Object)'> (0x00000000ebc28140) 
thrown [s\src\hotspot\share\interpreter\linkResolver.cpp, line 759]
Event: 40.322 Thread 0x000001c8a06a9600 Exception <a 'java/lang/NoClassDefFoundError'{0x00000000eabd6810}: org/slf4j/impl/StaticMarkerBinder> (0x00000000eabd6810) 
thrown [s\src\hotspot\share\classfile\systemDictionary.cpp, line 245]
Event: 40.560 Thread 0x000001c8a06a7450 Exception <a 'java/lang/NoSuchMethodError'{0x00000000ebb6d8e8}: 'void java.lang.invoke.DirectMethodHandle$Holder.invokeStatic(java.lang.Object, long)'> (0x00000000ebb6d8e8) 
thrown [s\src\hotspot\share\interpreter\linkResolver.cpp, line 759]
Event: 40.560 Thread 0x000001c8a06a7450 Exception <a 'java/lang/NoSuchMethodError'{0x00000000ebb72c90}: 'java.lang.Object java.lang.invoke.DirectMethodHandle$Holder.newInvokeSpecial(java.lang.Object, long)'> (0x00000000ebb72c90) 
thrown [s\src\hotspot\share\interpreter\linkResolver.cpp, line 759]
Event: 43.650 Thread 0x000001c8a06a9600 Exception <a 'java/lang/NoSuchMethodError'{0x00000000eb4ded10}: static Lorg/gradle/internal/build/event/types/AbstractProgressEvent;.<clinit>()V> (0x00000000eb4ded10) 
thrown [s\src\hotspot\share\prims\jni.cpp, line 1107]
Event: 43.651 Thread 0x000001c8a06a9600 Exception <a 'java/lang/NoSuchMethodError'{0x00000000eb4f1fe0}: static Lorg/gradle/internal/build/event/types/DefaultOperationStartedProgressEvent;.<clinit>()V> (0x00000000eb4f1fe0) 
thrown [s\src\hotspot\share\prims\jni.cpp, line 1107]
Event: 43.653 Thread 0x000001c8a06a9600 Exception <a 'java/lang/NoSuchMethodError'{0x00000000eb5076d8}: static Lorg/gradle/internal/build/event/types/DefaultOperationDescriptor;.<clinit>()V> (0x00000000eb5076d8) 
thrown [s\src\hotspot\share\prims\jni.cpp, line 1107]
Event: 43.654 Thread 0x000001c8a06a9600 Exception <a 'java/lang/NoSuchMethodError'{0x00000000eb515648}: static Lorg/gradle/internal/operations/OperationIdentifier;.<clinit>()V> (0x00000000eb515648) 
thrown [s\src\hotspot\share\prims\jni.cpp, line 1107]
Event: 44.713 Thread 0x000001c8a06a9600 Exception <a 'java/lang/NoSuchMethodError'{0x00000000eb5a1478}: static Lorg/gradle/internal/build/event/types/DefaultOperationFinishedProgressEvent;.<clinit>()V> (0x00000000eb5a1478) 
thrown [s\src\hotspot\share\prims\jni.cpp, line 1107]
Event: 44.715 Thread 0x000001c8a06a9600 Exception <a 'java/lang/NoSuchMethodError'{0x00000000eb5bbe28}: static Lorg/gradle/internal/build/event/types/AbstractResult;.<clinit>()V> (0x00000000eb5bbe28) 
thrown [s\src\hotspot\share\prims\jni.cpp, line 1107]
Event: 44.716 Thread 0x000001c8a06a9600 Exception <a 'java/lang/NoSuchMethodError'{0x00000000eb5c8db8}: static Lorg/gradle/internal/build/event/types/AbstractOperationResult;.<clinit>()V> (0x00000000eb5c8db8) 
thrown [s\src\hotspot\share\prims\jni.cpp, line 1107]
Event: 44.717 Thread 0x000001c8a06a9600 Exception <a 'java/lang/NoSuchMethodError'{0x00000000eb5d63e0}: static Lorg/gradle/internal/build/event/types/DefaultSuccessResult;.<clinit>()V> (0x00000000eb5d63e0) 
thrown [s\src\hotspot\share\prims\jni.cpp, line 1107]
Event: 47.030 Thread 0x000001c8a06a9600 Exception <a 'sun/net/ConnectionResetException'{0x00000000eb60e528}: Connection reset> (0x00000000eb60e528) 
thrown [s\src\hotspot\share\prims\jni.cpp, line 535]
Event: 47.046 Thread 0x000001c8a06a9600 Exception <a 'java/lang/NoSuchMethodError'{0x00000000eb672080}: 'int java.lang.invoke.DirectMethodHandle$Holder.invokeVirtual(java.lang.Object, java.lang.Object)'> (0x00000000eb672080) 
thrown [s\src\hotspot\share\interpreter\linkResolver.cpp, line 759]

VM Operations (20 events):
Event: 40.305 Executing VM operation: ParallelGCFailedAllocation
Event: 40.307 Executing VM operation: ParallelGCFailedAllocation done
Event: 40.562 Executing VM operation: HandshakeAllThreads
Event: 40.562 Executing VM operation: HandshakeAllThreads done
Event: 41.000 Executing VM operation: ParallelGCFailedAllocation
Event: 41.001 Executing VM operation: ParallelGCFailedAllocation done
Event: 42.001 Executing VM operation: Cleanup
Event: 42.001 Executing VM operation: Cleanup done
Event: 43.042 Executing VM operation: HandshakeAllThreads
Event: 43.042 Executing VM operation: HandshakeAllThreads done
Event: 43.042 Executing VM operation: Cleanup
Event: 43.042 Executing VM operation: Cleanup done
Event: 45.042 Executing VM operation: Cleanup
Event: 45.042 Executing VM operation: Cleanup done
Event: 46.043 Executing VM operation: Cleanup
Event: 46.043 Executing VM operation: Cleanup done
Event: 47.043 Executing VM operation: Cleanup
Event: 47.043 Executing VM operation: Cleanup done
Event: 47.051 Executing VM operation: HandshakeAllThreads
Event: 47.051 Executing VM operation: HandshakeAllThreads done

Events (20 events):
Event: 43.650 loading class java/io/ObjectStreamClass$MemberSignature
Event: 43.650 loading class java/io/ObjectStreamClass$MemberSignature done
Event: 43.650 loading class java/io/ObjectStreamClass$3
Event: 43.650 loading class java/io/ObjectStreamClass$3 done
Event: 43.650 loading class java/io/ObjectStreamClass$4
Event: 43.650 loading class java/io/ObjectStreamClass$4 done
Event: 43.650 loading class java/io/ObjectStreamClass$5
Event: 43.650 loading class java/io/ObjectStreamClass$5 done
Event: 47.030 loading class sun/net/ConnectionResetException
Event: 47.030 loading class sun/net/ConnectionResetException done
Event: 47.048 Thread 0x000001c8a06aa470 Thread exited: 0x000001c8a06aa470
Event: 47.049 Thread 0x000001c8a06aa940 Thread exited: 0x000001c8a06aa940
Event: 47.050 loading class java/util/AbstractList$RandomAccessSubList
Event: 47.050 loading class java/util/AbstractList$SubList
Event: 47.050 loading class java/util/AbstractList$SubList done
Event: 47.050 loading class java/util/AbstractList$RandomAccessSubList done
Event: 47.050 loading class java/util/AbstractList$SubList$1
Event: 47.050 loading class java/util/AbstractList$SubList$1 done
Event: 47.051 loading class java/util/AbstractList$ListItr
Event: 47.051 loading class java/util/AbstractList$ListItr done


Dynamic libraries:
0x00007ff7c0d50000 - 0x00007ff7c0d5e000 	c:\Users\Poul\.vscode\extensions\redhat.java-1.16.0-win32-x64\jre\17.0.6-win32-x86_64\bin\java.exe
0x00007ffd19490000 - 0x00007ffd19688000 	C:\Windows\SYSTEM32\ntdll.dll
0x00007ffd17a50000 - 0x00007ffd17b0f000 	C:\Windows\System32\KERNEL32.DLL
0x00007ffd16ec0000 - 0x00007ffd17192000 	C:\Windows\System32\KERNELBASE.dll
0x00007ffd171a0000 - 0x00007ffd172a0000 	C:\Windows\System32\ucrtbase.dll
0x00007ffcfb4b0000 - 0x00007ffcfb4c7000 	c:\Users\Poul\.vscode\extensions\redhat.java-1.16.0-win32-x64\jre\17.0.6-win32-x86_64\bin\jli.dll
0x00007ffd188a0000 - 0x00007ffd18a41000 	C:\Windows\System32\USER32.dll
0x00007ffd172a0000 - 0x00007ffd172c2000 	C:\Windows\System32\win32u.dll
0x00007ffd19360000 - 0x00007ffd1938b000 	C:\Windows\System32\GDI32.dll
0x00007ffd16b90000 - 0x00007ffd16c9f000 	C:\Windows\System32\gdi32full.dll
0x00007ffd16d80000 - 0x00007ffd16e1d000 	C:\Windows\System32\msvcp_win.dll
0x00007ffcfb4f0000 - 0x00007ffcfb509000 	c:\Users\Poul\.vscode\extensions\redhat.java-1.16.0-win32-x64\jre\17.0.6-win32-x86_64\bin\VCRUNTIME140.dll
0x00007ffd034e0000 - 0x00007ffd0377a000 	C:\Windows\WinSxS\amd64_microsoft.windows.common-controls_6595b64144ccf1df_6.0.19041.1110_none_60b5254171f9507e\COMCTL32.dll
0x00007ffd17d50000 - 0x00007ffd17dee000 	C:\Windows\System32\msvcrt.dll
0x00007ffd191a0000 - 0x00007ffd191d0000 	C:\Windows\System32\IMM32.DLL
0x00007ffd0e990000 - 0x00007ffd0e99c000 	c:\Users\Poul\.vscode\extensions\redhat.java-1.16.0-win32-x64\jre\17.0.6-win32-x86_64\bin\vcruntime140_1.dll
0x00007ffce0440000 - 0x00007ffce04d1000 	c:\Users\Poul\.vscode\extensions\redhat.java-1.16.0-win32-x64\jre\17.0.6-win32-x86_64\bin\msvcp140.dll
0x00007ffc9ed80000 - 0x00007ffc9f9c7000 	c:\Users\Poul\.vscode\extensions\redhat.java-1.16.0-win32-x64\jre\17.0.6-win32-x86_64\bin\server\jvm.dll
0x00007ffd191d0000 - 0x00007ffd1927e000 	C:\Windows\System32\ADVAPI32.dll
0x00007ffd18ac0000 - 0x00007ffd18b5c000 	C:\Windows\System32\sechost.dll
0x00007ffd18640000 - 0x00007ffd18764000 	C:\Windows\System32\RPCRT4.dll
0x00007ffd121c0000 - 0x00007ffd121c9000 	C:\Windows\SYSTEM32\WSOCK32.dll
0x00007ffd0f440000 - 0x00007ffd0f44a000 	C:\Windows\SYSTEM32\VERSION.dll
0x00007ffd0e250000 - 0x00007ffd0e277000 	C:\Windows\SYSTEM32\WINMM.dll
0x00007ffd18a50000 - 0x00007ffd18abb000 	C:\Windows\System32\WS2_32.dll
0x00007ffd14a70000 - 0x00007ffd14a82000 	C:\Windows\SYSTEM32\kernel.appcore.dll
0x00007ffd00de0000 - 0x00007ffd00dea000 	c:\Users\Poul\.vscode\extensions\redhat.java-1.16.0-win32-x64\jre\17.0.6-win32-x86_64\bin\jimage.dll
0x00007ffd05150000 - 0x00007ffd05334000 	C:\Windows\SYSTEM32\DBGHELP.DLL
0x00007ffd00610000 - 0x00007ffd00645000 	C:\Windows\SYSTEM32\dbgcore.DLL
0x00007ffd16ca0000 - 0x00007ffd16d22000 	C:\Windows\System32\bcryptPrimitives.dll
0x00007ffd006e0000 - 0x00007ffd006ee000 	c:\Users\Poul\.vscode\extensions\redhat.java-1.16.0-win32-x64\jre\17.0.6-win32-x86_64\bin\instrument.dll
0x00007ffcfa610000 - 0x00007ffcfa635000 	c:\Users\Poul\.vscode\extensions\redhat.java-1.16.0-win32-x64\jre\17.0.6-win32-x86_64\bin\java.dll
0x00007ffcfa6e0000 - 0x00007ffcfa6f8000 	c:\Users\Poul\.vscode\extensions\redhat.java-1.16.0-win32-x64\jre\17.0.6-win32-x86_64\bin\zip.dll
0x00007ffd17e90000 - 0x00007ffd185d5000 	C:\Windows\System32\SHELL32.dll
0x00007ffd14c70000 - 0x00007ffd15402000 	C:\Windows\SYSTEM32\windows.storage.dll
0x00007ffd174f0000 - 0x00007ffd17845000 	C:\Windows\System32\combase.dll
0x00007ffd165f0000 - 0x00007ffd16620000 	C:\Windows\SYSTEM32\Wldp.dll
0x00007ffd187f0000 - 0x00007ffd1889d000 	C:\Windows\System32\SHCORE.dll
0x00007ffd17b10000 - 0x00007ffd17b65000 	C:\Windows\System32\shlwapi.dll
0x00007ffd16ad0000 - 0x00007ffd16aef000 	C:\Windows\SYSTEM32\profapi.dll
0x00007ffcfa340000 - 0x00007ffcfa359000 	C:\Users\Poul\.vscode\extensions\redhat.java-1.16.0-win32-x64\jre\17.0.6-win32-x86_64\bin\net.dll
0x00007ffd10450000 - 0x00007ffd1055a000 	C:\Windows\SYSTEM32\WINHTTP.dll
0x00007ffd16350000 - 0x00007ffd163ba000 	C:\Windows\system32\mswsock.dll
0x00007ffcf9dc0000 - 0x00007ffcf9dd5000 	C:\Users\Poul\.vscode\extensions\redhat.java-1.16.0-win32-x64\jre\17.0.6-win32-x86_64\bin\nio.dll
0x00007ffd006b0000 - 0x00007ffd006c0000 	c:\Users\Poul\.vscode\extensions\redhat.java-1.16.0-win32-x64\jre\17.0.6-win32-x86_64\bin\verify.dll
0x00007ffcf3020000 - 0x00007ffcf305e000 	C:\Users\Poul\AppData\Roaming\Code\User\globalStorage\redhat.java\1.16.0\config_win\org.eclipse.equinox.launcher\org.eclipse.equinox.launcher.win32.win32.x86_64_1.2.700.v20221108-1024\eclipse_11801.dll
0x00007ffd17850000 - 0x00007ffd1797a000 	C:\Windows\System32\ole32.dll
0x00007ffd16540000 - 0x00007ffd16558000 	C:\Windows\SYSTEM32\CRYPTSP.dll
0x00007ffd15c00000 - 0x00007ffd15c34000 	C:\Windows\system32\rsaenh.dll
0x00007ffd16e90000 - 0x00007ffd16eb7000 	C:\Windows\System32\bcrypt.dll
0x00007ffd16a50000 - 0x00007ffd16a7e000 	C:\Windows\SYSTEM32\USERENV.dll
0x00007ffd16560000 - 0x00007ffd1656c000 	C:\Windows\SYSTEM32\CRYPTBASE.dll
0x00007ffd15ff0000 - 0x00007ffd1602b000 	C:\Windows\SYSTEM32\IPHLPAPI.DLL
0x00007ffd19440000 - 0x00007ffd19448000 	C:\Windows\System32\NSI.dll
0x00007ffd10840000 - 0x00007ffd10857000 	C:\Windows\SYSTEM32\dhcpcsvc6.DLL
0x00007ffd10c70000 - 0x00007ffd10c8d000 	C:\Windows\SYSTEM32\dhcpcsvc.DLL
0x00007ffd16040000 - 0x00007ffd1610b000 	C:\Windows\SYSTEM32\DNSAPI.dll
0x00007ffcf1ad0000 - 0x00007ffcf1b15000 	C:\Users\Poul\AppData\Local\Temp\jna-2493686\jna11041114246228421053.dll
0x00007ffd174e0000 - 0x00007ffd174e8000 	C:\Windows\System32\PSAPI.DLL
0x00007ffcecf10000 - 0x00007ffcecf37000 	C:\Users\Poul\.gradle\native\e1d6ef7f7dcc3fd88c89a11ec53ec762bb8ba0a96d01ffa2cd45eb1d1d8dd5c5\windows-amd64\native-platform.dll
0x00007ffcfa5e0000 - 0x00007ffcfa5e9000 	C:\Users\Poul\.vscode\extensions\redhat.java-1.16.0-win32-x64\jre\17.0.6-win32-x86_64\bin\management.dll
0x00007ffcfa4a0000 - 0x00007ffcfa4ab000 	C:\Users\Poul\.vscode\extensions\redhat.java-1.16.0-win32-x64\jre\17.0.6-win32-x86_64\bin\management_ext.dll
0x00007ffcf6980000 - 0x00007ffcf698e000 	C:\Users\Poul\.vscode\extensions\redhat.java-1.16.0-win32-x64\jre\17.0.6-win32-x86_64\bin\sunmscapi.dll
0x00007ffd17380000 - 0x00007ffd174d6000 	C:\Windows\System32\CRYPT32.dll
0x00007ffd16660000 - 0x00007ffd16687000 	C:\Windows\SYSTEM32\ncrypt.dll
0x00007ffd16620000 - 0x00007ffd1665b000 	C:\Windows\SYSTEM32\NTASN1.dll
0x00007ffcf5a80000 - 0x00007ffcf5a87000 	C:\Windows\system32\wshunix.dll

dbghelp: loaded successfully - version: 4.0.5 - missing functions: none
symbol engine: initialized successfully - sym options: 0x614 - pdb path: .;c:\Users\Poul\.vscode\extensions\redhat.java-1.16.0-win32-x64\jre\17.0.6-win32-x86_64\bin;C:\Windows\SYSTEM32;C:\Windows\WinSxS\amd64_microsoft.windows.common-controls_6595b64144ccf1df_6.0.19041.1110_none_60b5254171f9507e;c:\Users\Poul\.vscode\extensions\redhat.java-1.16.0-win32-x64\jre\17.0.6-win32-x86_64\bin\server;C:\Users\Poul\AppData\Roaming\Code\User\globalStorage\redhat.java\1.16.0\config_win\org.eclipse.equinox.launcher\org.eclipse.equinox.launcher.win32.win32.x86_64_1.2.700.v20221108-1024;C:\Users\Poul\AppData\Local\Temp\jna-2493686;C:\Users\Poul\.gradle\native\e1d6ef7f7dcc3fd88c89a11ec53ec762bb8ba0a96d01ffa2cd45eb1d1d8dd5c5\windows-amd64

VM Arguments:
jvm_args: --add-modules=ALL-SYSTEM --add-opens=java.base/java.util=ALL-UNNAMED --add-opens=java.base/java.lang=ALL-UNNAMED --add-opens=java.base/sun.nio.fs=ALL-UNNAMED -Declipse.application=org.eclipse.jdt.ls.core.id1 -Dosgi.bundles.defaultStartLevel=4 -Declipse.product=org.eclipse.jdt.ls.core.product -Djava.import.generatesMetadataFilesAtProjectRoot=false -Dfile.encoding=utf8 -XX:+UseParallelGC -XX:GCTimeRatio=4 -XX:AdaptiveSizePolicyWeight=90 -Dsun.zip.disableMemoryMapping=true -Xmx1G -Xms100m -Xlog:disable -javaagent:c:\Users\Poul\.vscode\extensions\redhat.java-1.16.0-win32-x64\lombok\lombok-1.18.24.jar -XX:+HeapDumpOnOutOfMemoryError -XX:HeapDumpPath=c:\Users\Poul\AppData\Roaming\Code\User\workspaceStorage\648fba29afbfca6dc8102d5d67de9ff1\redhat.java 
java_command: c:\Users\Poul\.vscode\extensions\redhat.java-1.16.0-win32-x64\server\plugins\org.eclipse.equinox.launcher_1.6.400.v20210924-0641.jar -configuration c:\Users\Poul\AppData\Roaming\Code\User\globalStorage\redhat.java\1.16.0\config_win -data c:\Users\Poul\AppData\Roaming\Code\User\workspaceStorage\648fba29afbfca6dc8102d5d67de9ff1\redhat.java\jdt_ws
java_class_path (initial): c:\Users\Poul\.vscode\extensions\redhat.java-1.16.0-win32-x64\server\plugins\org.eclipse.equinox.launcher_1.6.400.v20210924-0641.jar
Launcher Type: SUN_STANDARD

[Global flags]
    uintx AdaptiveSizePolicyWeight                 = 90                                        {product} {command line}
     intx CICompilerCount                          = 4                                         {product} {ergonomic}
    uintx GCTimeRatio                              = 4                                         {product} {command line}
     bool HeapDumpOnOutOfMemoryError               = true                                   {manageable} {command line}
    ccstr HeapDumpPath                             = c:\Users\Poul\AppData\Roaming\Code\User\workspaceStorage\648fba29afbfca6dc8102d5d67de9ff1\redhat.java         {manageable} {command line}
   size_t InitialHeapSize                          = 104857600                                 {product} {command line}
   size_t MaxHeapSize                              = 1073741824                                {product} {command line}
   size_t MaxNewSize                               = 357564416                                 {product} {ergonomic}
   size_t MinHeapDeltaBytes                        = 524288                                    {product} {ergonomic}
   size_t MinHeapSize                              = 104857600                                 {product} {command line}
   size_t NewSize                                  = 34603008                                  {product} {ergonomic}
    uintx NonNMethodCodeHeapSize                   = 5839372                                {pd product} {ergonomic}
    uintx NonProfiledCodeHeapSize                  = 122909434                              {pd product} {ergonomic}
   size_t OldSize                                  = 70254592                                  {product} {ergonomic}
    uintx ProfiledCodeHeapSize                     = 122909434                              {pd product} {ergonomic}
    uintx ReservedCodeCacheSize                    = 251658240                              {pd product} {ergonomic}
     bool SegmentedCodeCache                       = true                                      {product} {ergonomic}
   size_t SoftMaxHeapSize                          = 1073741824                             {manageable} {ergonomic}
     bool UseCompressedClassPointers               = true                           {product lp64_product} {ergonomic}
     bool UseCompressedOops                        = true                           {product lp64_product} {ergonomic}
     bool UseLargePagesIndividualAllocation        = false                                  {pd product} {ergonomic}
     bool UseParallelGC                            = true                                      {product} {command line}

Logging:
Log output configuration:
 #0: stdout all=off uptime,level,tags
 #1: stderr all=off uptime,level,tags

Environment Variables:
JAVA_HOME=C:\Program Files\Microsoft\jdk-11.0.18.10-hotspot\
PATH=C:\Program Files\Microsoft\jdk-11.0.18.10-hotspot\bin;C:\Program Files (x86)\Common Files\Oracle\Java\javapath;C:\Windows\system32;C:\Windows;C:\Windows\System32\Wbem;C:\Windows\System32\WindowsPowerShell\v1.0\;C:\Windows\System32\OpenSSH\;C:\Program Files\nodejs\;C:\Program Files\Microsoft\jdk-11.0.18.10-hotspot\\bin;C:\ProgramData\chocolatey\bin;C:\Users\Poul\AppData\Local\Android\Sdk\platform-tools;C:\Program Files\Java\jre1.8.0_361\bin;C:\Users\Poul\AppData\Local\Microsoft\WindowsApps;C:\Users\Poul\AppData\Roaming\npm;E:\Microsoft VS Code\bin;C:\Users\Poul\AppData\Local\GitHubDesktop\bin
USERNAME=Poul
OS=Windows_NT
PROCESSOR_IDENTIFIER=Intel64 Family 6 Model 165 Stepping 3, GenuineIntel
TMP=C:\Users\Poul\AppData\Local\Temp
TEMP=C:\Users\Poul\AppData\Local\Temp



---------------  S Y S T E M  ---------------

OS:
 Windows 10 , 64 bit Build 19041 (10.0.19041.2546)
OS uptime: 0 days 5:23 hours

CPU: total 8 (initial active 8) (4 cores per cpu, 2 threads per core) family 6 model 165 stepping 3 microcode 0xe0, cx8, cmov, fxsr, ht, mmx, 3dnowpref, sse, sse2, sse3, ssse3, sse4.1, sse4.2, popcnt, lzcnt, tsc, tscinvbit, avx, avx2, aes, erms, clmul, bmi1, bmi2, adx, fma, vzeroupper, clflush, clflushopt

Memory: 4k page, system-wide physical 16322M (2523M free)
TotalPageFile size 20418M (AvailPageFile size 9M)
current process WorkingSet (physical memory assigned to process): 226M, peak: 235M
current process commit charge ("private bytes"): 286M, peak: 318M

vm_info: OpenJDK 64-Bit Server VM (17.0.6+10) for windows-amd64 JRE (17.0.6+10), built on Jan 18 2023 10:08:59 by "temurin" with MS VC++ 16.7 (VS2019)

END.
