#
# There is insufficient memory for the Java Runtime Environment to continue.
# Native memory allocation (malloc) failed to allocate 609680 bytes for Chunk::new
# Possible reasons:
#   The system is out of physical RAM or swap space
#   The process is running with CompressedOops enabled, and the Java Heap may be blocking the growth of the native heap
# Possible solutions:
#   Reduce memory load on the system
#   Increase physical memory or swap space
#   Check if swap backing store is full
#   Decrease Java heap size (-Xmx/-Xms)
#   Decrease number of Java threads
#   Decrease Java thread stack sizes (-Xss)
#   Set larger code cache with -XX:ReservedCodeCacheSize=
#   JVM is running with Unscaled Compressed Oops mode in which the Java heap is
#     placed in the first 4GB address space. The Java Heap base address is the
#     maximum limit for the native heap growth. Please use -XX:HeapBaseMinAddress
#     to set the Java Heap base and to place the Java Heap above 4GB virtual address.
# This output file may be truncated or incomplete.
#
#  Out of Memory Error (arena.cpp:189), pid=12928, tid=3916
#
# JRE version: OpenJDK Runtime Environment Temurin-17.0.6+10 (17.0.6+10) (build 17.0.6+10)
# Java VM: OpenJDK 64-Bit Server VM Temurin-17.0.6+10 (17.0.6+10, mixed mode, tiered, compressed oops, compressed class ptrs, parallel gc, windows-amd64)
# No core dump will be written. Minidumps are not enabled by default on client versions of Windows
#

---------------  S U M M A R Y ------------

Command Line: --add-modules=ALL-SYSTEM --add-opens=java.base/java.util=ALL-UNNAMED --add-opens=java.base/java.lang=ALL-UNNAMED --add-opens=java.base/sun.nio.fs=ALL-UNNAMED -Declipse.application=org.eclipse.jdt.ls.core.id1 -Dosgi.bundles.defaultStartLevel=4 -Declipse.product=org.eclipse.jdt.ls.core.product -Djava.import.generatesMetadataFilesAtProjectRoot=false -Dfile.encoding=utf8 -XX:+UseParallelGC -XX:GCTimeRatio=4 -XX:AdaptiveSizePolicyWeight=90 -Dsun.zip.disableMemoryMapping=true -Xmx1G -Xms100m -Xlog:disable -javaagent:c:\Users\Poul\.vscode\extensions\redhat.java-1.16.0-win32-x64\lombok\lombok-1.18.24.jar -XX:+HeapDumpOnOutOfMemoryError -XX:HeapDumpPath=c:\Users\Poul\AppData\Roaming\Code\User\workspaceStorage\648fba29afbfca6dc8102d5d67de9ff1\redhat.java c:\Users\Poul\.vscode\extensions\redhat.java-1.16.0-win32-x64\server\plugins\org.eclipse.equinox.launcher_1.6.400.v20210924-0641.jar -configuration c:\Users\Poul\AppData\Roaming\Code\User\globalStorage\redhat.java\1.16.0\config_win -data c:\Users\Poul\AppData\Roaming\Code\User\workspaceStorage\648fba29afbfca6dc8102d5d67de9ff1\redhat.java\jdt_ws

Host: Intel(R) Core(TM) i3-10100F CPU @ 3.60GHz, 8 cores, 15G,  Windows 10 , 64 bit Build 19041 (10.0.19041.2546)
Time: Mon Mar 20 14:00:02 2023 SE Asia Standard Time elapsed time: 12.620369 seconds (0d 0h 0m 12s)

---------------  T H R E A D  ---------------

Current thread (0x0000022cee2613d0):  JavaThread "C2 CompilerThread1" daemon [_thread_in_native, id=3916, stack(0x000000b128400000,0x000000b128500000)]


Current CompileTask:
C2:  12620 5911   !   4       java.nio.file.FileTreeWalker::next (144 bytes)

Stack: [0x000000b128400000,0x000000b128500000]
Native frames: (J=compiled Java code, j=interpreted, Vv=VM code, C=native code)
V  [jvm.dll+0x67741a]
V  [jvm.dll+0x834434]
V  [jvm.dll+0x835bde]
V  [jvm.dll+0x836243]
V  [jvm.dll+0x2457b5]
V  [jvm.dll+0xabafc]
V  [jvm.dll+0xac0cc]
V  [jvm.dll+0x3634e7]
V  [jvm.dll+0x1bbd68]
V  [jvm.dll+0x218749]
V  [jvm.dll+0x217a11]
V  [jvm.dll+0x1a3d0d]
V  [jvm.dll+0x22742a]
V  [jvm.dll+0x225565]
V  [jvm.dll+0x7ea2cb]
V  [jvm.dll+0x7e483a]
V  [jvm.dll+0x6762c5]
C  [ucrtbase.dll+0x21bb2]
C  [KERNEL32.DLL+0x17614]
C  [ntdll.dll+0x526a1]


---------------  P R O C E S S  ---------------

Threads class SMR info:
_java_thread_list=0x0000022cf1c4dbe0, length=27, elements={
0x0000022cd40fe6d0, 0x0000022ceb9424d0, 0x0000022ceb9449c0, 0x0000022ce9edb620,
0x0000022ce9eddff0, 0x0000022ce9ede8b0, 0x0000022ceb95f420, 0x0000022ceb960010,
0x0000022ceb98d920, 0x0000022ceb98f700, 0x0000022cebab0e40, 0x0000022cec930020,
0x0000022ceceea420, 0x0000022cedd17820, 0x0000022cee070820, 0x0000022cee070070,
0x0000022cee2596f0, 0x0000022cee25cb30, 0x0000022cee25ae50, 0x0000022cee25a4b0,
0x0000022cee25bcc0, 0x0000022cee25c660, 0x0000022cee25d9a0, 0x0000022cee25c190,
0x0000022cee25d000, 0x0000022cee2613d0, 0x0000022cebc342d0
}

Java Threads: ( => current thread )
  0x0000022cd40fe6d0 JavaThread "main" [_thread_blocked, id=32, stack(0x000000b126900000,0x000000b126a00000)]
  0x0000022ceb9424d0 JavaThread "Reference Handler" daemon [_thread_blocked, id=11960, stack(0x000000b126c00000,0x000000b126d00000)]
  0x0000022ceb9449c0 JavaThread "Finalizer" daemon [_thread_blocked, id=15664, stack(0x000000b126d00000,0x000000b126e00000)]
  0x0000022ce9edb620 JavaThread "Signal Dispatcher" daemon [_thread_blocked, id=16948, stack(0x000000b126e00000,0x000000b126f00000)]
  0x0000022ce9eddff0 JavaThread "Attach Listener" daemon [_thread_blocked, id=4972, stack(0x000000b126f00000,0x000000b127000000)]
  0x0000022ce9ede8b0 JavaThread "Service Thread" daemon [_thread_blocked, id=3440, stack(0x000000b127000000,0x000000b127100000)]
  0x0000022ceb95f420 JavaThread "Monitor Deflation Thread" daemon [_thread_blocked, id=3684, stack(0x000000b127100000,0x000000b127200000)]
  0x0000022ceb960010 JavaThread "C2 CompilerThread0" daemon [_thread_in_native, id=14628, stack(0x000000b127200000,0x000000b127300000)]
  0x0000022ceb98d920 JavaThread "C1 CompilerThread0" daemon [_thread_blocked, id=9168, stack(0x000000b127300000,0x000000b127400000)]
  0x0000022ceb98f700 JavaThread "Sweeper thread" daemon [_thread_blocked, id=1604, stack(0x000000b127400000,0x000000b127500000)]
  0x0000022cebab0e40 JavaThread "Common-Cleaner" daemon [_thread_blocked, id=2636, stack(0x000000b127500000,0x000000b127600000)]
  0x0000022cec930020 JavaThread "Notification Thread" daemon [_thread_blocked, id=15540, stack(0x000000b127600000,0x000000b127700000)]
  0x0000022ceceea420 JavaThread "Active Thread: Equinox Container: 5ff48871-04bb-4c33-aaf5-cbd8511b5945" [_thread_blocked, id=14300, stack(0x000000b127f00000,0x000000b128000000)]
  0x0000022cedd17820 JavaThread "Framework Event Dispatcher: Equinox Container: 5ff48871-04bb-4c33-aaf5-cbd8511b5945" daemon [_thread_blocked, id=13844, stack(0x000000b128000000,0x000000b128100000)]
  0x0000022cee070820 JavaThread "Start Level: Equinox Container: 5ff48871-04bb-4c33-aaf5-cbd8511b5945" daemon [_thread_blocked, id=11676, stack(0x000000b128100000,0x000000b128200000)]
  0x0000022cee070070 JavaThread "SCR Component Actor" daemon [_thread_blocked, id=7860, stack(0x000000b128200000,0x000000b128300000)]
  0x0000022cee2596f0 JavaThread "Worker-JM" [_thread_blocked, id=8856, stack(0x000000b127e00000,0x000000b127f00000)]
  0x0000022cee25cb30 JavaThread "Worker-0" [_thread_blocked, id=17184, stack(0x000000b128700000,0x000000b128800000)]
  0x0000022cee25ae50 JavaThread "Worker-1" [_thread_blocked, id=14768, stack(0x000000b128500000,0x000000b128600000)]
  0x0000022cee25a4b0 JavaThread "Java indexing" daemon [_thread_blocked, id=11488, stack(0x000000b128800000,0x000000b128900000)]
  0x0000022cee25bcc0 JavaThread "Worker-2" [_thread_blocked, id=14860, stack(0x000000b128900000,0x000000b128a00000)]
  0x0000022cee25c660 JavaThread "JNA Cleaner" daemon [_thread_blocked, id=10272, stack(0x000000b128a00000,0x000000b128b00000)]
  0x0000022cee25d9a0 JavaThread "Worker-3: Initialize Workspace" [_thread_in_Java, id=15588, stack(0x000000b128d00000,0x000000b128e00000)]
  0x0000022cee25c190 JavaThread "pool-2-thread-1" [_thread_blocked, id=15384, stack(0x000000b128f00000,0x000000b129000000)]
  0x0000022cee25d000 JavaThread "pool-1-thread-1" [_thread_blocked, id=6288, stack(0x000000b129000000,0x000000b129100000)]
=>0x0000022cee2613d0 JavaThread "C2 CompilerThread1" daemon [_thread_in_native, id=3916, stack(0x000000b128400000,0x000000b128500000)]
  0x0000022cebc342d0 JavaThread "C2 CompilerThread2" daemon [_thread_in_native, id=15208, stack(0x000000b128600000,0x000000b128700000)]

Other Threads:
  0x0000022ce9d77130 VMThread "VM Thread" [stack: 0x000000b126b00000,0x000000b126c00000] [id=11012]
  0x0000022cec9304f0 WatcherThread [stack: 0x000000b127700000,0x000000b127800000] [id=13828]
  0x0000022cd4112770 GCTaskThread "GC Thread#0" [stack: 0x000000b126a00000,0x000000b126b00000] [id=5940]
  0x0000022ced0f6d20 GCTaskThread "GC Thread#1" [stack: 0x000000b127800000,0x000000b127900000] [id=15164]
  0x0000022cebc7c8f0 GCTaskThread "GC Thread#2" [stack: 0x000000b127900000,0x000000b127a00000] [id=14604]
  0x0000022cecec9c70 GCTaskThread "GC Thread#3" [stack: 0x000000b127a00000,0x000000b127b00000] [id=16832]
  0x0000022ceca7adb0 GCTaskThread "GC Thread#4" [stack: 0x000000b127b00000,0x000000b127c00000] [id=1984]
  0x0000022ceca7b060 GCTaskThread "GC Thread#5" [stack: 0x000000b127c00000,0x000000b127d00000] [id=1644]
  0x0000022cecfaa780 GCTaskThread "GC Thread#6" [stack: 0x000000b127d00000,0x000000b127e00000] [id=944]
  0x0000022cedf0dea0 GCTaskThread "GC Thread#7" [stack: 0x000000b128300000,0x000000b128400000] [id=15752]

Threads with active compile tasks:
C2 CompilerThread0    12640 5972   !   4       java.util.regex.Pattern::closure (276 bytes)
C2 CompilerThread1    12640 5911   !   4       java.nio.file.FileTreeWalker::next (144 bytes)
C2 CompilerThread2    12640 5970       4       sun.nio.fs.Globs::toRegexPattern (745 bytes)

VM state: not at safepoint (normal execution)

VM Mutex/Monitor currently owned by a thread: None

Heap address: 0x00000000c0000000, size: 1024 MB, Compressed Oops mode: 32-bit

CDS archive(s) not mapped
Compressed class space mapped at: 0x0000000100000000-0x0000000140000000, reserved size: 1073741824
Narrow klass base: 0x0000000000000000, Narrow klass shift: 3, Narrow klass range: 0x140000000

GC Precious Log:
 CPUs: 8 total, 8 available
 Memory: 16322M
 Large Page Support: Disabled
 NUMA Support: Disabled
 Compressed Oops: Enabled (32-bit)
 Alignments: Space 512K, Generation 512K, Heap 2M
 Heap Min Capacity: 100M
 Heap Initial Capacity: 100M
 Heap Max Capacity: 1G
 Pre-touch: Disabled
 Parallel Workers: 8

Heap:
 PSYoungGen      total 21504K, used 19551K [0x00000000eab00000, 0x00000000ec200000, 0x0000000100000000)
  eden space 20992K, 91% used [0x00000000eab00000,0x00000000ebdbfec8,0x00000000ebf80000)
  from space 512K, 68% used [0x00000000ec100000,0x00000000ec158000,0x00000000ec180000)
  to   space 512K, 0% used [0x00000000ec180000,0x00000000ec180000,0x00000000ec200000)
 ParOldGen       total 68608K, used 43009K [0x00000000c0000000, 0x00000000c4300000, 0x00000000eab00000)
  object space 68608K, 62% used [0x00000000c0000000,0x00000000c2a00540,0x00000000c4300000)
 Metaspace       used 47777K, committed 48576K, reserved 1097728K
  class space    used 5087K, committed 5440K, reserved 1048576K

Card table byte_map: [0x0000022ce7750000,0x0000022ce7960000] _byte_map_base: 0x0000022ce7150000

Marking Bits: (ParMarkBitMap*) 0x00007ffcb9413e70
 Begin Bits: [0x0000022ce7ac0000, 0x0000022ce8ac0000)
 End Bits:   [0x0000022ce8ac0000, 0x0000022ce9ac0000)

Polling page: 0x0000022cd41d0000

Metaspace:

Usage:
  Non-class:     41.69 MB used.
      Class:      4.97 MB used.
       Both:     46.66 MB used.

Virtual space:
  Non-class space:       48.00 MB reserved,      42.12 MB ( 88%) committed,  6 nodes.
      Class space:        1.00 GB reserved,       5.31 MB ( <1%) committed,  1 nodes.
             Both:        1.05 GB reserved,      47.44 MB (  4%) committed. 

Chunk freelists:
   Non-Class:  1.69 MB
       Class:  2.72 MB
        Both:  4.41 MB

MaxMetaspaceSize: unlimited
CompressedClassSpaceSize: 1.00 GB
Initial GC threshold: 21.00 MB
Current GC threshold: 58.38 MB
CDS: off
MetaspaceReclaimPolicy: balanced
 - commit_granule_bytes: 65536.
 - commit_granule_words: 8192.
 - virtual_space_node_default_size: 1048576.
 - enlarge_chunks_in_place: 1.
 - new_chunks_are_fully_committed: 0.
 - uncommit_free_chunks: 1.
 - use_allocation_guard: 0.
 - handle_deallocations: 1.


Internal statistics:

num_allocs_failed_limit: 6.
num_arena_births: 368.
num_arena_deaths: 14.
num_vsnodes_births: 7.
num_vsnodes_deaths: 0.
num_space_committed: 759.
num_space_uncommitted: 0.
num_chunks_returned_to_freelist: 20.
num_chunks_taken_from_freelist: 2135.
num_chunk_merges: 7.
num_chunk_splits: 1321.
num_chunks_enlarged: 775.
num_purges: 2.
num_inconsistent_stats: 0.

CodeHeap 'non-profiled nmethods': size=120000Kb used=3108Kb max_used=3108Kb free=116891Kb
 bounds [0x0000022ce0030000, 0x0000022ce0340000, 0x0000022ce7560000]
CodeHeap 'profiled nmethods': size=120000Kb used=10358Kb max_used=10358Kb free=109641Kb
 bounds [0x0000022cd8560000, 0x0000022cd8f80000, 0x0000022cdfa90000]
CodeHeap 'non-nmethods': size=5760Kb used=1281Kb max_used=1362Kb free=4478Kb
 bounds [0x0000022cdfa90000, 0x0000022cdfd00000, 0x0000022ce0030000]
 total_blobs=5829 nmethods=5222 adapters=519
 compilation: enabled
              stopped_count=0, restarted_count=0
 full_count=0

Compilation events (20 events):
Event: 12.588 Thread 0x0000022ceb98d920 nmethod 5961 0x0000022cd8f7af10 code [0x0000022cd8f7b0a0, 0x0000022cd8f7b218]
Event: 12.588 Thread 0x0000022ceb98d920 5958       3       sun.nio.fs.WindowsException::translateToIOException (109 bytes)
Event: 12.588 Thread 0x0000022ceb960010 nmethod 5937 0x0000022ce0332910 code [0x0000022ce0332ac0, 0x0000022ce0332de8]
Event: 12.588 Thread 0x0000022ceb960010 5956       4       java.util.regex.Pattern::compile (500 bytes)
Event: 12.588 Thread 0x0000022ceb98d920 nmethod 5958 0x0000022cd8f7b290 code [0x0000022cd8f7b560, 0x0000022cd8f7c348]
Event: 12.588 Thread 0x0000022ceb98d920 5960       3       java.nio.file.FileSystemException::<init> (16 bytes)
Event: 12.589 Thread 0x0000022ceb98d920 nmethod 5960 0x0000022cd8f7c810 code [0x0000022cd8f7c9c0, 0x0000022cd8f7cc08]
Event: 12.589 Thread 0x0000022ceb98d920 5959       3       java.nio.file.NoSuchFileException::<init> (8 bytes)
Event: 12.589 Thread 0x0000022ceb98d920 nmethod 5959 0x0000022cd8f7cd10 code [0x0000022cd8f7cec0, 0x0000022cd8f7d168]
Event: 12.597 Thread 0x0000022ceb98d920 5963   !   3       sun.nio.fs.WindowsDirectoryStream$WindowsDirectoryIterator::acceptEntry (71 bytes)
Event: 12.598 Thread 0x0000022ceb98d920 nmethod 5963 0x0000022cd8f7d310 code [0x0000022cd8f7d560, 0x0000022cd8f7dd48]
Event: 12.606 Thread 0x0000022ceb98d920 5967       3       java.util.Arrays::copyOf (19 bytes)
Event: 12.606 Thread 0x0000022ceb98d920 nmethod 5967 0x0000022cd8f7e190 code [0x0000022cd8f7e340, 0x0000022cd8f7e628]
Event: 12.606 Thread 0x0000022cebc342d0 5966       4       java.util.regex.Pattern::atom (422 bytes)
Event: 12.608 Thread 0x0000022ceb98d920 5969       3       java.nio.file.Files::isSameFile (10 bytes)
Event: 12.608 Thread 0x0000022ceb98d920 nmethod 5969 0x0000022cd8f7e790 code [0x0000022cd8f7e960, 0x0000022cd8f7ed08]
Event: 12.613 Thread 0x0000022ceb960010 nmethod 5956 0x0000022ce0333090 code [0x0000022ce0333340, 0x0000022ce0334680]
Event: 12.614 Thread 0x0000022ceb960010 5964   !   4       java.util.regex.Pattern::RemoveQEQuoting (370 bytes)
Event: 12.616 Thread 0x0000022ceb960010 nmethod 5964 0x0000022ce0335210 code [0x0000022ce03353a0, 0x0000022ce03355b8]
Event: 12.616 Thread 0x0000022ceb960010 5968       4       java.util.regex.Pattern::newSlice (181 bytes)

GC Heap History (20 events):
Event: 7.377 GC heap before
{Heap before GC invocations=18 (full 2):
 PSYoungGen      total 26112K, used 23424K [0x00000000eab00000, 0x00000000ec780000, 0x0000000100000000)
  eden space 22016K, 100% used [0x00000000eab00000,0x00000000ec080000,0x00000000ec080000)
  from space 4096K, 34% used [0x00000000ec080000,0x00000000ec1e0000,0x00000000ec480000)
  to   space 2560K, 0% used [0x00000000ec500000,0x00000000ec500000,0x00000000ec780000)
 ParOldGen       total 68608K, used 27607K [0x00000000c0000000, 0x00000000c4300000, 0x00000000eab00000)
  object space 68608K, 40% used [0x00000000c0000000,0x00000000c1af5c50,0x00000000c4300000)
 Metaspace       used 47166K, committed 48000K, reserved 1097728K
  class space    used 5058K, committed 5440K, reserved 1048576K
}
Event: 7.379 GC heap after
{Heap after GC invocations=18 (full 2):
 PSYoungGen      total 24064K, used 2016K [0x00000000eab00000, 0x00000000ec700000, 0x0000000100000000)
  eden space 22016K, 0% used [0x00000000eab00000,0x00000000eab00000,0x00000000ec080000)
  from space 2048K, 98% used [0x00000000ec500000,0x00000000ec6f8020,0x00000000ec700000)
  to   space 2560K, 0% used [0x00000000ec200000,0x00000000ec200000,0x00000000ec480000)
 ParOldGen       total 68608K, used 28935K [0x00000000c0000000, 0x00000000c4300000, 0x00000000eab00000)
  object space 68608K, 42% used [0x00000000c0000000,0x00000000c1c41c90,0x00000000c4300000)
 Metaspace       used 47166K, committed 48000K, reserved 1097728K
  class space    used 5058K, committed 5440K, reserved 1048576K
}
Event: 7.468 GC heap before
{Heap before GC invocations=19 (full 2):
 PSYoungGen      total 24064K, used 24032K [0x00000000eab00000, 0x00000000ec700000, 0x0000000100000000)
  eden space 22016K, 100% used [0x00000000eab00000,0x00000000ec080000,0x00000000ec080000)
  from space 2048K, 98% used [0x00000000ec500000,0x00000000ec6f8020,0x00000000ec700000)
  to   space 2560K, 0% used [0x00000000ec200000,0x00000000ec200000,0x00000000ec480000)
 ParOldGen       total 68608K, used 28935K [0x00000000c0000000, 0x00000000c4300000, 0x00000000eab00000)
  object space 68608K, 42% used [0x00000000c0000000,0x00000000c1c41c90,0x00000000c4300000)
 Metaspace       used 47217K, committed 48064K, reserved 1097728K
  class space    used 5060K, committed 5440K, reserved 1048576K
}
Event: 7.470 GC heap after
{Heap after GC invocations=19 (full 2):
 PSYoungGen      total 24064K, used 2016K [0x00000000eab00000, 0x00000000ec580000, 0x0000000100000000)
  eden space 22016K, 0% used [0x00000000eab00000,0x00000000eab00000,0x00000000ec080000)
  from space 2048K, 98% used [0x00000000ec200000,0x00000000ec3f8000,0x00000000ec400000)
  to   space 1536K, 0% used [0x00000000ec400000,0x00000000ec400000,0x00000000ec580000)
 ParOldGen       total 68608K, used 30819K [0x00000000c0000000, 0x00000000c4300000, 0x00000000eab00000)
  object space 68608K, 44% used [0x00000000c0000000,0x00000000c1e18da8,0x00000000c4300000)
 Metaspace       used 47217K, committed 48064K, reserved 1097728K
  class space    used 5060K, committed 5440K, reserved 1048576K
}
Event: 7.543 GC heap before
{Heap before GC invocations=20 (full 2):
 PSYoungGen      total 24064K, used 24032K [0x00000000eab00000, 0x00000000ec580000, 0x0000000100000000)
  eden space 22016K, 100% used [0x00000000eab00000,0x00000000ec080000,0x00000000ec080000)
  from space 2048K, 98% used [0x00000000ec200000,0x00000000ec3f8000,0x00000000ec400000)
  to   space 1536K, 0% used [0x00000000ec400000,0x00000000ec400000,0x00000000ec580000)
 ParOldGen       total 68608K, used 30819K [0x00000000c0000000, 0x00000000c4300000, 0x00000000eab00000)
  object space 68608K, 44% used [0x00000000c0000000,0x00000000c1e18da8,0x00000000c4300000)
 Metaspace       used 47301K, committed 48128K, reserved 1097728K
  class space    used 5063K, committed 5440K, reserved 1048576K
}
Event: 7.545 GC heap after
{Heap after GC invocations=20 (full 2):
 PSYoungGen      total 22528K, used 1522K [0x00000000eab00000, 0x00000000ec980000, 0x0000000100000000)
  eden space 20992K, 0% used [0x00000000eab00000,0x00000000eab00000,0x00000000ebf80000)
  from space 1536K, 99% used [0x00000000ec400000,0x00000000ec57cb18,0x00000000ec580000)
  to   space 4608K, 0% used [0x00000000ebf80000,0x00000000ebf80000,0x00000000ec400000)
 ParOldGen       total 68608K, used 33371K [0x00000000c0000000, 0x00000000c4300000, 0x00000000eab00000)
  object space 68608K, 48% used [0x00000000c0000000,0x00000000c2096db8,0x00000000c4300000)
 Metaspace       used 47301K, committed 48128K, reserved 1097728K
  class space    used 5063K, committed 5440K, reserved 1048576K
}
Event: 7.608 GC heap before
{Heap before GC invocations=21 (full 2):
 PSYoungGen      total 22528K, used 22514K [0x00000000eab00000, 0x00000000ec980000, 0x0000000100000000)
  eden space 20992K, 100% used [0x00000000eab00000,0x00000000ebf80000,0x00000000ebf80000)
  from space 1536K, 99% used [0x00000000ec400000,0x00000000ec57cb18,0x00000000ec580000)
  to   space 4608K, 0% used [0x00000000ebf80000,0x00000000ebf80000,0x00000000ec400000)
 ParOldGen       total 68608K, used 33371K [0x00000000c0000000, 0x00000000c4300000, 0x00000000eab00000)
  object space 68608K, 48% used [0x00000000c0000000,0x00000000c2096db8,0x00000000c4300000)
 Metaspace       used 47372K, committed 48192K, reserved 1097728K
  class space    used 5074K, committed 5440K, reserved 1048576K
}
Event: 7.611 GC heap after
{Heap after GC invocations=21 (full 2):
 PSYoungGen      total 23552K, used 2528K [0x00000000eab00000, 0x00000000ec680000, 0x0000000100000000)
  eden space 20992K, 0% used [0x00000000eab00000,0x00000000eab00000,0x00000000ebf80000)
  from space 2560K, 98% used [0x00000000ebf80000,0x00000000ec1f8010,0x00000000ec200000)
  to   space 3584K, 0% used [0x00000000ec300000,0x00000000ec300000,0x00000000ec680000)
 ParOldGen       total 68608K, used 34894K [0x00000000c0000000, 0x00000000c4300000, 0x00000000eab00000)
  object space 68608K, 50% used [0x00000000c0000000,0x00000000c22138d0,0x00000000c4300000)
 Metaspace       used 47372K, committed 48192K, reserved 1097728K
  class space    used 5074K, committed 5440K, reserved 1048576K
}
Event: 7.650 GC heap before
{Heap before GC invocations=22 (full 2):
 PSYoungGen      total 23552K, used 23520K [0x00000000eab00000, 0x00000000ec680000, 0x0000000100000000)
  eden space 20992K, 100% used [0x00000000eab00000,0x00000000ebf80000,0x00000000ebf80000)
  from space 2560K, 98% used [0x00000000ebf80000,0x00000000ec1f8010,0x00000000ec200000)
  to   space 3584K, 0% used [0x00000000ec300000,0x00000000ec300000,0x00000000ec680000)
 ParOldGen       total 68608K, used 34894K [0x00000000c0000000, 0x00000000c4300000, 0x00000000eab00000)
  object space 68608K, 50% used [0x00000000c0000000,0x00000000c22138d0,0x00000000c4300000)
 Metaspace       used 47372K, committed 48192K, reserved 1097728K
  class space    used 5074K, committed 5440K, reserved 1048576K
}
Event: 7.652 GC heap after
{Heap after GC invocations=22 (full 2):
 PSYoungGen      total 23552K, used 2496K [0x00000000eab00000, 0x00000000ec580000, 0x0000000100000000)
  eden space 20992K, 0% used [0x00000000eab00000,0x00000000eab00000,0x00000000ebf80000)
  from space 2560K, 97% used [0x00000000ec300000,0x00000000ec570010,0x00000000ec580000)
  to   space 3072K, 0% used [0x00000000ebf80000,0x00000000ebf80000,0x00000000ec280000)
 ParOldGen       total 68608K, used 37343K [0x00000000c0000000, 0x00000000c4300000, 0x00000000eab00000)
  object space 68608K, 54% used [0x00000000c0000000,0x00000000c2477f28,0x00000000c4300000)
 Metaspace       used 47372K, committed 48192K, reserved 1097728K
  class space    used 5074K, committed 5440K, reserved 1048576K
}
Event: 7.689 GC heap before
{Heap before GC invocations=23 (full 2):
 PSYoungGen      total 23552K, used 23488K [0x00000000eab00000, 0x00000000ec580000, 0x0000000100000000)
  eden space 20992K, 100% used [0x00000000eab00000,0x00000000ebf80000,0x00000000ebf80000)
  from space 2560K, 97% used [0x00000000ec300000,0x00000000ec570010,0x00000000ec580000)
  to   space 3072K, 0% used [0x00000000ebf80000,0x00000000ebf80000,0x00000000ec280000)
 ParOldGen       total 68608K, used 37343K [0x00000000c0000000, 0x00000000c4300000, 0x00000000eab00000)
  object space 68608K, 54% used [0x00000000c0000000,0x00000000c2477f28,0x00000000c4300000)
 Metaspace       used 47373K, committed 48192K, reserved 1097728K
  class space    used 5074K, committed 5440K, reserved 1048576K
}
Event: 7.692 GC heap after
{Heap after GC invocations=23 (full 2):
 PSYoungGen      total 23040K, used 2016K [0x00000000eab00000, 0x00000000ec480000, 0x0000000100000000)
  eden space 20992K, 0% used [0x00000000eab00000,0x00000000eab00000,0x00000000ebf80000)
  from space 2048K, 98% used [0x00000000ebf80000,0x00000000ec178000,0x00000000ec180000)
  to   space 2560K, 0% used [0x00000000ec200000,0x00000000ec200000,0x00000000ec480000)
 ParOldGen       total 68608K, used 39743K [0x00000000c0000000, 0x00000000c4300000, 0x00000000eab00000)
  object space 68608K, 57% used [0x00000000c0000000,0x00000000c26cff38,0x00000000c4300000)
 Metaspace       used 47373K, committed 48192K, reserved 1097728K
  class space    used 5074K, committed 5440K, reserved 1048576K
}
Event: 8.659 GC heap before
{Heap before GC invocations=24 (full 2):
 PSYoungGen      total 23040K, used 23008K [0x00000000eab00000, 0x00000000ec480000, 0x0000000100000000)
  eden space 20992K, 100% used [0x00000000eab00000,0x00000000ebf80000,0x00000000ebf80000)
  from space 2048K, 98% used [0x00000000ebf80000,0x00000000ec178000,0x00000000ec180000)
  to   space 2560K, 0% used [0x00000000ec200000,0x00000000ec200000,0x00000000ec480000)
 ParOldGen       total 68608K, used 39743K [0x00000000c0000000, 0x00000000c4300000, 0x00000000eab00000)
  object space 68608K, 57% used [0x00000000c0000000,0x00000000c26cff38,0x00000000c4300000)
 Metaspace       used 47433K, committed 48320K, reserved 1097728K
  class space    used 5076K, committed 5440K, reserved 1048576K
}
Event: 8.661 GC heap after
{Heap after GC invocations=24 (full 2):
 PSYoungGen      total 22016K, used 928K [0x00000000eab00000, 0x00000000ec300000, 0x0000000100000000)
  eden space 20992K, 0% used [0x00000000eab00000,0x00000000eab00000,0x00000000ebf80000)
  from space 1024K, 90% used [0x00000000ec200000,0x00000000ec2e8000,0x00000000ec300000)
  to   space 1536K, 0% used [0x00000000ec000000,0x00000000ec000000,0x00000000ec180000)
 ParOldGen       total 68608K, used 41687K [0x00000000c0000000, 0x00000000c4300000, 0x00000000eab00000)
  object space 68608K, 60% used [0x00000000c0000000,0x00000000c28b5f38,0x00000000c4300000)
 Metaspace       used 47433K, committed 48320K, reserved 1097728K
  class space    used 5076K, committed 5440K, reserved 1048576K
}
Event: 9.729 GC heap before
{Heap before GC invocations=25 (full 2):
 PSYoungGen      total 22016K, used 21920K [0x00000000eab00000, 0x00000000ec300000, 0x0000000100000000)
  eden space 20992K, 100% used [0x00000000eab00000,0x00000000ebf80000,0x00000000ebf80000)
  from space 1024K, 90% used [0x00000000ec200000,0x00000000ec2e8000,0x00000000ec300000)
  to   space 1536K, 0% used [0x00000000ec000000,0x00000000ec000000,0x00000000ec180000)
 ParOldGen       total 68608K, used 41687K [0x00000000c0000000, 0x00000000c4300000, 0x00000000eab00000)
  object space 68608K, 60% used [0x00000000c0000000,0x00000000c28b5f38,0x00000000c4300000)
 Metaspace       used 47471K, committed 48384K, reserved 1097728K
  class space    used 5076K, committed 5440K, reserved 1048576K
}
Event: 9.730 GC heap after
{Heap after GC invocations=25 (full 2):
 PSYoungGen      total 22528K, used 384K [0x00000000eab00000, 0x00000000ec280000, 0x0000000100000000)
  eden space 20992K, 0% used [0x00000000eab00000,0x00000000eab00000,0x00000000ebf80000)
  from space 1536K, 25% used [0x00000000ec000000,0x00000000ec060000,0x00000000ec180000)
  to   space 1024K, 0% used [0x00000000ec180000,0x00000000ec180000,0x00000000ec280000)
 ParOldGen       total 68608K, used 42465K [0x00000000c0000000, 0x00000000c4300000, 0x00000000eab00000)
  object space 68608K, 61% used [0x00000000c0000000,0x00000000c2978540,0x00000000c4300000)
 Metaspace       used 47471K, committed 48384K, reserved 1097728K
  class space    used 5076K, committed 5440K, reserved 1048576K
}
Event: 10.806 GC heap before
{Heap before GC invocations=26 (full 2):
 PSYoungGen      total 22528K, used 21376K [0x00000000eab00000, 0x00000000ec280000, 0x0000000100000000)
  eden space 20992K, 100% used [0x00000000eab00000,0x00000000ebf80000,0x00000000ebf80000)
  from space 1536K, 25% used [0x00000000ec000000,0x00000000ec060000,0x00000000ec180000)
  to   space 1024K, 0% used [0x00000000ec180000,0x00000000ec180000,0x00000000ec280000)
 ParOldGen       total 68608K, used 42465K [0x00000000c0000000, 0x00000000c4300000, 0x00000000eab00000)
  object space 68608K, 61% used [0x00000000c0000000,0x00000000c2978540,0x00000000c4300000)
 Metaspace       used 47492K, committed 48384K, reserved 1097728K
  class space    used 5076K, committed 5440K, reserved 1048576K
}
Event: 10.806 GC heap after
{Heap after GC invocations=26 (full 2):
 PSYoungGen      total 21504K, used 384K [0x00000000eab00000, 0x00000000ec200000, 0x0000000100000000)
  eden space 20992K, 0% used [0x00000000eab00000,0x00000000eab00000,0x00000000ebf80000)
  from space 512K, 75% used [0x00000000ec180000,0x00000000ec1e0000,0x00000000ec200000)
  to   space 512K, 0% used [0x00000000ec100000,0x00000000ec100000,0x00000000ec180000)
 ParOldGen       total 68608K, used 42737K [0x00000000c0000000, 0x00000000c4300000, 0x00000000eab00000)
  object space 68608K, 62% used [0x00000000c0000000,0x00000000c29bc540,0x00000000c4300000)
 Metaspace       used 47492K, committed 48384K, reserved 1097728K
  class space    used 5076K, committed 5440K, reserved 1048576K
}
Event: 11.834 GC heap before
{Heap before GC invocations=27 (full 2):
 PSYoungGen      total 21504K, used 21376K [0x00000000eab00000, 0x00000000ec200000, 0x0000000100000000)
  eden space 20992K, 100% used [0x00000000eab00000,0x00000000ebf80000,0x00000000ebf80000)
  from space 512K, 75% used [0x00000000ec180000,0x00000000ec1e0000,0x00000000ec200000)
  to   space 512K, 0% used [0x00000000ec100000,0x00000000ec100000,0x00000000ec180000)
 ParOldGen       total 68608K, used 42737K [0x00000000c0000000, 0x00000000c4300000, 0x00000000eab00000)
  object space 68608K, 62% used [0x00000000c0000000,0x00000000c29bc540,0x00000000c4300000)
 Metaspace       used 47519K, committed 48384K, reserved 1097728K
  class space    used 5076K, committed 5440K, reserved 1048576K
}
Event: 11.834 GC heap after
{Heap after GC invocations=27 (full 2):
 PSYoungGen      total 21504K, used 352K [0x00000000eab00000, 0x00000000ec200000, 0x0000000100000000)
  eden space 20992K, 0% used [0x00000000eab00000,0x00000000eab00000,0x00000000ebf80000)
  from space 512K, 68% used [0x00000000ec100000,0x00000000ec158000,0x00000000ec180000)
  to   space 512K, 0% used [0x00000000ec180000,0x00000000ec180000,0x00000000ec200000)
 ParOldGen       total 68608K, used 43009K [0x00000000c0000000, 0x00000000c4300000, 0x00000000eab00000)
  object space 68608K, 62% used [0x00000000c0000000,0x00000000c2a00540,0x00000000c4300000)
 Metaspace       used 47519K, committed 48384K, reserved 1097728K
  class space    used 5076K, committed 5440K, reserved 1048576K
}

Dll operation events (10 events):
Event: 0.007 Loaded shared library c:\Users\Poul\.vscode\extensions\redhat.java-1.16.0-win32-x64\jre\17.0.6-win32-x86_64\bin\java.dll
Event: 0.223 Loaded shared library c:\Users\Poul\.vscode\extensions\redhat.java-1.16.0-win32-x64\jre\17.0.6-win32-x86_64\bin\zip.dll
Event: 0.226 Loaded shared library C:\Users\Poul\.vscode\extensions\redhat.java-1.16.0-win32-x64\jre\17.0.6-win32-x86_64\bin\instrument.dll
Event: 0.239 Loaded shared library C:\Users\Poul\.vscode\extensions\redhat.java-1.16.0-win32-x64\jre\17.0.6-win32-x86_64\bin\net.dll
Event: 0.240 Loaded shared library C:\Users\Poul\.vscode\extensions\redhat.java-1.16.0-win32-x64\jre\17.0.6-win32-x86_64\bin\nio.dll
Event: 0.284 Loaded shared library C:\Users\Poul\.vscode\extensions\redhat.java-1.16.0-win32-x64\jre\17.0.6-win32-x86_64\bin\zip.dll
Event: 0.296 Loaded shared library C:\Users\Poul\.vscode\extensions\redhat.java-1.16.0-win32-x64\jre\17.0.6-win32-x86_64\bin\jimage.dll
Event: 0.368 Loaded shared library c:\Users\Poul\.vscode\extensions\redhat.java-1.16.0-win32-x64\jre\17.0.6-win32-x86_64\bin\verify.dll
Event: 2.027 Loaded shared library C:\Users\Poul\AppData\Roaming\Code\User\globalStorage\redhat.java\1.16.0\config_win\org.eclipse.equinox.launcher\org.eclipse.equinox.launcher.win32.win32.x86_64_1.2.700.v20221108-1024\eclipse_11801.dll
Event: 5.724 Loaded shared library C:\Users\Poul\AppData\Local\Temp\jna-2493686\jna15145650275862998284.dll

Deoptimization events (20 events):
Event: 12.521 Thread 0x0000022cee25d9a0 DEOPT PACKING pc=0x0000022ce02376c4 sp=0x000000b128dff0f0
Event: 12.521 Thread 0x0000022cee25d9a0 DEOPT UNPACKING pc=0x0000022cdfae66a3 sp=0x000000b128dff0a0 mode 2
Event: 12.521 Thread 0x0000022cee25d9a0 Uncommon trap: trap_request=0xffffffde fr.pc=0x0000022ce01b5888 relative=0x00000000000015c8
Event: 12.521 Thread 0x0000022cee25d9a0 Uncommon trap: reason=class_check action=maybe_recompile pc=0x0000022ce01b5888 method=java.nio.file.FileTreeWalker.next()Ljava/nio/file/FileTreeWalker$Event; @ 37 c2
Event: 12.521 Thread 0x0000022cee25d9a0 DEOPT PACKING pc=0x0000022ce01b5888 sp=0x000000b128dff1c0
Event: 12.521 Thread 0x0000022cee25d9a0 DEOPT UNPACKING pc=0x0000022cdfae66a3 sp=0x000000b128dff1c0 mode 2
Event: 12.521 Thread 0x0000022cee25d9a0 Uncommon trap: trap_request=0xffffffde fr.pc=0x0000022ce01b5888 relative=0x00000000000015c8
Event: 12.521 Thread 0x0000022cee25d9a0 Uncommon trap: reason=class_check action=maybe_recompile pc=0x0000022ce01b5888 method=java.nio.file.FileTreeWalker.next()Ljava/nio/file/FileTreeWalker$Event; @ 37 c2
Event: 12.521 Thread 0x0000022cee25d9a0 DEOPT PACKING pc=0x0000022ce01b5888 sp=0x000000b128dff1c0
Event: 12.521 Thread 0x0000022cee25d9a0 DEOPT UNPACKING pc=0x0000022cdfae66a3 sp=0x000000b128dff1c0 mode 2
Event: 12.528 Thread 0x0000022cee25d9a0 Uncommon trap: trap_request=0xffffff45 fr.pc=0x0000022ce02e0e50 relative=0x0000000000000270
Event: 12.528 Thread 0x0000022cee25d9a0 Uncommon trap: reason=unstable_if action=reinterpret pc=0x0000022ce02e0e50 method=sun.nio.fs.NativeBuffers.releaseNativeBuffer(Lsun/nio/fs/NativeBuffer;)V @ 35 c2
Event: 12.528 Thread 0x0000022cee25d9a0 DEOPT PACKING pc=0x0000022ce02e0e50 sp=0x000000b128dff0e0
Event: 12.528 Thread 0x0000022cee25d9a0 DEOPT UNPACKING pc=0x0000022cdfae66a3 sp=0x000000b128dff078 mode 2
Event: 12.561 Thread 0x0000022cee25d9a0 DEOPT PACKING pc=0x0000022cd8b35cf5 sp=0x000000b128dfef40
Event: 12.561 Thread 0x0000022cee25d9a0 DEOPT UNPACKING pc=0x0000022cdfae6e43 sp=0x000000b128dfe3f0 mode 0
Event: 12.571 Thread 0x0000022cee25d9a0 DEOPT PACKING pc=0x0000022cd8b35cf5 sp=0x000000b128dfef40
Event: 12.571 Thread 0x0000022cee25d9a0 DEOPT UNPACKING pc=0x0000022cdfae6e43 sp=0x000000b128dfe3f0 mode 0
Event: 12.580 Thread 0x0000022cee25d9a0 DEOPT PACKING pc=0x0000022cd8b35cf5 sp=0x000000b128dfef40
Event: 12.580 Thread 0x0000022cee25d9a0 DEOPT UNPACKING pc=0x0000022cdfae6e43 sp=0x000000b128dfe3f0 mode 0

Classes unloaded (7 events):
Event: 3.324 Thread 0x0000022ce9d77130 Unloading class 0x0000000100216400 'java/lang/invoke/LambdaForm$MH+0x0000000100216400'
Event: 3.324 Thread 0x0000022ce9d77130 Unloading class 0x0000000100216000 'java/lang/invoke/LambdaForm$MH+0x0000000100216000'
Event: 3.324 Thread 0x0000022ce9d77130 Unloading class 0x0000000100215c00 'java/lang/invoke/LambdaForm$MH+0x0000000100215c00'
Event: 3.324 Thread 0x0000022ce9d77130 Unloading class 0x0000000100215400 'java/lang/invoke/LambdaForm$MH+0x0000000100215400'
Event: 3.324 Thread 0x0000022ce9d77130 Unloading class 0x0000000100215000 'java/lang/invoke/LambdaForm$BMH+0x0000000100215000'
Event: 3.324 Thread 0x0000022ce9d77130 Unloading class 0x0000000100214c00 'java/lang/invoke/LambdaForm$DMH+0x0000000100214c00'
Event: 3.324 Thread 0x0000022ce9d77130 Unloading class 0x0000000100212000 'java/lang/invoke/LambdaForm$DMH+0x0000000100212000'

Classes redefined (0 events):
No events

Internal exceptions (20 events):
Event: 12.616 Thread 0x0000022cee25d9a0 Exception <a 'sun/nio/fs/WindowsException'{0x00000000ebc9fab0}> (0x00000000ebc9fab0) 
thrown [s\src\hotspot\share\prims\jni.cpp, line 516]
Event: 12.616 Thread 0x0000022cee25d9a0 Exception <a 'sun/nio/fs/WindowsException'{0x00000000ebca00d8}> (0x00000000ebca00d8) 
thrown [s\src\hotspot\share\prims\jni.cpp, line 516]
Event: 12.616 Thread 0x0000022cee25d9a0 Exception <a 'sun/nio/fs/WindowsException'{0x00000000ebca0700}> (0x00000000ebca0700) 
thrown [s\src\hotspot\share\prims\jni.cpp, line 516]
Event: 12.616 Thread 0x0000022cee25d9a0 Exception <a 'sun/nio/fs/WindowsException'{0x00000000ebca0d40}> (0x00000000ebca0d40) 
thrown [s\src\hotspot\share\prims\jni.cpp, line 516]
Event: 12.617 Thread 0x0000022cee25d9a0 Exception <a 'sun/nio/fs/WindowsException'{0x00000000ebca5a70}> (0x00000000ebca5a70) 
thrown [s\src\hotspot\share\prims\jni.cpp, line 516]
Event: 12.617 Thread 0x0000022cee25d9a0 Exception <a 'sun/nio/fs/WindowsException'{0x00000000ebca6098}> (0x00000000ebca6098) 
thrown [s\src\hotspot\share\prims\jni.cpp, line 516]
Event: 12.617 Thread 0x0000022cee25d9a0 Exception <a 'sun/nio/fs/WindowsException'{0x00000000ebca66c0}> (0x00000000ebca66c0) 
thrown [s\src\hotspot\share\prims\jni.cpp, line 516]
Event: 12.617 Thread 0x0000022cee25d9a0 Exception <a 'sun/nio/fs/WindowsException'{0x00000000ebca6d00}> (0x00000000ebca6d00) 
thrown [s\src\hotspot\share\prims\jni.cpp, line 516]
Event: 12.617 Thread 0x0000022cee25d9a0 Exception <a 'sun/nio/fs/WindowsException'{0x00000000ebcab768}> (0x00000000ebcab768) 
thrown [s\src\hotspot\share\prims\jni.cpp, line 516]
Event: 12.617 Thread 0x0000022cee25d9a0 Exception <a 'sun/nio/fs/WindowsException'{0x00000000ebcabd90}> (0x00000000ebcabd90) 
thrown [s\src\hotspot\share\prims\jni.cpp, line 516]
Event: 12.617 Thread 0x0000022cee25d9a0 Exception <a 'sun/nio/fs/WindowsException'{0x00000000ebcac3b8}> (0x00000000ebcac3b8) 
thrown [s\src\hotspot\share\prims\jni.cpp, line 516]
Event: 12.617 Thread 0x0000022cee25d9a0 Exception <a 'sun/nio/fs/WindowsException'{0x00000000ebcac9f8}> (0x00000000ebcac9f8) 
thrown [s\src\hotspot\share\prims\jni.cpp, line 516]
Event: 12.618 Thread 0x0000022cee25d9a0 Exception <a 'sun/nio/fs/WindowsException'{0x00000000ebcb1460}> (0x00000000ebcb1460) 
thrown [s\src\hotspot\share\prims\jni.cpp, line 516]
Event: 12.618 Thread 0x0000022cee25d9a0 Exception <a 'sun/nio/fs/WindowsException'{0x00000000ebcb1a88}> (0x00000000ebcb1a88) 
thrown [s\src\hotspot\share\prims\jni.cpp, line 516]
Event: 12.618 Thread 0x0000022cee25d9a0 Exception <a 'sun/nio/fs/WindowsException'{0x00000000ebcb20b0}> (0x00000000ebcb20b0) 
thrown [s\src\hotspot\share\prims\jni.cpp, line 516]
Event: 12.618 Thread 0x0000022cee25d9a0 Exception <a 'sun/nio/fs/WindowsException'{0x00000000ebcb26f0}> (0x00000000ebcb26f0) 
thrown [s\src\hotspot\share\prims\jni.cpp, line 516]
Event: 12.619 Thread 0x0000022cee25d9a0 Exception <a 'sun/nio/fs/WindowsException'{0x00000000ebcb6e90}> (0x00000000ebcb6e90) 
thrown [s\src\hotspot\share\prims\jni.cpp, line 516]
Event: 12.619 Thread 0x0000022cee25d9a0 Exception <a 'sun/nio/fs/WindowsException'{0x00000000ebcb74b8}> (0x00000000ebcb74b8) 
thrown [s\src\hotspot\share\prims\jni.cpp, line 516]
Event: 12.619 Thread 0x0000022cee25d9a0 Exception <a 'sun/nio/fs/WindowsException'{0x00000000ebcb7ae0}> (0x00000000ebcb7ae0) 
thrown [s\src\hotspot\share\prims\jni.cpp, line 516]
Event: 12.619 Thread 0x0000022cee25d9a0 Exception <a 'sun/nio/fs/WindowsException'{0x00000000ebcb8120}> (0x00000000ebcb8120) 
thrown [s\src\hotspot\share\prims\jni.cpp, line 516]

VM Operations (20 events):
Event: 7.608 Executing VM operation: ParallelGCFailedAllocation
Event: 7.611 Executing VM operation: ParallelGCFailedAllocation done
Event: 7.650 Executing VM operation: ParallelGCFailedAllocation
Event: 7.652 Executing VM operation: ParallelGCFailedAllocation done
Event: 7.689 Executing VM operation: ParallelGCFailedAllocation
Event: 7.692 Executing VM operation: ParallelGCFailedAllocation done
Event: 8.659 Executing VM operation: ParallelGCFailedAllocation
Event: 8.661 Executing VM operation: ParallelGCFailedAllocation done
Event: 9.661 Executing VM operation: Cleanup
Event: 9.661 Executing VM operation: Cleanup done
Event: 9.729 Executing VM operation: ParallelGCFailedAllocation
Event: 9.730 Executing VM operation: ParallelGCFailedAllocation done
Event: 10.730 Executing VM operation: Cleanup
Event: 10.731 Executing VM operation: Cleanup done
Event: 10.806 Executing VM operation: ParallelGCFailedAllocation
Event: 10.806 Executing VM operation: ParallelGCFailedAllocation done
Event: 11.807 Executing VM operation: Cleanup
Event: 11.807 Executing VM operation: Cleanup done
Event: 11.834 Executing VM operation: ParallelGCFailedAllocation
Event: 11.834 Executing VM operation: ParallelGCFailedAllocation done

Events (20 events):
Event: 7.286 loading class java/nio/channels/NonWritableChannelException done
Event: 7.286 loading class sun/nio/ch/ChannelInputStream
Event: 7.286 loading class sun/nio/ch/ChannelInputStream done
Event: 8.251 Thread 0x0000022cefc710c0 Thread exited: 0x0000022cefc710c0
Event: 8.251 Thread 0x0000022cee2613d0 Thread exited: 0x0000022cee2613d0
Event: 9.648 Thread 0x0000022cedebff10 Thread exited: 0x0000022cedebff10
Event: 12.501 Thread 0x0000022cee2613d0 Thread added: 0x0000022cee2613d0
Event: 12.518 loading class java/nio/file/SimpleFileVisitor
Event: 12.518 loading class java/nio/file/SimpleFileVisitor done
Event: 12.518 loading class java/nio/file/FileTreeWalker$1
Event: 12.518 loading class java/nio/file/FileTreeWalker$1 done
Event: 12.519 loading class sun/nio/fs/Globs
Event: 12.519 loading class sun/nio/fs/Globs done
Event: 12.519 loading class java/util/regex/Pattern$SliceU
Event: 12.519 loading class java/util/regex/Pattern$SliceU done
Event: 12.519 loading class sun/nio/fs/WindowsFileSystem$2
Event: 12.519 loading class java/nio/file/PathMatcher
Event: 12.519 loading class java/nio/file/PathMatcher done
Event: 12.519 loading class sun/nio/fs/WindowsFileSystem$2 done
Event: 12.606 Thread 0x0000022cebc342d0 Thread added: 0x0000022cebc342d0


Dynamic libraries:
0x00007ff7c0d50000 - 0x00007ff7c0d5e000 	c:\Users\Poul\.vscode\extensions\redhat.java-1.16.0-win32-x64\jre\17.0.6-win32-x86_64\bin\java.exe
0x00007ffd19490000 - 0x00007ffd19688000 	C:\Windows\SYSTEM32\ntdll.dll
0x00007ffd17a50000 - 0x00007ffd17b0f000 	C:\Windows\System32\KERNEL32.DLL
0x00007ffd16ec0000 - 0x00007ffd17192000 	C:\Windows\System32\KERNELBASE.dll
0x00007ffd171a0000 - 0x00007ffd172a0000 	C:\Windows\System32\ucrtbase.dll
0x00007ffd00660000 - 0x00007ffd00677000 	c:\Users\Poul\.vscode\extensions\redhat.java-1.16.0-win32-x64\jre\17.0.6-win32-x86_64\bin\jli.dll
0x00007ffd188a0000 - 0x00007ffd18a41000 	C:\Windows\System32\USER32.dll
0x00007ffd172a0000 - 0x00007ffd172c2000 	C:\Windows\System32\win32u.dll
0x00007ffd19360000 - 0x00007ffd1938b000 	C:\Windows\System32\GDI32.dll
0x00007ffd16b90000 - 0x00007ffd16c9f000 	C:\Windows\System32\gdi32full.dll
0x00007ffd16d80000 - 0x00007ffd16e1d000 	C:\Windows\System32\msvcp_win.dll
0x00007ffd00480000 - 0x00007ffd00499000 	c:\Users\Poul\.vscode\extensions\redhat.java-1.16.0-win32-x64\jre\17.0.6-win32-x86_64\bin\VCRUNTIME140.dll
0x00007ffd034e0000 - 0x00007ffd0377a000 	C:\Windows\WinSxS\amd64_microsoft.windows.common-controls_6595b64144ccf1df_6.0.19041.1110_none_60b5254171f9507e\COMCTL32.dll
0x00007ffd17d50000 - 0x00007ffd17dee000 	C:\Windows\System32\msvcrt.dll
0x00007ffd191a0000 - 0x00007ffd191d0000 	C:\Windows\System32\IMM32.DLL
0x00007ffd02eb0000 - 0x00007ffd02ebc000 	c:\Users\Poul\.vscode\extensions\redhat.java-1.16.0-win32-x64\jre\17.0.6-win32-x86_64\bin\vcruntime140_1.dll
0x00007ffcecf50000 - 0x00007ffcecfe1000 	c:\Users\Poul\.vscode\extensions\redhat.java-1.16.0-win32-x64\jre\17.0.6-win32-x86_64\bin\msvcp140.dll
0x00007ffcb8890000 - 0x00007ffcb94d7000 	c:\Users\Poul\.vscode\extensions\redhat.java-1.16.0-win32-x64\jre\17.0.6-win32-x86_64\bin\server\jvm.dll
0x00007ffd191d0000 - 0x00007ffd1927e000 	C:\Windows\System32\ADVAPI32.dll
0x00007ffd18ac0000 - 0x00007ffd18b5c000 	C:\Windows\System32\sechost.dll
0x00007ffd18640000 - 0x00007ffd18764000 	C:\Windows\System32\RPCRT4.dll
0x00007ffd121c0000 - 0x00007ffd121c9000 	C:\Windows\SYSTEM32\WSOCK32.dll
0x00007ffd18a50000 - 0x00007ffd18abb000 	C:\Windows\System32\WS2_32.dll
0x00007ffd0e250000 - 0x00007ffd0e277000 	C:\Windows\SYSTEM32\WINMM.dll
0x00007ffd0f440000 - 0x00007ffd0f44a000 	C:\Windows\SYSTEM32\VERSION.dll
0x00007ffd14a70000 - 0x00007ffd14a82000 	C:\Windows\SYSTEM32\kernel.appcore.dll
0x00007ffd01030000 - 0x00007ffd0103a000 	c:\Users\Poul\.vscode\extensions\redhat.java-1.16.0-win32-x64\jre\17.0.6-win32-x86_64\bin\jimage.dll
0x00007ffd05150000 - 0x00007ffd05334000 	C:\Windows\SYSTEM32\DBGHELP.DLL
0x00007ffd00610000 - 0x00007ffd00645000 	C:\Windows\SYSTEM32\dbgcore.DLL
0x00007ffd16ca0000 - 0x00007ffd16d22000 	C:\Windows\System32\bcryptPrimitives.dll
0x00007ffd00de0000 - 0x00007ffd00dee000 	c:\Users\Poul\.vscode\extensions\redhat.java-1.16.0-win32-x64\jre\17.0.6-win32-x86_64\bin\instrument.dll
0x00007ffcffdf0000 - 0x00007ffcffe15000 	c:\Users\Poul\.vscode\extensions\redhat.java-1.16.0-win32-x64\jre\17.0.6-win32-x86_64\bin\java.dll
0x00007ffd00170000 - 0x00007ffd00188000 	c:\Users\Poul\.vscode\extensions\redhat.java-1.16.0-win32-x64\jre\17.0.6-win32-x86_64\bin\zip.dll
0x00007ffd17e90000 - 0x00007ffd185d5000 	C:\Windows\System32\SHELL32.dll
0x00007ffd14c70000 - 0x00007ffd15402000 	C:\Windows\SYSTEM32\windows.storage.dll
0x00007ffd174f0000 - 0x00007ffd17845000 	C:\Windows\System32\combase.dll
0x00007ffd165f0000 - 0x00007ffd16620000 	C:\Windows\SYSTEM32\Wldp.dll
0x00007ffd187f0000 - 0x00007ffd1889d000 	C:\Windows\System32\SHCORE.dll
0x00007ffd17b10000 - 0x00007ffd17b65000 	C:\Windows\System32\shlwapi.dll
0x00007ffd16ad0000 - 0x00007ffd16aef000 	C:\Windows\SYSTEM32\profapi.dll
0x00007ffcff710000 - 0x00007ffcff729000 	C:\Users\Poul\.vscode\extensions\redhat.java-1.16.0-win32-x64\jre\17.0.6-win32-x86_64\bin\net.dll
0x00007ffd10450000 - 0x00007ffd1055a000 	C:\Windows\SYSTEM32\WINHTTP.dll
0x00007ffd16350000 - 0x00007ffd163ba000 	C:\Windows\system32\mswsock.dll
0x00007ffcfeff0000 - 0x00007ffcff005000 	C:\Users\Poul\.vscode\extensions\redhat.java-1.16.0-win32-x64\jre\17.0.6-win32-x86_64\bin\nio.dll
0x00007ffd006e0000 - 0x00007ffd006f0000 	c:\Users\Poul\.vscode\extensions\redhat.java-1.16.0-win32-x64\jre\17.0.6-win32-x86_64\bin\verify.dll
0x00007ffcfb020000 - 0x00007ffcfb05e000 	C:\Users\Poul\AppData\Roaming\Code\User\globalStorage\redhat.java\1.16.0\config_win\org.eclipse.equinox.launcher\org.eclipse.equinox.launcher.win32.win32.x86_64_1.2.700.v20221108-1024\eclipse_11801.dll
0x00007ffd17850000 - 0x00007ffd1797a000 	C:\Windows\System32\ole32.dll
0x00007ffd16540000 - 0x00007ffd16558000 	C:\Windows\SYSTEM32\CRYPTSP.dll
0x00007ffd15c00000 - 0x00007ffd15c34000 	C:\Windows\system32\rsaenh.dll
0x00007ffd16e90000 - 0x00007ffd16eb7000 	C:\Windows\System32\bcrypt.dll
0x00007ffd16a50000 - 0x00007ffd16a7e000 	C:\Windows\SYSTEM32\USERENV.dll
0x00007ffd16560000 - 0x00007ffd1656c000 	C:\Windows\SYSTEM32\CRYPTBASE.dll
0x00007ffd15ff0000 - 0x00007ffd1602b000 	C:\Windows\SYSTEM32\IPHLPAPI.DLL
0x00007ffd19440000 - 0x00007ffd19448000 	C:\Windows\System32\NSI.dll
0x00007ffd10840000 - 0x00007ffd10857000 	C:\Windows\SYSTEM32\dhcpcsvc6.DLL
0x00007ffd10c70000 - 0x00007ffd10c8d000 	C:\Windows\SYSTEM32\dhcpcsvc.DLL
0x00007ffd16040000 - 0x00007ffd1610b000 	C:\Windows\SYSTEM32\DNSAPI.dll
0x00007ffcf3010000 - 0x00007ffcf3055000 	C:\Users\Poul\AppData\Local\Temp\jna-2493686\jna15145650275862998284.dll
0x00007ffd174e0000 - 0x00007ffd174e8000 	C:\Windows\System32\PSAPI.DLL

dbghelp: loaded successfully - version: 4.0.5 - missing functions: none
symbol engine: initialized successfully - sym options: 0x614 - pdb path: .;c:\Users\Poul\.vscode\extensions\redhat.java-1.16.0-win32-x64\jre\17.0.6-win32-x86_64\bin;C:\Windows\SYSTEM32;C:\Windows\WinSxS\amd64_microsoft.windows.common-controls_6595b64144ccf1df_6.0.19041.1110_none_60b5254171f9507e;c:\Users\Poul\.vscode\extensions\redhat.java-1.16.0-win32-x64\jre\17.0.6-win32-x86_64\bin\server;C:\Users\Poul\AppData\Roaming\Code\User\globalStorage\redhat.java\1.16.0\config_win\org.eclipse.equinox.launcher\org.eclipse.equinox.launcher.win32.win32.x86_64_1.2.700.v20221108-1024;C:\Users\Poul\AppData\Local\Temp\jna-2493686

VM Arguments:
jvm_args: --add-modules=ALL-SYSTEM --add-opens=java.base/java.util=ALL-UNNAMED --add-opens=java.base/java.lang=ALL-UNNAMED --add-opens=java.base/sun.nio.fs=ALL-UNNAMED -Declipse.application=org.eclipse.jdt.ls.core.id1 -Dosgi.bundles.defaultStartLevel=4 -Declipse.product=org.eclipse.jdt.ls.core.product -Djava.import.generatesMetadataFilesAtProjectRoot=false -Dfile.encoding=utf8 -XX:+UseParallelGC -XX:GCTimeRatio=4 -XX:AdaptiveSizePolicyWeight=90 -Dsun.zip.disableMemoryMapping=true -Xmx1G -Xms100m -Xlog:disable -javaagent:c:\Users\Poul\.vscode\extensions\redhat.java-1.16.0-win32-x64\lombok\lombok-1.18.24.jar -XX:+HeapDumpOnOutOfMemoryError -XX:HeapDumpPath=c:\Users\Poul\AppData\Roaming\Code\User\workspaceStorage\648fba29afbfca6dc8102d5d67de9ff1\redhat.java 
java_command: c:\Users\Poul\.vscode\extensions\redhat.java-1.16.0-win32-x64\server\plugins\org.eclipse.equinox.launcher_1.6.400.v20210924-0641.jar -configuration c:\Users\Poul\AppData\Roaming\Code\User\globalStorage\redhat.java\1.16.0\config_win -data c:\Users\Poul\AppData\Roaming\Code\User\workspaceStorage\648fba29afbfca6dc8102d5d67de9ff1\redhat.java\jdt_ws
java_class_path (initial): c:\Users\Poul\.vscode\extensions\redhat.java-1.16.0-win32-x64\server\plugins\org.eclipse.equinox.launcher_1.6.400.v20210924-0641.jar
Launcher Type: SUN_STANDARD

[Global flags]
    uintx AdaptiveSizePolicyWeight                 = 90                                        {product} {command line}
     intx CICompilerCount                          = 4                                         {product} {ergonomic}
    uintx GCTimeRatio                              = 4                                         {product} {command line}
     bool HeapDumpOnOutOfMemoryError               = true                                   {manageable} {command line}
    ccstr HeapDumpPath                             = c:\Users\Poul\AppData\Roaming\Code\User\workspaceStorage\648fba29afbfca6dc8102d5d67de9ff1\redhat.java         {manageable} {command line}
   size_t InitialHeapSize                          = 104857600                                 {product} {command line}
   size_t MaxHeapSize                              = 1073741824                                {product} {command line}
   size_t MaxNewSize                               = 357564416                                 {product} {ergonomic}
   size_t MinHeapDeltaBytes                        = 524288                                    {product} {ergonomic}
   size_t MinHeapSize                              = 104857600                                 {product} {command line}
   size_t NewSize                                  = 34603008                                  {product} {ergonomic}
    uintx NonNMethodCodeHeapSize                   = 5839372                                {pd product} {ergonomic}
    uintx NonProfiledCodeHeapSize                  = 122909434                              {pd product} {ergonomic}
   size_t OldSize                                  = 70254592                                  {product} {ergonomic}
    uintx ProfiledCodeHeapSize                     = 122909434                              {pd product} {ergonomic}
    uintx ReservedCodeCacheSize                    = 251658240                              {pd product} {ergonomic}
     bool SegmentedCodeCache                       = true                                      {product} {ergonomic}
   size_t SoftMaxHeapSize                          = 1073741824                             {manageable} {ergonomic}
     bool UseCompressedClassPointers               = true                           {product lp64_product} {ergonomic}
     bool UseCompressedOops                        = true                           {product lp64_product} {ergonomic}
     bool UseLargePagesIndividualAllocation        = false                                  {pd product} {ergonomic}
     bool UseParallelGC                            = true                                      {product} {command line}

Logging:
Log output configuration:
 #0: stdout all=off uptime,level,tags
 #1: stderr all=off uptime,level,tags

Environment Variables:
JAVA_HOME=C:\Program Files\Microsoft\jdk-11.0.18.10-hotspot\
PATH=C:\Program Files\Microsoft\jdk-11.0.18.10-hotspot\bin;C:\Program Files (x86)\Common Files\Oracle\Java\javapath;C:\Windows\system32;C:\Windows;C:\Windows\System32\Wbem;C:\Windows\System32\WindowsPowerShell\v1.0\;C:\Windows\System32\OpenSSH\;C:\Program Files\nodejs\;C:\Program Files\Microsoft\jdk-11.0.18.10-hotspot\\bin;C:\ProgramData\chocolatey\bin;C:\Users\Poul\AppData\Local\Android\Sdk\platform-tools;C:\Program Files\Java\jre1.8.0_361\bin;C:\Users\Poul\AppData\Local\Microsoft\WindowsApps;C:\Users\Poul\AppData\Roaming\npm;E:\Microsoft VS Code\bin;C:\Users\Poul\AppData\Local\GitHubDesktop\bin
USERNAME=Poul
OS=Windows_NT
PROCESSOR_IDENTIFIER=Intel64 Family 6 Model 165 Stepping 3, GenuineIntel
TMP=C:\Users\Poul\AppData\Local\Temp
TEMP=C:\Users\Poul\AppData\Local\Temp



---------------  S Y S T E M  ---------------

OS:
 Windows 10 , 64 bit Build 19041 (10.0.19041.2546)
OS uptime: 0 days 5:31 hours

CPU: total 8 (initial active 8) (4 cores per cpu, 2 threads per core) family 6 model 165 stepping 3 microcode 0xe0, cx8, cmov, fxsr, ht, mmx, 3dnowpref, sse, sse2, sse3, ssse3, sse4.1, sse4.2, popcnt, lzcnt, tsc, tscinvbit, avx, avx2, aes, erms, clmul, bmi1, bmi2, adx, fma, vzeroupper, clflush, clflushopt

Memory: 4k page, system-wide physical 16322M (2599M free)
TotalPageFile size 20418M (AvailPageFile size 3M)
current process WorkingSet (physical memory assigned to process): 204M, peak: 233M
current process commit charge ("private bytes"): 273M, peak: 309M

vm_info: OpenJDK 64-Bit Server VM (17.0.6+10) for windows-amd64 JRE (17.0.6+10), built on Jan 18 2023 10:08:59 by "temurin" with MS VC++ 16.7 (VS2019)

END.
