#
# There is insufficient memory for the Java Runtime Environment to continue.
# Native memory allocation (malloc) failed to allocate 32744 bytes for ChunkPool::allocate
# Possible reasons:
#   The system is out of physical RAM or swap space
#   The process is running with CompressedOops enabled, and the Java Heap may be blocking the growth of the native heap
# Possible solutions:
#   Reduce memory load on the system
#   Increase physical memory or swap space
#   Check if swap backing store is full
#   Decrease Java heap size (-Xmx/-Xms)
#   Decrease number of Java threads
#   Decrease Java thread stack sizes (-Xss)
#   Set larger code cache with -XX:ReservedCodeCacheSize=
#   JVM is running with Unscaled Compressed Oops mode in which the Java heap is
#     placed in the first 4GB address space. The Java Heap base address is the
#     maximum limit for the native heap growth. Please use -XX:HeapBaseMinAddress
#     to set the Java Heap base and to place the Java Heap above 4GB virtual address.
# This output file may be truncated or incomplete.
#
#  Out of Memory Error (./src/hotspot/share/memory/arena.cpp:81), pid=6100, tid=18008
#
# JRE version: OpenJDK Runtime Environment Microsoft-7208460 (11.0.18+10) (build 11.0.18+10-LTS)
# Java VM: OpenJDK 64-Bit Server VM Microsoft-7208460 (11.0.18+10-LTS, mixed mode, tiered, compressed oops, g1 gc, windows-amd64)
# No core dump will be written. Minidumps are not enabled by default on client versions of Windows
#

---------------  S U M M A R Y ------------

Command Line: -XX:MaxMetaspaceSize=512m --add-opens=java.base/java.util=ALL-UNNAMED --add-opens=java.base/java.lang=ALL-UNNAMED --add-opens=java.base/java.lang.invoke=ALL-UNNAMED --add-opens=java.base/java.util=ALL-UNNAMED --add-opens=java.prefs/java.util.prefs=ALL-UNNAMED --add-opens=java.prefs/java.util.prefs=ALL-UNNAMED --add-opens=java.base/java.nio.charset=ALL-UNNAMED --add-opens=java.base/java.net=ALL-UNNAMED --add-opens=java.base/java.util.concurrent.atomic=ALL-UNNAMED -Xmx2048m -Dfile.encoding=utf8 -Duser.country=US -Duser.language=en -Duser.variant org.gradle.launcher.daemon.bootstrap.GradleDaemon 7.5.1

Host: Intel(R) Core(TM) i3-10100F CPU @ 3.60GHz, 8 cores, 15G,  Windows 10 , 64 bit Build 19041 (10.0.19041.2546)
Time: Thu Mar 23 22:49:49 2023 SE Asia Standard Time elapsed time: 48.896935 seconds (0d 0h 0m 48s)

---------------  T H R E A D  ---------------

Current thread (0x0000022174ad4000):  JavaThread "C2 CompilerThread2" daemon [_thread_in_native, id=18008, stack(0x000000725d500000,0x000000725d600000)]


Current CompileTask:
C2:  48897 15636       4       org.codehaus.groovy.reflection.stdclasses.CachedSAMClass$$Lambda$369/0x00000001004d4440::test (12 bytes)

Stack: [0x000000725d500000,0x000000725d600000]
Native frames: (J=compiled Java code, j=interpreted, Vv=VM code, C=native code)
V  [jvm.dll+0x62bf8a]
V  [jvm.dll+0x7b8fb9]
V  [jvm.dll+0x7ba6a8]
V  [jvm.dll+0x7bad83]
V  [jvm.dll+0x250248]
V  [jvm.dll+0xc286b]
V  [jvm.dll+0xc2bcc]
V  [jvm.dll+0x2ceb97]
V  [jvm.dll+0x2cc760]
V  [jvm.dll+0x2cec41]
V  [jvm.dll+0x2cc760]
V  [jvm.dll+0x2cec41]
V  [jvm.dll+0x2cc760]
V  [jvm.dll+0x2cec41]
V  [jvm.dll+0x2cc760]
V  [jvm.dll+0x2cec41]
V  [jvm.dll+0x2cc760]
V  [jvm.dll+0x2d073e]
V  [jvm.dll+0x2cb8df]
V  [jvm.dll+0x2cbe69]
V  [jvm.dll+0x20ab8c]
V  [jvm.dll+0x2083eb]
V  [jvm.dll+0x18a4b1]
V  [jvm.dll+0x217eec]
V  [jvm.dll+0x21612b]
V  [jvm.dll+0x77bac0]
V  [jvm.dll+0x7749f4]
V  [jvm.dll+0x62adf5]
C  [ucrtbase.dll+0x21bb2]
C  [KERNEL32.DLL+0x17614]
C  [ntdll.dll+0x526a1]


---------------  P R O C E S S  ---------------

Threads class SMR info:
_java_thread_list=0x0000022175b4b4c0, length=139, elements={
0x00000221473cc800, 0x00000221664f8000, 0x00000221664ee800, 0x0000022166d75800,
0x0000022166d77800, 0x0000022166d79000, 0x0000022166d87800, 0x0000022166d89000,
0x0000022166d8c800, 0x0000022166efb800, 0x0000022167e91000, 0x0000022168f50000,
0x0000022168656800, 0x00000221697a0000, 0x00000221697f5800, 0x000002216990c800,
0x000002216990e000, 0x000002216990f000, 0x000002216990f800, 0x0000022169910800,
0x0000022169911800, 0x0000022169912000, 0x0000022169bc4000, 0x0000022169bc4800,
0x0000022169bc5800, 0x0000022169bc9000, 0x0000022169bc7000, 0x0000022169bc3000,
0x0000022169bcc000, 0x0000022169bcb800, 0x0000022169bcd000, 0x0000022169bcf800,
0x00000221670a0800, 0x00000221670a1800, 0x000002216ed2a800, 0x000002216709b000,
0x000002216709a000, 0x0000022167097800, 0x000002216709b800, 0x0000022167099800,
0x000002216709c800, 0x0000022167097000, 0x000002216709d800, 0x000002216709e000,
0x0000022167098800, 0x00000221670a2000, 0x00000221670a4800, 0x000002216709f000,
0x00000221670a3000, 0x00000221670a4000, 0x00000221670a5800, 0x00000221670a0000,
0x000002216ed20000, 0x000002216ed1c000, 0x000002216ed1c800, 0x000002216ed1d800,
0x000002216ed21000, 0x000002216ed22800, 0x000002216ed21800, 0x000002216ed23000,
0x000002216ed1e800, 0x000002216ed25000, 0x000002216ed1f000, 0x000002216ed27800,
0x000002216ed25800, 0x000002216ed28000, 0x000002216ed2a000, 0x000002216ed26800,
0x000002216ed29000, 0x0000022169bc8000, 0x0000022169bc2800, 0x0000022169bcd800,
0x0000022169bc9800, 0x0000022169bce800, 0x0000022169bd0000, 0x0000022169bca800,
0x0000022169bd1000, 0x0000022169913000, 0x000002216990d000, 0x000002216d55a800,
0x000002216d557800, 0x000002216d55b800, 0x000002216d55c000, 0x000002216d55e000,
0x000002216d55d000, 0x000002216d559000, 0x000002216d558000, 0x000002216d55f800,
0x000002216d55e800, 0x000002216d55a000, 0x000002216d563000, 0x000002216d561000,
0x000002216d563800, 0x000002216d565000, 0x000002216d566000, 0x000002216d564800,
0x000002216d560800, 0x000002216d562000, 0x000002216e8a1000, 0x000002216e8a1800,
0x000002216e8a0000, 0x000002216e89e800, 0x000002216e89f000, 0x000002216e8a2800,
0x000002216e8a3800, 0x000002216e89d800, 0x000002216e8a5800, 0x000002216e8aa000,
0x000002216e8a9000, 0x000002216e8a6800, 0x000002216e8a4000, 0x000002216e8a7800,
0x000002216e8a5000, 0x000002216e8a8000, 0x000002216e8aa800, 0x000002216e8ab800,
0x000002216e8ac800, 0x000002216d181800, 0x000002216d17f000, 0x000002216d17e000,
0x000002216d17d800, 0x000002216d182800, 0x000002216d180800, 0x000002216d180000,
0x000002216d17c800, 0x000002216d183000, 0x000002216d189800, 0x000002216d185800,
0x000002216d184000, 0x000002216d186800, 0x000002216d189000, 0x000002216d187000,
0x000002216d188000, 0x000002216d18a800, 0x000002216d185000, 0x000002216d18b800,
0x0000022172816000, 0x0000022166d82800, 0x0000022174ad4000
}

Java Threads: ( => current thread )
  0x00000221473cc800 JavaThread "main" [_thread_blocked, id=17400, stack(0x0000007253800000,0x0000007253900000)]
  0x00000221664f8000 JavaThread "Reference Handler" daemon [_thread_blocked, id=16608, stack(0x0000007253f00000,0x0000007254000000)]
  0x00000221664ee800 JavaThread "Finalizer" daemon [_thread_blocked, id=14384, stack(0x0000007254000000,0x0000007254100000)]
  0x0000022166d75800 JavaThread "Signal Dispatcher" daemon [_thread_blocked, id=8488, stack(0x0000007254100000,0x0000007254200000)]
  0x0000022166d77800 JavaThread "Attach Listener" daemon [_thread_blocked, id=13656, stack(0x0000007254200000,0x0000007254300000)]
  0x0000022166d79000 JavaThread "Service Thread" daemon [_thread_blocked, id=8224, stack(0x0000007254300000,0x0000007254400000)]
  0x0000022166d87800 JavaThread "C2 CompilerThread0" daemon [_thread_in_native, id=15056, stack(0x0000007254400000,0x0000007254500000)]
  0x0000022166d89000 JavaThread "C1 CompilerThread0" daemon [_thread_blocked, id=6912, stack(0x0000007254500000,0x0000007254600000)]
  0x0000022166d8c800 JavaThread "Sweeper thread" daemon [_thread_blocked, id=14528, stack(0x0000007254600000,0x0000007254700000)]
  0x0000022166efb800 JavaThread "Common-Cleaner" daemon [_thread_blocked, id=11388, stack(0x0000007254700000,0x0000007254800000)]
  0x0000022167e91000 JavaThread "Daemon health stats" [_thread_blocked, id=9424, stack(0x0000007255000000,0x0000007255100000)]
  0x0000022168f50000 JavaThread "Incoming local TCP Connector on port 60551" [_thread_in_native, id=15988, stack(0x0000007255100000,0x0000007255200000)]
  0x0000022168656800 JavaThread "Daemon periodic checks" [_thread_blocked, id=916, stack(0x0000007255200000,0x0000007255300000)]
  0x00000221697a0000 JavaThread "Daemon" [_thread_blocked, id=15104, stack(0x0000007255300000,0x0000007255400000)]
  0x00000221697f5800 JavaThread "Daemon worker" [_thread_in_Java, id=17832, stack(0x0000007255600000,0x0000007255700000)]
  0x000002216990c800 JavaThread "Cache worker for journal cache (C:\Users\Poul\.gradle\caches\journal-1)" [_thread_blocked, id=13868, stack(0x0000007255a00000,0x0000007255b00000)]
  0x000002216990e000 JavaThread "File lock request listener" [_thread_in_native, id=14752, stack(0x0000007255b00000,0x0000007255c00000)]
  0x000002216990f000 JavaThread "Cache worker for file hash cache (C:\Users\Poul\.gradle\caches\7.5.1\fileHashes)" [_thread_blocked, id=18316, stack(0x0000007255d00000,0x0000007255e00000)]
  0x000002216990f800 JavaThread "File watcher server" daemon [_thread_in_native, id=15604, stack(0x0000007255e00000,0x0000007255f00000)]
  0x0000022169910800 JavaThread "File watcher consumer" daemon [_thread_blocked, id=14600, stack(0x0000007255f00000,0x0000007256000000)]
  0x0000022169911800 JavaThread "jar transforms" [_thread_blocked, id=14664, stack(0x0000007256000000,0x0000007256100000)]
  0x0000022169912000 JavaThread "jar transforms Thread 2" [_thread_blocked, id=14432, stack(0x0000007256100000,0x0000007256200000)]
  0x0000022169bc4000 JavaThread "Cache worker for file content cache (C:\Users\Poul\.gradle\caches\7.5.1\fileContent)" [_thread_blocked, id=12944, stack(0x0000007256600000,0x0000007256700000)]
  0x0000022169bc4800 JavaThread "Cache worker for execution history cache (C:\Users\Poul\.gradle\caches\7.5.1\executionHistory)" [_thread_blocked, id=1568, stack(0x0000007256200000,0x0000007256300000)]
  0x0000022169bc5800 JavaThread "jar transforms Thread 3" [_thread_blocked, id=17204, stack(0x0000007256800000,0x0000007256900000)]
  0x0000022169bc9000 JavaThread "jar transforms Thread 4" [_thread_blocked, id=12556, stack(0x0000007256900000,0x0000007256a00000)]
  0x0000022169bc7000 JavaThread "jar transforms Thread 5" [_thread_blocked, id=18100, stack(0x0000007256c00000,0x0000007256d00000)]
  0x0000022169bc3000 JavaThread "jar transforms Thread 6" [_thread_blocked, id=18404, stack(0x0000007256d00000,0x0000007256e00000)]
  0x0000022169bcc000 JavaThread "jar transforms Thread 7" [_thread_blocked, id=14124, stack(0x0000007256e00000,0x0000007256f00000)]
  0x0000022169bcb800 JavaThread "jar transforms Thread 8" [_thread_blocked, id=15476, stack(0x0000007256f00000,0x0000007257000000)]
  0x0000022169bcd000 JavaThread "File lock release action executor" [_thread_blocked, id=13400, stack(0x0000007256a00000,0x0000007256b00000)]
  0x0000022169bcf800 JavaThread "Cache worker for kotlin-dsl (C:\Users\Poul\.gradle\caches\7.5.1\kotlin-dsl)" [_thread_blocked, id=14904, stack(0x0000007257100000,0x0000007257200000)]
  0x00000221670a0800 JavaThread "Memory manager" [_thread_blocked, id=6900, stack(0x0000007259500000,0x0000007259600000)]
  0x00000221670a1800 JavaThread "included builds" [_thread_blocked, id=8660, stack(0x0000007259800000,0x0000007259900000)]
  0x000002216ed2a800 JavaThread "pool-3-thread-1" [_thread_blocked, id=17084, stack(0x000000725d400000,0x000000725d500000)]
  0x000002216709b000 JavaThread "Handler for socket connection from /127.0.0.1:60551 to /127.0.0.1:60608" [_thread_in_native, id=13484, stack(0x0000007255400000,0x0000007255500000)]
  0x000002216709a000 JavaThread "Cancel handler" [_thread_blocked, id=14316, stack(0x0000007255500000,0x0000007255600000)]
  0x0000022167097800 JavaThread "Asynchronous log dispatcher for DefaultDaemonConnection: socket connection from /127.0.0.1:60551 to /127.0.0.1:60608" [_thread_blocked, id=16724, stack(0x0000007255700000,0x0000007255800000)]
  0x000002216709b800 JavaThread "Stdin handler" [_thread_blocked, id=892, stack(0x0000007255800000,0x0000007255900000)]
  0x0000022167099800 JavaThread "Daemon client event forwarder" [_thread_blocked, id=14456, stack(0x0000007255900000,0x0000007255a00000)]
  0x000002216709c800 JavaThread "Cache worker for checksums cache (C:\Users\Poul\Documents\GitHub\PES\android\.gradle\7.5.1\checksums)" [_thread_blocked, id=14348, stack(0x0000007256300000,0x0000007256400000)]
  0x0000022167097000 JavaThread "Cache worker for cache directory md-rule (C:\Users\Poul\.gradle\caches\7.5.1\md-rule)" [_thread_blocked, id=17220, stack(0x0000007256400000,0x0000007256500000)]
  0x000002216709d800 JavaThread "Cache worker for file hash cache (C:\Users\Poul\Documents\GitHub\PES\android\.gradle\7.5.1\fileHashes)" [_thread_blocked, id=13356, stack(0x0000007256500000,0x0000007256600000)]
  0x000002216709e000 JavaThread "Cache worker for cache directory md-supplier (C:\Users\Poul\.gradle\caches\7.5.1\md-supplier)" [_thread_blocked, id=7524, stack(0x0000007256700000,0x0000007256800000)]
  0x0000022167098800 JavaThread "Cache worker for dependencies-accessors (C:\Users\Poul\Documents\GitHub\PES\android\.gradle\7.5.1\dependencies-accessors)" [_thread_blocked, id=17412, stack(0x0000007256b00000,0x0000007256c00000)]
  0x00000221670a2000 JavaThread "Cache worker for Build Output Cleanup Cache (C:\Users\Poul\Documents\GitHub\PES\android\.gradle\buildOutputCleanup)" [_thread_blocked, id=17200, stack(0x0000007257200000,0x0000007257300000)]
  0x00000221670a4800 JavaThread "Cache worker for Build Output Cleanup Cache (C:\Users\Poul\Documents\GitHub\PES\node_modules\react-native-gradle-plugin\.gradle\buildOutputCleanup)" [_thread_blocked, id=13756, stack(0x0000007257300000,0x0000007257400000)]
  0x000002216709f000 JavaThread "Unconstrained build operations" [_thread_blocked, id=8572, stack(0x0000007257000000,0x0000007257100000)]
  0x00000221670a3000 JavaThread "Unconstrained build operations Thread 2" [_thread_blocked, id=13972, stack(0x0000007257400000,0x0000007257500000)]
  0x00000221670a4000 JavaThread "Unconstrained build operations Thread 3" [_thread_blocked, id=4168, stack(0x0000007257500000,0x0000007257600000)]
  0x00000221670a5800 JavaThread "Unconstrained build operations Thread 4" [_thread_blocked, id=11144, stack(0x0000007257600000,0x0000007257700000)]
  0x00000221670a0000 JavaThread "Unconstrained build operations Thread 5" [_thread_blocked, id=16752, stack(0x0000007257700000,0x0000007257800000)]
  0x000002216ed20000 JavaThread "Unconstrained build operations Thread 6" [_thread_blocked, id=4528, stack(0x0000007257800000,0x0000007257900000)]
  0x000002216ed1c000 JavaThread "Unconstrained build operations Thread 7" [_thread_blocked, id=14700, stack(0x0000007257900000,0x0000007257a00000)]
  0x000002216ed1c800 JavaThread "Unconstrained build operations Thread 8" [_thread_blocked, id=17416, stack(0x0000007257a00000,0x0000007257b00000)]
  0x000002216ed1d800 JavaThread "Unconstrained build operations Thread 9" [_thread_blocked, id=18328, stack(0x0000007257b00000,0x0000007257c00000)]
  0x000002216ed21000 JavaThread "Unconstrained build operations Thread 10" [_thread_blocked, id=8100, stack(0x0000007257c00000,0x0000007257d00000)]
  0x000002216ed22800 JavaThread "Unconstrained build operations Thread 11" [_thread_blocked, id=16964, stack(0x0000007257d00000,0x0000007257e00000)]
  0x000002216ed21800 JavaThread "Unconstrained build operations Thread 12" [_thread_blocked, id=15208, stack(0x0000007257e00000,0x0000007257f00000)]
  0x000002216ed23000 JavaThread "Unconstrained build operations Thread 13" [_thread_blocked, id=4848, stack(0x0000007257f00000,0x0000007258000000)]
  0x000002216ed1e800 JavaThread "Unconstrained build operations Thread 14" [_thread_blocked, id=7748, stack(0x0000007258000000,0x0000007258100000)]
  0x000002216ed25000 JavaThread "Unconstrained build operations Thread 15" [_thread_blocked, id=13968, stack(0x0000007258100000,0x0000007258200000)]
  0x000002216ed1f000 JavaThread "Unconstrained build operations Thread 16" [_thread_blocked, id=10804, stack(0x0000007258200000,0x0000007258300000)]
  0x000002216ed27800 JavaThread "Unconstrained build operations Thread 17" [_thread_blocked, id=2728, stack(0x0000007258300000,0x0000007258400000)]
  0x000002216ed25800 JavaThread "Unconstrained build operations Thread 18" [_thread_blocked, id=10976, stack(0x0000007258400000,0x0000007258500000)]
  0x000002216ed28000 JavaThread "Unconstrained build operations Thread 19" [_thread_blocked, id=6640, stack(0x0000007258500000,0x0000007258600000)]
  0x000002216ed2a000 JavaThread "Unconstrained build operations Thread 20" [_thread_blocked, id=13784, stack(0x0000007258600000,0x0000007258700000)]
  0x000002216ed26800 JavaThread "Unconstrained build operations Thread 21" [_thread_blocked, id=15272, stack(0x0000007258700000,0x0000007258800000)]
  0x000002216ed29000 JavaThread "Unconstrained build operations Thread 22" [_thread_blocked, id=16916, stack(0x0000007258800000,0x0000007258900000)]
  0x0000022169bc8000 JavaThread "Unconstrained build operations Thread 23" [_thread_blocked, id=17964, stack(0x0000007258900000,0x0000007258a00000)]
  0x0000022169bc2800 JavaThread "Unconstrained build operations Thread 24" [_thread_blocked, id=15200, stack(0x0000007258a00000,0x0000007258b00000)]
  0x0000022169bcd800 JavaThread "Unconstrained build operations Thread 25" [_thread_blocked, id=18216, stack(0x0000007258b00000,0x0000007258c00000)]
  0x0000022169bc9800 JavaThread "Unconstrained build operations Thread 26" [_thread_blocked, id=16380, stack(0x0000007258c00000,0x0000007258d00000)]
  0x0000022169bce800 JavaThread "Unconstrained build operations Thread 27" [_thread_blocked, id=15680, stack(0x0000007258d00000,0x0000007258e00000)]
  0x0000022169bd0000 JavaThread "Unconstrained build operations Thread 28" [_thread_blocked, id=10580, stack(0x0000007258e00000,0x0000007258f00000)]
  0x0000022169bca800 JavaThread "Unconstrained build operations Thread 29" [_thread_blocked, id=8420, stack(0x0000007258f00000,0x0000007259000000)]
  0x0000022169bd1000 JavaThread "Unconstrained build operations Thread 30" [_thread_blocked, id=17484, stack(0x0000007259000000,0x0000007259100000)]
  0x0000022169913000 JavaThread "Unconstrained build operations Thread 31" [_thread_blocked, id=13628, stack(0x0000007259100000,0x0000007259200000)]
  0x000002216990d000 JavaThread "Unconstrained build operations Thread 32" [_thread_blocked, id=12440, stack(0x0000007259200000,0x0000007259300000)]
  0x000002216d55a800 JavaThread "Unconstrained build operations Thread 33" [_thread_blocked, id=15660, stack(0x0000007259300000,0x0000007259400000)]
  0x000002216d557800 JavaThread "build event listener" [_thread_blocked, id=4296, stack(0x0000007259400000,0x0000007259500000)]
  0x000002216d55b800 JavaThread "included builds" [_thread_blocked, id=14748, stack(0x0000007259700000,0x0000007259800000)]
  0x000002216d55c000 JavaThread "Execution worker" [_thread_blocked, id=1952, stack(0x0000007259900000,0x0000007259a00000)]
  0x000002216d55e000 JavaThread "Execution worker Thread 2" [_thread_blocked, id=14696, stack(0x0000007259a00000,0x0000007259b00000)]
  0x000002216d55d000 JavaThread "Execution worker Thread 3" [_thread_blocked, id=15924, stack(0x0000007259b00000,0x0000007259c00000)]
  0x000002216d559000 JavaThread "Execution worker Thread 4" [_thread_blocked, id=7716, stack(0x0000007259c00000,0x0000007259d00000)]
  0x000002216d558000 JavaThread "Execution worker Thread 5" [_thread_blocked, id=10600, stack(0x0000007259d00000,0x0000007259e00000)]
  0x000002216d55f800 JavaThread "Execution worker Thread 6" [_thread_blocked, id=16480, stack(0x0000007259e00000,0x0000007259f00000)]
  0x000002216d55e800 JavaThread "Execution worker Thread 7" [_thread_blocked, id=17752, stack(0x0000007259f00000,0x000000725a000000)]
  0x000002216d55a000 JavaThread "Cache worker for execution history cache (C:\Users\Poul\Documents\GitHub\PES\node_modules\react-native-gradle-plugin\.gradle\7.5.1\executionHistory)" [_thread_blocked, id=16728, stack(0x000000725a000000,0x000000725a100000)]
  0x000002216d563000 JavaThread "Unconstrained build operations Thread 34" [_thread_blocked, id=5604, stack(0x000000725a100000,0x000000725a200000)]
  0x000002216d561000 JavaThread "Unconstrained build operations Thread 35" [_thread_blocked, id=13840, stack(0x000000725a200000,0x000000725a300000)]
  0x000002216d563800 JavaThread "Unconstrained build operations Thread 36" [_thread_blocked, id=15048, stack(0x000000725a300000,0x000000725a400000)]
  0x000002216d565000 JavaThread "Unconstrained build operations Thread 37" [_thread_blocked, id=14004, stack(0x000000725a400000,0x000000725a500000)]
  0x000002216d566000 JavaThread "Unconstrained build operations Thread 38" [_thread_blocked, id=12200, stack(0x000000725a500000,0x000000725a600000)]
  0x000002216d564800 JavaThread "Unconstrained build operations Thread 39" [_thread_blocked, id=16644, stack(0x000000725a600000,0x000000725a700000)]
  0x000002216d560800 JavaThread "Unconstrained build operations Thread 40" [_thread_blocked, id=15820, stack(0x000000725a700000,0x000000725a800000)]
  0x000002216d562000 JavaThread "Unconstrained build operations Thread 41" [_thread_blocked, id=280, stack(0x000000725a800000,0x000000725a900000)]
  0x000002216e8a1000 JavaThread "Unconstrained build operations Thread 42" [_thread_blocked, id=9148, stack(0x000000725a900000,0x000000725aa00000)]
  0x000002216e8a1800 JavaThread "Unconstrained build operations Thread 43" [_thread_blocked, id=17456, stack(0x000000725aa00000,0x000000725ab00000)]
  0x000002216e8a0000 JavaThread "Unconstrained build operations Thread 44" [_thread_blocked, id=14308, stack(0x000000725ab00000,0x000000725ac00000)]
  0x000002216e89e800 JavaThread "Unconstrained build operations Thread 45" [_thread_blocked, id=17736, stack(0x000000725ac00000,0x000000725ad00000)]
  0x000002216e89f000 JavaThread "Unconstrained build operations Thread 46" [_thread_blocked, id=17536, stack(0x000000725ad00000,0x000000725ae00000)]
  0x000002216e8a2800 JavaThread "Unconstrained build operations Thread 47" [_thread_blocked, id=11080, stack(0x000000725ae00000,0x000000725af00000)]
  0x000002216e8a3800 JavaThread "Unconstrained build operations Thread 48" [_thread_blocked, id=14196, stack(0x000000725af00000,0x000000725b000000)]
  0x000002216e89d800 JavaThread "Unconstrained build operations Thread 49" [_thread_blocked, id=11568, stack(0x000000725b000000,0x000000725b100000)]
  0x000002216e8a5800 JavaThread "Unconstrained build operations Thread 50" [_thread_blocked, id=18324, stack(0x000000725b100000,0x000000725b200000)]
  0x000002216e8aa000 JavaThread "Unconstrained build operations Thread 51" [_thread_blocked, id=2600, stack(0x000000725b200000,0x000000725b300000)]
  0x000002216e8a9000 JavaThread "Unconstrained build operations Thread 52" [_thread_blocked, id=17164, stack(0x000000725b300000,0x000000725b400000)]
  0x000002216e8a6800 JavaThread "Unconstrained build operations Thread 53" [_thread_blocked, id=10332, stack(0x000000725b400000,0x000000725b500000)]
  0x000002216e8a4000 JavaThread "Unconstrained build operations Thread 54" [_thread_blocked, id=15912, stack(0x000000725b500000,0x000000725b600000)]
  0x000002216e8a7800 JavaThread "Unconstrained build operations Thread 55" [_thread_blocked, id=15176, stack(0x000000725b600000,0x000000725b700000)]
  0x000002216e8a5000 JavaThread "Unconstrained build operations Thread 56" [_thread_blocked, id=18348, stack(0x000000725b700000,0x000000725b800000)]
  0x000002216e8a8000 JavaThread "Unconstrained build operations Thread 57" [_thread_blocked, id=828, stack(0x000000725b800000,0x000000725b900000)]
  0x000002216e8aa800 JavaThread "Unconstrained build operations Thread 58" [_thread_blocked, id=16044, stack(0x000000725b900000,0x000000725ba00000)]
  0x000002216e8ab800 JavaThread "Unconstrained build operations Thread 59" [_thread_blocked, id=13072, stack(0x000000725ba00000,0x000000725bb00000)]
  0x000002216e8ac800 JavaThread "Unconstrained build operations Thread 60" [_thread_blocked, id=15244, stack(0x000000725bb00000,0x000000725bc00000)]
  0x000002216d181800 JavaThread "Unconstrained build operations Thread 61" [_thread_blocked, id=16108, stack(0x000000725bc00000,0x000000725bd00000)]
  0x000002216d17f000 JavaThread "Unconstrained build operations Thread 62" [_thread_blocked, id=10928, stack(0x000000725bd00000,0x000000725be00000)]
  0x000002216d17e000 JavaThread "Unconstrained build operations Thread 63" [_thread_blocked, id=15196, stack(0x000000725be00000,0x000000725bf00000)]
  0x000002216d17d800 JavaThread "Unconstrained build operations Thread 64" [_thread_blocked, id=10264, stack(0x000000725bf00000,0x000000725c000000)]
  0x000002216d182800 JavaThread "Unconstrained build operations Thread 65" [_thread_blocked, id=8588, stack(0x000000725c000000,0x000000725c100000)]
  0x000002216d180800 JavaThread "Unconstrained build operations Thread 66" [_thread_blocked, id=18176, stack(0x000000725c100000,0x000000725c200000)]
  0x000002216d180000 JavaThread "Unconstrained build operations Thread 67" [_thread_blocked, id=13568, stack(0x000000725c200000,0x000000725c300000)]
  0x000002216d17c800 JavaThread "Unconstrained build operations Thread 68" [_thread_blocked, id=13536, stack(0x000000725c300000,0x000000725c400000)]
  0x000002216d183000 JavaThread "Unconstrained build operations Thread 69" [_thread_blocked, id=17212, stack(0x000000725c400000,0x000000725c500000)]
  0x000002216d189800 JavaThread "Unconstrained build operations Thread 70" [_thread_blocked, id=5396, stack(0x000000725c500000,0x000000725c600000)]
  0x000002216d185800 JavaThread "Unconstrained build operations Thread 71" [_thread_blocked, id=13128, stack(0x000000725c600000,0x000000725c700000)]
  0x000002216d184000 JavaThread "Unconstrained build operations Thread 72" [_thread_blocked, id=4408, stack(0x000000725c700000,0x000000725c800000)]
  0x000002216d186800 JavaThread "Unconstrained build operations Thread 73" [_thread_blocked, id=11520, stack(0x000000725c800000,0x000000725c900000)]
  0x000002216d189000 JavaThread "Unconstrained build operations Thread 74" [_thread_blocked, id=3080, stack(0x000000725c900000,0x000000725ca00000)]
  0x000002216d187000 JavaThread "Unconstrained build operations Thread 75" [_thread_blocked, id=16872, stack(0x000000725ca00000,0x000000725cb00000)]
  0x000002216d188000 JavaThread "Unconstrained build operations Thread 76" [_thread_blocked, id=16864, stack(0x000000725cb00000,0x000000725cc00000)]
  0x000002216d18a800 JavaThread "Unconstrained build operations Thread 77" [_thread_blocked, id=6456, stack(0x000000725cc00000,0x000000725cd00000)]
  0x000002216d185000 JavaThread "Unconstrained build operations Thread 78" [_thread_blocked, id=16316, stack(0x000000725cd00000,0x000000725ce00000)]
  0x000002216d18b800 JavaThread "Unconstrained build operations Thread 79" [_thread_blocked, id=18284, stack(0x000000725ce00000,0x000000725cf00000)]
  0x0000022172816000 JavaThread "Unconstrained build operations Thread 80" [_thread_blocked, id=15808, stack(0x000000725cf00000,0x000000725d000000)]
  0x0000022166d82800 JavaThread "C2 CompilerThread1" daemon [_thread_in_native, id=6320, stack(0x0000007259600000,0x0000007259700000)]
=>0x0000022174ad4000 JavaThread "C2 CompilerThread2" daemon [_thread_in_native, id=18008, stack(0x000000725d500000,0x000000725d600000)]

Other Threads:
  0x00000221664e3000 VMThread "VM Thread" [stack: 0x0000007253e00000,0x0000007253f00000] [id=7936]
  0x0000022166f1a000 WatcherThread [stack: 0x0000007254800000,0x0000007254900000] [id=9028]
  0x00000221473e5800 GCTaskThread "GC Thread#0" [stack: 0x0000007253900000,0x0000007253a00000] [id=15544]
  0x0000022168080000 GCTaskThread "GC Thread#1" [stack: 0x0000007254b00000,0x0000007254c00000] [id=984]
  0x00000221681a4000 GCTaskThread "GC Thread#2" [stack: 0x0000007254c00000,0x0000007254d00000] [id=14416]
  0x00000221681bd000 GCTaskThread "GC Thread#3" [stack: 0x0000007254d00000,0x0000007254e00000] [id=6816]
  0x0000022167c5c800 GCTaskThread "GC Thread#4" [stack: 0x0000007254e00000,0x0000007254f00000] [id=14452]
  0x0000022167c5d800 GCTaskThread "GC Thread#5" [stack: 0x0000007254f00000,0x0000007255000000] [id=16244]
  0x00000221685d8000 GCTaskThread "GC Thread#6" [stack: 0x0000007254900000,0x0000007254a00000] [id=16064]
  0x00000221670f9000 GCTaskThread "GC Thread#7" [stack: 0x0000007254a00000,0x0000007254b00000] [id=13300]
  0x000002214741a800 ConcurrentGCThread "G1 Main Marker" [stack: 0x0000007253a00000,0x0000007253b00000] [id=15576]
  0x000002214741b800 ConcurrentGCThread "G1 Conc#0" [stack: 0x0000007253b00000,0x0000007253c00000] [id=11580]
  0x0000022169b84000 ConcurrentGCThread "G1 Conc#1" [stack: 0x0000007255c00000,0x0000007255d00000] [id=16220]
  0x00000221474ae800 ConcurrentGCThread "G1 Refine#0" [stack: 0x0000007253c00000,0x0000007253d00000] [id=14808]
  0x0000022170d10000 ConcurrentGCThread "G1 Refine#1" [stack: 0x0000007253500000,0x0000007253600000] [id=8280]
  0x0000022167585000 ConcurrentGCThread "G1 Refine#2" [stack: 0x000000725d000000,0x000000725d100000] [id=7940]
  0x0000022169d8f000 ConcurrentGCThread "G1 Refine#3" [stack: 0x000000725d100000,0x000000725d200000] [id=2544]
  0x0000022166378800 ConcurrentGCThread "G1 Young RemSet Sampling" [stack: 0x0000007253d00000,0x0000007253e00000] [id=18336]

Threads with active compile tasks:
C2 CompilerThread0    48925 15637       4       org.codehaus.groovy.reflection.stdclasses.CachedSAMClass::lambda$getSAMMethodImpl$0 (6 bytes)
C2 CompilerThread1    48925 15635       4       java.beans.Introspector::addPropertyDescriptor (265 bytes)
C2 CompilerThread2    48925 15636       4       org.codehaus.groovy.reflection.stdclasses.CachedSAMClass$$Lambda$369/0x00000001004d4440::test (12 bytes)

VM state:not at safepoint (normal execution)

VM Mutex/Monitor currently owned by a thread: None

Heap address: 0x0000000080000000, size: 2048 MB, Compressed Oops mode: 32-bit
Narrow klass base: 0x0000000000000000, Narrow klass shift: 3
Compressed class space size: 528482304 Address: 0x0000000100000000

Heap:
 garbage-first heap   total 262144K, used 173442K [0x0000000080000000, 0x0000000100000000)
  region size 1024K, 30 young (30720K), 3 survivors (3072K)
 Metaspace       used 130719K, capacity 135530K, committed 135668K, reserved 634880K
  class space    used 16684K, capacity 18441K, committed 18552K, reserved 516096K
Heap Regions: E=young(eden), S=young(survivor), O=old, HS=humongous(starts), HC=humongous(continues), CS=collection set, F=free, A=archive, TAMS=top-at-mark-start (previous, next)
|   0|0x0000000080000000, 0x0000000080100000, 0x0000000080100000|100%| O|  |TAMS 0x0000000080100000, 0x0000000080000000| Untracked 
|   1|0x0000000080100000, 0x0000000080200000, 0x0000000080200000|100%| O|  |TAMS 0x0000000080200000, 0x0000000080100000| Untracked 
|   2|0x0000000080200000, 0x0000000080300000, 0x0000000080300000|100%| O|  |TAMS 0x0000000080300000, 0x0000000080200000| Untracked 
|   3|0x0000000080300000, 0x0000000080400000, 0x0000000080400000|100%|HS|  |TAMS 0x0000000080400000, 0x0000000080300000| Complete 
|   4|0x0000000080400000, 0x0000000080500000, 0x0000000080500000|100%|HC|  |TAMS 0x0000000080500000, 0x0000000080400000| Complete 
|   5|0x0000000080500000, 0x0000000080600000, 0x0000000080600000|100%|HC|  |TAMS 0x0000000080600000, 0x0000000080500000| Complete 
|   6|0x0000000080600000, 0x0000000080700000, 0x0000000080700000|100%| O|  |TAMS 0x0000000080700000, 0x0000000080600000| Untracked 
|   7|0x0000000080700000, 0x0000000080800000, 0x0000000080800000|100%| O|  |TAMS 0x0000000080800000, 0x0000000080700000| Untracked 
|   8|0x0000000080800000, 0x0000000080900000, 0x0000000080900000|100%| O|  |TAMS 0x0000000080900000, 0x0000000080800000| Untracked 
|   9|0x0000000080900000, 0x0000000080a00000, 0x0000000080a00000|100%| O|  |TAMS 0x0000000080a00000, 0x0000000080900000| Untracked 
|  10|0x0000000080a00000, 0x0000000080b00000, 0x0000000080b00000|100%| O|  |TAMS 0x0000000080b00000, 0x0000000080a00000| Untracked 
|  11|0x0000000080b00000, 0x0000000080c00000, 0x0000000080c00000|100%| O|  |TAMS 0x0000000080c00000, 0x0000000080b00000| Untracked 
|  12|0x0000000080c00000, 0x0000000080d00000, 0x0000000080d00000|100%| O|  |TAMS 0x0000000080d00000, 0x0000000080c00000| Untracked 
|  13|0x0000000080d00000, 0x0000000080e00000, 0x0000000080e00000|100%| O|  |TAMS 0x0000000080e00000, 0x0000000080d00000| Untracked 
|  14|0x0000000080e00000, 0x0000000080f00000, 0x0000000080f00000|100%| O|  |TAMS 0x0000000080f00000, 0x0000000080e00000| Untracked 
|  15|0x0000000080f00000, 0x0000000081000000, 0x0000000081000000|100%| O|  |TAMS 0x0000000081000000, 0x0000000080f00000| Untracked 
|  16|0x0000000081000000, 0x0000000081100000, 0x0000000081100000|100%| O|  |TAMS 0x0000000081100000, 0x0000000081000000| Complete 
|  17|0x0000000081100000, 0x0000000081200000, 0x0000000081200000|100%|HS|  |TAMS 0x0000000081200000, 0x0000000081100000| Complete 
|  18|0x0000000081200000, 0x0000000081300000, 0x0000000081300000|100%| O|  |TAMS 0x0000000081300000, 0x0000000081200000| Untracked 
|  19|0x0000000081300000, 0x0000000081400000, 0x0000000081400000|100%| O|  |TAMS 0x0000000081400000, 0x0000000081300000| Untracked 
|  20|0x0000000081400000, 0x0000000081500000, 0x0000000081500000|100%| O|  |TAMS 0x0000000081500000, 0x0000000081400000| Untracked 
|  21|0x0000000081500000, 0x0000000081600000, 0x0000000081600000|100%| O|  |TAMS 0x0000000081600000, 0x0000000081500000| Untracked 
|  22|0x0000000081600000, 0x0000000081700000, 0x0000000081700000|100%| O|  |TAMS 0x0000000081700000, 0x0000000081600000| Untracked 
|  23|0x0000000081700000, 0x0000000081800000, 0x0000000081800000|100%| O|  |TAMS 0x0000000081800000, 0x0000000081700000| Untracked 
|  24|0x0000000081800000, 0x0000000081900000, 0x0000000081900000|100%|HS|  |TAMS 0x0000000081900000, 0x0000000081800000| Complete 
|  25|0x0000000081900000, 0x0000000081a00000, 0x0000000081a00000|100%|HC|  |TAMS 0x0000000081a00000, 0x0000000081900000| Complete 
|  26|0x0000000081a00000, 0x0000000081b00000, 0x0000000081b00000|100%|HC|  |TAMS 0x0000000081b00000, 0x0000000081a00000| Complete 
|  27|0x0000000081b00000, 0x0000000081c00000, 0x0000000081c00000|100%| O|  |TAMS 0x0000000081c00000, 0x0000000081b00000| Untracked 
|  28|0x0000000081c00000, 0x0000000081d00000, 0x0000000081d00000|100%| O|  |TAMS 0x0000000081d00000, 0x0000000081c00000| Untracked 
|  29|0x0000000081d00000, 0x0000000081e00000, 0x0000000081e00000|100%| O|  |TAMS 0x0000000081e00000, 0x0000000081d00000| Untracked 
|  30|0x0000000081e00000, 0x0000000081f00000, 0x0000000081f00000|100%| O|  |TAMS 0x0000000081f00000, 0x0000000081e00000| Untracked 
|  31|0x0000000081f00000, 0x0000000082000000, 0x0000000082000000|100%| O|  |TAMS 0x0000000082000000, 0x0000000081f00000| Complete 
|  32|0x0000000082000000, 0x0000000082100000, 0x0000000082100000|100%| O|  |TAMS 0x0000000082100000, 0x0000000082000000| Untracked 
|  33|0x0000000082100000, 0x0000000082200000, 0x0000000082200000|100%| O|  |TAMS 0x0000000082200000, 0x0000000082100000| Untracked 
|  34|0x0000000082200000, 0x0000000082300000, 0x0000000082300000|100%| O|  |TAMS 0x0000000082300000, 0x0000000082200000| Complete 
|  35|0x0000000082300000, 0x0000000082400000, 0x0000000082400000|100%|HS|  |TAMS 0x0000000082400000, 0x0000000082300000| Complete 
|  36|0x0000000082400000, 0x0000000082500000, 0x0000000082500000|100%| O|  |TAMS 0x0000000082500000, 0x0000000082400000| Untracked 
|  37|0x0000000082500000, 0x0000000082600000, 0x0000000082600000|100%| O|  |TAMS 0x0000000082600000, 0x0000000082500000| Complete 
|  38|0x0000000082600000, 0x0000000082700000, 0x0000000082700000|100%| O|  |TAMS 0x0000000082700000, 0x0000000082600000| Complete 
|  39|0x0000000082700000, 0x0000000082800000, 0x0000000082800000|100%| O|  |TAMS 0x0000000082800000, 0x0000000082700000| Complete 
|  40|0x0000000082800000, 0x0000000082900000, 0x0000000082900000|100%|HS|  |TAMS 0x0000000082900000, 0x0000000082800000| Complete 
|  41|0x0000000082900000, 0x0000000082a00000, 0x0000000082a00000|100%| O|  |TAMS 0x0000000082a00000, 0x0000000082900000| Complete 
|  42|0x0000000082a00000, 0x0000000082b00000, 0x0000000082b00000|100%|HS|  |TAMS 0x0000000082b00000, 0x0000000082a00000| Complete 
|  43|0x0000000082b00000, 0x0000000082c00000, 0x0000000082c00000|100%|HC|  |TAMS 0x0000000082c00000, 0x0000000082b00000| Complete 
|  44|0x0000000082c00000, 0x0000000082d00000, 0x0000000082d00000|100%| O|  |TAMS 0x0000000082d00000, 0x0000000082c00000| Untracked 
|  45|0x0000000082d00000, 0x0000000082e00000, 0x0000000082e00000|100%| O|  |TAMS 0x0000000082e00000, 0x0000000082d00000| Untracked 
|  46|0x0000000082e00000, 0x0000000082f00000, 0x0000000082f00000|100%| O|  |TAMS 0x0000000082f00000, 0x0000000082e00000| Untracked 
|  47|0x0000000082f00000, 0x0000000083000000, 0x0000000083000000|100%| O|  |TAMS 0x0000000083000000, 0x0000000082f00000| Untracked 
|  48|0x0000000083000000, 0x0000000083100000, 0x0000000083100000|100%| O|  |TAMS 0x0000000083100000, 0x0000000083000000| Untracked 
|  49|0x0000000083100000, 0x0000000083200000, 0x0000000083200000|100%| O|  |TAMS 0x0000000083200000, 0x0000000083100000| Untracked 
|  50|0x0000000083200000, 0x0000000083300000, 0x0000000083300000|100%| O|  |TAMS 0x0000000083300000, 0x0000000083200000| Complete 
|  51|0x0000000083300000, 0x0000000083400000, 0x0000000083400000|100%| O|  |TAMS 0x0000000083400000, 0x0000000083300000| Untracked 
|  52|0x0000000083400000, 0x0000000083500000, 0x0000000083500000|100%| O|  |TAMS 0x0000000083500000, 0x0000000083400000| Untracked 
|  53|0x0000000083500000, 0x0000000083600000, 0x0000000083600000|100%| O|  |TAMS 0x0000000083600000, 0x0000000083500000| Untracked 
|  54|0x0000000083600000, 0x0000000083700000, 0x0000000083700000|100%| O|  |TAMS 0x0000000083700000, 0x0000000083600000| Untracked 
|  55|0x0000000083700000, 0x0000000083800000, 0x0000000083800000|100%| O|  |TAMS 0x0000000083800000, 0x0000000083700000| Complete 
|  56|0x0000000083800000, 0x0000000083900000, 0x0000000083900000|100%| O|  |TAMS 0x0000000083900000, 0x0000000083800000| Complete 
|  57|0x0000000083900000, 0x0000000083a00000, 0x0000000083a00000|100%| O|  |TAMS 0x0000000083a00000, 0x0000000083900000| Complete 
|  58|0x0000000083a00000, 0x0000000083b00000, 0x0000000083b00000|100%| O|  |TAMS 0x0000000083b00000, 0x0000000083a00000| Complete 
|  59|0x0000000083b00000, 0x0000000083c00000, 0x0000000083c00000|100%| O|  |TAMS 0x0000000083c00000, 0x0000000083b00000| Complete 
|  60|0x0000000083c00000, 0x0000000083d00000, 0x0000000083d00000|100%| O|  |TAMS 0x0000000083d00000, 0x0000000083c00000| Complete 
|  61|0x0000000083d00000, 0x0000000083e00000, 0x0000000083e00000|100%| O|  |TAMS 0x0000000083e00000, 0x0000000083d00000| Untracked 
|  62|0x0000000083e00000, 0x0000000083f00000, 0x0000000083f00000|100%| O|  |TAMS 0x0000000083f00000, 0x0000000083e00000| Complete 
|  63|0x0000000083f00000, 0x0000000084000000, 0x0000000084000000|100%| O|  |TAMS 0x0000000084000000, 0x0000000083f00000| Complete 
|  64|0x0000000084000000, 0x0000000084100000, 0x0000000084100000|100%| O|  |TAMS 0x0000000084100000, 0x0000000084000000| Untracked 
|  65|0x0000000084100000, 0x0000000084200000, 0x0000000084200000|100%| O|  |TAMS 0x0000000084200000, 0x0000000084100000| Untracked 
|  66|0x0000000084200000, 0x0000000084300000, 0x0000000084300000|100%| O|  |TAMS 0x0000000084300000, 0x0000000084200000| Untracked 
|  67|0x0000000084300000, 0x0000000084400000, 0x0000000084400000|100%| O|  |TAMS 0x0000000084400000, 0x0000000084300000| Untracked 
|  68|0x0000000084400000, 0x0000000084500000, 0x0000000084500000|100%| O|  |TAMS 0x0000000084500000, 0x0000000084400000| Complete 
|  69|0x0000000084500000, 0x0000000084600000, 0x0000000084600000|100%| O|  |TAMS 0x0000000084600000, 0x0000000084500000| Complete 
|  70|0x0000000084600000, 0x0000000084700000, 0x0000000084700000|100%|HS|  |TAMS 0x0000000084600000, 0x0000000084600000| Complete 
|  71|0x0000000084700000, 0x0000000084800000, 0x0000000084800000|100%|HS|  |TAMS 0x0000000084800000, 0x0000000084700000| Complete 
|  72|0x0000000084800000, 0x0000000084900000, 0x0000000084900000|100%|HS|  |TAMS 0x0000000084900000, 0x0000000084800000| Complete 
|  73|0x0000000084900000, 0x0000000084a00000, 0x0000000084a00000|100%|HS|  |TAMS 0x0000000084a00000, 0x0000000084900000| Complete 
|  74|0x0000000084a00000, 0x0000000084b00000, 0x0000000084b00000|100%|HS|  |TAMS 0x0000000084b00000, 0x0000000084a00000| Complete 
|  75|0x0000000084b00000, 0x0000000084c00000, 0x0000000084c00000|100%|HC|  |TAMS 0x0000000084c00000, 0x0000000084b00000| Complete 
|  76|0x0000000084c00000, 0x0000000084d00000, 0x0000000084d00000|100%|HC|  |TAMS 0x0000000084d00000, 0x0000000084c00000| Complete 
|  77|0x0000000084d00000, 0x0000000084d9de00, 0x0000000084e00000| 61%| O|  |TAMS 0x0000000084d9de00, 0x0000000084d00000| Untracked 
|  78|0x0000000084e00000, 0x0000000084f00000, 0x0000000084f00000|100%| O|  |TAMS 0x0000000084f00000, 0x0000000084e00000| Complete 
|  79|0x0000000084f00000, 0x0000000084f00000, 0x0000000085000000|  0%| F|  |TAMS 0x0000000084f00000, 0x0000000084f00000| Untracked 
|  80|0x0000000085000000, 0x0000000085100000, 0x0000000085100000|100%| O|  |TAMS 0x0000000085100000, 0x0000000085000000| Complete 
|  81|0x0000000085100000, 0x0000000085100000, 0x0000000085200000|  0%| F|  |TAMS 0x0000000085100000, 0x0000000085100000| Untracked 
|  82|0x0000000085200000, 0x0000000085200000, 0x0000000085300000|  0%| F|  |TAMS 0x0000000085200000, 0x0000000085200000| Untracked 
|  83|0x0000000085300000, 0x0000000085400000, 0x0000000085400000|100%| O|  |TAMS 0x0000000085400000, 0x0000000085300000| Complete 
|  84|0x0000000085400000, 0x0000000085400000, 0x0000000085500000|  0%| F|  |TAMS 0x0000000085400000, 0x0000000085400000| Untracked 
|  85|0x0000000085500000, 0x0000000085500000, 0x0000000085600000|  0%| F|  |TAMS 0x0000000085500000, 0x0000000085500000| Untracked 
|  86|0x0000000085600000, 0x0000000085700000, 0x0000000085700000|100%| O|  |TAMS 0x0000000085700000, 0x0000000085600000| Complete 
|  87|0x0000000085700000, 0x0000000085800000, 0x0000000085800000|100%| O|  |TAMS 0x0000000085800000, 0x0000000085700000| Complete 
|  88|0x0000000085800000, 0x0000000085900000, 0x0000000085900000|100%| O|  |TAMS 0x0000000085900000, 0x0000000085800000| Untracked 
|  89|0x0000000085900000, 0x0000000085a00000, 0x0000000085a00000|100%| O|  |TAMS 0x0000000085a00000, 0x0000000085900000| Untracked 
|  90|0x0000000085a00000, 0x0000000085b00000, 0x0000000085b00000|100%| O|  |TAMS 0x0000000085b00000, 0x0000000085a00000| Untracked 
|  91|0x0000000085b00000, 0x0000000085c00000, 0x0000000085c00000|100%| O|  |TAMS 0x0000000085c00000, 0x0000000085b00000| Untracked 
|  92|0x0000000085c00000, 0x0000000085d00000, 0x0000000085d00000|100%| O|  |TAMS 0x0000000085d00000, 0x0000000085c00000| Untracked 
|  93|0x0000000085d00000, 0x0000000085e00000, 0x0000000085e00000|100%| O|  |TAMS 0x0000000085e00000, 0x0000000085d00000| Complete 
|  94|0x0000000085e00000, 0x0000000085f00000, 0x0000000085f00000|100%| O|  |TAMS 0x0000000085f00000, 0x0000000085e00000| Untracked 
|  95|0x0000000085f00000, 0x0000000086000000, 0x0000000086000000|100%| O|  |TAMS 0x0000000086000000, 0x0000000085f00000| Untracked 
|  96|0x0000000086000000, 0x0000000086100000, 0x0000000086100000|100%| O|  |TAMS 0x0000000086100000, 0x0000000086000000| Complete 
|  97|0x0000000086100000, 0x0000000086200000, 0x0000000086200000|100%| O|  |TAMS 0x0000000086200000, 0x0000000086100000| Complete 
|  98|0x0000000086200000, 0x0000000086300000, 0x0000000086300000|100%| O|  |TAMS 0x0000000086300000, 0x0000000086200000| Complete 
|  99|0x0000000086300000, 0x0000000086400000, 0x0000000086400000|100%| O|  |TAMS 0x0000000086400000, 0x0000000086300000| Complete 
| 100|0x0000000086400000, 0x0000000086400000, 0x0000000086500000|  0%| F|  |TAMS 0x0000000086400000, 0x0000000086400000| Untracked 
| 101|0x0000000086500000, 0x0000000086500000, 0x0000000086600000|  0%| F|  |TAMS 0x0000000086500000, 0x0000000086500000| Untracked 
| 102|0x0000000086600000, 0x0000000086600000, 0x0000000086700000|  0%| F|  |TAMS 0x0000000086600000, 0x0000000086600000| Untracked 
| 103|0x0000000086700000, 0x0000000086800000, 0x0000000086800000|100%|HS|  |TAMS 0x0000000086800000, 0x0000000086700000| Complete 
| 104|0x0000000086800000, 0x0000000086900000, 0x0000000086900000|100%|HC|  |TAMS 0x0000000086900000, 0x0000000086800000| Complete 
| 105|0x0000000086900000, 0x0000000086a00000, 0x0000000086a00000|100%|HS|  |TAMS 0x0000000086a00000, 0x0000000086900000| Complete 
| 106|0x0000000086a00000, 0x0000000086b00000, 0x0000000086b00000|100%|HC|  |TAMS 0x0000000086b00000, 0x0000000086a00000| Complete 
| 107|0x0000000086b00000, 0x0000000086c00000, 0x0000000086c00000|100%|HS|  |TAMS 0x0000000086c00000, 0x0000000086b00000| Complete 
| 108|0x0000000086c00000, 0x0000000086d00000, 0x0000000086d00000|100%|HS|  |TAMS 0x0000000086d00000, 0x0000000086c00000| Complete 
| 109|0x0000000086d00000, 0x0000000086e00000, 0x0000000086e00000|100%|HC|  |TAMS 0x0000000086e00000, 0x0000000086d00000| Complete 
| 110|0x0000000086e00000, 0x0000000086f00000, 0x0000000086f00000|100%|HC|  |TAMS 0x0000000086f00000, 0x0000000086e00000| Complete 
| 111|0x0000000086f00000, 0x0000000086f00000, 0x0000000087000000|  0%| F|  |TAMS 0x0000000086f00000, 0x0000000086f00000| Untracked 
| 112|0x0000000087000000, 0x0000000087000000, 0x0000000087100000|  0%| F|  |TAMS 0x0000000087000000, 0x0000000087000000| Untracked 
| 113|0x0000000087100000, 0x0000000087100000, 0x0000000087200000|  0%| F|  |TAMS 0x0000000087100000, 0x0000000087100000| Untracked 
| 114|0x0000000087200000, 0x0000000087300000, 0x0000000087300000|100%| O|  |TAMS 0x0000000087300000, 0x0000000087200000| Complete 
| 115|0x0000000087300000, 0x0000000087300000, 0x0000000087400000|  0%| F|  |TAMS 0x0000000087300000, 0x0000000087300000| Untracked 
| 116|0x0000000087400000, 0x0000000087400000, 0x0000000087500000|  0%| F|  |TAMS 0x0000000087400000, 0x0000000087400000| Untracked 
| 117|0x0000000087500000, 0x0000000087500000, 0x0000000087600000|  0%| F|  |TAMS 0x0000000087500000, 0x0000000087500000| Untracked 
| 118|0x0000000087600000, 0x0000000087700000, 0x0000000087700000|100%| O|  |TAMS 0x0000000087700000, 0x0000000087600000| Complete 
| 119|0x0000000087700000, 0x0000000087800000, 0x0000000087800000|100%| O|  |TAMS 0x0000000087800000, 0x0000000087700000| Complete 
| 120|0x0000000087800000, 0x0000000087900000, 0x0000000087900000|100%| O|  |TAMS 0x0000000087900000, 0x0000000087800000| Untracked 
| 121|0x0000000087900000, 0x0000000087a00000, 0x0000000087a00000|100%| O|  |TAMS 0x0000000087a00000, 0x0000000087900000| Complete 
| 122|0x0000000087a00000, 0x0000000087b00000, 0x0000000087b00000|100%| O|  |TAMS 0x0000000087b00000, 0x0000000087a00000| Untracked 
| 123|0x0000000087b00000, 0x0000000087c00000, 0x0000000087c00000|100%| O|  |TAMS 0x0000000087c00000, 0x0000000087b00000| Complete 
| 124|0x0000000087c00000, 0x0000000087c00000, 0x0000000087d00000|  0%| F|  |TAMS 0x0000000087c00000, 0x0000000087c00000| Untracked 
| 125|0x0000000087d00000, 0x0000000087d00000, 0x0000000087e00000|  0%| F|  |TAMS 0x0000000087d00000, 0x0000000087d00000| Untracked 
| 126|0x0000000087e00000, 0x0000000087f00000, 0x0000000087f00000|100%| O|  |TAMS 0x0000000087f00000, 0x0000000087e00000| Untracked 
| 127|0x0000000087f00000, 0x0000000087f00000, 0x0000000088000000|  0%| F|  |TAMS 0x0000000087f00000, 0x0000000087f00000| Untracked 
| 128|0x0000000088000000, 0x0000000088100000, 0x0000000088100000|100%|HS|  |TAMS 0x0000000088100000, 0x0000000088000000| Complete 
| 129|0x0000000088100000, 0x0000000088100000, 0x0000000088200000|  0%| F|  |TAMS 0x0000000088100000, 0x0000000088100000| Untracked 
| 130|0x0000000088200000, 0x0000000088200000, 0x0000000088300000|  0%| F|  |TAMS 0x0000000088200000, 0x0000000088200000| Untracked 
| 131|0x0000000088300000, 0x0000000088400000, 0x0000000088400000|100%| O|  |TAMS 0x0000000088400000, 0x0000000088300000| Untracked 
| 132|0x0000000088400000, 0x0000000088500000, 0x0000000088500000|100%| O|  |TAMS 0x0000000088500000, 0x0000000088400000| Untracked 
| 133|0x0000000088500000, 0x0000000088600000, 0x0000000088600000|100%| O|  |TAMS 0x0000000088600000, 0x0000000088500000| Complete 
| 134|0x0000000088600000, 0x0000000088600000, 0x0000000088700000|  0%| F|  |TAMS 0x0000000088600000, 0x0000000088600000| Untracked 
| 135|0x0000000088700000, 0x0000000088800000, 0x0000000088800000|100%| O|  |TAMS 0x0000000088800000, 0x0000000088700000| Complete 
| 136|0x0000000088800000, 0x0000000088900000, 0x0000000088900000|100%| O|  |TAMS 0x0000000088900000, 0x0000000088800000| Untracked 
| 137|0x0000000088900000, 0x0000000088a00000, 0x0000000088a00000|100%| O|  |TAMS 0x0000000088a00000, 0x0000000088900000| Untracked 
| 138|0x0000000088a00000, 0x0000000088a00000, 0x0000000088b00000|  0%| F|  |TAMS 0x0000000088a00000, 0x0000000088a00000| Untracked 
| 139|0x0000000088b00000, 0x0000000088c00000, 0x0000000088c00000|100%| O|  |TAMS 0x0000000088c00000, 0x0000000088b00000| Complete 
| 140|0x0000000088c00000, 0x0000000088c00000, 0x0000000088d00000|  0%| F|  |TAMS 0x0000000088c00000, 0x0000000088c00000| Untracked 
| 141|0x0000000088d00000, 0x0000000088d00000, 0x0000000088e00000|  0%| F|  |TAMS 0x0000000088d00000, 0x0000000088d00000| Untracked 
| 142|0x0000000088e00000, 0x0000000088e00000, 0x0000000088f00000|  0%| F|  |TAMS 0x0000000088e00000, 0x0000000088e00000| Untracked 
| 143|0x0000000088f00000, 0x0000000089000000, 0x0000000089000000|100%| O|  |TAMS 0x0000000089000000, 0x0000000088f00000| Complete 
| 144|0x0000000089000000, 0x0000000089100000, 0x0000000089100000|100%| O|  |TAMS 0x0000000089100000, 0x0000000089000000| Complete 
| 145|0x0000000089100000, 0x0000000089200000, 0x0000000089200000|100%| O|  |TAMS 0x0000000089200000, 0x0000000089100000| Complete 
| 146|0x0000000089200000, 0x0000000089200000, 0x0000000089300000|  0%| F|  |TAMS 0x0000000089200000, 0x0000000089200000| Untracked 
| 147|0x0000000089300000, 0x0000000089300000, 0x0000000089400000|  0%| F|  |TAMS 0x0000000089300000, 0x0000000089300000| Untracked 
| 148|0x0000000089400000, 0x0000000089500000, 0x0000000089500000|100%| O|  |TAMS 0x0000000089500000, 0x0000000089400000| Untracked 
| 149|0x0000000089500000, 0x0000000089600000, 0x0000000089600000|100%| O|  |TAMS 0x0000000089600000, 0x0000000089500000| Untracked 
| 150|0x0000000089600000, 0x0000000089600000, 0x0000000089700000|  0%| F|  |TAMS 0x0000000089600000, 0x0000000089600000| Untracked 
| 151|0x0000000089700000, 0x0000000089800000, 0x0000000089800000|100%| O|  |TAMS 0x0000000089800000, 0x0000000089700000| Complete 
| 152|0x0000000089800000, 0x0000000089800000, 0x0000000089900000|  0%| F|  |TAMS 0x0000000089800000, 0x0000000089800000| Untracked 
| 153|0x0000000089900000, 0x0000000089a00000, 0x0000000089a00000|100%| O|  |TAMS 0x0000000089a00000, 0x0000000089900000| Untracked 
| 154|0x0000000089a00000, 0x0000000089b00000, 0x0000000089b00000|100%| O|  |TAMS 0x0000000089b00000, 0x0000000089a00000| Untracked 
| 155|0x0000000089b00000, 0x0000000089c00000, 0x0000000089c00000|100%| O|  |TAMS 0x0000000089c00000, 0x0000000089b00000| Untracked 
| 156|0x0000000089c00000, 0x0000000089d00000, 0x0000000089d00000|100%| O|  |TAMS 0x0000000089d00000, 0x0000000089c00000| Complete 
| 157|0x0000000089d00000, 0x0000000089e00000, 0x0000000089e00000|100%| O|  |TAMS 0x0000000089e00000, 0x0000000089d00000| Complete 
| 158|0x0000000089e00000, 0x0000000089e00000, 0x0000000089f00000|  0%| F|  |TAMS 0x0000000089e00000, 0x0000000089e00000| Untracked 
| 159|0x0000000089f00000, 0x0000000089f00000, 0x000000008a000000|  0%| F|  |TAMS 0x0000000089f00000, 0x0000000089f00000| Untracked 
| 160|0x000000008a000000, 0x000000008a000000, 0x000000008a100000|  0%| F|  |TAMS 0x000000008a000000, 0x000000008a000000| Untracked 
| 161|0x000000008a100000, 0x000000008a100000, 0x000000008a200000|  0%| F|  |TAMS 0x000000008a100000, 0x000000008a100000| Untracked 
| 162|0x000000008a200000, 0x000000008a200000, 0x000000008a300000|  0%| F|  |TAMS 0x000000008a200000, 0x000000008a200000| Untracked 
| 163|0x000000008a300000, 0x000000008a300000, 0x000000008a400000|  0%| F|  |TAMS 0x000000008a300000, 0x000000008a300000| Untracked 
| 164|0x000000008a400000, 0x000000008a400000, 0x000000008a500000|  0%| F|  |TAMS 0x000000008a400000, 0x000000008a400000| Untracked 
| 165|0x000000008a500000, 0x000000008a500000, 0x000000008a600000|  0%| F|  |TAMS 0x000000008a500000, 0x000000008a500000| Untracked 
| 166|0x000000008a600000, 0x000000008a700000, 0x000000008a700000|100%| O|  |TAMS 0x000000008a700000, 0x000000008a600000| Untracked 
| 167|0x000000008a700000, 0x000000008a700000, 0x000000008a800000|  0%| F|  |TAMS 0x000000008a700000, 0x000000008a700000| Untracked 
| 168|0x000000008a800000, 0x000000008a800000, 0x000000008a900000|  0%| F|  |TAMS 0x000000008a800000, 0x000000008a800000| Untracked 
| 169|0x000000008a900000, 0x000000008a900000, 0x000000008aa00000|  0%| F|  |TAMS 0x000000008a900000, 0x000000008a900000| Untracked 
| 170|0x000000008aa00000, 0x000000008aa00000, 0x000000008ab00000|  0%| F|  |TAMS 0x000000008aa00000, 0x000000008aa00000| Untracked 
| 171|0x000000008ab00000, 0x000000008ab00000, 0x000000008ac00000|  0%| F|  |TAMS 0x000000008ab00000, 0x000000008ab00000| Untracked 
| 172|0x000000008ac00000, 0x000000008ad00000, 0x000000008ad00000|100%| O|  |TAMS 0x000000008ad00000, 0x000000008ac00000| Complete 
| 173|0x000000008ad00000, 0x000000008ae00000, 0x000000008ae00000|100%| O|  |TAMS 0x000000008ae00000, 0x000000008ad00000| Complete 
| 174|0x000000008ae00000, 0x000000008af00000, 0x000000008af00000|100%| O|  |TAMS 0x000000008af00000, 0x000000008ae00000| Complete 
| 175|0x000000008af00000, 0x000000008af00000, 0x000000008b000000|  0%| F|  |TAMS 0x000000008af00000, 0x000000008af00000| Untracked 
| 176|0x000000008b000000, 0x000000008b000000, 0x000000008b100000|  0%| F|  |TAMS 0x000000008b000000, 0x000000008b000000| Untracked 
| 177|0x000000008b100000, 0x000000008b200000, 0x000000008b200000|100%| O|  |TAMS 0x000000008b200000, 0x000000008b100000| Untracked 
| 178|0x000000008b200000, 0x000000008b300000, 0x000000008b300000|100%| O|  |TAMS 0x000000008b300000, 0x000000008b200000| Untracked 
| 179|0x000000008b300000, 0x000000008b400000, 0x000000008b400000|100%| O|  |TAMS 0x000000008b400000, 0x000000008b300000| Untracked 
| 180|0x000000008b400000, 0x000000008b500000, 0x000000008b500000|100%| O|  |TAMS 0x000000008b500000, 0x000000008b400000| Untracked 
| 181|0x000000008b500000, 0x000000008b600000, 0x000000008b600000|100%| O|  |TAMS 0x000000008b600000, 0x000000008b500000| Untracked 
| 182|0x000000008b600000, 0x000000008b700000, 0x000000008b700000|100%| O|  |TAMS 0x000000008b700000, 0x000000008b600000| Untracked 
| 183|0x000000008b700000, 0x000000008b800000, 0x000000008b800000|100%| O|  |TAMS 0x000000008b800000, 0x000000008b700000| Untracked 
| 184|0x000000008b800000, 0x000000008b800000, 0x000000008b900000|  0%| F|  |TAMS 0x000000008b800000, 0x000000008b800000| Untracked 
| 185|0x000000008b900000, 0x000000008b900000, 0x000000008ba00000|  0%| F|  |TAMS 0x000000008b900000, 0x000000008b900000| Untracked 
| 186|0x000000008ba00000, 0x000000008ba00000, 0x000000008bb00000|  0%| F|  |TAMS 0x000000008ba00000, 0x000000008ba00000| Untracked 
| 187|0x000000008bb00000, 0x000000008bb00000, 0x000000008bc00000|  0%| F|  |TAMS 0x000000008bb00000, 0x000000008bb00000| Untracked 
| 188|0x000000008bc00000, 0x000000008bc00000, 0x000000008bd00000|  0%| F|  |TAMS 0x000000008bc00000, 0x000000008bc00000| Untracked 
| 189|0x000000008bd00000, 0x000000008bd00000, 0x000000008be00000|  0%| F|  |TAMS 0x000000008bd00000, 0x000000008bd00000| Untracked 
| 190|0x000000008be00000, 0x000000008be00000, 0x000000008bf00000|  0%| F|  |TAMS 0x000000008be00000, 0x000000008be00000| Untracked 
| 191|0x000000008bf00000, 0x000000008bf00000, 0x000000008c000000|  0%| F|  |TAMS 0x000000008bf00000, 0x000000008bf00000| Untracked 
| 192|0x000000008c000000, 0x000000008c000000, 0x000000008c100000|  0%| F|  |TAMS 0x000000008c000000, 0x000000008c000000| Untracked 
| 193|0x000000008c100000, 0x000000008c100000, 0x000000008c200000|  0%| F|  |TAMS 0x000000008c100000, 0x000000008c100000| Untracked 
| 194|0x000000008c200000, 0x000000008c200000, 0x000000008c300000|  0%| F|  |TAMS 0x000000008c200000, 0x000000008c200000| Untracked 
| 195|0x000000008c300000, 0x000000008c300000, 0x000000008c400000|  0%| F|  |TAMS 0x000000008c300000, 0x000000008c300000| Untracked 
| 196|0x000000008c400000, 0x000000008c400000, 0x000000008c500000|  0%| F|  |TAMS 0x000000008c400000, 0x000000008c400000| Untracked 
| 197|0x000000008c500000, 0x000000008c500000, 0x000000008c600000|  0%| F|  |TAMS 0x000000008c500000, 0x000000008c500000| Untracked 
| 198|0x000000008c600000, 0x000000008c600000, 0x000000008c700000|  0%| F|  |TAMS 0x000000008c600000, 0x000000008c600000| Untracked 
| 199|0x000000008c700000, 0x000000008c700000, 0x000000008c800000|  0%| F|  |TAMS 0x000000008c700000, 0x000000008c700000| Untracked 
| 200|0x000000008c800000, 0x000000008c800000, 0x000000008c900000|  0%| F|  |TAMS 0x000000008c800000, 0x000000008c800000| Untracked 
| 201|0x000000008c900000, 0x000000008c900000, 0x000000008ca00000|  0%| F|  |TAMS 0x000000008c900000, 0x000000008c900000| Untracked 
| 202|0x000000008ca00000, 0x000000008ca00000, 0x000000008cb00000|  0%| F|  |TAMS 0x000000008ca00000, 0x000000008ca00000| Untracked 
| 203|0x000000008cb00000, 0x000000008cb00000, 0x000000008cc00000|  0%| F|  |TAMS 0x000000008cb00000, 0x000000008cb00000| Untracked 
| 204|0x000000008cc00000, 0x000000008cc00000, 0x000000008cd00000|  0%| F|  |TAMS 0x000000008cc00000, 0x000000008cc00000| Untracked 
| 205|0x000000008cd00000, 0x000000008cd00000, 0x000000008ce00000|  0%| F|  |TAMS 0x000000008cd00000, 0x000000008cd00000| Untracked 
| 206|0x000000008ce00000, 0x000000008ce00000, 0x000000008cf00000|  0%| F|  |TAMS 0x000000008ce00000, 0x000000008ce00000| Untracked 
| 207|0x000000008cf00000, 0x000000008cf00000, 0x000000008d000000|  0%| F|  |TAMS 0x000000008cf00000, 0x000000008cf00000| Untracked 
| 208|0x000000008d000000, 0x000000008d000000, 0x000000008d100000|  0%| F|  |TAMS 0x000000008d000000, 0x000000008d000000| Untracked 
| 209|0x000000008d100000, 0x000000008d100000, 0x000000008d200000|  0%| F|  |TAMS 0x000000008d100000, 0x000000008d100000| Untracked 
| 210|0x000000008d200000, 0x000000008d200000, 0x000000008d300000|  0%| F|  |TAMS 0x000000008d200000, 0x000000008d200000| Untracked 
| 211|0x000000008d300000, 0x000000008d300000, 0x000000008d400000|  0%| F|  |TAMS 0x000000008d300000, 0x000000008d300000| Untracked 
| 212|0x000000008d400000, 0x000000008d400000, 0x000000008d500000|  0%| F|  |TAMS 0x000000008d400000, 0x000000008d400000| Untracked 
| 213|0x000000008d500000, 0x000000008d500000, 0x000000008d600000|  0%| F|  |TAMS 0x000000008d500000, 0x000000008d500000| Untracked 
| 214|0x000000008d600000, 0x000000008d600000, 0x000000008d700000|  0%| F|  |TAMS 0x000000008d600000, 0x000000008d600000| Untracked 
| 215|0x000000008d700000, 0x000000008d700000, 0x000000008d800000|  0%| F|  |TAMS 0x000000008d700000, 0x000000008d700000| Untracked 
| 216|0x000000008d800000, 0x000000008d800000, 0x000000008d900000|  0%| F|  |TAMS 0x000000008d800000, 0x000000008d800000| Untracked 
| 217|0x000000008d900000, 0x000000008d900000, 0x000000008da00000|  0%| F|  |TAMS 0x000000008d900000, 0x000000008d900000| Untracked 
| 218|0x000000008da00000, 0x000000008da00000, 0x000000008db00000|  0%| F|  |TAMS 0x000000008da00000, 0x000000008da00000| Untracked 
| 219|0x000000008db00000, 0x000000008db00000, 0x000000008dc00000|  0%| F|  |TAMS 0x000000008db00000, 0x000000008db00000| Untracked 
| 220|0x000000008dc00000, 0x000000008dc00000, 0x000000008dd00000|  0%| F|  |TAMS 0x000000008dc00000, 0x000000008dc00000| Untracked 
| 221|0x000000008dd00000, 0x000000008dd00000, 0x000000008de00000|  0%| F|  |TAMS 0x000000008dd00000, 0x000000008dd00000| Untracked 
| 222|0x000000008de00000, 0x000000008de00000, 0x000000008df00000|  0%| F|  |TAMS 0x000000008de00000, 0x000000008de00000| Untracked 
| 223|0x000000008df00000, 0x000000008df00000, 0x000000008e000000|  0%| F|  |TAMS 0x000000008df00000, 0x000000008df00000| Untracked 
| 224|0x000000008e000000, 0x000000008e000000, 0x000000008e100000|  0%| F|  |TAMS 0x000000008e000000, 0x000000008e000000| Untracked 
| 225|0x000000008e100000, 0x000000008e200000, 0x000000008e200000|100%| E|  |TAMS 0x000000008e100000, 0x000000008e100000| Complete 
| 226|0x000000008e200000, 0x000000008e300000, 0x000000008e300000|100%| E|CS|TAMS 0x000000008e200000, 0x000000008e200000| Complete 
| 227|0x000000008e300000, 0x000000008e400000, 0x000000008e400000|100%| E|CS|TAMS 0x000000008e300000, 0x000000008e300000| Complete 
| 228|0x000000008e400000, 0x000000008e500000, 0x000000008e500000|100%| E|CS|TAMS 0x000000008e400000, 0x000000008e400000| Complete 
| 229|0x000000008e500000, 0x000000008e600000, 0x000000008e600000|100%| E|CS|TAMS 0x000000008e500000, 0x000000008e500000| Complete 
| 230|0x000000008e600000, 0x000000008e700000, 0x000000008e700000|100%| E|CS|TAMS 0x000000008e600000, 0x000000008e600000| Complete 
| 231|0x000000008e700000, 0x000000008e800000, 0x000000008e800000|100%| E|CS|TAMS 0x000000008e700000, 0x000000008e700000| Complete 
| 232|0x000000008e800000, 0x000000008e8c2c80, 0x000000008e900000| 76%| S|CS|TAMS 0x000000008e800000, 0x000000008e800000| Complete 
| 233|0x000000008e900000, 0x000000008ea00000, 0x000000008ea00000|100%| S|CS|TAMS 0x000000008e900000, 0x000000008e900000| Complete 
| 234|0x000000008ea00000, 0x000000008eb00000, 0x000000008eb00000|100%| S|CS|TAMS 0x000000008ea00000, 0x000000008ea00000| Complete 
| 235|0x000000008eb00000, 0x000000008ec00000, 0x000000008ec00000|100%| E|CS|TAMS 0x000000008eb00000, 0x000000008eb00000| Complete 
| 236|0x000000008ec00000, 0x000000008ed00000, 0x000000008ed00000|100%| E|CS|TAMS 0x000000008ec00000, 0x000000008ec00000| Complete 
| 237|0x000000008ed00000, 0x000000008ee00000, 0x000000008ee00000|100%| E|CS|TAMS 0x000000008ed00000, 0x000000008ed00000| Complete 
| 238|0x000000008ee00000, 0x000000008ef00000, 0x000000008ef00000|100%| E|CS|TAMS 0x000000008ee00000, 0x000000008ee00000| Complete 
| 239|0x000000008ef00000, 0x000000008f000000, 0x000000008f000000|100%| E|CS|TAMS 0x000000008ef00000, 0x000000008ef00000| Complete 
| 240|0x000000008f000000, 0x000000008f100000, 0x000000008f100000|100%| E|CS|TAMS 0x000000008f000000, 0x000000008f000000| Complete 
| 241|0x000000008f100000, 0x000000008f200000, 0x000000008f200000|100%| E|CS|TAMS 0x000000008f100000, 0x000000008f100000| Complete 
| 242|0x000000008f200000, 0x000000008f300000, 0x000000008f300000|100%| E|CS|TAMS 0x000000008f200000, 0x000000008f200000| Complete 
| 243|0x000000008f300000, 0x000000008f400000, 0x000000008f400000|100%| E|CS|TAMS 0x000000008f300000, 0x000000008f300000| Complete 
| 244|0x000000008f400000, 0x000000008f500000, 0x000000008f500000|100%| E|CS|TAMS 0x000000008f400000, 0x000000008f400000| Complete 
| 245|0x000000008f500000, 0x000000008f600000, 0x000000008f600000|100%| E|CS|TAMS 0x000000008f500000, 0x000000008f500000| Complete 
| 246|0x000000008f600000, 0x000000008f700000, 0x000000008f700000|100%| E|CS|TAMS 0x000000008f600000, 0x000000008f600000| Complete 
| 247|0x000000008f700000, 0x000000008f800000, 0x000000008f800000|100%| E|CS|TAMS 0x000000008f700000, 0x000000008f700000| Complete 
| 248|0x000000008f800000, 0x000000008f900000, 0x000000008f900000|100%| E|CS|TAMS 0x000000008f800000, 0x000000008f800000| Complete 
| 249|0x000000008f900000, 0x000000008fa00000, 0x000000008fa00000|100%| E|CS|TAMS 0x000000008f900000, 0x000000008f900000| Complete 
| 250|0x000000008fa00000, 0x000000008fb00000, 0x000000008fb00000|100%| E|CS|TAMS 0x000000008fa00000, 0x000000008fa00000| Complete 
| 251|0x000000008fb00000, 0x000000008fc00000, 0x000000008fc00000|100%| E|CS|TAMS 0x000000008fb00000, 0x000000008fb00000| Complete 
| 252|0x000000008fc00000, 0x000000008fd00000, 0x000000008fd00000|100%| E|CS|TAMS 0x000000008fc00000, 0x000000008fc00000| Complete 
| 253|0x000000008fd00000, 0x000000008fe00000, 0x000000008fe00000|100%| E|CS|TAMS 0x000000008fd00000, 0x000000008fd00000| Complete 
| 254|0x000000008fe00000, 0x000000008ff00000, 0x000000008ff00000|100%| E|CS|TAMS 0x000000008fe00000, 0x000000008fe00000| Complete 
| 255|0x000000008ff00000, 0x0000000090000000, 0x0000000090000000|100%| E|CS|TAMS 0x000000008ff00000, 0x000000008ff00000| Complete 

Card table byte_map: [0x000002215f280000,0x000002215f680000] _byte_map_base: 0x000002215ee80000

Marking Bits (Prev, Next): (CMBitMap*) 0x00000221474108b8, (CMBitMap*) 0x00000221474108f0
 Prev Bits: [0x000002215fa80000, 0x0000022161a80000)
 Next Bits: [0x0000022161a80000, 0x0000022163a80000)

Polling page: 0x00000221453c0000

Metaspace:

Usage:
  Non-class:    114.34 MB capacity,   111.36 MB ( 97%) used,     2.60 MB (  2%) free+waste,   395.00 KB ( <1%) overhead. 
      Class:     18.01 MB capacity,    16.29 MB ( 90%) used,     1.54 MB (  9%) free+waste,   180.38 KB ( <1%) overhead. 
       Both:    132.35 MB capacity,   127.66 MB ( 96%) used,     4.14 MB (  3%) free+waste,   575.38 KB ( <1%) overhead. 

Virtual space:
  Non-class space:      116.00 MB reserved,     114.37 MB ( 99%) committed 
      Class space:      504.00 MB reserved,      18.12 MB (  4%) committed 
             Both:      620.00 MB reserved,     132.49 MB ( 21%) committed 

Chunk freelists:
   Non-Class:  27.00 KB
       Class:  1.00 KB
        Both:  28.00 KB

MaxMetaspaceSize: 512.00 MB
CompressedClassSpaceSize: 504.00 MB
Initial GC threshold: 20.80 MB
Current GC threshold: 220.19 MB
CDS: off

CodeHeap 'non-profiled nmethods': size=120000Kb used=11555Kb max_used=11555Kb free=108445Kb
 bounds [0x0000022157620000, 0x0000022158170000, 0x000002215eb50000]
CodeHeap 'profiled nmethods': size=120000Kb used=35174Kb max_used=35174Kb free=84825Kb
 bounds [0x00000221500f0000, 0x0000022152350000, 0x0000022157620000]
CodeHeap 'non-nmethods': size=5760Kb used=2405Kb max_used=2482Kb free=3354Kb
 bounds [0x000002214fb50000, 0x000002214fdd0000, 0x00000221500f0000]
 total_blobs=16521 nmethods=15591 adapters=841
 compilation: enabled
              stopped_count=0, restarted_count=0
 full_count=0

Compilation events (20 events):
Event: 48.811 Thread 0x0000022166d89000 15628   !   3       java.lang.Class::getTypeName (76 bytes)
Event: 48.812 Thread 0x0000022166d82800 15629       4       java.lang.Math::min (46 bytes)
Event: 48.812 Thread 0x0000022166d89000 nmethod 15628 0x000002215233ed90 code [0x000002215233f060, 0x000002215233fd18]
Event: 48.812 Thread 0x0000022166d82800 nmethod 15629 0x0000022158164f90 code [0x0000022158165140, 0x0000022158165238]
Event: 48.813 Thread 0x0000022166d89000 15630       3       java.beans.Introspector::getPropertyDescriptors (37 bytes)
Event: 48.813 Thread 0x0000022166d89000 nmethod 15630 0x0000022152340310 code [0x00000221523404e0, 0x00000221523408d8]
Event: 48.816 Thread 0x0000022166d87800 15631       4       java.beans.MethodDescriptor::<init> (48 bytes)
Event: 48.817 Thread 0x0000022166d89000 15632       3       java.beans.Introspector::getTargetPropertyInfo (292 bytes)
Event: 48.817 Thread 0x0000022166d82800 15633       4       java.util.Hashtable::<init> (114 bytes)
Event: 48.818 Thread 0x0000022166d89000 nmethod 15632 0x0000022152340a10 code [0x0000022152340e40, 0x0000022152342c58]
Event: 48.819 Thread 0x0000022166d87800 nmethod 15631 0x0000022158165310 code [0x00000221581654c0, 0x00000221581657c8]
Event: 48.819 Thread 0x0000022166d82800 nmethod 15633 0x0000022158165910 code [0x0000022158165ae0, 0x0000022158165e38]
Event: 48.819 Thread 0x0000022166d87800 15634  s    4       java.util.Hashtable::putAll (52 bytes)
Event: 48.819 Thread 0x0000022166d82800 15635       4       java.beans.Introspector::addPropertyDescriptor (265 bytes)
Event: 48.822 Thread 0x0000022174ad4000 nmethod 15627 0x0000022158165f90 code [0x0000022158166140, 0x0000022158166a38]
Event: 48.833 Thread 0x0000022174ad4000 15636       4       org.codehaus.groovy.reflection.stdclasses.CachedSAMClass$$Lambda$369/0x00000001004d4440::test (12 bytes)
Event: 48.843 Thread 0x0000022166d87800 nmethod 15634 0x0000022158166e10 code [0x0000022158167000, 0x0000022158167de8]
Event: 48.843 Thread 0x0000022166d87800 15638       4       java.util.LinkedList$ListItr::remove (84 bytes)
Event: 48.850 Thread 0x0000022166d87800 nmethod 15638 0x0000022158168310 code [0x00000221581684a0, 0x0000022158168a98]
Event: 48.850 Thread 0x0000022166d87800 15637       4       org.codehaus.groovy.reflection.stdclasses.CachedSAMClass::lambda$getSAMMethodImpl$0 (6 bytes)

GC Heap History (20 events):
Event: 37.454 GC heap before
{Heap before GC invocations=29 (full 0):
 garbage-first heap   total 262144K, used 209432K [0x0000000080000000, 0x0000000100000000)
  region size 1024K, 60 young (61440K), 7 survivors (7168K)
 Metaspace       used 112171K, capacity 116567K, committed 116724K, reserved 618496K
  class space    used 14561K, capacity 16239K, committed 16248K, reserved 516096K
}
Event: 37.464 GC heap after
{Heap after GC invocations=30 (full 0):
 garbage-first heap   total 262144K, used 162178K [0x0000000080000000, 0x0000000100000000)
  region size 1024K, 8 young (8192K), 8 survivors (8192K)
 Metaspace       used 112171K, capacity 116567K, committed 116724K, reserved 618496K
  class space    used 14561K, capacity 16239K, committed 16248K, reserved 516096K
}
Event: 38.207 GC heap before
{Heap before GC invocations=30 (full 0):
 garbage-first heap   total 262144K, used 213378K [0x0000000080000000, 0x0000000100000000)
  region size 1024K, 58 young (59392K), 8 survivors (8192K)
 Metaspace       used 113733K, capacity 118183K, committed 118516K, reserved 618496K
  class space    used 14733K, capacity 16426K, committed 16504K, reserved 516096K
}
Event: 38.215 GC heap after
{Heap after GC invocations=31 (full 0):
 garbage-first heap   total 262144K, used 169587K [0x0000000080000000, 0x0000000100000000)
  region size 1024K, 7 young (7168K), 7 survivors (7168K)
 Metaspace       used 113733K, capacity 118183K, committed 118516K, reserved 618496K
  class space    used 14733K, capacity 16426K, committed 16504K, reserved 516096K
}
Event: 38.912 GC heap before
{Heap before GC invocations=32 (full 0):
 garbage-first heap   total 262144K, used 209523K [0x0000000080000000, 0x0000000100000000)
  region size 1024K, 47 young (48128K), 7 survivors (7168K)
 Metaspace       used 114858K, capacity 119421K, committed 119668K, reserved 620544K
  class space    used 14889K, capacity 16590K, committed 16632K, reserved 516096K
}
Event: 38.921 GC heap after
{Heap after GC invocations=33 (full 0):
 garbage-first heap   total 262144K, used 175280K [0x0000000080000000, 0x0000000100000000)
  region size 1024K, 6 young (6144K), 6 survivors (6144K)
 Metaspace       used 114858K, capacity 119421K, committed 119668K, reserved 620544K
  class space    used 14889K, capacity 16590K, committed 16632K, reserved 516096K
}
Event: 47.140 GC heap before
{Heap before GC invocations=34 (full 0):
 garbage-first heap   total 262144K, used 218288K [0x0000000080000000, 0x0000000100000000)
  region size 1024K, 48 young (49152K), 6 survivors (6144K)
 Metaspace       used 118920K, capacity 123692K, committed 123892K, reserved 624640K
  class space    used 15248K, capacity 16995K, committed 17016K, reserved 516096K
}
Event: 47.145 GC heap after
{Heap after GC invocations=35 (full 0):
 garbage-first heap   total 262144K, used 178828K [0x0000000080000000, 0x0000000100000000)
  region size 1024K, 4 young (4096K), 4 survivors (4096K)
 Metaspace       used 118920K, capacity 123692K, committed 123892K, reserved 624640K
  class space    used 15248K, capacity 16995K, committed 17016K, reserved 516096K
}
Event: 47.606 GC heap before
{Heap before GC invocations=35 (full 0):
 garbage-first heap   total 262144K, used 218764K [0x0000000080000000, 0x0000000100000000)
  region size 1024K, 44 young (45056K), 4 survivors (4096K)
 Metaspace       used 120260K, capacity 125043K, committed 125172K, reserved 624640K
  class space    used 15403K, capacity 17167K, committed 17272K, reserved 516096K
}
Event: 47.616 GC heap after
{Heap after GC invocations=36 (full 0):
 garbage-first heap   total 262144K, used 182112K [0x0000000080000000, 0x0000000100000000)
  region size 1024K, 4 young (4096K), 4 survivors (4096K)
 Metaspace       used 120260K, capacity 125043K, committed 125172K, reserved 624640K
  class space    used 15403K, capacity 17167K, committed 17272K, reserved 516096K
}
Event: 48.247 GC heap before
{Heap before GC invocations=37 (full 0):
 garbage-first heap   total 262144K, used 223072K [0x0000000080000000, 0x0000000100000000)
  region size 1024K, 43 young (44032K), 4 survivors (4096K)
 Metaspace       used 126493K, capacity 131243K, committed 131444K, reserved 630784K
  class space    used 16092K, capacity 17846K, committed 17912K, reserved 516096K
}
Event: 48.251 GC heap after
{Heap after GC invocations=38 (full 0):
 garbage-first heap   total 262144K, used 184125K [0x0000000080000000, 0x0000000100000000)
  region size 1024K, 6 young (6144K), 6 survivors (6144K)
 Metaspace       used 126493K, capacity 131243K, committed 131444K, reserved 630784K
  class space    used 16092K, capacity 17846K, committed 17912K, reserved 516096K
}
Event: 48.296 GC heap before
{Heap before GC invocations=38 (full 0):
 garbage-first heap   total 262144K, used 191293K [0x0000000080000000, 0x0000000100000000)
  region size 1024K, 12 young (12288K), 6 survivors (6144K)
 Metaspace       used 126502K, capacity 131243K, committed 131444K, reserved 630784K
  class space    used 16093K, capacity 17846K, committed 17912K, reserved 516096K
}
Event: 48.301 GC heap after
{Heap after GC invocations=39 (full 0):
 garbage-first heap   total 262144K, used 161966K [0x0000000080000000, 0x0000000100000000)
  region size 1024K, 2 young (2048K), 2 survivors (2048K)
 Metaspace       used 126502K, capacity 131243K, committed 131444K, reserved 630784K
  class space    used 16093K, capacity 17846K, committed 17912K, reserved 516096K
}
Event: 48.365 GC heap before
{Heap before GC invocations=39 (full 0):
 garbage-first heap   total 262144K, used 177326K [0x0000000080000000, 0x0000000100000000)
  region size 1024K, 12 young (12288K), 2 survivors (2048K)
 Metaspace       used 126722K, capacity 131531K, committed 131700K, reserved 630784K
  class space    used 16131K, capacity 17878K, committed 17912K, reserved 516096K
}
Event: 48.374 GC heap after
{Heap after GC invocations=40 (full 0):
 garbage-first heap   total 262144K, used 143846K [0x0000000080000000, 0x0000000100000000)
  region size 1024K, 1 young (1024K), 1 survivors (1024K)
 Metaspace       used 126722K, capacity 131531K, committed 131700K, reserved 630784K
  class space    used 16131K, capacity 17878K, committed 17912K, reserved 516096K
}
Event: 48.490 GC heap before
{Heap before GC invocations=40 (full 0):
 garbage-first heap   total 262144K, used 154086K [0x0000000080000000, 0x0000000100000000)
  region size 1024K, 12 young (12288K), 1 survivors (1024K)
 Metaspace       used 128074K, capacity 132875K, committed 132980K, reserved 632832K
  class space    used 16298K, capacity 18070K, committed 18168K, reserved 516096K
}
Event: 48.493 GC heap after
{Heap after GC invocations=41 (full 0):
 garbage-first heap   total 262144K, used 144530K [0x0000000080000000, 0x0000000100000000)
  region size 1024K, 2 young (2048K), 2 survivors (2048K)
 Metaspace       used 128074K, capacity 132875K, committed 132980K, reserved 632832K
  class space    used 16298K, capacity 18070K, committed 18168K, reserved 516096K
}
Event: 48.647 GC heap before
{Heap before GC invocations=41 (full 0):
 garbage-first heap   total 262144K, used 161938K [0x0000000080000000, 0x0000000100000000)
  region size 1024K, 21 young (21504K), 2 survivors (2048K)
 Metaspace       used 129718K, capacity 134510K, committed 134772K, reserved 632832K
  class space    used 16522K, capacity 18295K, committed 18424K, reserved 516096K
}
Event: 48.649 GC heap after
{Heap after GC invocations=42 (full 0):
 garbage-first heap   total 262144K, used 145794K [0x0000000080000000, 0x0000000100000000)
  region size 1024K, 3 young (3072K), 3 survivors (3072K)
 Metaspace       used 129718K, capacity 134510K, committed 134772K, reserved 632832K
  class space    used 16522K, capacity 18295K, committed 18424K, reserved 516096K
}

Deoptimization events (20 events):
Event: 48.324 Thread 0x00000221697f5800 DEOPT PACKING pc=0x0000022150412891 sp=0x00000072556f28f0
Event: 48.324 Thread 0x00000221697f5800 DEOPT UNPACKING pc=0x000002214fb9a95e sp=0x00000072556f1d68 mode 0
Event: 48.325 Thread 0x00000221697f5800 DEOPT PACKING pc=0x0000022150412749 sp=0x00000072556f28f0
Event: 48.325 Thread 0x00000221697f5800 DEOPT UNPACKING pc=0x000002214fb9a95e sp=0x00000072556f1d68 mode 0
Event: 48.325 Thread 0x00000221697f5800 DEOPT PACKING pc=0x0000022150412749 sp=0x00000072556f28f0
Event: 48.325 Thread 0x00000221697f5800 DEOPT UNPACKING pc=0x000002214fb9a95e sp=0x00000072556f1d68 mode 0
Event: 48.325 Thread 0x00000221697f5800 DEOPT PACKING pc=0x0000022150412749 sp=0x00000072556f28f0
Event: 48.325 Thread 0x00000221697f5800 DEOPT UNPACKING pc=0x000002214fb9a95e sp=0x00000072556f1d68 mode 0
Event: 48.325 Thread 0x00000221697f5800 DEOPT PACKING pc=0x0000022150412749 sp=0x00000072556f28f0
Event: 48.325 Thread 0x00000221697f5800 DEOPT UNPACKING pc=0x000002214fb9a95e sp=0x00000072556f1d68 mode 0
Event: 48.325 Thread 0x00000221697f5800 DEOPT PACKING pc=0x0000022150412891 sp=0x00000072556f28f0
Event: 48.325 Thread 0x00000221697f5800 DEOPT UNPACKING pc=0x000002214fb9a95e sp=0x00000072556f1d68 mode 0
Event: 48.672 Thread 0x00000221697f5800 Uncommon trap: trap_request=0xffffff4d fr.pc=0x0000022158156048 relative=0x0000000000000088
Event: 48.672 Thread 0x00000221697f5800 Uncommon trap: reason=unstable_if action=reinterpret pc=0x0000022158156048 method=com.google.gson.stream.JsonReader.peek()Lcom/google/gson/stream/JsonToken; @ 15 c2
Event: 48.672 Thread 0x00000221697f5800 DEOPT PACKING pc=0x0000022158156048 sp=0x00000072556f6080
Event: 48.672 Thread 0x00000221697f5800 DEOPT UNPACKING pc=0x000002214fb9a1af sp=0x00000072556f6008 mode 2
Event: 48.828 Thread 0x00000221697f5800 Uncommon trap: trap_request=0xfffffff4 fr.pc=0x0000022157e20d08 relative=0x0000000000004e88
Event: 48.828 Thread 0x00000221697f5800 Uncommon trap: reason=null_check action=make_not_entrant pc=0x0000022157e20d08 method=java.lang.PublicMethods$MethodList.getMostSpecific()Ljava/lang/reflect/Method; @ 41 c2
Event: 48.828 Thread 0x00000221697f5800 DEOPT PACKING pc=0x0000022157e20d08 sp=0x00000072556f3de0
Event: 48.828 Thread 0x00000221697f5800 DEOPT UNPACKING pc=0x000002214fb9a1af sp=0x00000072556f3bf0 mode 2

Classes redefined (0 events):
No events

Internal exceptions (20 events):
Event: 47.537 Thread 0x00000221697f5800 Exception <a 'java/security/PrivilegedActionException'{0x000000008dec2ca0}> (0x000000008dec2ca0) thrown at [./src/hotspot/share/prims/jvm.cpp, line 1306]
Event: 47.537 Thread 0x00000221697f5800 Exception <a 'java/security/PrivilegedActionException'{0x000000008dec4208}> (0x000000008dec4208) thrown at [./src/hotspot/share/prims/jvm.cpp, line 1306]
Event: 47.537 Thread 0x00000221697f5800 Exception <a 'java/security/PrivilegedActionException'{0x000000008dec7650}> (0x000000008dec7650) thrown at [./src/hotspot/share/prims/jvm.cpp, line 1306]
Event: 47.537 Thread 0x00000221697f5800 Exception <a 'java/security/PrivilegedActionException'{0x000000008dec8bb8}> (0x000000008dec8bb8) thrown at [./src/hotspot/share/prims/jvm.cpp, line 1306]
Event: 47.537 Thread 0x00000221697f5800 Exception <a 'java/security/PrivilegedActionException'{0x000000008decc058}> (0x000000008decc058) thrown at [./src/hotspot/share/prims/jvm.cpp, line 1306]
Event: 47.537 Thread 0x00000221697f5800 Exception <a 'java/security/PrivilegedActionException'{0x000000008decd5c0}> (0x000000008decd5c0) thrown at [./src/hotspot/share/prims/jvm.cpp, line 1306]
Event: 47.601 Thread 0x00000221697f5800 Implicit null exception at 0x0000022158073a6c to 0x0000022158073cb8
Event: 48.355 Thread 0x00000221697f5800 Exception <a 'sun/nio/fs/WindowsException'{0x000000008f4425f0}> (0x000000008f4425f0) thrown at [./src/hotspot/share/prims/jni.cpp, line 617]
Event: 48.809 Thread 0x00000221697f5800 Exception <a 'java/lang/ClassNotFoundException'{0x000000008f4c0268}: com/android/build/gradle/internal/dsl/BaseAppModuleExtension_DecoratedBeanInfo> (0x000000008f4c0268) thrown at [./src/hotspot/share/classfile/systemDictionary.cpp, line 230]
Event: 48.809 Thread 0x00000221697f5800 Exception <a 'java/lang/ClassNotFoundException'{0x000000008f4d8660}: com/android/build/gradle/internal/dsl/BaseAppModuleExtensionBeanInfo> (0x000000008f4d8660) thrown at [./src/hotspot/share/classfile/systemDictionary.cpp, line 230]
Event: 48.810 Thread 0x00000221697f5800 Exception <a 'java/lang/ClassNotFoundException'{0x000000008f4ece80}: com/android/build/gradle/AppExtensionBeanInfo> (0x000000008f4ece80) thrown at [./src/hotspot/share/classfile/systemDictionary.cpp, line 230]
Event: 48.810 Thread 0x00000221697f5800 Exception <a 'java/lang/ClassNotFoundException'{0x000000008f302f08}: com/android/build/gradle/AbstractAppExtensionBeanInfo> (0x000000008f302f08) thrown at [./src/hotspot/share/classfile/systemDictionary.cpp, line 230]
Event: 48.810 Thread 0x00000221697f5800 Exception <a 'java/lang/ClassNotFoundException'{0x000000008f317a38}: com/android/build/gradle/TestedExtensionBeanInfo> (0x000000008f317a38) thrown at [./src/hotspot/share/classfile/systemDictionary.cpp, line 230]
Event: 48.810 Thread 0x00000221697f5800 Exception <a 'java/lang/ClassNotFoundException'{0x000000008f32c480}: com/android/build/gradle/BaseExtensionBeanInfo> (0x000000008f32c480) thrown at [./src/hotspot/share/classfile/systemDictionary.cpp, line 230]
Event: 48.811 Thread 0x00000221697f5800 Exception <a 'java/lang/ClassNotFoundException'{0x000000008f340f78}: com/android/build/gradle/BaseExtensionCustomizer> (0x000000008f340f78) thrown at [./src/hotspot/share/classfile/systemDictionary.cpp, line 230]
Event: 48.812 Thread 0x00000221697f5800 Exception <a 'java/lang/ClassNotFoundException'{0x000000008f3af030}: com/android/build/gradle/TestedExtensionCustomizer> (0x000000008f3af030) thrown at [./src/hotspot/share/classfile/systemDictionary.cpp, line 230]
Event: 48.813 Thread 0x00000221697f5800 Exception <a 'java/lang/ClassNotFoundException'{0x000000008f3def48}: com/android/build/gradle/AbstractAppExtensionCustomizer> (0x000000008f3def48) thrown at [./src/hotspot/share/classfile/systemDictionary.cpp, line 230]
Event: 48.814 Thread 0x00000221697f5800 Exception <a 'java/lang/ClassNotFoundException'{0x000000008f20a388}: com/android/build/gradle/AppExtensionCustomizer> (0x000000008f20a388) thrown at [./src/hotspot/share/classfile/systemDictionary.cpp, line 230]
Event: 48.815 Thread 0x00000221697f5800 Exception <a 'java/lang/ClassNotFoundException'{0x000000008f237668}: com/android/build/gradle/internal/dsl/BaseAppModuleExtensionCustomizer> (0x000000008f237668) thrown at [./src/hotspot/share/classfile/systemDictionary.cpp, line 230]
Event: 48.818 Thread 0x00000221697f5800 Exception <a 'java/lang/ClassNotFoundException'{0x000000008f122360}: com/android/build/gradle/internal/dsl/BaseAppModuleExtension_DecoratedCustomizer> (0x000000008f122360) thrown at [./src/hotspot/share/classfile/systemDictionary.cpp, line 230]

Events (20 events):
Event: 48.810 loading class com/android/build/gradle/BaseExtensionBeanInfo
Event: 48.810 loading class com/android/build/gradle/BaseExtensionBeanInfo done
Event: 48.811 loading class com/android/build/gradle/BaseExtensionCustomizer
Event: 48.811 loading class com/android/build/gradle/BaseExtensionCustomizer done
Event: 48.812 loading class com/android/build/gradle/TestedExtensionCustomizer
Event: 48.812 loading class com/android/build/gradle/TestedExtensionCustomizer done
Event: 48.813 loading class com/android/build/gradle/AbstractAppExtensionCustomizer
Event: 48.813 loading class com/android/build/gradle/AbstractAppExtensionCustomizer done
Event: 48.814 loading class com/android/build/gradle/AppExtensionCustomizer
Event: 48.814 loading class com/android/build/gradle/AppExtensionCustomizer done
Event: 48.815 loading class com/android/build/gradle/internal/dsl/BaseAppModuleExtensionCustomizer
Event: 48.815 loading class com/android/build/gradle/internal/dsl/BaseAppModuleExtensionCustomizer done
Event: 48.816 loading class java/beans/ParameterDescriptor
Event: 48.816 loading class java/beans/ParameterDescriptor done
Event: 48.818 loading class com/android/build/gradle/internal/dsl/BaseAppModuleExtension_DecoratedCustomizer
Event: 48.818 loading class com/android/build/gradle/internal/dsl/BaseAppModuleExtension_DecoratedCustomizer done
Event: 48.822 loading class groovy/runtime/metaclass/build_dygxl96ovp1ear2xngno77z1a$_run_closure2$_closure4MetaClass
Event: 48.822 loading class groovy/runtime/metaclass/build_dygxl96ovp1ear2xngno77z1a$_run_closure2$_closure4MetaClass done
Event: 48.823 loading class groovy/runtime/metaclass/com/android/build/gradle/internal/dsl/DefaultConfig$AgpDecorated_DecoratedMetaClass
Event: 48.823 loading class groovy/runtime/metaclass/com/android/build/gradle/internal/dsl/DefaultConfig$AgpDecorated_DecoratedMetaClass done


Dynamic libraries:
0x00007ff78d430000 - 0x00007ff78d43d000 	C:\Program Files\Microsoft\jdk-11.0.18.10-hotspot\bin\java.exe
0x00007ffcef770000 - 0x00007ffcef968000 	C:\Windows\SYSTEM32\ntdll.dll
0x00007ffcef460000 - 0x00007ffcef51f000 	C:\Windows\System32\KERNEL32.DLL
0x00007ffced2b0000 - 0x00007ffced582000 	C:\Windows\System32\KERNELBASE.dll
0x00007ffced020000 - 0x00007ffced120000 	C:\Windows\System32\ucrtbase.dll
0x00007ffcd7ce0000 - 0x00007ffcd7cf5000 	C:\Program Files\Microsoft\jdk-11.0.18.10-hotspot\bin\VCRUNTIME140.dll
0x00007ffcd7cc0000 - 0x00007ffcd7cd7000 	C:\Program Files\Microsoft\jdk-11.0.18.10-hotspot\bin\jli.dll
0x00007ffcee950000 - 0x00007ffceeaf1000 	C:\Windows\System32\USER32.dll
0x00007ffcd8bb0000 - 0x00007ffcd8e4a000 	C:\Windows\WinSxS\amd64_microsoft.windows.common-controls_6595b64144ccf1df_6.0.19041.1110_none_60b5254171f9507e\COMCTL32.dll
0x00007ffcece70000 - 0x00007ffcece92000 	C:\Windows\System32\win32u.dll
0x00007ffcef3c0000 - 0x00007ffcef45e000 	C:\Windows\System32\msvcrt.dll
0x00007ffcef5e0000 - 0x00007ffcef60b000 	C:\Windows\System32\GDI32.dll
0x00007ffced6b0000 - 0x00007ffced7bf000 	C:\Windows\System32\gdi32full.dll
0x00007ffcecea0000 - 0x00007ffcecf3d000 	C:\Windows\System32\msvcp_win.dll
0x00007ffceee70000 - 0x00007ffceeea0000 	C:\Windows\System32\IMM32.DLL
0x00007ffc73ef0000 - 0x00007ffc73f8b000 	C:\Program Files\Microsoft\jdk-11.0.18.10-hotspot\bin\msvcp140.dll
0x00007ffc73350000 - 0x00007ffc73ee2000 	C:\Program Files\Microsoft\jdk-11.0.18.10-hotspot\bin\server\jvm.dll
0x00007ffceda20000 - 0x00007ffcedace000 	C:\Windows\System32\ADVAPI32.dll
0x00007ffceeb00000 - 0x00007ffceeb9c000 	C:\Windows\System32\sechost.dll
0x00007ffceeba0000 - 0x00007ffceecc4000 	C:\Windows\System32\RPCRT4.dll
0x00007ffcedad0000 - 0x00007ffcedad8000 	C:\Windows\System32\PSAPI.DLL
0x00007ffce4780000 - 0x00007ffce47a7000 	C:\Windows\SYSTEM32\WINMM.dll
0x00007ffcd9530000 - 0x00007ffcd9539000 	C:\Windows\SYSTEM32\WSOCK32.dll
0x00007ffce5620000 - 0x00007ffce562a000 	C:\Windows\SYSTEM32\VERSION.dll
0x00007ffceee00000 - 0x00007ffceee6b000 	C:\Windows\System32\WS2_32.dll
0x00007ffceac70000 - 0x00007ffceac82000 	C:\Windows\SYSTEM32\kernel.appcore.dll
0x00007ffcd91d0000 - 0x00007ffcd91e0000 	C:\Program Files\Microsoft\jdk-11.0.18.10-hotspot\bin\verify.dll
0x00007ffcdd760000 - 0x00007ffcdd944000 	C:\Windows\SYSTEM32\DBGHELP.DLL
0x00007ffcd8690000 - 0x00007ffcd86c5000 	C:\Windows\SYSTEM32\dbgcore.DLL
0x00007ffcecf40000 - 0x00007ffcecfc2000 	C:\Windows\System32\bcryptPrimitives.dll
0x00007ffccf790000 - 0x00007ffccf7b8000 	C:\Program Files\Microsoft\jdk-11.0.18.10-hotspot\bin\java.dll
0x00007ffcd90b0000 - 0x00007ffcd90ba000 	C:\Program Files\Microsoft\jdk-11.0.18.10-hotspot\bin\jimage.dll
0x00007ffcd7100000 - 0x00007ffcd7118000 	C:\Program Files\Microsoft\jdk-11.0.18.10-hotspot\bin\zip.dll
0x00007ffcedcf0000 - 0x00007ffcee435000 	C:\Windows\System32\SHELL32.dll
0x00007ffceaf50000 - 0x00007ffceb6e2000 	C:\Windows\SYSTEM32\windows.storage.dll
0x00007ffcee440000 - 0x00007ffcee795000 	C:\Windows\System32\combase.dll
0x00007ffcec8d0000 - 0x00007ffcec900000 	C:\Windows\SYSTEM32\Wldp.dll
0x00007ffced7c0000 - 0x00007ffced86d000 	C:\Windows\System32\SHCORE.dll
0x00007ffcef580000 - 0x00007ffcef5d5000 	C:\Windows\System32\shlwapi.dll
0x00007ffcecdb0000 - 0x00007ffcecdcf000 	C:\Windows\SYSTEM32\profapi.dll
0x00007ffcd2420000 - 0x00007ffcd2439000 	C:\Program Files\Microsoft\jdk-11.0.18.10-hotspot\bin\net.dll
0x00007ffce6660000 - 0x00007ffce676a000 	C:\Windows\SYSTEM32\WINHTTP.dll
0x00007ffcec630000 - 0x00007ffcec69a000 	C:\Windows\system32\mswsock.dll
0x00007ffcd0550000 - 0x00007ffcd0563000 	C:\Program Files\Microsoft\jdk-11.0.18.10-hotspot\bin\nio.dll
0x00007ffc6a820000 - 0x00007ffc6a847000 	C:\Users\Poul\.gradle\native\e1d6ef7f7dcc3fd88c89a11ec53ec762bb8ba0a96d01ffa2cd45eb1d1d8dd5c5\windows-amd64\native-platform.dll
0x00007ffc69350000 - 0x00007ffc69494000 	C:\Users\Poul\.gradle\native\0d407fdbe67a94daf76414ababcb853783967236a71b16ec16e742cd7a986fd3\windows-amd64\native-platform-file-events.dll
0x00007ffcd71d0000 - 0x00007ffcd71d9000 	C:\Program Files\Microsoft\jdk-11.0.18.10-hotspot\bin\management.dll
0x00007ffcd35e0000 - 0x00007ffcd35eb000 	C:\Program Files\Microsoft\jdk-11.0.18.10-hotspot\bin\management_ext.dll
0x00007ffcec820000 - 0x00007ffcec838000 	C:\Windows\SYSTEM32\CRYPTSP.dll
0x00007ffcebee0000 - 0x00007ffcebf14000 	C:\Windows\system32\rsaenh.dll
0x00007ffced120000 - 0x00007ffced147000 	C:\Windows\System32\bcrypt.dll
0x00007ffcecd30000 - 0x00007ffcecd5e000 	C:\Windows\SYSTEM32\USERENV.dll
0x00007ffcec840000 - 0x00007ffcec84c000 	C:\Windows\SYSTEM32\CRYPTBASE.dll
0x00007ffcec2d0000 - 0x00007ffcec30b000 	C:\Windows\SYSTEM32\IPHLPAPI.DLL
0x00007ffcedce0000 - 0x00007ffcedce8000 	C:\Windows\System32\NSI.dll
0x00007ffce6fc0000 - 0x00007ffce6fd7000 	C:\Windows\SYSTEM32\dhcpcsvc6.DLL
0x00007ffce7000000 - 0x00007ffce701d000 	C:\Windows\SYSTEM32\dhcpcsvc.DLL
0x00007ffcec320000 - 0x00007ffcec3eb000 	C:\Windows\SYSTEM32\DNSAPI.dll

dbghelp: loaded successfully - version: 4.0.5 - missing functions: none
symbol engine: initialized successfully - sym options: 0x614 - pdb path: .;C:\Program Files\Microsoft\jdk-11.0.18.10-hotspot\bin;C:\Windows\SYSTEM32;C:\Windows\WinSxS\amd64_microsoft.windows.common-controls_6595b64144ccf1df_6.0.19041.1110_none_60b5254171f9507e;C:\Program Files\Microsoft\jdk-11.0.18.10-hotspot\bin\server;C:\Users\Poul\.gradle\native\e1d6ef7f7dcc3fd88c89a11ec53ec762bb8ba0a96d01ffa2cd45eb1d1d8dd5c5\windows-amd64;C:\Users\Poul\.gradle\native\0d407fdbe67a94daf76414ababcb853783967236a71b16ec16e742cd7a986fd3\windows-amd64

VM Arguments:
jvm_args: -XX:MaxMetaspaceSize=512m --add-opens=java.base/java.util=ALL-UNNAMED --add-opens=java.base/java.lang=ALL-UNNAMED --add-opens=java.base/java.lang.invoke=ALL-UNNAMED --add-opens=java.base/java.util=ALL-UNNAMED --add-opens=java.prefs/java.util.prefs=ALL-UNNAMED --add-opens=java.prefs/java.util.prefs=ALL-UNNAMED --add-opens=java.base/java.nio.charset=ALL-UNNAMED --add-opens=java.base/java.net=ALL-UNNAMED --add-opens=java.base/java.util.concurrent.atomic=ALL-UNNAMED -Xmx2048m -Dfile.encoding=utf8 -Duser.country=US -Duser.language=en -Duser.variant 
java_command: org.gradle.launcher.daemon.bootstrap.GradleDaemon 7.5.1
java_class_path (initial): C:\Users\Poul\.gradle\wrapper\dists\gradle-7.5.1-all\1ehga6e77gqps5uk2kc5kf1vc\gradle-7.5.1\lib\gradle-launcher-7.5.1.jar
Launcher Type: SUN_STANDARD

[Global flags]
     intx CICompilerCount                          = 4                                         {product} {ergonomic}
   size_t CompressedClassSpaceSize                 = 528482304                                 {product} {ergonomic}
     uint ConcGCThreads                            = 2                                         {product} {ergonomic}
     uint G1ConcRefinementThreads                  = 8                                         {product} {ergonomic}
   size_t G1HeapRegionSize                         = 1048576                                   {product} {ergonomic}
    uintx GCDrainStackTargetSize                   = 64                                        {product} {ergonomic}
   size_t InitialHeapSize                          = 268435456                                 {product} {ergonomic}
   size_t MarkStackSize                            = 4194304                                   {product} {ergonomic}
   size_t MaxHeapSize                              = 2147483648                                {product} {command line}
   size_t MaxMetaspaceSize                         = 536870912                                 {product} {command line}
   size_t MaxNewSize                               = 1287651328                                {product} {ergonomic}
   size_t MinHeapDeltaBytes                        = 1048576                                   {product} {ergonomic}
    uintx NonNMethodCodeHeapSize                   = 5836300                                {pd product} {ergonomic}
    uintx NonProfiledCodeHeapSize                  = 122910970                              {pd product} {ergonomic}
    uintx ProfiledCodeHeapSize                     = 122910970                              {pd product} {ergonomic}
    uintx ReservedCodeCacheSize                    = 251658240                              {pd product} {ergonomic}
     bool SegmentedCodeCache                       = true                                      {product} {ergonomic}
     bool UseCompressedClassPointers               = true                                 {lp64_product} {ergonomic}
     bool UseCompressedOops                        = true                                 {lp64_product} {ergonomic}
     bool UseG1GC                                  = true                                      {product} {ergonomic}
     bool UseLargePagesIndividualAllocation        = false                                  {pd product} {ergonomic}

Logging:
Log output configuration:
 #0: stdout all=warning uptime,level,tags
 #1: stderr all=off uptime,level,tags

Environment Variables:
JAVA_HOME=C:\Program Files\Microsoft\jdk-11.0.18.10-hotspot\
PATH=C:\Program Files\Microsoft\jdk-11.0.18.10-hotspot\bin;C:\Program Files (x86)\Common Files\Oracle\Java\javapath;C:\Windows\system32;C:\Windows;C:\Windows\System32\Wbem;C:\Windows\System32\WindowsPowerShell\v1.0\;C:\Windows\System32\OpenSSH\;C:\Program Files\nodejs\;C:\Program Files\Microsoft\jdk-11.0.18.10-hotspot\\bin;C:\ProgramData\chocolatey\bin;C:\Users\Poul\AppData\Local\Android\Sdk\platform-tools;C:\Program Files\Java\jre1.8.0_361\bin;C:\Users\Poul\AppData\Local\Microsoft\WindowsApps;C:\Users\Poul\AppData\Roaming\npm;E:\Microsoft VS Code\bin;C:\Users\Poul\AppData\Local\GitHubDesktop\bin
USERNAME=Poul
OS=Windows_NT
PROCESSOR_IDENTIFIER=Intel64 Family 6 Model 165 Stepping 3, GenuineIntel
TMP=C:\Users\Poul\AppData\Local\Temp
TEMP=C:\Users\Poul\AppData\Local\Temp



---------------  S Y S T E M  ---------------

OS: Windows 10 , 64 bit Build 19041 (10.0.19041.2546)
OS uptime: 0 days 1:26 hours

CPU:total 8 (initial active 8) (4 cores per cpu, 2 threads per core) family 6 model 165 stepping 3 microcode 0xe0, cmov, cx8, fxsr, mmx, sse, sse2, sse3, ssse3, sse4.1, sse4.2, popcnt, avx, avx2, aes, clmul, erms, 3dnowpref, lzcnt, ht, tsc, tscinvbit, bmi1, bmi2, adx, fma

Memory: 4k page, system-wide physical 16322M (684M free)
TotalPageFile size 20418M (AvailPageFile size 2M)
current process WorkingSet (physical memory assigned to process): 608M, peak: 608M
current process commit charge ("private bytes"): 662M, peak: 662M

vm_info: OpenJDK 64-Bit Server VM (11.0.18+10-LTS) for windows-amd64 JRE (11.0.18+10-LTS), built on Jan 18 2023 15:56:47 by "MicrosoftCorporation" with MS VC++ 15.9 (VS2017)

END.
