#
# There is insufficient memory for the Java Runtime Environment to continue.
# Native memory allocation (mmap) failed to map 54525952 bytes for Failed to commit area from 0x0000000090000000 to 0x0000000093400000 of length 54525952.
# Possible reasons:
#   The system is out of physical RAM or swap space
#   The process is running with CompressedOops enabled, and the Java Heap may be blocking the growth of the native heap
# Possible solutions:
#   Reduce memory load on the system
#   Increase physical memory or swap space
#   Check if swap backing store is full
#   Decrease Java heap size (-Xmx/-Xms)
#   Decrease number of Java threads
#   Decrease Java thread stack sizes (-Xss)
#   Set larger code cache with -XX:ReservedCodeCacheSize=
#   JVM is running with Unscaled Compressed Oops mode in which the Java heap is
#     placed in the first 4GB address space. The Java Heap base address is the
#     maximum limit for the native heap growth. Please use -XX:HeapBaseMinAddress
#     to set the Java Heap base and to place the Java Heap above 4GB virtual address.
# This output file may be truncated or incomplete.
#
#  Out of Memory Error (./src/hotspot/os/windows/os_windows.cpp:3386), pid=6736, tid=8584
#
# JRE version: OpenJDK Runtime Environment Microsoft-7208460 (11.0.18+10) (build 11.0.18+10-LTS)
# Java VM: OpenJDK 64-Bit Server VM Microsoft-7208460 (11.0.18+10-LTS, mixed mode, tiered, compressed oops, g1 gc, windows-amd64)
# No core dump will be written. Minidumps are not enabled by default on client versions of Windows
#

---------------  S U M M A R Y ------------

Command Line: -XX:MaxMetaspaceSize=512m --add-opens=java.base/java.util=ALL-UNNAMED --add-opens=java.base/java.lang=ALL-UNNAMED --add-opens=java.base/java.lang.invoke=ALL-UNNAMED --add-opens=java.base/java.util=ALL-UNNAMED --add-opens=java.prefs/java.util.prefs=ALL-UNNAMED --add-opens=java.prefs/java.util.prefs=ALL-UNNAMED --add-opens=java.base/java.nio.charset=ALL-UNNAMED --add-opens=java.base/java.net=ALL-UNNAMED --add-opens=java.base/java.util.concurrent.atomic=ALL-UNNAMED -Xmx2048m -Dfile.encoding=windows-1252 -Duser.country=US -Duser.language=en -Duser.variant org.gradle.launcher.daemon.bootstrap.GradleDaemon 7.5.1

Host: Intel(R) Core(TM) i3-10100F CPU @ 3.60GHz, 8 cores, 15G,  Windows 10 , 64 bit Build 19041 (10.0.19041.2546)
Time: Mon Mar 20 13:54:16 2023 SE Asia Standard Time elapsed time: 153.254202 seconds (0d 0h 2m 33s)

---------------  T H R E A D  ---------------

Current thread (0x000002491c195000):  VMThread "VM Thread" [stack: 0x000000a677300000,0x000000a677400000] [id=8584]

Stack: [0x000000a677300000,0x000000a677400000]
[error occurred during error reporting (printing stack bounds), id 0xc0000005, EXCEPTION_ACCESS_VIOLATION (0xc0000005) at pc=0x00000249086a112d]

Native frames: (J=compiled Java code, j=interpreted, Vv=VM code, C=native code)
V  [jvm.dll+0x62bf8a]
V  [jvm.dll+0x7b8fb9]
V  [jvm.dll+0x7ba6a8]
V  [jvm.dll+0x7bace5]
V  [jvm.dll+0x7bac9b]
V  [jvm.dll+0x62b317]
V  [jvm.dll+0x62ba28]
C  [ntdll.dll+0xa241f]
C  [ntdll.dll+0x514a4]
C  [ntdll.dll+0xa0f4e]
C  0x00000249086a112d

VM_Operation (0x000000a679bfe200): G1CollectForAllocation, mode: safepoint, requested by thread 0x000002492024f000


---------------  P R O C E S S  ---------------

Threads class SMR info:
_java_thread_list=0x0000024923ffcbb0, length=145, elements={
0x000002497b0d4800, 0x000002491c1aa800, 0x000002491c1a0800, 0x000002491ca2a000,
0x000002491ca2c000, 0x000002491ca2d800, 0x000002491ca31800, 0x000002491ca36800,
0x000002491ca3a000, 0x000002491cba8800, 0x000002491e0ae000, 0x000002491db1b800,
0x000002491d960000, 0x000002491f264000, 0x000002491f262800, 0x000002491f25f000,
0x000002491f261800, 0x000002491f261000, 0x000002491f265800, 0x000002492024f000,
0x000002492024b800, 0x0000024920254000, 0x0000024920251800, 0x0000024920252000,
0x0000024920254800, 0x0000024920253000, 0x0000024920258000, 0x0000024920256800,
0x0000024922a02000, 0x0000024922a00000, 0x0000024922830000, 0x00000249229fe000,
0x00000249229ff000, 0x0000024922a00800, 0x0000024922a01800, 0x0000024922a03000,
0x00000249229fd800, 0x0000024922a09800, 0x0000024922a06800, 0x0000024922a07000,
0x0000024922a08000, 0x0000024922a05800, 0x0000024922a04800, 0x0000024922a04000,
0x0000024922a09000, 0x0000024922a0a800, 0x0000024922a0b000, 0x0000024922828800,
0x000002492282c000, 0x000002492282b000, 0x0000024922828000, 0x000002492282e800,
0x000002492282f000, 0x000002492282d800, 0x0000024922829800, 0x000002492282a800,
0x0000024922832800, 0x0000024922831000, 0x0000024922833800, 0x0000024922835000,
0x0000024922834000, 0x0000024922831800, 0x0000024922835800, 0x000002492024d800,
0x0000024920255800, 0x0000024920250000, 0x0000024920259800, 0x0000024920257000,
0x0000024920259000, 0x000002492025a800, 0x000002491f260000, 0x000002491f265000,
0x000002491f263800, 0x000002491ec73800, 0x000002491ec76000, 0x000002491ec74000,
0x000002491ec75000, 0x000002491ec76800, 0x000002491ec77800, 0x000002491ec71800,
0x000002491ec78800, 0x000002491ec72800, 0x000002491eed6000, 0x000002491eed7800,
0x000002491eeda800, 0x000002491eed8800, 0x000002491eed9000, 0x000002491eedb800,
0x000002491eeda000, 0x000002491eedc800, 0x000002491eed6800, 0x000002491eee3000,
0x000002491eee1800, 0x000002491eedd000, 0x000002491eede000, 0x000002491eedf000,
0x000002491eedf800, 0x000002491eee2000, 0x000002491eee0800, 0x000002491eee3800,
0x000002491eee4800, 0x0000024922216800, 0x0000024922211000, 0x0000024922217800,
0x0000024922215000, 0x0000024922215800, 0x0000024922211800, 0x0000024922214000,
0x0000024922218000, 0x0000024922212800, 0x0000024922219000, 0x000002492221e000,
0x000002492221c000, 0x000002492221d000, 0x000002492221a800, 0x000002492221e800,
0x000002492221f800, 0x000002492221a000, 0x000002492221b800, 0x0000024921f00800,
0x0000024921f01800, 0x0000024921efe000, 0x0000024921f03000, 0x0000024921f02800,
0x0000024921efd800, 0x0000024921f04000, 0x0000024921f00000, 0x0000024921f05000,
0x0000024921eff000, 0x0000024921f08000, 0x0000024921f0a800, 0x0000024921f0b800,
0x0000024921f07000, 0x0000024921f05800, 0x0000024921f0c000, 0x0000024921f06800,
0x0000024921f09000, 0x0000024921f09800, 0x000002492e5ec000, 0x000002492e5f0000,
0x000002492e5ed800, 0x000002492e5ed000, 0x000002492e5f1000, 0x0000024927da0800,
0x000002492c504800
}

Java Threads: ( => current thread )
  0x000002497b0d4800 JavaThread "main" [_thread_blocked, id=4580, stack(0x000000a676d00000,0x000000a676e00000)]
  0x000002491c1aa800 JavaThread "Reference Handler" daemon [_thread_blocked, id=14704, stack(0x000000a677400000,0x000000a677500000)]
  0x000002491c1a0800 JavaThread "Finalizer" daemon [_thread_blocked, id=14396, stack(0x000000a677500000,0x000000a677600000)]
  0x000002491ca2a000 JavaThread "Signal Dispatcher" daemon [_thread_blocked, id=15328, stack(0x000000a677600000,0x000000a677700000)]
  0x000002491ca2c000 JavaThread "Attach Listener" daemon [_thread_blocked, id=1596, stack(0x000000a677700000,0x000000a677800000)]
  0x000002491ca2d800 JavaThread "Service Thread" daemon [_thread_blocked, id=12980, stack(0x000000a677800000,0x000000a677900000)]
  0x000002491ca31800 JavaThread "C2 CompilerThread0" daemon [_thread_blocked, id=14372, stack(0x000000a677900000,0x000000a677a00000)]
  0x000002491ca36800 JavaThread "C1 CompilerThread0" daemon [_thread_blocked, id=2584, stack(0x000000a677a00000,0x000000a677b00000)]
  0x000002491ca3a000 JavaThread "Sweeper thread" daemon [_thread_blocked, id=4612, stack(0x000000a677b00000,0x000000a677c00000)]
  0x000002491cba8800 JavaThread "Common-Cleaner" daemon [_thread_blocked, id=2648, stack(0x000000a677c00000,0x000000a677d00000)]
  0x000002491e0ae000 JavaThread "Daemon health stats" [_thread_blocked, id=13400, stack(0x000000a678500000,0x000000a678600000)]
  0x000002491db1b800 JavaThread "Incoming local TCP Connector on port 55779" [_thread_in_native, id=3408, stack(0x000000a677e00000,0x000000a677f00000)]
  0x000002491d960000 JavaThread "Daemon periodic checks" [_thread_blocked, id=12984, stack(0x000000a678400000,0x000000a678500000)]
  0x000002491f264000 JavaThread "Cache worker for journal cache (C:\Users\Poul\.gradle\caches\journal-1)" [_thread_blocked, id=936, stack(0x000000a678d00000,0x000000a678e00000)]
  0x000002491f262800 JavaThread "File lock request listener" [_thread_in_native, id=7540, stack(0x000000a678e00000,0x000000a678f00000)]
  0x000002491f25f000 JavaThread "Cache worker for file hash cache (C:\Users\Poul\.gradle\caches\7.5.1\fileHashes)" [_thread_blocked, id=7468, stack(0x000000a678f00000,0x000000a679000000)]
  0x000002491f261800 JavaThread "File watcher server" daemon [_thread_blocked, id=15896, stack(0x000000a679500000,0x000000a679600000)]
  0x000002491f261000 JavaThread "File watcher consumer" daemon [_thread_blocked, id=8300, stack(0x000000a679600000,0x000000a679700000)]
  0x000002491f265800 JavaThread "Cache worker for file content cache (C:\Users\Poul\.gradle\caches\7.5.1\fileContent)" [_thread_blocked, id=14684, stack(0x000000a679700000,0x000000a679800000)]
  0x000002492024f000 JavaThread "Cache worker for execution history cache (C:\Users\Poul\.gradle\caches\7.5.1\executionHistory)" [_thread_blocked, id=15616, stack(0x000000a679b00000,0x000000a679c00000)]
  0x000002492024b800 JavaThread "jar transforms" [_thread_blocked, id=6104, stack(0x000000a679d00000,0x000000a679e00000)]
  0x0000024920254000 JavaThread "jar transforms Thread 2" [_thread_blocked, id=10748, stack(0x000000a679e00000,0x000000a679f00000)]
  0x0000024920251800 JavaThread "jar transforms Thread 3" [_thread_blocked, id=9784, stack(0x000000a679f00000,0x000000a67a000000)]
  0x0000024920252000 JavaThread "jar transforms Thread 4" [_thread_blocked, id=14900, stack(0x000000a67a000000,0x000000a67a100000)]
  0x0000024920254800 JavaThread "Cache worker for kotlin-dsl (C:\Users\Poul\.gradle\caches\7.5.1\kotlin-dsl)" [_thread_blocked, id=10660, stack(0x000000a67a200000,0x000000a67a300000)]
  0x0000024920253000 JavaThread "jar transforms Thread 5" [_thread_blocked, id=14680, stack(0x000000a67a300000,0x000000a67a400000)]
  0x0000024920258000 JavaThread "jar transforms Thread 6" [_thread_blocked, id=1996, stack(0x000000a67a400000,0x000000a67a500000)]
  0x0000024920256800 JavaThread "jar transforms Thread 7" [_thread_blocked, id=13320, stack(0x000000a67a700000,0x000000a67a800000)]
  0x0000024922a02000 JavaThread "jar transforms Thread 8" [_thread_blocked, id=14644, stack(0x000000a67c800000,0x000000a67c900000)]
  0x0000024922a00000 JavaThread "Memory manager" [_thread_blocked, id=1156, stack(0x000000a67ca00000,0x000000a67cb00000)]
  0x0000024922830000 JavaThread "pool-3-thread-1" [_thread_blocked, id=15396, stack(0x000000a600a00000,0x000000a600b00000)]
  0x00000249229fe000 JavaThread "Daemon Thread 2" [_thread_blocked, id=14236, stack(0x000000a600000000,0x000000a600100000)]
  0x00000249229ff000 JavaThread "Handler for socket connection from /127.0.0.1:55779 to /127.0.0.1:58424" [_thread_in_native, id=13580, stack(0x000000a600100000,0x000000a600200000)]
  0x0000024922a00800 JavaThread "Cancel handler" [_thread_blocked, id=7284, stack(0x000000a600200000,0x000000a600300000)]
  0x0000024922a01800 JavaThread "Daemon worker Thread 2" [_thread_blocked, id=10932, stack(0x000000a600300000,0x000000a600400000)]
  0x0000024922a03000 JavaThread "Asynchronous log dispatcher for DefaultDaemonConnection: socket connection from /127.0.0.1:55779 to /127.0.0.1:58424" [_thread_blocked, id=14028, stack(0x000000a600400000,0x000000a600500000)]
  0x00000249229fd800 JavaThread "Stdin handler" [_thread_blocked, id=1904, stack(0x000000a600500000,0x000000a600600000)]
  0x0000024922a09800 JavaThread "Daemon client event forwarder" [_thread_blocked, id=7292, stack(0x000000a600700000,0x000000a600800000)]
  0x0000024922a06800 JavaThread "Cache worker for checksums cache (C:\Users\Poul\Documents\GitHub\PES\android\.gradle\7.5.1\checksums)" [_thread_blocked, id=14376, stack(0x000000a600c00000,0x000000a600d00000)]
  0x0000024922a07000 JavaThread "Cache worker for cache directory md-rule (C:\Users\Poul\.gradle\caches\7.5.1\md-rule)" [_thread_blocked, id=14572, stack(0x000000a600d00000,0x000000a600e00000)]
  0x0000024922a08000 JavaThread "Cache worker for file hash cache (C:\Users\Poul\Documents\GitHub\PES\android\.gradle\7.5.1\fileHashes)" [_thread_blocked, id=14012, stack(0x000000a600e00000,0x000000a600f00000)]
  0x0000024922a05800 JavaThread "Cache worker for cache directory md-supplier (C:\Users\Poul\.gradle\caches\7.5.1\md-supplier)" [_thread_blocked, id=1964, stack(0x000000a600f00000,0x000000a601000000)]
  0x0000024922a04800 JavaThread "Cache worker for dependencies-accessors (C:\Users\Poul\Documents\GitHub\PES\android\.gradle\7.5.1\dependencies-accessors)" [_thread_blocked, id=8720, stack(0x000000a600b00000,0x000000a600c00000)]
  0x0000024922a04000 JavaThread "Cache worker for Build Output Cleanup Cache (C:\Users\Poul\Documents\GitHub\PES\node_modules\react-native-gradle-plugin\.gradle\buildOutputCleanup)" [_thread_blocked, id=1396, stack(0x000000a601000000,0x000000a601100000)]
  0x0000024922a09000 JavaThread "Unconstrained build operations" [_thread_blocked, id=4924, stack(0x000000a601200000,0x000000a601300000)]
  0x0000024922a0a800 JavaThread "Unconstrained build operations Thread 2" [_thread_blocked, id=7820, stack(0x000000a601300000,0x000000a601400000)]
  0x0000024922a0b000 JavaThread "Unconstrained build operations Thread 3" [_thread_blocked, id=5488, stack(0x000000a601400000,0x000000a601500000)]
  0x0000024922828800 JavaThread "Unconstrained build operations Thread 4" [_thread_blocked, id=11808, stack(0x000000a601500000,0x000000a601600000)]
  0x000002492282c000 JavaThread "Unconstrained build operations Thread 5" [_thread_blocked, id=10924, stack(0x000000a601600000,0x000000a601700000)]
  0x000002492282b000 JavaThread "Unconstrained build operations Thread 6" [_thread_blocked, id=9184, stack(0x000000a601700000,0x000000a601800000)]
  0x0000024922828000 JavaThread "Unconstrained build operations Thread 7" [_thread_blocked, id=15120, stack(0x000000a601800000,0x000000a601900000)]
  0x000002492282e800 JavaThread "Unconstrained build operations Thread 8" [_thread_blocked, id=1912, stack(0x000000a601900000,0x000000a601a00000)]
  0x000002492282f000 JavaThread "Unconstrained build operations Thread 9" [_thread_blocked, id=14896, stack(0x000000a601a00000,0x000000a601b00000)]
  0x000002492282d800 JavaThread "Unconstrained build operations Thread 10" [_thread_blocked, id=15592, stack(0x000000a601b00000,0x000000a601c00000)]
  0x0000024922829800 JavaThread "Unconstrained build operations Thread 11" [_thread_blocked, id=16084, stack(0x000000a601c00000,0x000000a601d00000)]
  0x000002492282a800 JavaThread "Unconstrained build operations Thread 12" [_thread_blocked, id=8216, stack(0x000000a601d00000,0x000000a601e00000)]
  0x0000024922832800 JavaThread "Unconstrained build operations Thread 13" [_thread_blocked, id=11864, stack(0x000000a601e00000,0x000000a601f00000)]
  0x0000024922831000 JavaThread "Unconstrained build operations Thread 14" [_thread_blocked, id=5664, stack(0x000000a601f00000,0x000000a602000000)]
  0x0000024922833800 JavaThread "Unconstrained build operations Thread 15" [_thread_blocked, id=11496, stack(0x000000a602000000,0x000000a602100000)]
  0x0000024922835000 JavaThread "Unconstrained build operations Thread 16" [_thread_blocked, id=15528, stack(0x000000a602100000,0x000000a602200000)]
  0x0000024922834000 JavaThread "Unconstrained build operations Thread 17" [_thread_blocked, id=4156, stack(0x000000a602200000,0x000000a602300000)]
  0x0000024922831800 JavaThread "Unconstrained build operations Thread 18" [_thread_blocked, id=6312, stack(0x000000a602300000,0x000000a602400000)]
  0x0000024922835800 JavaThread "Unconstrained build operations Thread 19" [_thread_blocked, id=12808, stack(0x000000a602400000,0x000000a602500000)]
  0x000002492024d800 JavaThread "Unconstrained build operations Thread 20" [_thread_blocked, id=15820, stack(0x000000a602500000,0x000000a602600000)]
  0x0000024920255800 JavaThread "Unconstrained build operations Thread 21" [_thread_blocked, id=1044, stack(0x000000a602600000,0x000000a602700000)]
  0x0000024920250000 JavaThread "Unconstrained build operations Thread 22" [_thread_blocked, id=15668, stack(0x000000a602700000,0x000000a602800000)]
  0x0000024920259800 JavaThread "Unconstrained build operations Thread 23" [_thread_blocked, id=1604, stack(0x000000a602800000,0x000000a602900000)]
  0x0000024920257000 JavaThread "Unconstrained build operations Thread 24" [_thread_blocked, id=16104, stack(0x000000a602900000,0x000000a602a00000)]
  0x0000024920259000 JavaThread "Unconstrained build operations Thread 25" [_thread_blocked, id=1716, stack(0x000000a602a00000,0x000000a602b00000)]
  0x000002492025a800 JavaThread "Unconstrained build operations Thread 26" [_thread_blocked, id=11216, stack(0x000000a602b00000,0x000000a602c00000)]
  0x000002491f260000 JavaThread "Unconstrained build operations Thread 27" [_thread_blocked, id=13452, stack(0x000000a602c00000,0x000000a602d00000)]
  0x000002491f265000 JavaThread "Unconstrained build operations Thread 28" [_thread_blocked, id=5780, stack(0x000000a602d00000,0x000000a602e00000)]
  0x000002491f263800 JavaThread "Unconstrained build operations Thread 29" [_thread_blocked, id=8780, stack(0x000000a602e00000,0x000000a602f00000)]
  0x000002491ec73800 JavaThread "Unconstrained build operations Thread 30" [_thread_blocked, id=5292, stack(0x000000a602f00000,0x000000a603000000)]
  0x000002491ec76000 JavaThread "Unconstrained build operations Thread 31" [_thread_blocked, id=14840, stack(0x000000a603000000,0x000000a603100000)]
  0x000002491ec74000 JavaThread "Unconstrained build operations Thread 32" [_thread_blocked, id=12612, stack(0x000000a603100000,0x000000a603200000)]
  0x000002491ec75000 JavaThread "Unconstrained build operations Thread 33" [_thread_blocked, id=7980, stack(0x000000a603200000,0x000000a603300000)]
  0x000002491ec76800 JavaThread "build event listener" [_thread_blocked, id=11064, stack(0x000000a603300000,0x000000a603400000)]
  0x000002491ec77800 JavaThread "Cache worker for Build Output Cleanup Cache (C:\Users\Poul\Documents\GitHub\PES\android\.gradle\buildOutputCleanup)" [_thread_blocked, id=2020, stack(0x000000a603400000,0x000000a603500000)]
  0x000002491ec71800 JavaThread "included builds" [_thread_blocked, id=10920, stack(0x000000a603500000,0x000000a603600000)]
  0x000002491ec78800 JavaThread "Execution worker" [_thread_blocked, id=15940, stack(0x000000a603600000,0x000000a603700000)]
  0x000002491ec72800 JavaThread "Execution worker Thread 2" [_thread_blocked, id=11520, stack(0x000000a603700000,0x000000a603800000)]
  0x000002491eed6000 JavaThread "Execution worker Thread 3" [_thread_blocked, id=6264, stack(0x000000a603800000,0x000000a603900000)]
  0x000002491eed7800 JavaThread "Execution worker Thread 4" [_thread_blocked, id=11404, stack(0x000000a603900000,0x000000a603a00000)]
  0x000002491eeda800 JavaThread "Execution worker Thread 5" [_thread_blocked, id=7056, stack(0x000000a603a00000,0x000000a603b00000)]
  0x000002491eed8800 JavaThread "Execution worker Thread 6" [_thread_blocked, id=16352, stack(0x000000a603b00000,0x000000a603c00000)]
  0x000002491eed9000 JavaThread "Execution worker Thread 7" [_thread_blocked, id=12484, stack(0x000000a603c00000,0x000000a603d00000)]
  0x000002491eedb800 JavaThread "Cache worker for execution history cache (C:\Users\Poul\Documents\GitHub\PES\node_modules\react-native-gradle-plugin\.gradle\7.5.1\executionHistory)" [_thread_blocked, id=2940, stack(0x000000a603e00000,0x000000a603f00000)]
  0x000002491eeda000 JavaThread "Unconstrained build operations Thread 34" [_thread_blocked, id=10008, stack(0x000000a603f00000,0x000000a604000000)]
  0x000002491eedc800 JavaThread "Unconstrained build operations Thread 35" [_thread_blocked, id=8120, stack(0x000000a604000000,0x000000a604100000)]
  0x000002491eed6800 JavaThread "Unconstrained build operations Thread 36" [_thread_blocked, id=11892, stack(0x000000a604100000,0x000000a604200000)]
  0x000002491eee3000 JavaThread "Unconstrained build operations Thread 37" [_thread_blocked, id=15504, stack(0x000000a604200000,0x000000a604300000)]
  0x000002491eee1800 JavaThread "Unconstrained build operations Thread 38" [_thread_blocked, id=4352, stack(0x000000a604300000,0x000000a604400000)]
  0x000002491eedd000 JavaThread "Unconstrained build operations Thread 39" [_thread_blocked, id=6288, stack(0x000000a604400000,0x000000a604500000)]
  0x000002491eede000 JavaThread "Unconstrained build operations Thread 40" [_thread_blocked, id=13828, stack(0x000000a604500000,0x000000a604600000)]
  0x000002491eedf000 JavaThread "Unconstrained build operations Thread 41" [_thread_blocked, id=15920, stack(0x000000a604600000,0x000000a604700000)]
  0x000002491eedf800 JavaThread "Unconstrained build operations Thread 42" [_thread_blocked, id=10600, stack(0x000000a604700000,0x000000a604800000)]
  0x000002491eee2000 JavaThread "Unconstrained build operations Thread 43" [_thread_blocked, id=4028, stack(0x000000a604800000,0x000000a604900000)]
  0x000002491eee0800 JavaThread "Unconstrained build operations Thread 44" [_thread_blocked, id=13892, stack(0x000000a604900000,0x000000a604a00000)]
  0x000002491eee3800 JavaThread "Unconstrained build operations Thread 45" [_thread_blocked, id=5332, stack(0x000000a604a00000,0x000000a604b00000)]
  0x000002491eee4800 JavaThread "Unconstrained build operations Thread 46" [_thread_blocked, id=16004, stack(0x000000a604b00000,0x000000a604c00000)]
  0x0000024922216800 JavaThread "Unconstrained build operations Thread 47" [_thread_blocked, id=12964, stack(0x000000a604c00000,0x000000a604d00000)]
  0x0000024922211000 JavaThread "Unconstrained build operations Thread 48" [_thread_blocked, id=11136, stack(0x000000a604d00000,0x000000a604e00000)]
  0x0000024922217800 JavaThread "Unconstrained build operations Thread 49" [_thread_blocked, id=11072, stack(0x000000a604e00000,0x000000a604f00000)]
  0x0000024922215000 JavaThread "Unconstrained build operations Thread 50" [_thread_blocked, id=15608, stack(0x000000a604f00000,0x000000a605000000)]
  0x0000024922215800 JavaThread "Unconstrained build operations Thread 51" [_thread_blocked, id=15692, stack(0x000000a605000000,0x000000a605100000)]
  0x0000024922211800 JavaThread "Unconstrained build operations Thread 52" [_thread_blocked, id=8496, stack(0x000000a605100000,0x000000a605200000)]
  0x0000024922214000 JavaThread "Unconstrained build operations Thread 53" [_thread_blocked, id=9000, stack(0x000000a605200000,0x000000a605300000)]
  0x0000024922218000 JavaThread "Unconstrained build operations Thread 54" [_thread_blocked, id=736, stack(0x000000a605300000,0x000000a605400000)]
  0x0000024922212800 JavaThread "Unconstrained build operations Thread 55" [_thread_blocked, id=14916, stack(0x000000a605400000,0x000000a605500000)]
  0x0000024922219000 JavaThread "RMI Scheduler(0)" daemon [_thread_blocked, id=1152, stack(0x000000a601100000,0x000000a601200000)]
  0x000002492221e000 JavaThread "RMI GC Daemon" daemon [_thread_blocked, id=4588, stack(0x000000a605500000,0x000000a605600000)]
  0x000002492221c000 JavaThread "RMI TCP Accept-0" daemon [_thread_in_native, id=13836, stack(0x000000a605600000,0x000000a605700000)]
  0x000002492221d000 JavaThread "RMI Reaper" [_thread_blocked, id=3588, stack(0x000000a605700000,0x000000a605800000)]
  0x000002492221a800 JavaThread "RMI TCP Connection(2)-127.0.0.1" daemon [_thread_in_native, id=9068, stack(0x000000a605900000,0x000000a605a00000)]
  0x000002492221e800 JavaThread "Unconstrained build operations Thread 56" [_thread_blocked, id=16240, stack(0x000000a600800000,0x000000a600900000)]
  0x000002492221f800 JavaThread "Unconstrained build operations Thread 57" [_thread_blocked, id=7304, stack(0x000000a600900000,0x000000a600a00000)]
  0x000002492221a000 JavaThread "Unconstrained build operations Thread 58" [_thread_blocked, id=2712, stack(0x000000a605800000,0x000000a605900000)]
  0x000002492221b800 JavaThread "Unconstrained build operations Thread 59" [_thread_blocked, id=5680, stack(0x000000a605a00000,0x000000a605b00000)]
  0x0000024921f00800 JavaThread "Unconstrained build operations Thread 60" [_thread_blocked, id=16232, stack(0x000000a605b00000,0x000000a605c00000)]
  0x0000024921f01800 JavaThread "Unconstrained build operations Thread 61" [_thread_blocked, id=3808, stack(0x000000a605c00000,0x000000a605d00000)]
  0x0000024921efe000 JavaThread "Unconstrained build operations Thread 62" [_thread_blocked, id=15568, stack(0x000000a605d00000,0x000000a605e00000)]
  0x0000024921f03000 JavaThread "Unconstrained build operations Thread 63" [_thread_blocked, id=2972, stack(0x000000a605e00000,0x000000a605f00000)]
  0x0000024921f02800 JavaThread "Unconstrained build operations Thread 64" [_thread_blocked, id=1560, stack(0x000000a605f00000,0x000000a606000000)]
  0x0000024921efd800 JavaThread "Unconstrained build operations Thread 65" [_thread_blocked, id=9204, stack(0x000000a606000000,0x000000a606100000)]
  0x0000024921f04000 JavaThread "Unconstrained build operations Thread 66" [_thread_blocked, id=14748, stack(0x000000a606100000,0x000000a606200000)]
  0x0000024921f00000 JavaThread "Unconstrained build operations Thread 67" [_thread_blocked, id=14988, stack(0x000000a606200000,0x000000a606300000)]
  0x0000024921f05000 JavaThread "Unconstrained build operations Thread 68" [_thread_blocked, id=2784, stack(0x000000a606300000,0x000000a606400000)]
  0x0000024921eff000 JavaThread "Unconstrained build operations Thread 69" [_thread_blocked, id=5896, stack(0x000000a606400000,0x000000a606500000)]
  0x0000024921f08000 JavaThread "Unconstrained build operations Thread 70" [_thread_blocked, id=7328, stack(0x000000a606500000,0x000000a606600000)]
  0x0000024921f0a800 JavaThread "Unconstrained build operations Thread 71" [_thread_blocked, id=11980, stack(0x000000a606600000,0x000000a606700000)]
  0x0000024921f0b800 JavaThread "Unconstrained build operations Thread 72" [_thread_blocked, id=8092, stack(0x000000a606700000,0x000000a606800000)]
  0x0000024921f07000 JavaThread "Unconstrained build operations Thread 73" [_thread_blocked, id=5544, stack(0x000000a606800000,0x000000a606900000)]
  0x0000024921f05800 JavaThread "Unconstrained build operations Thread 74" [_thread_blocked, id=12624, stack(0x000000a606900000,0x000000a606a00000)]
  0x0000024921f0c000 JavaThread "Unconstrained build operations Thread 75" [_thread_blocked, id=5236, stack(0x000000a606a00000,0x000000a606b00000)]
  0x0000024921f06800 JavaThread "Unconstrained build operations Thread 76" [_thread_blocked, id=4148, stack(0x000000a606b00000,0x000000a606c00000)]
  0x0000024921f09000 JavaThread "Unconstrained build operations Thread 77" [_thread_blocked, id=6672, stack(0x000000a606c00000,0x000000a606d00000)]
  0x0000024921f09800 JavaThread "Unconstrained build operations Thread 78" [_thread_blocked, id=15388, stack(0x000000a606d00000,0x000000a606e00000)]
  0x000002492e5ec000 JavaThread "Unconstrained build operations Thread 79" [_thread_blocked, id=9400, stack(0x000000a606e00000,0x000000a606f00000)]
  0x000002492e5f0000 JavaThread "Unconstrained build operations Thread 80" [_thread_blocked, id=10164, stack(0x000000a606f00000,0x000000a607000000)]
  0x000002492e5ed800 JavaThread "pool-6-thread-1" [_thread_blocked, id=16332, stack(0x000000a607100000,0x000000a607200000)]
  0x000002492e5ed000 JavaThread "build event listener" [_thread_blocked, id=11436, stack(0x000000a607200000,0x000000a607300000)]
  0x000002492e5f1000 JavaThread "Cache worker for execution history cache (C:\Users\Poul\Documents\GitHub\PES\android\.gradle\7.5.1\executionHistory)" [_thread_blocked, id=11016, stack(0x000000a607300000,0x000000a607400000)]
  0x0000024927da0800 JavaThread "C2 CompilerThread1" daemon [_thread_blocked, id=5476, stack(0x000000a603d00000,0x000000a603e00000)]
  0x000002492c504800 JavaThread "C2 CompilerThread2" daemon [_thread_blocked, id=15392, stack(0x000000a607000000,0x000000a607100000)]

Other Threads:
=>0x000002491c195000 VMThread "VM Thread" [stack: 0x000000a677300000,0x000000a677400000] [id=8584]
  0x000002491cbd9800 WatcherThread [stack: 0x000000a677d00000,0x000000a677e00000] [id=12772]
  0x000002497b0ed800 GCTaskThread "GC Thread#0" [stack: 0x000000a676e00000,0x000000a676f00000] [id=12860]
  0x000002491db70800 GCTaskThread "GC Thread#1" [stack: 0x000000a677f00000,0x000000a678000000] [id=12648]
  0x000002491dc7f800 GCTaskThread "GC Thread#2" [stack: 0x000000a678000000,0x000000a678100000] [id=13576]
  0x000002491dddf000 GCTaskThread "GC Thread#3" [stack: 0x000000a678100000,0x000000a678200000] [id=15664]
  0x000002491db20000 GCTaskThread "GC Thread#4" [stack: 0x000000a678200000,0x000000a678300000] [id=6336]
  0x000002491df0e000 GCTaskThread "GC Thread#5" [stack: 0x000000a678300000,0x000000a678400000] [id=14168]
  0x000002491d623800 GCTaskThread "GC Thread#6" [stack: 0x000000a679000000,0x000000a679100000] [id=4040]
  0x000002491deb3000 GCTaskThread "GC Thread#7" [stack: 0x000000a679100000,0x000000a679200000] [id=14212]
  0x000002497b11f800 ConcurrentGCThread "G1 Main Marker" [stack: 0x000000a676f00000,0x000000a677000000] [id=8020]
  0x000002497b120800 ConcurrentGCThread "G1 Conc#0" [stack: 0x000000a677000000,0x000000a677100000] [id=15144]
  0x000002491eae8800 ConcurrentGCThread "G1 Conc#1" [stack: 0x000000a679200000,0x000000a679300000] [id=16072]
  0x000002497b1ae800 ConcurrentGCThread "G1 Refine#0" [stack: 0x000000a677100000,0x000000a677200000] [id=14292]
  0x000002491d6c1800 ConcurrentGCThread "G1 Refine#1" [stack: 0x000000a600600000,0x000000a600700000] [id=5572]
  0x000002491c02c800 ConcurrentGCThread "G1 Young RemSet Sampling" [stack: 0x000000a677200000,0x000000a677300000] [id=8396]

Threads with active compile tasks:
C2 CompilerThread0   153269 19824   !   4       org.gradle.api.internal.artifacts.transform.TransformingAsyncArtifactListener$TransformedArtifact::finalizeValue (165 bytes)
C2 CompilerThread1   153270 19822   !   4       org.gradle.api.internal.artifacts.transform.TransformingAsyncArtifactListener$TransformedArtifact::prepareInvocation (164 bytes)
C2 CompilerThread2   153270 19820       4       org.gradle.api.internal.artifacts.transform.AbstractTransformedArtifactSet::visit (97 bytes)

VM state:at safepoint (normal execution)

VM Mutex/Monitor currently owned by a thread:  ([mutex/lock_event])
[0x000002497b0cfee0] Threads_lock - owner thread: 0x000002491c195000
[0x000002497b0cfb80] Heap_lock - owner thread: 0x000002492024f000

OutOfMemory and StackOverflow Exception counts:
StackOverflowErrors=7
LinkageErrors=171

Heap address: 0x0000000080000000, size: 2048 MB, Compressed Oops mode: 32-bit
Narrow klass base: 0x0000000000000000, Narrow klass shift: 3
Compressed class space size: 528482304 Address: 0x0000000100000000

Heap:
 garbage-first heap   total 315392K, used 214711K [0x0000000080000000, 0x0000000100000000)
  region size 1024K, 2 young (2048K), 2 survivors (2048K)
 Metaspace       used 126366K, capacity 131672K, committed 131924K, reserved 630784K
  class space    used 15993K, capacity 17920K, committed 17996K, reserved 516096K
Heap Regions: E=young(eden), S=young(survivor), O=old, HS=humongous(starts), HC=humongous(continues), CS=collection set, F=free, A=archive, TAMS=top-at-mark-start (previous, next)
|   0|0x0000000080000000, 0x0000000080100000, 0x0000000080100000|100%| O|  |TAMS 0x0000000080100000, 0x0000000080100000| Untracked 
|   1|0x0000000080100000, 0x0000000080200000, 0x0000000080200000|100%| O|  |TAMS 0x0000000080200000, 0x0000000080200000| Untracked 
|   2|0x0000000080200000, 0x0000000080300000, 0x0000000080300000|100%| O|  |TAMS 0x0000000080300000, 0x0000000080300000| Untracked 
|   3|0x0000000080300000, 0x0000000080400000, 0x0000000080400000|100%|HS|  |TAMS 0x0000000080400000, 0x0000000080400000| Complete 
|   4|0x0000000080400000, 0x0000000080500000, 0x0000000080500000|100%|HC|  |TAMS 0x0000000080500000, 0x0000000080500000| Complete 
|   5|0x0000000080500000, 0x0000000080600000, 0x0000000080600000|100%|HC|  |TAMS 0x0000000080600000, 0x0000000080600000| Complete 
|   6|0x0000000080600000, 0x0000000080700000, 0x0000000080700000|100%| O|  |TAMS 0x0000000080700000, 0x0000000080700000| Untracked 
|   7|0x0000000080700000, 0x0000000080800000, 0x0000000080800000|100%| O|  |TAMS 0x0000000080800000, 0x0000000080800000| Untracked 
|   8|0x0000000080800000, 0x0000000080900000, 0x0000000080900000|100%| O|  |TAMS 0x0000000080900000, 0x0000000080900000| Untracked 
|   9|0x0000000080900000, 0x0000000080a00000, 0x0000000080a00000|100%| O|  |TAMS 0x0000000080a00000, 0x0000000080a00000| Untracked 
|  10|0x0000000080a00000, 0x0000000080b00000, 0x0000000080b00000|100%| O|  |TAMS 0x0000000080b00000, 0x0000000080b00000| Untracked 
|  11|0x0000000080b00000, 0x0000000080c00000, 0x0000000080c00000|100%| O|  |TAMS 0x0000000080c00000, 0x0000000080c00000| Untracked 
|  12|0x0000000080c00000, 0x0000000080d00000, 0x0000000080d00000|100%| O|  |TAMS 0x0000000080d00000, 0x0000000080d00000| Untracked 
|  13|0x0000000080d00000, 0x0000000080e00000, 0x0000000080e00000|100%| O|  |TAMS 0x0000000080e00000, 0x0000000080e00000| Untracked 
|  14|0x0000000080e00000, 0x0000000080f00000, 0x0000000080f00000|100%| O|  |TAMS 0x0000000080f00000, 0x0000000080f00000| Untracked 
|  15|0x0000000080f00000, 0x0000000081000000, 0x0000000081000000|100%| O|  |TAMS 0x0000000081000000, 0x0000000081000000| Untracked 
|  16|0x0000000081000000, 0x0000000081100000, 0x0000000081100000|100%| O|  |TAMS 0x0000000081100000, 0x0000000081100000| Untracked 
|  17|0x0000000081100000, 0x0000000081200000, 0x0000000081200000|100%|HS|  |TAMS 0x0000000081200000, 0x0000000081200000| Complete 
|  18|0x0000000081200000, 0x0000000081300000, 0x0000000081300000|100%|HS|  |TAMS 0x0000000081300000, 0x0000000081300000| Complete 
|  19|0x0000000081300000, 0x0000000081400000, 0x0000000081400000|100%|HC|  |TAMS 0x0000000081400000, 0x0000000081400000| Complete 
|  20|0x0000000081400000, 0x0000000081500000, 0x0000000081500000|100%|HC|  |TAMS 0x0000000081500000, 0x0000000081500000| Complete 
|  21|0x0000000081500000, 0x0000000081600000, 0x0000000081600000|100%| O|  |TAMS 0x0000000081600000, 0x0000000081600000| Untracked 
|  22|0x0000000081600000, 0x0000000081700000, 0x0000000081700000|100%| O|  |TAMS 0x0000000081700000, 0x0000000081700000| Untracked 
|  23|0x0000000081700000, 0x0000000081800000, 0x0000000081800000|100%| O|  |TAMS 0x0000000081800000, 0x0000000081800000| Untracked 
|  24|0x0000000081800000, 0x0000000081900000, 0x0000000081900000|100%| O|  |TAMS 0x0000000081900000, 0x0000000081900000| Untracked 
|  25|0x0000000081900000, 0x0000000081a00000, 0x0000000081a00000|100%| O|  |TAMS 0x0000000081a00000, 0x0000000081a00000| Untracked 
|  26|0x0000000081a00000, 0x0000000081b00000, 0x0000000081b00000|100%| O|  |TAMS 0x0000000081b00000, 0x0000000081b00000| Untracked 
|  27|0x0000000081b00000, 0x0000000081c00000, 0x0000000081c00000|100%| O|  |TAMS 0x0000000081c00000, 0x0000000081c00000| Untracked 
|  28|0x0000000081c00000, 0x0000000081d00000, 0x0000000081d00000|100%| O|  |TAMS 0x0000000081d00000, 0x0000000081d00000| Untracked 
|  29|0x0000000081d00000, 0x0000000081e00000, 0x0000000081e00000|100%| O|  |TAMS 0x0000000081e00000, 0x0000000081e00000| Untracked 
|  30|0x0000000081e00000, 0x0000000081f00000, 0x0000000081f00000|100%| O|  |TAMS 0x0000000081f00000, 0x0000000081f00000| Untracked 
|  31|0x0000000081f00000, 0x0000000082000000, 0x0000000082000000|100%| O|  |TAMS 0x0000000082000000, 0x0000000082000000| Untracked 
|  32|0x0000000082000000, 0x0000000082100000, 0x0000000082100000|100%| O|  |TAMS 0x0000000082100000, 0x0000000082100000| Untracked 
|  33|0x0000000082100000, 0x0000000082200000, 0x0000000082200000|100%|HS|  |TAMS 0x0000000082200000, 0x0000000082200000| Complete 
|  34|0x0000000082200000, 0x0000000082300000, 0x0000000082300000|100%|HS|  |TAMS 0x0000000082300000, 0x0000000082300000| Complete 
|  35|0x0000000082300000, 0x0000000082400000, 0x0000000082400000|100%| O|  |TAMS 0x0000000082400000, 0x0000000082400000| Untracked 
|  36|0x0000000082400000, 0x0000000082500000, 0x0000000082500000|100%|HS|  |TAMS 0x0000000082500000, 0x0000000082500000| Complete 
|  37|0x0000000082500000, 0x0000000082600000, 0x0000000082600000|100%|HC|  |TAMS 0x0000000082600000, 0x0000000082600000| Complete 
|  38|0x0000000082600000, 0x0000000082700000, 0x0000000082700000|100%| O|  |TAMS 0x0000000082700000, 0x0000000082700000| Untracked 
|  39|0x0000000082700000, 0x0000000082800000, 0x0000000082800000|100%| O|  |TAMS 0x0000000082800000, 0x0000000082800000| Untracked 
|  40|0x0000000082800000, 0x0000000082900000, 0x0000000082900000|100%| O|  |TAMS 0x0000000082900000, 0x0000000082900000| Untracked 
|  41|0x0000000082900000, 0x0000000082a00000, 0x0000000082a00000|100%| O|  |TAMS 0x0000000082a00000, 0x0000000082a00000| Untracked 
|  42|0x0000000082a00000, 0x0000000082b00000, 0x0000000082b00000|100%| O|  |TAMS 0x0000000082b00000, 0x0000000082b00000| Untracked 
|  43|0x0000000082b00000, 0x0000000082c00000, 0x0000000082c00000|100%| O|  |TAMS 0x0000000082c00000, 0x0000000082c00000| Untracked 
|  44|0x0000000082c00000, 0x0000000082d00000, 0x0000000082d00000|100%| O|  |TAMS 0x0000000082d00000, 0x0000000082d00000| Untracked 
|  45|0x0000000082d00000, 0x0000000082e00000, 0x0000000082e00000|100%| O|  |TAMS 0x0000000082e00000, 0x0000000082e00000| Untracked 
|  46|0x0000000082e00000, 0x0000000082f00000, 0x0000000082f00000|100%| O|  |TAMS 0x0000000082f00000, 0x0000000082f00000| Untracked 
|  47|0x0000000082f00000, 0x0000000083000000, 0x0000000083000000|100%| O|  |TAMS 0x0000000083000000, 0x0000000083000000| Untracked 
|  48|0x0000000083000000, 0x0000000083100000, 0x0000000083100000|100%| O|  |TAMS 0x0000000083100000, 0x0000000083100000| Untracked 
|  49|0x0000000083100000, 0x0000000083200000, 0x0000000083200000|100%| O|  |TAMS 0x0000000083200000, 0x0000000083200000| Untracked 
|  50|0x0000000083200000, 0x0000000083300000, 0x0000000083300000|100%| O|  |TAMS 0x0000000083200000, 0x0000000083300000| Untracked 
|  51|0x0000000083300000, 0x0000000083400000, 0x0000000083400000|100%| O|  |TAMS 0x0000000083400000, 0x0000000083400000| Untracked 
|  52|0x0000000083400000, 0x0000000083500000, 0x0000000083500000|100%| O|  |TAMS 0x0000000083500000, 0x0000000083500000| Untracked 
|  53|0x0000000083500000, 0x0000000083600000, 0x0000000083600000|100%| O|  |TAMS 0x0000000083600000, 0x0000000083600000| Untracked 
|  54|0x0000000083600000, 0x0000000083700000, 0x0000000083700000|100%| O|  |TAMS 0x0000000083700000, 0x0000000083700000| Untracked 
|  55|0x0000000083700000, 0x0000000083800000, 0x0000000083800000|100%| O|  |TAMS 0x0000000083800000, 0x0000000083800000| Untracked 
|  56|0x0000000083800000, 0x0000000083900000, 0x0000000083900000|100%| O|  |TAMS 0x0000000083900000, 0x0000000083900000| Untracked 
|  57|0x0000000083900000, 0x0000000083a00000, 0x0000000083a00000|100%| O|  |TAMS 0x0000000083a00000, 0x0000000083a00000| Untracked 
|  58|0x0000000083a00000, 0x0000000083b00000, 0x0000000083b00000|100%| O|  |TAMS 0x0000000083b00000, 0x0000000083b00000| Untracked 
|  59|0x0000000083b00000, 0x0000000083c00000, 0x0000000083c00000|100%| O|  |TAMS 0x0000000083c00000, 0x0000000083c00000| Untracked 
|  60|0x0000000083c00000, 0x0000000083d00000, 0x0000000083d00000|100%| O|  |TAMS 0x0000000083d00000, 0x0000000083d00000| Untracked 
|  61|0x0000000083d00000, 0x0000000083e00000, 0x0000000083e00000|100%| O|  |TAMS 0x0000000083e00000, 0x0000000083e00000| Untracked 
|  62|0x0000000083e00000, 0x0000000083f00000, 0x0000000083f00000|100%| O|  |TAMS 0x0000000083f00000, 0x0000000083f00000| Untracked 
|  63|0x0000000083f00000, 0x0000000084000000, 0x0000000084000000|100%| O|  |TAMS 0x0000000084000000, 0x0000000084000000| Untracked 
|  64|0x0000000084000000, 0x0000000084100000, 0x0000000084100000|100%| O|  |TAMS 0x0000000084100000, 0x0000000084100000| Untracked 
|  65|0x0000000084100000, 0x0000000084200000, 0x0000000084200000|100%| O|  |TAMS 0x0000000084200000, 0x0000000084200000| Untracked 
|  66|0x0000000084200000, 0x0000000084300000, 0x0000000084300000|100%| O|  |TAMS 0x0000000084300000, 0x0000000084300000| Untracked 
|  67|0x0000000084300000, 0x0000000084400000, 0x0000000084400000|100%| O|  |TAMS 0x0000000084400000, 0x0000000084400000| Untracked 
|  68|0x0000000084400000, 0x0000000084500000, 0x0000000084500000|100%| O|  |TAMS 0x0000000084500000, 0x0000000084500000| Untracked 
|  69|0x0000000084500000, 0x0000000084600000, 0x0000000084600000|100%| O|  |TAMS 0x0000000084600000, 0x0000000084600000| Untracked 
|  70|0x0000000084600000, 0x0000000084700000, 0x0000000084700000|100%| O|  |TAMS 0x0000000084700000, 0x0000000084700000| Untracked 
|  71|0x0000000084700000, 0x0000000084800000, 0x0000000084800000|100%| O|  |TAMS 0x0000000084800000, 0x0000000084800000| Untracked 
|  72|0x0000000084800000, 0x0000000084900000, 0x0000000084900000|100%| O|  |TAMS 0x0000000084900000, 0x0000000084900000| Untracked 
|  73|0x0000000084900000, 0x0000000084a00000, 0x0000000084a00000|100%| O|  |TAMS 0x0000000084a00000, 0x0000000084a00000| Untracked 
|  74|0x0000000084a00000, 0x0000000084b00000, 0x0000000084b00000|100%|HS|  |TAMS 0x0000000084b00000, 0x0000000084b00000| Complete 
|  75|0x0000000084b00000, 0x0000000084c00000, 0x0000000084c00000|100%|HS|  |TAMS 0x0000000084c00000, 0x0000000084c00000| Complete 
|  76|0x0000000084c00000, 0x0000000084d00000, 0x0000000084d00000|100%|HS|  |TAMS 0x0000000084d00000, 0x0000000084d00000| Complete 
|  77|0x0000000084d00000, 0x0000000084e00000, 0x0000000084e00000|100%|HS|  |TAMS 0x0000000084e00000, 0x0000000084e00000| Complete 
|  78|0x0000000084e00000, 0x0000000084f00000, 0x0000000084f00000|100%|HC|  |TAMS 0x0000000084f00000, 0x0000000084f00000| Complete 
|  79|0x0000000084f00000, 0x0000000085000000, 0x0000000085000000|100%|HC|  |TAMS 0x0000000085000000, 0x0000000085000000| Complete 
|  80|0x0000000085000000, 0x0000000085100000, 0x0000000085100000|100%|HS|  |TAMS 0x0000000085100000, 0x0000000085100000| Complete 
|  81|0x0000000085100000, 0x0000000085200000, 0x0000000085200000|100%|HC|  |TAMS 0x0000000085200000, 0x0000000085200000| Complete 
|  82|0x0000000085200000, 0x0000000085300000, 0x0000000085300000|100%|HS|  |TAMS 0x0000000085300000, 0x0000000085300000| Complete 
|  83|0x0000000085300000, 0x0000000085400000, 0x0000000085400000|100%|HC|  |TAMS 0x0000000085400000, 0x0000000085400000| Complete 
|  84|0x0000000085400000, 0x0000000085500000, 0x0000000085500000|100%| O|  |TAMS 0x0000000085500000, 0x0000000085500000| Untracked 
|  85|0x0000000085500000, 0x0000000085600000, 0x0000000085600000|100%| O|  |TAMS 0x0000000085600000, 0x0000000085600000| Untracked 
|  86|0x0000000085600000, 0x0000000085700000, 0x0000000085700000|100%| O|  |TAMS 0x0000000085700000, 0x0000000085700000| Untracked 
|  87|0x0000000085700000, 0x0000000085800000, 0x0000000085800000|100%| O|  |TAMS 0x0000000085800000, 0x0000000085800000| Untracked 
|  88|0x0000000085800000, 0x0000000085900000, 0x0000000085900000|100%| O|  |TAMS 0x0000000085900000, 0x0000000085900000| Untracked 
|  89|0x0000000085900000, 0x0000000085a00000, 0x0000000085a00000|100%| O|  |TAMS 0x0000000085a00000, 0x0000000085a00000| Untracked 
|  90|0x0000000085a00000, 0x0000000085b00000, 0x0000000085b00000|100%| O|  |TAMS 0x0000000085b00000, 0x0000000085b00000| Untracked 
|  91|0x0000000085b00000, 0x0000000085c00000, 0x0000000085c00000|100%| O|  |TAMS 0x0000000085c00000, 0x0000000085c00000| Untracked 
|  92|0x0000000085c00000, 0x0000000085d00000, 0x0000000085d00000|100%| O|  |TAMS 0x0000000085d00000, 0x0000000085d00000| Untracked 
|  93|0x0000000085d00000, 0x0000000085e00000, 0x0000000085e00000|100%| O|  |TAMS 0x0000000085e00000, 0x0000000085e00000| Untracked 
|  94|0x0000000085e00000, 0x0000000085f00000, 0x0000000085f00000|100%| O|  |TAMS 0x0000000085f00000, 0x0000000085f00000| Untracked 
|  95|0x0000000085f00000, 0x0000000086000000, 0x0000000086000000|100%| O|  |TAMS 0x0000000086000000, 0x0000000086000000| Untracked 
|  96|0x0000000086000000, 0x0000000086100000, 0x0000000086100000|100%| O|  |TAMS 0x0000000086100000, 0x0000000086100000| Untracked 
|  97|0x0000000086100000, 0x0000000086200000, 0x0000000086200000|100%| O|  |TAMS 0x0000000086200000, 0x0000000086200000| Untracked 
|  98|0x0000000086200000, 0x0000000086300000, 0x0000000086300000|100%| O|  |TAMS 0x0000000086300000, 0x0000000086300000| Untracked 
|  99|0x0000000086300000, 0x0000000086400000, 0x0000000086400000|100%| O|  |TAMS 0x0000000086400000, 0x0000000086400000| Untracked 
| 100|0x0000000086400000, 0x0000000086500000, 0x0000000086500000|100%|HS|  |TAMS 0x0000000086500000, 0x0000000086500000| Complete 
| 101|0x0000000086500000, 0x0000000086600000, 0x0000000086600000|100%|HS|  |TAMS 0x0000000086600000, 0x0000000086600000| Complete 
| 102|0x0000000086600000, 0x0000000086700000, 0x0000000086700000|100%|HC|  |TAMS 0x0000000086700000, 0x0000000086700000| Complete 
| 103|0x0000000086700000, 0x0000000086800000, 0x0000000086800000|100%|HC|  |TAMS 0x0000000086800000, 0x0000000086800000| Complete 
| 104|0x0000000086800000, 0x0000000086900000, 0x0000000086900000|100%| O|  |TAMS 0x0000000086900000, 0x0000000086900000| Untracked 
| 105|0x0000000086900000, 0x0000000086a00000, 0x0000000086a00000|100%| O|  |TAMS 0x0000000086a00000, 0x0000000086a00000| Untracked 
| 106|0x0000000086a00000, 0x0000000086b00000, 0x0000000086b00000|100%| O|  |TAMS 0x0000000086b00000, 0x0000000086b00000| Untracked 
| 107|0x0000000086b00000, 0x0000000086c00000, 0x0000000086c00000|100%| O|  |TAMS 0x0000000086c00000, 0x0000000086c00000| Untracked 
| 108|0x0000000086c00000, 0x0000000086d00000, 0x0000000086d00000|100%| O|  |TAMS 0x0000000086d00000, 0x0000000086d00000| Untracked 
| 109|0x0000000086d00000, 0x0000000086e00000, 0x0000000086e00000|100%| O|  |TAMS 0x0000000086e00000, 0x0000000086e00000| Untracked 
| 110|0x0000000086e00000, 0x0000000086f00000, 0x0000000086f00000|100%| O|  |TAMS 0x0000000086f00000, 0x0000000086f00000| Untracked 
| 111|0x0000000086f00000, 0x0000000087000000, 0x0000000087000000|100%| O|  |TAMS 0x0000000087000000, 0x0000000087000000| Untracked 
| 112|0x0000000087000000, 0x0000000087100000, 0x0000000087100000|100%| O|  |TAMS 0x0000000087100000, 0x0000000087100000| Untracked 
| 113|0x0000000087100000, 0x0000000087200000, 0x0000000087200000|100%| O|  |TAMS 0x0000000087200000, 0x0000000087200000| Untracked 
| 114|0x0000000087200000, 0x0000000087300000, 0x0000000087300000|100%| O|  |TAMS 0x0000000087300000, 0x0000000087300000| Untracked 
| 115|0x0000000087300000, 0x0000000087400000, 0x0000000087400000|100%| O|  |TAMS 0x0000000087400000, 0x0000000087400000| Untracked 
| 116|0x0000000087400000, 0x0000000087500000, 0x0000000087500000|100%| O|  |TAMS 0x0000000087500000, 0x0000000087500000| Untracked 
| 117|0x0000000087500000, 0x0000000087600000, 0x0000000087600000|100%| O|  |TAMS 0x0000000087600000, 0x0000000087600000| Untracked 
| 118|0x0000000087600000, 0x0000000087700000, 0x0000000087700000|100%| O|  |TAMS 0x0000000087700000, 0x0000000087700000| Untracked 
| 119|0x0000000087700000, 0x0000000087800000, 0x0000000087800000|100%| O|  |TAMS 0x0000000087800000, 0x0000000087800000| Untracked 
| 120|0x0000000087800000, 0x0000000087900000, 0x0000000087900000|100%| O|  |TAMS 0x0000000087900000, 0x0000000087900000| Untracked 
| 121|0x0000000087900000, 0x0000000087a00000, 0x0000000087a00000|100%| O|  |TAMS 0x0000000087a00000, 0x0000000087a00000| Untracked 
| 122|0x0000000087a00000, 0x0000000087b00000, 0x0000000087b00000|100%|HS|  |TAMS 0x0000000087b00000, 0x0000000087b00000| Complete 
| 123|0x0000000087b00000, 0x0000000087c00000, 0x0000000087c00000|100%| O|  |TAMS 0x0000000087c00000, 0x0000000087c00000| Untracked 
| 124|0x0000000087c00000, 0x0000000087d00000, 0x0000000087d00000|100%| O|  |TAMS 0x0000000087d00000, 0x0000000087d00000| Untracked 
| 125|0x0000000087d00000, 0x0000000087e00000, 0x0000000087e00000|100%| O|  |TAMS 0x0000000087e00000, 0x0000000087e00000| Untracked 
| 126|0x0000000087e00000, 0x0000000087f00000, 0x0000000087f00000|100%| O|  |TAMS 0x0000000087f00000, 0x0000000087f00000| Untracked 
| 127|0x0000000087f00000, 0x0000000088000000, 0x0000000088000000|100%| O|  |TAMS 0x0000000088000000, 0x0000000088000000| Untracked 
| 128|0x0000000088000000, 0x0000000088100000, 0x0000000088100000|100%| O|  |TAMS 0x0000000088100000, 0x0000000088100000| Untracked 
| 129|0x0000000088100000, 0x0000000088200000, 0x0000000088200000|100%| O|  |TAMS 0x0000000088200000, 0x0000000088200000| Untracked 
| 130|0x0000000088200000, 0x0000000088300000, 0x0000000088300000|100%| O|  |TAMS 0x0000000088300000, 0x0000000088300000| Untracked 
| 131|0x0000000088300000, 0x0000000088400000, 0x0000000088400000|100%| O|  |TAMS 0x0000000088400000, 0x0000000088400000| Untracked 
| 132|0x0000000088400000, 0x0000000088500000, 0x0000000088500000|100%| O|  |TAMS 0x0000000088500000, 0x0000000088500000| Untracked 
| 133|0x0000000088500000, 0x0000000088600000, 0x0000000088600000|100%| O|  |TAMS 0x0000000088600000, 0x0000000088600000| Untracked 
| 134|0x0000000088600000, 0x0000000088700000, 0x0000000088700000|100%| O|  |TAMS 0x0000000088700000, 0x0000000088700000| Untracked 
| 135|0x0000000088700000, 0x0000000088800000, 0x0000000088800000|100%| O|  |TAMS 0x0000000088800000, 0x0000000088800000| Untracked 
| 136|0x0000000088800000, 0x0000000088900000, 0x0000000088900000|100%| O|  |TAMS 0x0000000088900000, 0x0000000088900000| Untracked 
| 137|0x0000000088900000, 0x0000000088a00000, 0x0000000088a00000|100%| O|  |TAMS 0x0000000088a00000, 0x0000000088a00000| Untracked 
| 138|0x0000000088a00000, 0x0000000088b00000, 0x0000000088b00000|100%| O|  |TAMS 0x0000000088b00000, 0x0000000088b00000| Untracked 
| 139|0x0000000088b00000, 0x0000000088c00000, 0x0000000088c00000|100%| O|  |TAMS 0x0000000088c00000, 0x0000000088c00000| Untracked 
| 140|0x0000000088c00000, 0x0000000088d00000, 0x0000000088d00000|100%| O|  |TAMS 0x0000000088d00000, 0x0000000088d00000| Untracked 
| 141|0x0000000088d00000, 0x0000000088e00000, 0x0000000088e00000|100%| O|  |TAMS 0x0000000088e00000, 0x0000000088e00000| Untracked 
| 142|0x0000000088e00000, 0x0000000088f00000, 0x0000000088f00000|100%| O|  |TAMS 0x0000000088f00000, 0x0000000088f00000| Untracked 
| 143|0x0000000088f00000, 0x0000000089000000, 0x0000000089000000|100%| O|  |TAMS 0x0000000089000000, 0x0000000089000000| Untracked 
| 144|0x0000000089000000, 0x0000000089100000, 0x0000000089100000|100%| O|  |TAMS 0x0000000089100000, 0x0000000089100000| Untracked 
| 145|0x0000000089100000, 0x0000000089200000, 0x0000000089200000|100%| O|  |TAMS 0x0000000089200000, 0x0000000089200000| Untracked 
| 146|0x0000000089200000, 0x0000000089300000, 0x0000000089300000|100%| O|  |TAMS 0x0000000089300000, 0x0000000089300000| Untracked 
| 147|0x0000000089300000, 0x0000000089400000, 0x0000000089400000|100%| O|  |TAMS 0x0000000089400000, 0x0000000089400000| Untracked 
| 148|0x0000000089400000, 0x0000000089500000, 0x0000000089500000|100%| O|  |TAMS 0x0000000089500000, 0x0000000089500000| Untracked 
| 149|0x0000000089500000, 0x0000000089600000, 0x0000000089600000|100%| O|  |TAMS 0x0000000089500000, 0x0000000089600000| Untracked 
| 150|0x0000000089600000, 0x0000000089700000, 0x0000000089700000|100%| O|  |TAMS 0x0000000089700000, 0x0000000089700000| Untracked 
| 151|0x0000000089700000, 0x0000000089800000, 0x0000000089800000|100%| O|  |TAMS 0x0000000089800000, 0x0000000089800000| Untracked 
| 152|0x0000000089800000, 0x0000000089900000, 0x0000000089900000|100%| O|  |TAMS 0x0000000089900000, 0x0000000089900000| Untracked 
| 153|0x0000000089900000, 0x0000000089a00000, 0x0000000089a00000|100%| O|  |TAMS 0x0000000089a00000, 0x0000000089a00000| Untracked 
| 154|0x0000000089a00000, 0x0000000089b00000, 0x0000000089b00000|100%| O|  |TAMS 0x0000000089b00000, 0x0000000089b00000| Untracked 
| 155|0x0000000089b00000, 0x0000000089c00000, 0x0000000089c00000|100%| O|  |TAMS 0x0000000089c00000, 0x0000000089c00000| Untracked 
| 156|0x0000000089c00000, 0x0000000089d00000, 0x0000000089d00000|100%| O|  |TAMS 0x0000000089d00000, 0x0000000089d00000| Untracked 
| 157|0x0000000089d00000, 0x0000000089e00000, 0x0000000089e00000|100%| O|  |TAMS 0x0000000089e00000, 0x0000000089e00000| Untracked 
| 158|0x0000000089e00000, 0x0000000089e28a00, 0x0000000089f00000| 15%| O|  |TAMS 0x0000000089e00000, 0x0000000089e28a00| Untracked 
| 159|0x0000000089f00000, 0x000000008a000000, 0x000000008a000000|100%| O|  |TAMS 0x000000008a000000, 0x000000008a000000| Untracked 
| 160|0x000000008a000000, 0x000000008a100000, 0x000000008a100000|100%| O|  |TAMS 0x000000008a100000, 0x000000008a100000| Untracked 
| 161|0x000000008a100000, 0x000000008a200000, 0x000000008a200000|100%| O|  |TAMS 0x000000008a200000, 0x000000008a200000| Untracked 
| 162|0x000000008a200000, 0x000000008a300000, 0x000000008a300000|100%| O|  |TAMS 0x000000008a300000, 0x000000008a300000| Untracked 
| 163|0x000000008a300000, 0x000000008a400000, 0x000000008a400000|100%| O|  |TAMS 0x000000008a400000, 0x000000008a400000| Untracked 
| 164|0x000000008a400000, 0x000000008a500000, 0x000000008a500000|100%| O|  |TAMS 0x000000008a500000, 0x000000008a500000| Untracked 
| 165|0x000000008a500000, 0x000000008a600000, 0x000000008a600000|100%| O|  |TAMS 0x000000008a600000, 0x000000008a600000| Untracked 
| 166|0x000000008a600000, 0x000000008a700000, 0x000000008a700000|100%| O|  |TAMS 0x000000008a700000, 0x000000008a700000| Untracked 
| 167|0x000000008a700000, 0x000000008a800000, 0x000000008a800000|100%| O|  |TAMS 0x000000008a800000, 0x000000008a800000| Untracked 
| 168|0x000000008a800000, 0x000000008a900000, 0x000000008a900000|100%| O|  |TAMS 0x000000008a900000, 0x000000008a900000| Untracked 
| 169|0x000000008a900000, 0x000000008aa00000, 0x000000008aa00000|100%| O|  |TAMS 0x000000008aa00000, 0x000000008aa00000| Untracked 
| 170|0x000000008aa00000, 0x000000008ab00000, 0x000000008ab00000|100%| O|  |TAMS 0x000000008ab00000, 0x000000008ab00000| Untracked 
| 171|0x000000008ab00000, 0x000000008ac00000, 0x000000008ac00000|100%| O|  |TAMS 0x000000008ac00000, 0x000000008ac00000| Untracked 
| 172|0x000000008ac00000, 0x000000008ad00000, 0x000000008ad00000|100%| O|  |TAMS 0x000000008ad00000, 0x000000008ad00000| Untracked 
| 173|0x000000008ad00000, 0x000000008ae00000, 0x000000008ae00000|100%| O|  |TAMS 0x000000008ae00000, 0x000000008ae00000| Untracked 
| 174|0x000000008ae00000, 0x000000008af00000, 0x000000008af00000|100%| O|  |TAMS 0x000000008af00000, 0x000000008af00000| Untracked 
| 175|0x000000008af00000, 0x000000008b000000, 0x000000008b000000|100%| O|  |TAMS 0x000000008b000000, 0x000000008b000000| Untracked 
| 176|0x000000008b000000, 0x000000008b100000, 0x000000008b100000|100%| O|  |TAMS 0x000000008b100000, 0x000000008b100000| Untracked 
| 177|0x000000008b100000, 0x000000008b200000, 0x000000008b200000|100%| O|  |TAMS 0x000000008b200000, 0x000000008b200000| Untracked 
| 178|0x000000008b200000, 0x000000008b300000, 0x000000008b300000|100%| O|  |TAMS 0x000000008b300000, 0x000000008b300000| Untracked 
| 179|0x000000008b300000, 0x000000008b400000, 0x000000008b400000|100%| O|  |TAMS 0x000000008b400000, 0x000000008b400000| Untracked 
| 180|0x000000008b400000, 0x000000008b500000, 0x000000008b500000|100%| O|  |TAMS 0x000000008b500000, 0x000000008b500000| Untracked 
| 181|0x000000008b500000, 0x000000008b600000, 0x000000008b600000|100%| O|  |TAMS 0x000000008b600000, 0x000000008b600000| Untracked 
| 182|0x000000008b600000, 0x000000008b700000, 0x000000008b700000|100%| O|  |TAMS 0x000000008b700000, 0x000000008b700000| Untracked 
| 183|0x000000008b700000, 0x000000008b800000, 0x000000008b800000|100%| O|  |TAMS 0x000000008b800000, 0x000000008b800000| Untracked 
| 184|0x000000008b800000, 0x000000008b900000, 0x000000008b900000|100%| O|  |TAMS 0x000000008b900000, 0x000000008b900000| Untracked 
| 185|0x000000008b900000, 0x000000008ba00000, 0x000000008ba00000|100%| O|  |TAMS 0x000000008ba00000, 0x000000008ba00000| Untracked 
| 186|0x000000008ba00000, 0x000000008bb00000, 0x000000008bb00000|100%| O|  |TAMS 0x000000008bb00000, 0x000000008bb00000| Untracked 
| 187|0x000000008bb00000, 0x000000008bc00000, 0x000000008bc00000|100%| O|  |TAMS 0x000000008bc00000, 0x000000008bc00000| Untracked 
| 188|0x000000008bc00000, 0x000000008bd00000, 0x000000008bd00000|100%| O|  |TAMS 0x000000008bd00000, 0x000000008bd00000| Untracked 
| 189|0x000000008bd00000, 0x000000008be00000, 0x000000008be00000|100%| O|  |TAMS 0x000000008be00000, 0x000000008be00000| Untracked 
| 190|0x000000008be00000, 0x000000008bf00000, 0x000000008bf00000|100%| O|  |TAMS 0x000000008bf00000, 0x000000008bf00000| Untracked 
| 191|0x000000008bf00000, 0x000000008c000000, 0x000000008c000000|100%| O|  |TAMS 0x000000008c000000, 0x000000008c000000| Untracked 
| 192|0x000000008c000000, 0x000000008c100000, 0x000000008c100000|100%| O|  |TAMS 0x000000008c100000, 0x000000008c100000| Untracked 
| 193|0x000000008c100000, 0x000000008c200000, 0x000000008c200000|100%| O|  |TAMS 0x000000008c200000, 0x000000008c200000| Untracked 
| 194|0x000000008c200000, 0x000000008c300000, 0x000000008c300000|100%| O|  |TAMS 0x000000008c300000, 0x000000008c300000| Untracked 
| 195|0x000000008c300000, 0x000000008c400000, 0x000000008c400000|100%| O|  |TAMS 0x000000008c400000, 0x000000008c400000| Untracked 
| 196|0x000000008c400000, 0x000000008c500000, 0x000000008c500000|100%| O|  |TAMS 0x000000008c500000, 0x000000008c500000| Untracked 
| 197|0x000000008c500000, 0x000000008c600000, 0x000000008c600000|100%| O|  |TAMS 0x000000008c600000, 0x000000008c600000| Untracked 
| 198|0x000000008c600000, 0x000000008c700000, 0x000000008c700000|100%| O|  |TAMS 0x000000008c700000, 0x000000008c700000| Untracked 
| 199|0x000000008c700000, 0x000000008c800000, 0x000000008c800000|100%| O|  |TAMS 0x000000008c800000, 0x000000008c800000| Untracked 
| 200|0x000000008c800000, 0x000000008c900000, 0x000000008c900000|100%| O|  |TAMS 0x000000008c900000, 0x000000008c900000| Untracked 
| 201|0x000000008c900000, 0x000000008ca00000, 0x000000008ca00000|100%| O|  |TAMS 0x000000008ca00000, 0x000000008ca00000| Untracked 
| 202|0x000000008ca00000, 0x000000008cb00000, 0x000000008cb00000|100%| O|  |TAMS 0x000000008cb00000, 0x000000008cb00000| Untracked 
| 203|0x000000008cb00000, 0x000000008cc00000, 0x000000008cc00000|100%| O|  |TAMS 0x000000008cbd1200, 0x000000008cc00000| Untracked 
| 204|0x000000008cc00000, 0x000000008cd00000, 0x000000008cd00000|100%| O|  |TAMS 0x000000008cc00000, 0x000000008cd00000| Untracked 
| 205|0x000000008cd00000, 0x000000008ce00000, 0x000000008ce00000|100%| O|  |TAMS 0x000000008cd00000, 0x000000008ce00000| Untracked 
| 206|0x000000008ce00000, 0x000000008cf00000, 0x000000008cf00000|100%| O|  |TAMS 0x000000008ce00000, 0x000000008cf00000| Untracked 
| 207|0x000000008cf00000, 0x000000008d000000, 0x000000008d000000|100%| O|  |TAMS 0x000000008cf00000, 0x000000008d000000| Untracked 
| 208|0x000000008d000000, 0x000000008d000000, 0x000000008d100000|  0%| F|  |TAMS 0x000000008d000000, 0x000000008d000000| Untracked 
| 209|0x000000008d100000, 0x000000008d200000, 0x000000008d200000|100%| O|  |TAMS 0x000000008d100000, 0x000000008d200000| Untracked 
| 210|0x000000008d200000, 0x000000008d200000, 0x000000008d300000|  0%| F|  |TAMS 0x000000008d200000, 0x000000008d200000| Untracked 
| 211|0x000000008d300000, 0x000000008d300000, 0x000000008d400000|  0%| F|  |TAMS 0x000000008d300000, 0x000000008d300000| Untracked 
| 212|0x000000008d400000, 0x000000008d400000, 0x000000008d500000|  0%| F|  |TAMS 0x000000008d400000, 0x000000008d400000| Untracked 
| 213|0x000000008d500000, 0x000000008d500000, 0x000000008d600000|  0%| F|  |TAMS 0x000000008d500000, 0x000000008d500000| Untracked 
| 214|0x000000008d600000, 0x000000008d600000, 0x000000008d700000|  0%| F|  |TAMS 0x000000008d600000, 0x000000008d600000| Untracked 
| 215|0x000000008d700000, 0x000000008d700000, 0x000000008d800000|  0%| F|  |TAMS 0x000000008d700000, 0x000000008d700000| Untracked 
| 216|0x000000008d800000, 0x000000008d800000, 0x000000008d900000|  0%| F|  |TAMS 0x000000008d800000, 0x000000008d800000| Untracked 
| 217|0x000000008d900000, 0x000000008d900000, 0x000000008da00000|  0%| F|  |TAMS 0x000000008d900000, 0x000000008d900000| Untracked 
| 218|0x000000008da00000, 0x000000008da00000, 0x000000008db00000|  0%| F|  |TAMS 0x000000008da00000, 0x000000008da00000| Untracked 
| 219|0x000000008db00000, 0x000000008db00000, 0x000000008dc00000|  0%| F|  |TAMS 0x000000008db00000, 0x000000008db00000| Untracked 
| 220|0x000000008dc00000, 0x000000008dc00000, 0x000000008dd00000|  0%| F|  |TAMS 0x000000008dc00000, 0x000000008dc00000| Untracked 
| 221|0x000000008dd00000, 0x000000008dd00000, 0x000000008de00000|  0%| F|  |TAMS 0x000000008dd00000, 0x000000008dd00000| Untracked 
| 222|0x000000008de00000, 0x000000008de00000, 0x000000008df00000|  0%| F|  |TAMS 0x000000008de00000, 0x000000008de00000| Untracked 
| 223|0x000000008df00000, 0x000000008df00000, 0x000000008e000000|  0%| F|  |TAMS 0x000000008df00000, 0x000000008df00000| Untracked 
| 224|0x000000008e000000, 0x000000008e000000, 0x000000008e100000|  0%| F|  |TAMS 0x000000008e000000, 0x000000008e000000| Untracked 
| 225|0x000000008e100000, 0x000000008e100000, 0x000000008e200000|  0%| F|  |TAMS 0x000000008e100000, 0x000000008e100000| Untracked 
| 226|0x000000008e200000, 0x000000008e200000, 0x000000008e300000|  0%| F|  |TAMS 0x000000008e200000, 0x000000008e200000| Untracked 
| 227|0x000000008e300000, 0x000000008e300000, 0x000000008e400000|  0%| F|  |TAMS 0x000000008e300000, 0x000000008e300000| Untracked 
| 228|0x000000008e400000, 0x000000008e400000, 0x000000008e500000|  0%| F|  |TAMS 0x000000008e400000, 0x000000008e400000| Untracked 
| 229|0x000000008e500000, 0x000000008e500000, 0x000000008e600000|  0%| F|  |TAMS 0x000000008e500000, 0x000000008e500000| Untracked 
| 230|0x000000008e600000, 0x000000008e600000, 0x000000008e700000|  0%| F|  |TAMS 0x000000008e600000, 0x000000008e600000| Untracked 
| 231|0x000000008e700000, 0x000000008e700000, 0x000000008e800000|  0%| F|  |TAMS 0x000000008e700000, 0x000000008e700000| Untracked 
| 232|0x000000008e800000, 0x000000008e800000, 0x000000008e900000|  0%| F|  |TAMS 0x000000008e800000, 0x000000008e800000| Untracked 
| 233|0x000000008e900000, 0x000000008e900000, 0x000000008ea00000|  0%| F|  |TAMS 0x000000008e900000, 0x000000008e900000| Untracked 
| 234|0x000000008ea00000, 0x000000008ea00000, 0x000000008eb00000|  0%| F|  |TAMS 0x000000008ea00000, 0x000000008ea00000| Untracked 
| 235|0x000000008eb00000, 0x000000008eb00000, 0x000000008ec00000|  0%| F|  |TAMS 0x000000008eb00000, 0x000000008eb00000| Untracked 
| 236|0x000000008ec00000, 0x000000008ec00000, 0x000000008ed00000|  0%| F|  |TAMS 0x000000008ec00000, 0x000000008ec00000| Untracked 
| 237|0x000000008ed00000, 0x000000008ed00000, 0x000000008ee00000|  0%| F|  |TAMS 0x000000008ed00000, 0x000000008ed00000| Untracked 
| 238|0x000000008ee00000, 0x000000008ee00000, 0x000000008ef00000|  0%| F|  |TAMS 0x000000008ee00000, 0x000000008ee00000| Untracked 
| 239|0x000000008ef00000, 0x000000008ef00000, 0x000000008f000000|  0%| F|  |TAMS 0x000000008ef00000, 0x000000008ef00000| Untracked 
| 240|0x000000008f000000, 0x000000008f000000, 0x000000008f100000|  0%| F|  |TAMS 0x000000008f000000, 0x000000008f000000| Untracked 
| 241|0x000000008f100000, 0x000000008f100000, 0x000000008f200000|  0%| F|  |TAMS 0x000000008f100000, 0x000000008f100000| Untracked 
| 242|0x000000008f200000, 0x000000008f200000, 0x000000008f300000|  0%| F|  |TAMS 0x000000008f200000, 0x000000008f200000| Untracked 
| 243|0x000000008f300000, 0x000000008f300000, 0x000000008f400000|  0%| F|  |TAMS 0x000000008f300000, 0x000000008f300000| Untracked 
| 244|0x000000008f400000, 0x000000008f400000, 0x000000008f500000|  0%| F|  |TAMS 0x000000008f400000, 0x000000008f400000| Untracked 
| 245|0x000000008f500000, 0x000000008f500000, 0x000000008f600000|  0%| F|  |TAMS 0x000000008f500000, 0x000000008f500000| Untracked 
| 246|0x000000008f600000, 0x000000008f600000, 0x000000008f700000|  0%| F|  |TAMS 0x000000008f600000, 0x000000008f600000| Untracked 
| 247|0x000000008f700000, 0x000000008f700000, 0x000000008f800000|  0%| F|  |TAMS 0x000000008f700000, 0x000000008f700000| Untracked 
| 248|0x000000008f800000, 0x000000008f800000, 0x000000008f900000|  0%| F|  |TAMS 0x000000008f800000, 0x000000008f800000| Untracked 
| 249|0x000000008f900000, 0x000000008f900000, 0x000000008fa00000|  0%| F|  |TAMS 0x000000008f900000, 0x000000008f900000| Untracked 
| 250|0x000000008fa00000, 0x000000008fa00000, 0x000000008fb00000|  0%| F|  |TAMS 0x000000008fa00000, 0x000000008fa00000| Untracked 
| 251|0x000000008fb00000, 0x000000008fb00000, 0x000000008fc00000|  0%| F|  |TAMS 0x000000008fb00000, 0x000000008fb00000| Untracked 
| 252|0x000000008fc00000, 0x000000008fc852a0, 0x000000008fd00000| 52%| S|CS|TAMS 0x000000008fc00000, 0x000000008fc00000| Complete 
| 253|0x000000008fd00000, 0x000000008fe00000, 0x000000008fe00000|100%| S|CS|TAMS 0x000000008fd00000, 0x000000008fd00000| Complete 
| 254|0x000000008fe00000, 0x000000008fe00000, 0x000000008ff00000|  0%| F|  |TAMS 0x000000008fe00000, 0x000000008fe00000| Untracked 
| 255|0x000000008ff00000, 0x000000008ff00000, 0x0000000090000000|  0%| F|  |TAMS 0x000000008ff00000, 0x000000008ff00000| Untracked 

Card table byte_map: [0x000002497d7f0000,0x000002497dbf0000] _byte_map_base: 0x000002497d3f0000

Marking Bits (Prev, Next): (CMBitMap*) 0x000002497b1167a8, (CMBitMap*) 0x000002497b1167e0
 Prev Bits: [0x000002497dff0000, 0x000002497fff0000)
 Next Bits: [0x00000249176a0000, 0x00000249196a0000)

Polling page: 0x000002497b1b0000

Metaspace:

Usage:
  Non-class:    111.09 MB capacity,   107.79 MB ( 97%) used,     2.86 MB (  3%) free+waste,   450.44 KB ( <1%) overhead. 
      Class:     17.50 MB capacity,    15.62 MB ( 89%) used,     1.68 MB ( 10%) free+waste,   203.50 KB (  1%) overhead. 
       Both:    128.59 MB capacity,   123.41 MB ( 96%) used,     4.54 MB (  4%) free+waste,   653.94 KB ( <1%) overhead. 

Virtual space:
  Non-class space:      112.00 MB reserved,     111.26 MB (>99%) committed 
      Class space:      504.00 MB reserved,      17.57 MB (  3%) committed 
             Both:      616.00 MB reserved,     128.83 MB ( 21%) committed 

Chunk freelists:
   Non-Class:  48.00 KB
       Class:  0 bytes
        Both:  48.00 KB

MaxMetaspaceSize: 512.00 MB
CompressedClassSpaceSize: 504.00 MB
Initial GC threshold: 20.80 MB
Current GC threshold: 214.30 MB
CDS: off

CodeHeap 'non-profiled nmethods': size=120000Kb used=14808Kb max_used=14808Kb free=105191Kb
 bounds [0x0000024910170000, 0x0000024910ff0000, 0x00000249176a0000]
CodeHeap 'profiled nmethods': size=120000Kb used=42560Kb max_used=42560Kb free=77439Kb
 bounds [0x0000024908c40000, 0x000002490b5e0000, 0x0000024910170000]
CodeHeap 'non-nmethods': size=5760Kb used=2433Kb max_used=2511Kb free=3326Kb
 bounds [0x00000249086a0000, 0x0000024908920000, 0x0000024908c40000]
 total_blobs=19920 nmethods=18953 adapters=878
 compilation: enabled
              stopped_count=0, restarted_count=0
 full_count=0

Compilation events (20 events):
Event: 153.209 Thread 0x000002491ca36800 19870       3       org.gradle.api.internal.file.collections.DefaultConfigurableFileCollection$$Lambda$1047/0x0000000100978440::get$Lambda (10 bytes)
Event: 153.209 Thread 0x000002491ca36800 nmethod 19870 0x000002490b5cdf10 code [0x000002490b5ce0e0, 0x000002490b5ce398]
Event: 153.209 Thread 0x000002491ca36800 19871       3       org.gradle.api.internal.file.collections.DefaultConfigurableFileCollection$$Lambda$1047/0x0000000100978440::<init> (15 bytes)
Event: 153.209 Thread 0x000002491ca36800 nmethod 19871 0x000002490b5ce490 code [0x000002490b5ce640, 0x000002490b5ce858]
Event: 153.212 Thread 0x000002491ca36800 19872       3       org.gradle.api.internal.file.collections.DefaultConfigurableFileCollection::calculateFinalizedValue (36 bytes)
Event: 153.212 Thread 0x000002491ca36800 nmethod 19872 0x000002490b5ce910 code [0x000002490b5ceb80, 0x000002490b5cf6b8]
Event: 153.216 Thread 0x000002491ca36800 19873       3       org.gradle.internal.fingerprint.impl.RelativePathFingerprintingStrategy::getHashingStrategy (4 bytes)
Event: 153.216 Thread 0x000002491ca36800 nmethod 19873 0x000002490b5cfb10 code [0x000002490b5cfcc0, 0x000002490b5cfdd8]
Event: 153.222 Thread 0x000002491ca36800 19874       3       com.android.build.gradle.tasks.MergeSourceSetFolders_Decorated::getOutputDir (43 bytes)
Event: 153.222 Thread 0x000002491ca36800 nmethod 19874 0x000002490b5cfe90 code [0x000002490b5d0140, 0x000002490b5d1258]
Event: 153.224 Thread 0x000002491ca36800 19875       3       org.gradle.api.internal.tasks.properties.PropertyVisitor$Adapter::visitLocalStateProperty (1 bytes)
Event: 153.224 Thread 0x000002491ca36800 nmethod 19875 0x000002490b5d1690 code [0x000002490b5d1840, 0x000002490b5d1938]
Event: 153.227 Thread 0x000002491ca36800 19877       3       java.lang.Long::fastUUID (224 bytes)
Event: 153.227 Thread 0x000002491ca36800 nmethod 19877 0x000002490b5d1a10 code [0x000002490b5d1c20, 0x000002490b5d20c8]
Event: 153.230 Thread 0x000002491ca36800 19878       3       org.gradle.internal.file.impl.DefaultFileMetadata::missing (52 bytes)
Event: 153.230 Thread 0x000002491ca36800 nmethod 19878 0x000002490b5d2290 code [0x000002490b5d2460, 0x000002490b5d26e8]
Event: 153.248 Thread 0x000002491ca36800 19881       2       org.gradle.api.internal.artifacts.transform.DefaultTransformerInvocationFactory$AbstractTransformerExecution::lambda$visitIdentityInputs$0 (35 bytes)
Event: 153.248 Thread 0x000002491ca36800 nmethod 19881 0x000002490b5d2890 code [0x000002490b5d2a60, 0x000002490b5d2c28]
Event: 153.248 Thread 0x000002491ca36800 19882       2       org.gradle.api.internal.artifacts.transform.DefaultTransformerInvocationFactory$AbstractTransformerExecution$$Lambda$1291/0x0000000100fe5840::getValue (8 bytes)
Event: 153.248 Thread 0x000002491ca36800 nmethod 19882 0x000002490b5d2d90 code [0x000002490b5d2f60, 0x000002490b5d3128]

GC Heap History (20 events):
Event: 152.004 GC heap after
{Heap after GC invocations=64 (full 0):
 garbage-first heap   total 262144K, used 202864K [0x0000000080000000, 0x0000000100000000)
  region size 1024K, 2 young (2048K), 2 survivors (2048K)
 Metaspace       used 124920K, capacity 130026K, committed 130132K, reserved 628736K
  class space    used 15833K, capacity 17727K, committed 17740K, reserved 516096K
}
Event: 152.270 GC heap before
{Heap before GC invocations=64 (full 0):
 garbage-first heap   total 262144K, used 225392K [0x0000000080000000, 0x0000000100000000)
  region size 1024K, 25 young (25600K), 2 survivors (2048K)
 Metaspace       used 125504K, capacity 130645K, committed 130772K, reserved 630784K
  class space    used 15904K, capacity 17802K, committed 17868K, reserved 516096K
}
Event: 152.274 GC heap after
{Heap after GC invocations=65 (full 0):
 garbage-first heap   total 262144K, used 205960K [0x0000000080000000, 0x0000000100000000)
  region size 1024K, 4 young (4096K), 4 survivors (4096K)
 Metaspace       used 125504K, capacity 130645K, committed 130772K, reserved 630784K
  class space    used 15904K, capacity 17802K, committed 17868K, reserved 516096K
}
Event: 152.458 GC heap before
{Heap before GC invocations=65 (full 0):
 garbage-first heap   total 262144K, used 225416K [0x0000000080000000, 0x0000000100000000)
  region size 1024K, 24 young (24576K), 4 survivors (4096K)
 Metaspace       used 126107K, capacity 131386K, committed 131668K, reserved 630784K
  class space    used 15975K, capacity 17876K, committed 17996K, reserved 516096K
}
Event: 152.464 GC heap after
{Heap after GC invocations=66 (full 0):
 garbage-first heap   total 262144K, used 208814K [0x0000000080000000, 0x0000000100000000)
  region size 1024K, 3 young (3072K), 3 survivors (3072K)
 Metaspace       used 126107K, capacity 131386K, committed 131668K, reserved 630784K
  class space    used 15975K, capacity 17876K, committed 17996K, reserved 516096K
}
Event: 152.599 GC heap before
{Heap before GC invocations=66 (full 0):
 garbage-first heap   total 262144K, used 220078K [0x0000000080000000, 0x0000000100000000)
  region size 1024K, 15 young (15360K), 3 survivors (3072K)
 Metaspace       used 126200K, capacity 131420K, committed 131668K, reserved 630784K
  class space    used 15978K, capacity 17882K, committed 17996K, reserved 516096K
}
Event: 152.603 GC heap after
{Heap after GC invocations=67 (full 0):
 garbage-first heap   total 262144K, used 209870K [0x0000000080000000, 0x0000000100000000)
  region size 1024K, 2 young (2048K), 2 survivors (2048K)
 Metaspace       used 126200K, capacity 131420K, committed 131668K, reserved 630784K
  class space    used 15978K, capacity 17882K, committed 17996K, reserved 516096K
}
Event: 152.736 GC heap before
{Heap before GC invocations=67 (full 0):
 garbage-first heap   total 262144K, used 231374K [0x0000000080000000, 0x0000000100000000)
  region size 1024K, 18 young (18432K), 2 survivors (2048K)
 Metaspace       used 126217K, capacity 131433K, committed 131668K, reserved 630784K
  class space    used 15980K, capacity 17885K, committed 17996K, reserved 516096K
}
Event: 152.739 GC heap after
{Heap after GC invocations=68 (full 0):
 garbage-first heap   total 262144K, used 212870K [0x0000000080000000, 0x0000000100000000)
  region size 1024K, 3 young (3072K), 3 survivors (3072K)
 Metaspace       used 126217K, capacity 131433K, committed 131668K, reserved 630784K
  class space    used 15980K, capacity 17885K, committed 17996K, reserved 516096K
}
Event: 152.859 GC heap before
{Heap before GC invocations=68 (full 0):
 garbage-first heap   total 262144K, used 229254K [0x0000000080000000, 0x0000000100000000)
  region size 1024K, 18 young (18432K), 3 survivors (3072K)
 Metaspace       used 126222K, capacity 131433K, committed 131668K, reserved 630784K
  class space    used 15980K, capacity 17885K, committed 17996K, reserved 516096K
}
Event: 152.863 GC heap after
{Heap after GC invocations=69 (full 0):
 garbage-first heap   total 262144K, used 212022K [0x0000000080000000, 0x0000000100000000)
  region size 1024K, 3 young (3072K), 3 survivors (3072K)
 Metaspace       used 126222K, capacity 131433K, committed 131668K, reserved 630784K
  class space    used 15980K, capacity 17885K, committed 17996K, reserved 516096K
}
Event: 152.970 GC heap before
{Heap before GC invocations=70 (full 0):
 garbage-first heap   total 262144K, used 231478K [0x0000000080000000, 0x0000000100000000)
  region size 1024K, 19 young (19456K), 3 survivors (3072K)
 Metaspace       used 126223K, capacity 131433K, committed 131668K, reserved 630784K
  class space    used 15980K, capacity 17885K, committed 17996K, reserved 516096K
}
Event: 152.973 GC heap after
{Heap after GC invocations=71 (full 0):
 garbage-first heap   total 262144K, used 212943K [0x0000000080000000, 0x0000000100000000)
  region size 1024K, 3 young (3072K), 3 survivors (3072K)
 Metaspace       used 126223K, capacity 131433K, committed 131668K, reserved 630784K
  class space    used 15980K, capacity 17885K, committed 17996K, reserved 516096K
}
Event: 153.028 GC heap before
{Heap before GC invocations=71 (full 0):
 garbage-first heap   total 262144K, used 221135K [0x0000000080000000, 0x0000000100000000)
  region size 1024K, 12 young (12288K), 3 survivors (3072K)
 Metaspace       used 126223K, capacity 131433K, committed 131668K, reserved 630784K
  class space    used 15980K, capacity 17885K, committed 17996K, reserved 516096K
}
Event: 153.034 GC heap after
{Heap after GC invocations=72 (full 0):
 garbage-first heap   total 262144K, used 212478K [0x0000000080000000, 0x0000000100000000)
  region size 1024K, 2 young (2048K), 2 survivors (2048K)
 Metaspace       used 126223K, capacity 131433K, committed 131668K, reserved 630784K
  class space    used 15980K, capacity 17885K, committed 17996K, reserved 516096K
}
Event: 153.092 GC heap before
{Heap before GC invocations=72 (full 0):
 garbage-first heap   total 262144K, used 227838K [0x0000000080000000, 0x0000000100000000)
  region size 1024K, 18 young (18432K), 2 survivors (2048K)
 Metaspace       used 126251K, capacity 131498K, committed 131668K, reserved 630784K
  class space    used 15980K, capacity 17885K, committed 17996K, reserved 516096K
}
Event: 153.095 GC heap after
{Heap after GC invocations=73 (full 0):
 garbage-first heap   total 262144K, used 213139K [0x0000000080000000, 0x0000000100000000)
  region size 1024K, 3 young (3072K), 3 survivors (3072K)
 Metaspace       used 126251K, capacity 131498K, committed 131668K, reserved 630784K
  class space    used 15980K, capacity 17885K, committed 17996K, reserved 516096K
}
Event: 153.234 GC heap before
{Heap before GC invocations=73 (full 0):
 garbage-first heap   total 262144K, used 229523K [0x0000000080000000, 0x0000000100000000)
  region size 1024K, 19 young (19456K), 3 survivors (3072K)
 Metaspace       used 126366K, capacity 131672K, committed 131924K, reserved 630784K
  class space    used 15993K, capacity 17920K, committed 17996K, reserved 516096K
}
Event: 153.237 GC heap after
{Heap after GC invocations=74 (full 0):
 garbage-first heap   total 262144K, used 214159K [0x0000000080000000, 0x0000000100000000)
  region size 1024K, 3 young (3072K), 3 survivors (3072K)
 Metaspace       used 126366K, capacity 131672K, committed 131924K, reserved 630784K
  class space    used 15993K, capacity 17920K, committed 17996K, reserved 516096K
}
Event: 153.249 GC heap before
{Heap before GC invocations=74 (full 0):
 garbage-first heap   total 262144K, used 215183K [0x0000000080000000, 0x0000000100000000)
  region size 1024K, 5 young (5120K), 3 survivors (3072K)
 Metaspace       used 126366K, capacity 131672K, committed 131924K, reserved 630784K
  class space    used 15993K, capacity 17920K, committed 17996K, reserved 516096K
}

Deoptimization events (20 events):
Event: 153.183 Thread 0x000002491eed7800 Uncommon trap: trap_request=0xffffffde fr.pc=0x0000024910f3d738 relative=0x0000000000008058
Event: 153.183 Thread 0x000002491eed7800 Uncommon trap: reason=class_check action=maybe_recompile pc=0x0000024910f3d738 method=org.gradle.api.internal.artifacts.transform.DefaultTransformedVariantFactory.locateOrCreate(Lorg/gradle/api/internal/artifacts/transform/DefaultTransformedVariantFactory
Event: 153.183 Thread 0x000002491eed7800 DEOPT PACKING pc=0x0000024910f3d738 sp=0x000000a6039fbf10
Event: 153.183 Thread 0x000002491eed7800 DEOPT UNPACKING pc=0x00000249086ea1af sp=0x000000a6039fc010 mode 2
Event: 153.183 Thread 0x000002491eed7800 Uncommon trap: trap_request=0xffffffc6 fr.pc=0x0000024910f01e18 relative=0x0000000000000b58
Event: 153.183 Thread 0x000002491eed7800 Uncommon trap: reason=bimorphic_or_optimized_type_check action=maybe_recompile pc=0x0000024910f01e18 method=org.gradle.api.internal.artifacts.transform.DefaultTransformedVariantFactory$VariantKey.equals(Ljava/lang/Object;)Z @ 37 c2
Event: 153.183 Thread 0x000002491eed7800 DEOPT PACKING pc=0x0000024910f01e18 sp=0x000000a6039fbe10
Event: 153.183 Thread 0x000002491eed7800 DEOPT UNPACKING pc=0x00000249086ea1af sp=0x000000a6039fbde0 mode 2
Event: 153.183 Thread 0x000002491eed7800 Uncommon trap: trap_request=0xffffffde fr.pc=0x0000024910f3d738 relative=0x0000000000008058
Event: 153.183 Thread 0x000002491eed7800 Uncommon trap: reason=class_check action=maybe_recompile pc=0x0000024910f3d738 method=org.gradle.api.internal.artifacts.transform.DefaultTransformedVariantFactory.locateOrCreate(Lorg/gradle/api/internal/artifacts/transform/DefaultTransformedVariantFactory
Event: 153.183 Thread 0x000002491eed7800 DEOPT PACKING pc=0x0000024910f3d738 sp=0x000000a6039fbf10
Event: 153.183 Thread 0x000002491eed7800 DEOPT UNPACKING pc=0x00000249086ea1af sp=0x000000a6039fc010 mode 2
Event: 153.183 Thread 0x000002491eed7800 Uncommon trap: trap_request=0xffffffc6 fr.pc=0x0000024910f01e18 relative=0x0000000000000b58
Event: 153.183 Thread 0x000002491eed7800 Uncommon trap: reason=bimorphic_or_optimized_type_check action=maybe_recompile pc=0x0000024910f01e18 method=org.gradle.api.internal.artifacts.transform.DefaultTransformedVariantFactory$VariantKey.equals(Ljava/lang/Object;)Z @ 37 c2
Event: 153.183 Thread 0x000002491eed7800 DEOPT PACKING pc=0x0000024910f01e18 sp=0x000000a6039fbe10
Event: 153.183 Thread 0x000002491eed7800 DEOPT UNPACKING pc=0x00000249086ea1af sp=0x000000a6039fbde0 mode 2
Event: 153.183 Thread 0x000002491eed7800 Uncommon trap: trap_request=0xffffffde fr.pc=0x0000024910f3d738 relative=0x0000000000008058
Event: 153.183 Thread 0x000002491eed7800 Uncommon trap: reason=class_check action=maybe_recompile pc=0x0000024910f3d738 method=org.gradle.api.internal.artifacts.transform.DefaultTransformedVariantFactory.locateOrCreate(Lorg/gradle/api/internal/artifacts/transform/DefaultTransformedVariantFactory
Event: 153.183 Thread 0x000002491eed7800 DEOPT PACKING pc=0x0000024910f3d738 sp=0x000000a6039fbf10
Event: 153.183 Thread 0x000002491eed7800 DEOPT UNPACKING pc=0x00000249086ea1af sp=0x000000a6039fc010 mode 2

Classes redefined (0 events):
No events

Internal exceptions (20 events):
Event: 146.766 Thread 0x0000024922a01800 Exception <a 'java/lang/NoClassDefFoundError'{0x000000008e0fb590}: org/jetbrains/kotlin/gradle/plugin/KotlinBasePluginWrapper> (0x000000008e0fb590) thrown at [./src/hotspot/share/oops/constantPool.cpp, line 775]
Event: 146.822 Thread 0x0000024922a01800 Exception <a 'java/lang/NoClassDefFoundError'{0x000000008db95c40}: org/jetbrains/kotlin/gradle/plugin/KotlinBasePluginWrapper> (0x000000008db95c40) thrown at [./src/hotspot/share/oops/constantPool.cpp, line 775]
Event: 146.855 Thread 0x0000024922a01800 Exception <a 'sun/nio/fs/WindowsException'{0x000000008d8a00f0}> (0x000000008d8a00f0) thrown at [./src/hotspot/share/prims/jni.cpp, line 617]
Event: 146.865 Thread 0x0000024922a01800 Exception <a 'sun/nio/fs/WindowsException'{0x000000008d743418}> (0x000000008d743418) thrown at [./src/hotspot/share/prims/jni.cpp, line 617]
Event: 146.865 Thread 0x0000024922a01800 Exception <a 'sun/nio/fs/WindowsException'{0x000000008d744790}> (0x000000008d744790) thrown at [./src/hotspot/share/prims/jni.cpp, line 617]
Event: 146.865 Thread 0x0000024922a01800 Exception <a 'sun/nio/fs/WindowsException'{0x000000008d745b58}> (0x000000008d745b58) thrown at [./src/hotspot/share/prims/jni.cpp, line 617]
Event: 146.865 Thread 0x0000024922a01800 Exception <a 'sun/nio/fs/WindowsException'{0x000000008d746f20}> (0x000000008d746f20) thrown at [./src/hotspot/share/prims/jni.cpp, line 617]
Event: 147.503 Thread 0x0000024922a01800 Exception <a 'sun/nio/fs/WindowsException'{0x000000008dd99e70}> (0x000000008dd99e70) thrown at [./src/hotspot/share/prims/jni.cpp, line 617]
Event: 147.503 Thread 0x0000024922a01800 Exception <a 'sun/nio/fs/WindowsException'{0x000000008dd9b1e8}> (0x000000008dd9b1e8) thrown at [./src/hotspot/share/prims/jni.cpp, line 617]
Event: 147.503 Thread 0x0000024922a01800 Exception <a 'sun/nio/fs/WindowsException'{0x000000008dd9c5b0}> (0x000000008dd9c5b0) thrown at [./src/hotspot/share/prims/jni.cpp, line 617]
Event: 147.503 Thread 0x0000024922a01800 Exception <a 'sun/nio/fs/WindowsException'{0x000000008dd9d978}> (0x000000008dd9d978) thrown at [./src/hotspot/share/prims/jni.cpp, line 617]
Event: 148.221 Thread 0x0000024922a01800 Exception <a 'sun/nio/fs/WindowsException'{0x000000008f386ed0}> (0x000000008f386ed0) thrown at [./src/hotspot/share/prims/jni.cpp, line 617]
Event: 150.403 Thread 0x000002491eeda800 Exception <a 'java/lang/NoSuchMethodError'{0x000000008f5738f0}: <clinit>> (0x000000008f5738f0) thrown at [./src/hotspot/share/prims/jni.cpp, line 1367]
Event: 150.404 Thread 0x000002491eeda800 Exception <a 'java/lang/NoSuchMethodError'{0x000000008f580e40}: <clinit>> (0x000000008f580e40) thrown at [./src/hotspot/share/prims/jni.cpp, line 1367]
Event: 151.272 Thread 0x000002491eed7800 Exception <a 'java/lang/NoSuchMethodError'{0x000000008f0d52c8}: <clinit>> (0x000000008f0d52c8) thrown at [./src/hotspot/share/prims/jni.cpp, line 1367]
Event: 151.272 Thread 0x000002491eed7800 Exception <a 'java/lang/NoSuchMethodError'{0x000000008f0d6b50}: <clinit>> (0x000000008f0d6b50) thrown at [./src/hotspot/share/prims/jni.cpp, line 1367]
Event: 151.272 Thread 0x000002491eed7800 Exception <a 'java/lang/NoSuchMethodError'{0x000000008f0d9990}: <clinit>> (0x000000008f0d9990) thrown at [./src/hotspot/share/prims/jni.cpp, line 1367]
Event: 151.274 Thread 0x000002491eed7800 Exception <a 'java/lang/NoSuchMethodError'{0x000000008f0f3e00}: <clinit>> (0x000000008f0f3e00) thrown at [./src/hotspot/share/prims/jni.cpp, line 1367]
Event: 151.274 Thread 0x000002491eed7800 Exception <a 'java/lang/NoSuchMethodError'{0x000000008f0f5038}: <clinit>> (0x000000008f0f5038) thrown at [./src/hotspot/share/prims/jni.cpp, line 1367]
Event: 153.134 Thread 0x000002491ec71800 Implicit null exception at 0x0000024910cb31b6 to 0x0000024910cb326c

Events (20 events):
Event: 153.171 loading class com/google/common/collect/SortedSetMultimap done
Event: 153.172 loading class com/google/common/collect/Multimaps$CustomSetMultimap
Event: 153.172 loading class com/google/common/collect/Multimaps$CustomSetMultimap done
Event: 153.173 loading class com/google/common/collect/AbstractSetMultimap
Event: 153.173 loading class com/google/common/collect/AbstractSetMultimap done
Event: 153.175 loading class com/google/common/collect/AbstractMapBasedMultimap$WrappedSet
Event: 153.175 loading class com/google/common/collect/AbstractMapBasedMultimap$WrappedSet done
Event: 153.175 loading class com/google/common/collect/AbstractMapBasedMultimap$WrappedCollection
Event: 153.175 loading class com/google/common/collect/AbstractMapBasedMultimap$WrappedCollection done
Event: 153.177 loading class com/google/common/collect/AbstractMapBasedMultimap$WrappedCollection$WrappedIterator
Event: 153.177 loading class com/google/common/collect/AbstractMapBasedMultimap$WrappedCollection$WrappedIterator done
Event: 153.182 loading class com/android/build/gradle/options/IntegerOption
Event: 153.182 loading class com/android/build/gradle/options/IntegerOption done
Event: 153.182 loading class com/android/build/gradle/options/ProjectOptions
Event: 153.182 loading class com/android/build/gradle/options/ProjectOptions done
Event: 153.183 Executing VM operation: RevokeBias
Event: 153.183 Executing VM operation: RevokeBias done
Event: 153.234 Executing VM operation: G1CollectForAllocation
Event: 153.237 Executing VM operation: G1CollectForAllocation done
Event: 153.249 Executing VM operation: G1CollectForAllocation


Dynamic libraries:
0x00007ff682dc0000 - 0x00007ff682dcd000 	C:\Program Files\Microsoft\jdk-11.0.18.10-hotspot\bin\java.exe
0x00007ffd19490000 - 0x00007ffd19688000 	C:\Windows\SYSTEM32\ntdll.dll
0x00007ffd17a50000 - 0x00007ffd17b0f000 	C:\Windows\System32\KERNEL32.DLL
0x00007ffd16ec0000 - 0x00007ffd17192000 	C:\Windows\System32\KERNELBASE.dll
0x00007ffd171a0000 - 0x00007ffd172a0000 	C:\Windows\System32\ucrtbase.dll
0x00007ffd12800000 - 0x00007ffd12815000 	C:\Program Files\Microsoft\jdk-11.0.18.10-hotspot\bin\VCRUNTIME140.dll
0x00007ffd126d0000 - 0x00007ffd126e7000 	C:\Program Files\Microsoft\jdk-11.0.18.10-hotspot\bin\jli.dll
0x00007ffd188a0000 - 0x00007ffd18a41000 	C:\Windows\System32\USER32.dll
0x00007ffd172a0000 - 0x00007ffd172c2000 	C:\Windows\System32\win32u.dll
0x00007ffd19360000 - 0x00007ffd1938b000 	C:\Windows\System32\GDI32.dll
0x00007ffd16b90000 - 0x00007ffd16c9f000 	C:\Windows\System32\gdi32full.dll
0x00007ffd16d80000 - 0x00007ffd16e1d000 	C:\Windows\System32\msvcp_win.dll
0x00007ffd034e0000 - 0x00007ffd0377a000 	C:\Windows\WinSxS\amd64_microsoft.windows.common-controls_6595b64144ccf1df_6.0.19041.1110_none_60b5254171f9507e\COMCTL32.dll
0x00007ffd17d50000 - 0x00007ffd17dee000 	C:\Windows\System32\msvcrt.dll
0x00007ffd191a0000 - 0x00007ffd191d0000 	C:\Windows\System32\IMM32.DLL
0x00007ffcebbb0000 - 0x00007ffcebc4b000 	C:\Program Files\Microsoft\jdk-11.0.18.10-hotspot\bin\msvcp140.dll
0x00007ffca46d0000 - 0x00007ffca5262000 	C:\Program Files\Microsoft\jdk-11.0.18.10-hotspot\bin\server\jvm.dll
0x00007ffd191d0000 - 0x00007ffd1927e000 	C:\Windows\System32\ADVAPI32.dll
0x00007ffd18ac0000 - 0x00007ffd18b5c000 	C:\Windows\System32\sechost.dll
0x00007ffd18640000 - 0x00007ffd18764000 	C:\Windows\System32\RPCRT4.dll
0x00007ffd174e0000 - 0x00007ffd174e8000 	C:\Windows\System32\PSAPI.DLL
0x00007ffd121c0000 - 0x00007ffd121c9000 	C:\Windows\SYSTEM32\WSOCK32.dll
0x00007ffd18a50000 - 0x00007ffd18abb000 	C:\Windows\System32\WS2_32.dll
0x00007ffd0e250000 - 0x00007ffd0e277000 	C:\Windows\SYSTEM32\WINMM.dll
0x00007ffd0f440000 - 0x00007ffd0f44a000 	C:\Windows\SYSTEM32\VERSION.dll
0x00007ffd14a70000 - 0x00007ffd14a82000 	C:\Windows\SYSTEM32\kernel.appcore.dll
0x00007ffd121b0000 - 0x00007ffd121c0000 	C:\Program Files\Microsoft\jdk-11.0.18.10-hotspot\bin\verify.dll
0x00007ffd05150000 - 0x00007ffd05334000 	C:\Windows\SYSTEM32\DBGHELP.DLL
0x00007ffd00610000 - 0x00007ffd00645000 	C:\Windows\SYSTEM32\dbgcore.DLL
0x00007ffd16ca0000 - 0x00007ffd16d22000 	C:\Windows\System32\bcryptPrimitives.dll
0x00007ffd006f0000 - 0x00007ffd00718000 	C:\Program Files\Microsoft\jdk-11.0.18.10-hotspot\bin\java.dll
0x00007ffd121a0000 - 0x00007ffd121aa000 	C:\Program Files\Microsoft\jdk-11.0.18.10-hotspot\bin\jimage.dll
0x00007ffd01620000 - 0x00007ffd01638000 	C:\Program Files\Microsoft\jdk-11.0.18.10-hotspot\bin\zip.dll
0x00007ffd17e90000 - 0x00007ffd185d5000 	C:\Windows\System32\SHELL32.dll
0x00007ffd14c70000 - 0x00007ffd15402000 	C:\Windows\SYSTEM32\windows.storage.dll
0x00007ffd174f0000 - 0x00007ffd17845000 	C:\Windows\System32\combase.dll
0x00007ffd165f0000 - 0x00007ffd16620000 	C:\Windows\SYSTEM32\Wldp.dll
0x00007ffd187f0000 - 0x00007ffd1889d000 	C:\Windows\System32\SHCORE.dll
0x00007ffd17b10000 - 0x00007ffd17b65000 	C:\Windows\System32\shlwapi.dll
0x00007ffd16ad0000 - 0x00007ffd16aef000 	C:\Windows\SYSTEM32\profapi.dll
0x00007ffd004e0000 - 0x00007ffd004f9000 	C:\Program Files\Microsoft\jdk-11.0.18.10-hotspot\bin\net.dll
0x00007ffd10450000 - 0x00007ffd1055a000 	C:\Windows\SYSTEM32\WINHTTP.dll
0x00007ffd16350000 - 0x00007ffd163ba000 	C:\Windows\system32\mswsock.dll
0x00007ffd00340000 - 0x00007ffd00353000 	C:\Program Files\Microsoft\jdk-11.0.18.10-hotspot\bin\nio.dll
0x00007ffcecf10000 - 0x00007ffcecf37000 	C:\Users\Poul\.gradle\native\e1d6ef7f7dcc3fd88c89a11ec53ec762bb8ba0a96d01ffa2cd45eb1d1d8dd5c5\windows-amd64\native-platform.dll
0x00007ffc95910000 - 0x00007ffc95a54000 	C:\Users\Poul\.gradle\native\0d407fdbe67a94daf76414ababcb853783967236a71b16ec16e742cd7a986fd3\windows-amd64\native-platform-file-events.dll
0x00007ffd02370000 - 0x00007ffd02379000 	C:\Program Files\Microsoft\jdk-11.0.18.10-hotspot\bin\management.dll
0x00007ffd006a0000 - 0x00007ffd006ab000 	C:\Program Files\Microsoft\jdk-11.0.18.10-hotspot\bin\management_ext.dll
0x00007ffd16540000 - 0x00007ffd16558000 	C:\Windows\SYSTEM32\CRYPTSP.dll
0x00007ffd15c00000 - 0x00007ffd15c34000 	C:\Windows\system32\rsaenh.dll
0x00007ffd16e90000 - 0x00007ffd16eb7000 	C:\Windows\System32\bcrypt.dll
0x00007ffd16a50000 - 0x00007ffd16a7e000 	C:\Windows\SYSTEM32\USERENV.dll
0x00007ffd16560000 - 0x00007ffd1656c000 	C:\Windows\SYSTEM32\CRYPTBASE.dll
0x00007ffd15ff0000 - 0x00007ffd1602b000 	C:\Windows\SYSTEM32\IPHLPAPI.DLL
0x00007ffd19440000 - 0x00007ffd19448000 	C:\Windows\System32\NSI.dll
0x00007ffd10840000 - 0x00007ffd10857000 	C:\Windows\SYSTEM32\dhcpcsvc6.DLL
0x00007ffd10c70000 - 0x00007ffd10c8d000 	C:\Windows\SYSTEM32\dhcpcsvc.DLL
0x00007ffd16040000 - 0x00007ffd1610b000 	C:\Windows\SYSTEM32\DNSAPI.dll
0x00007ffd127e0000 - 0x00007ffd127fe000 	C:\Users\Poul\AppData\Local\Temp\native-platform8082105595209546835dir\native-platform.dll
0x00007ffd126f0000 - 0x00007ffd126f7000 	C:\Program Files\Microsoft\jdk-11.0.18.10-hotspot\bin\rmi.dll

dbghelp: loaded successfully - version: 4.0.5 - missing functions: none
symbol engine: initialized successfully - sym options: 0x614 - pdb path: .;C:\Program Files\Microsoft\jdk-11.0.18.10-hotspot\bin;C:\Windows\SYSTEM32;C:\Windows\WinSxS\amd64_microsoft.windows.common-controls_6595b64144ccf1df_6.0.19041.1110_none_60b5254171f9507e;C:\Program Files\Microsoft\jdk-11.0.18.10-hotspot\bin\server;C:\Users\Poul\.gradle\native\e1d6ef7f7dcc3fd88c89a11ec53ec762bb8ba0a96d01ffa2cd45eb1d1d8dd5c5\windows-amd64;C:\Users\Poul\.gradle\native\0d407fdbe67a94daf76414ababcb853783967236a71b16ec16e742cd7a986fd3\windows-amd64;C:\Users\Poul\AppData\Local\Temp\native-platform8082105595209546835dir

VM Arguments:
jvm_args: -XX:MaxMetaspaceSize=512m --add-opens=java.base/java.util=ALL-UNNAMED --add-opens=java.base/java.lang=ALL-UNNAMED --add-opens=java.base/java.lang.invoke=ALL-UNNAMED --add-opens=java.base/java.util=ALL-UNNAMED --add-opens=java.prefs/java.util.prefs=ALL-UNNAMED --add-opens=java.prefs/java.util.prefs=ALL-UNNAMED --add-opens=java.base/java.nio.charset=ALL-UNNAMED --add-opens=java.base/java.net=ALL-UNNAMED --add-opens=java.base/java.util.concurrent.atomic=ALL-UNNAMED -Xmx2048m -Dfile.encoding=windows-1252 -Duser.country=US -Duser.language=en -Duser.variant 
java_command: org.gradle.launcher.daemon.bootstrap.GradleDaemon 7.5.1
java_class_path (initial): C:\Users\Poul\.gradle\wrapper\dists\gradle-7.5.1-all\1ehga6e77gqps5uk2kc5kf1vc\gradle-7.5.1\lib\gradle-launcher-7.5.1.jar
Launcher Type: SUN_STANDARD

[Global flags]
     intx CICompilerCount                          = 4                                         {product} {ergonomic}
   size_t CompressedClassSpaceSize                 = 528482304                                 {product} {ergonomic}
     uint ConcGCThreads                            = 2                                         {product} {ergonomic}
     uint G1ConcRefinementThreads                  = 8                                         {product} {ergonomic}
   size_t G1HeapRegionSize                         = 1048576                                   {product} {ergonomic}
    uintx GCDrainStackTargetSize                   = 64                                        {product} {ergonomic}
   size_t InitialHeapSize                          = 268435456                                 {product} {ergonomic}
   size_t MarkStackSize                            = 4194304                                   {product} {ergonomic}
   size_t MaxHeapSize                              = 2147483648                                {product} {command line}
   size_t MaxMetaspaceSize                         = 536870912                                 {product} {command line}
   size_t MaxNewSize                               = 1287651328                                {product} {ergonomic}
   size_t MinHeapDeltaBytes                        = 1048576                                   {product} {ergonomic}
    uintx NonNMethodCodeHeapSize                   = 5836300                                {pd product} {ergonomic}
    uintx NonProfiledCodeHeapSize                  = 122910970                              {pd product} {ergonomic}
    uintx ProfiledCodeHeapSize                     = 122910970                              {pd product} {ergonomic}
    uintx ReservedCodeCacheSize                    = 251658240                              {pd product} {ergonomic}
     bool SegmentedCodeCache                       = true                                      {product} {ergonomic}
     bool UseCompressedClassPointers               = true                                 {lp64_product} {ergonomic}
     bool UseCompressedOops                        = true                                 {lp64_product} {ergonomic}
     bool UseG1GC                                  = true                                      {product} {ergonomic}
     bool UseLargePagesIndividualAllocation        = false                                  {pd product} {ergonomic}

Logging:
Log output configuration:
 #0: stdout all=warning uptime,level,tags
 #1: stderr all=off uptime,level,tags

Environment Variables:
JAVA_HOME=C:\Program Files\Microsoft\jdk-11.0.18.10-hotspot\
CLASSPATH=C:\Users\Poul\Documents\GitHub\PES\android\\gradle\wrapper\gradle-wrapper.jar
PATH=C:\Users\Poul\Documents\GitHub\PES\android\node_modules\.bin;C:\Users\Poul\Documents\GitHub\PES\node_modules\.bin;C:\Users\Poul\Documents\GitHub\node_modules\.bin;C:\Users\Poul\Documents\node_modules\.bin;C:\Users\Poul\node_modules\.bin;C:\Users\node_modules\.bin;C:\node_modules\.bin;C:\Program Files\nodejs;C:\Users\Poul\Documents\GitHub\PES\node_modules\.bin;C:\Users\Poul\Documents\GitHub\PES\node_modules\.bin;C:\Users\Poul\Documents\GitHub\node_modules\.bin;C:\Users\Poul\Documents\node_modules\.bin;C:\Users\Poul\node_modules\.bin;C:\Users\node_modules\.bin;C:\node_modules\.bin;C:\Program Files\nodejs\node_modules\npm\node_modules\@npmcli\run-script\lib\node-gyp-bin;C:\Users\Poul\Documents\GitHub\PES\node_modules\.bin;C:\Users\Poul\Documents\GitHub\node_modules\.bin;C:\Users\Poul\Documents\node_modules\.bin;C:\Users\Poul\node_modules\.bin;C:\Users\node_modules\.bin;C:\node_modules\.bin;C:\Program Files\nodejs;C:\Users\Poul\Documents\GitHub\PES\node_modules\.bin;C:\Users\Poul\Documents\GitHub\PES\node_modules\.bin;C:\Users\Poul\Documents\GitHub\node_modules\.bin;C:\Users\Poul\Documents\node_modules\.bin;C:\Users\Poul\node_modules\.bin;C:\Users\node_modules\.bin;C:\node_modules\.bin;C:\Program Files\nodejs\node_modules\npm\node_modules\@npmcli\run-script\lib\node-gyp-bin;C:\Program Files\Microsoft\jdk-11.0.18.10-hotspot\bin;C:\Program Files (x86)\Common Files\Oracle\Java\javapath;C:\Windows\system32;C:\Windows;C:\Windows\System32\Wbem;C:\Windows\System32\WindowsPowerShell\v1.0\;C:\Windows\System32\OpenSSH\;C:\Program Files\nodejs\;C:\Program Files\Microsoft\jdk-11.0.18.10-hotspot\\bin;C:\ProgramData\chocolatey\bin;C:\Users\Poul\AppData\Local\Android\Sdk\platform-tools;C:\Program Files\Java\jre1.8.0_361\bin;C:\Users\Poul\AppData\Local\Microsoft\WindowsApps;C:\Users\Poul\AppData\Roaming\npm;E:\Microsoft VS Code\bin;C:\Users\Poul\AppData\Local\GitHubDesktop\bin
USERNAME=Poul
LANG=en_US.UTF-8
OS=Windows_NT
PROCESSOR_IDENTIFIER=Intel64 Family 6 Model 165 Stepping 3, GenuineIntel
TMP=C:\Users\Poul\AppData\Local\Temp
TEMP=C:\Users\Poul\AppData\Local\Temp



---------------  S Y S T E M  ---------------

OS: Windows 10 , 64 bit Build 19041 (10.0.19041.2546)
OS uptime: 0 days 5:26 hours

CPU:total 8 (initial active 8) (4 cores per cpu, 2 threads per core) family 6 model 165 stepping 3 microcode 0xe0, cmov, cx8, fxsr, mmx, sse, sse2, sse3, ssse3, sse4.1, sse4.2, popcnt, avx, avx2, aes, clmul, erms, 3dnowpref, lzcnt, ht, tsc, tscinvbit, bmi1, bmi2, adx, fma

Memory: 4k page, system-wide physical 16322M (2064M free)
TotalPageFile size 20418M (AvailPageFile size 49M)
current process WorkingSet (physical memory assigned to process): 646M, peak: 668M
current process commit charge ("private bytes"): 696M, peak: 748M

vm_info: OpenJDK 64-Bit Server VM (11.0.18+10-LTS) for windows-amd64 JRE (11.0.18+10-LTS), built on Jan 18 2023 15:56:47 by "MicrosoftCorporation" with MS VC++ 15.9 (VS2017)

END.
